2023-05-15 16:51:15.349 [info] Log level: Info
2023-05-15 16:51:15.349 [info] Validating found git in: "git"
2023-05-15 16:51:15.349 [info] Using git "2.25.1" from "git"
2023-05-15 16:51:15.349 [info] > git rev-parse --show-toplevel [70ms]
2023-05-15 16:51:15.349 [info] > git rev-parse --git-dir --git-common-dir [12ms]
2023-05-15 16:51:15.349 [info] Open repository: /home/vagrant
2023-05-15 16:51:15.349 [info] > git rev-parse --show-toplevel [12ms]
2023-05-15 16:51:15.349 [info] > git config --get commit.template [10ms]
2023-05-15 16:51:15.349 [info] No remotes found in the git config file.
2023-05-15 16:51:15.349 [info] > git rev-parse --show-toplevel [20ms]
2023-05-15 16:51:15.349 [info] > git for-each-ref --format=%(refname)%00%(upstream:short)%00%(objectname)%00%(upstream:track)%00%(upstream:remotename)%00%(upstream:remoteref) refs/heads/master refs/remotes/master [52ms]
2023-05-15 16:51:15.349 [info] > git rev-parse --show-toplevel [77ms]
2023-05-15 16:51:15.349 [info] > git rev-parse --show-toplevel [62ms]
2023-05-15 16:51:15.349 [info] > git status -z -uall [132ms]
2023-05-15 16:51:15.349 [info] > git rev-parse --show-toplevel [111ms]
2023-05-15 16:51:15.349 [info] > git config --get commit.template [100ms]
2023-05-15 16:51:15.349 [info] > git rev-parse --show-toplevel [732ms]
2023-05-15 16:51:15.349 [info] No remotes found in the git config file.
2023-05-15 16:51:15.349 [info] > git for-each-ref --format=%(refname)%00%(upstream:short)%00%(objectname)%00%(upstream:track)%00%(upstream:remotename)%00%(upstream:remoteref) refs/heads/master refs/remotes/master [32ms]
2023-05-15 16:51:15.349 [info] > git status -z -uall [140ms]
2023-05-15 16:51:15.361 [info] > git check-ignore -v -z --stdin [17ms]
2023-05-15 16:51:15.734 [info] > git show --textconv :myproject/myapp/templates/home.html [18ms]
2023-05-15 16:51:15.760 [info] > git show --textconv :myproject/myapp/__init__.py [11ms]
2023-05-15 16:51:15.762 [info] > git ls-files --stage -- /home/vagrant/myproject/myapp/templates/home.html [30ms]
2023-05-15 16:51:15.777 [info] > git ls-files --stage -- /home/vagrant/myproject/myapp/__init__.py [18ms]
2023-05-15 16:51:15.884 [info] > git check-ignore -v -z --stdin [4ms]
2023-05-15 16:51:20.518 [info] No remotes found in the git config file.
2023-05-15 16:51:20.520 [info] > git config --get commit.template [11ms]
2023-05-15 16:51:20.522 [info] > git for-each-ref --format=%(refname)%00%(upstream:short)%00%(objectname)%00%(upstream:track)%00%(upstream:remotename)%00%(upstream:remoteref) refs/heads/master refs/remotes/master [4ms]
2023-05-15 16:51:20.566 [info] > git status -z -uall [36ms]
2023-05-15 16:51:25.043 [info] > git ls-files --stage -- /home/vagrant/myproject/myapp/templates/home.html [9ms]
2023-05-15 16:51:25.049 [info] > git ls-files --stage -- /home/vagrant/myproject/myapp/__init__.py [6ms]
2023-05-15 16:51:25.067 [info] > git show --textconv :myproject/myapp/templates/home.html [8ms]
2023-05-15 16:51:25.069 [info] > git show --textconv :myproject/myapp/__init__.py [3ms]
2023-05-15 16:51:25.660 [info] > git config --get commit.template [4ms]
2023-05-15 16:51:25.671 [info] No remotes found in the git config file.
2023-05-15 16:51:25.673 [info] > git for-each-ref --format=%(refname)%00%(upstream:short)%00%(objectname)%00%(upstream:track)%00%(upstream:remotename)%00%(upstream:remoteref) refs/heads/master refs/remotes/master [3ms]
2023-05-15 16:51:25.705 [info] > git status -z -uall [23ms]
2023-05-15 16:51:30.771 [info] No remotes found in the git config file.
2023-05-15 16:51:30.773 [info] > git config --get commit.template [13ms]
2023-05-15 16:51:30.774 [info] > git for-each-ref --format=%(refname)%00%(upstream:short)%00%(objectname)%00%(upstream:track)%00%(upstream:remotename)%00%(upstream:remoteref) refs/heads/master refs/remotes/master [4ms]
2023-05-15 16:51:30.814 [info] > git status -z -uall [31ms]
2023-05-15 16:51:36.377 [info] No remotes found in the git config file.
2023-05-15 16:51:36.379 [info] > git config --get commit.template [15ms]
2023-05-15 16:51:36.381 [info] > git for-each-ref --format=%(refname)%00%(upstream:short)%00%(objectname)%00%(upstream:track)%00%(upstream:remotename)%00%(upstream:remoteref) refs/heads/master refs/remotes/master [5ms]
2023-05-15 16:51:36.440 [info] > git status -z -uall [50ms]
2023-05-15 16:51:38.791 [info] > git ls-files --stage -- /home/vagrant/myproject/myapp/templates/home.html [16ms]
2023-05-15 16:51:38.794 [info] > git ls-files --stage -- /home/vagrant/myproject/myapp/__init__.py [5ms]
2023-05-15 16:51:38.817 [info] > git show --textconv :myproject/myapp/templates/home.html [8ms]
2023-05-15 16:51:38.820 [info] > git show --textconv :myproject/myapp/__init__.py [3ms]
2023-05-15 16:51:41.508 [info] > git for-each-ref --format=%(refname)%00%(upstream:short)%00%(objectname)%00%(upstream:track)%00%(upstream:remotename)%00%(upstream:remoteref) refs/heads/master refs/remotes/master [2ms]
2023-05-15 16:51:41.510 [info] > git config --get commit.template [21ms]
2023-05-15 16:51:41.571 [info] > git status -z -uall [54ms]
2023-05-15 16:51:45.716 [info] > git ls-files --stage -- /home/vagrant/myproject/myapp/__init__.py [8ms]
2023-05-15 16:51:45.752 [info] > git ls-files --stage -- /home/vagrant/myproject/myapp/templates/home.html [58ms]
2023-05-15 16:51:45.773 [info] > git cat-file -s e69de29bb2d1d6434b8b29ae775ad8c2e48c5391 [21ms]
2023-05-15 16:51:45.776 [info] > git cat-file -s d2d7a588968d7114efee903407d3a597b3ef4978 [6ms]
2023-05-15 16:51:45.810 [info] > git show --textconv :myproject/myapp/__init__.py [17ms]
2023-05-15 16:51:45.814 [info] > git show --textconv :myproject/myapp/templates/home.html [6ms]
2023-05-15 16:51:46.641 [info] > git config --get commit.template [22ms]
2023-05-15 16:51:46.643 [info] > git for-each-ref --format=%(refname)%00%(upstream:short)%00%(objectname)%00%(upstream:track)%00%(upstream:remotename)%00%(upstream:remoteref) refs/heads/master refs/remotes/master [4ms]
2023-05-15 16:51:46.733 [info] > git status -z -uall [77ms]
2023-05-15 16:51:51.778 [info] > git config --get commit.template [1ms]
2023-05-15 16:51:51.791 [info] > git for-each-ref --format=%(refname)%00%(upstream:short)%00%(objectname)%00%(upstream:track)%00%(upstream:remotename)%00%(upstream:remoteref) refs/heads/master refs/remotes/master [3ms]
2023-05-15 16:51:51.850 [info] > git status -z -uall [51ms]
2023-05-15 16:51:56.893 [info] > git config --get commit.template [11ms]
2023-05-15 16:51:56.895 [info] > git for-each-ref --format=%(refname)%00%(upstream:short)%00%(objectname)%00%(upstream:track)%00%(upstream:remotename)%00%(upstream:remoteref) refs/heads/master refs/remotes/master [4ms]
2023-05-15 16:51:56.950 [info] > git status -z -uall [47ms]
2023-05-15 16:52:02.021 [info] > git config --get commit.template [27ms]
2023-05-15 16:52:02.022 [info] > git for-each-ref --format=%(refname)%00%(upstream:short)%00%(objectname)%00%(upstream:track)%00%(upstream:remotename)%00%(upstream:remoteref) refs/heads/master refs/remotes/master [3ms]
2023-05-15 16:52:02.070 [info] > git status -z -uall [40ms]
2023-05-15 16:52:07.119 [info] > git config --get commit.template [1ms]
2023-05-15 16:52:07.130 [info] > git for-each-ref --format=%(refname)%00%(upstream:short)%00%(objectname)%00%(upstream:track)%00%(upstream:remotename)%00%(upstream:remoteref) refs/heads/master refs/remotes/master [3ms]
2023-05-15 16:52:07.178 [info] > git status -z -uall [39ms]
2023-05-15 16:52:12.229 [info] > git config --get commit.template [10ms]
2023-05-15 16:52:12.230 [info] > git for-each-ref --format=%(refname)%00%(upstream:short)%00%(objectname)%00%(upstream:track)%00%(upstream:remotename)%00%(upstream:remoteref) refs/heads/master refs/remotes/master [3ms]
2023-05-15 16:52:12.284 [info] > git status -z -uall [46ms]
2023-05-15 16:52:17.335 [info] > git config --get commit.template [9ms]
2023-05-15 16:52:17.336 [info] > git for-each-ref --format=%(refname)%00%(upstream:short)%00%(objectname)%00%(upstream:track)%00%(upstream:remotename)%00%(upstream:remoteref) refs/heads/master refs/remotes/master [3ms]
2023-05-15 16:52:17.393 [info] > git status -z -uall [50ms]
2023-05-15 16:52:22.451 [info] > git config --get commit.template [12ms]
2023-05-15 16:52:22.454 [info] > git for-each-ref --format=%(refname)%00%(upstream:short)%00%(objectname)%00%(upstream:track)%00%(upstream:remotename)%00%(upstream:remoteref) refs/heads/master refs/remotes/master [3ms]
2023-05-15 16:52:22.495 [info] > git status -z -uall [34ms]
2023-05-15 16:52:29.565 [info] > git config --get commit.template [12ms]
2023-05-15 16:52:29.567 [info] > git for-each-ref --format=%(refname)%00%(upstream:short)%00%(objectname)%00%(upstream:track)%00%(upstream:remotename)%00%(upstream:remoteref) refs/heads/master refs/remotes/master [2ms]
2023-05-15 16:52:29.646 [info] > git status -z -uall [71ms]
2023-05-15 16:52:32.656 [info] > git ls-files --stage -- /home/vagrant/myproject/myapp/templates/home.html [9ms]
2023-05-15 16:52:32.664 [info] > git ls-files --stage -- /home/vagrant/myproject/myapp/__init__.py [9ms]
2023-05-15 16:52:32.688 [info] > git cat-file -s d2d7a588968d7114efee903407d3a597b3ef4978 [25ms]
2023-05-15 16:52:32.690 [info] > git cat-file -s e69de29bb2d1d6434b8b29ae775ad8c2e48c5391 [3ms]
2023-05-15 16:52:32.710 [info] > git show --textconv :myproject/myapp/templates/home.html [9ms]
2023-05-15 16:52:32.714 [info] > git show --textconv :myproject/myapp/__init__.py [5ms]
2023-05-15 16:52:37.396 [info] > git config --get commit.template [3ms]
2023-05-15 16:52:37.410 [info] > git for-each-ref --format=%(refname)%00%(upstream:short)%00%(objectname)%00%(upstream:track)%00%(upstream:remotename)%00%(upstream:remoteref) refs/heads/master refs/remotes/master [3ms]
2023-05-15 16:52:37.446 [info] > git status -z -uall [30ms]
2023-05-15 16:52:42.486 [info] > git config --get commit.template [1ms]
2023-05-15 16:52:42.505 [info] > git for-each-ref --format=%(refname)%00%(upstream:short)%00%(objectname)%00%(upstream:track)%00%(upstream:remotename)%00%(upstream:remoteref) refs/heads/master refs/remotes/master [2ms]
2023-05-15 16:52:42.546 [info] > git status -z -uall [29ms]
2023-05-15 16:52:47.557 [info] > git config --get commit.template [2ms]
2023-05-15 16:52:47.569 [info] > git for-each-ref --format=%(refname)%00%(upstream:short)%00%(objectname)%00%(upstream:track)%00%(upstream:remotename)%00%(upstream:remoteref) refs/heads/master refs/remotes/master [2ms]
2023-05-15 16:52:47.609 [info] > git status -z -uall [34ms]
2023-05-15 16:52:52.640 [info] > git config --get commit.template [11ms]
2023-05-15 16:52:52.642 [info] > git for-each-ref --format=%(refname)%00%(upstream:short)%00%(objectname)%00%(upstream:track)%00%(upstream:remotename)%00%(upstream:remoteref) refs/heads/master refs/remotes/master [3ms]
2023-05-15 16:52:52.670 [info] > git status -z -uall [24ms]
2023-05-15 16:53:00.786 [info] > git config --get commit.template [18ms]
2023-05-15 16:53:00.797 [info] > git for-each-ref --format=%(refname)%00%(upstream:short)%00%(objectname)%00%(upstream:track)%00%(upstream:remotename)%00%(upstream:remoteref) refs/heads/master refs/remotes/master [14ms]
2023-05-15 16:53:00.842 [info] > git status -z -uall [34ms]
2023-05-15 16:53:05.880 [info] > git config --get commit.template [8ms]
2023-05-15 16:53:05.881 [info] > git for-each-ref --format=%(refname)%00%(upstream:short)%00%(objectname)%00%(upstream:track)%00%(upstream:remotename)%00%(upstream:remoteref) refs/heads/master refs/remotes/master [3ms]
2023-05-15 16:53:05.924 [info] > git status -z -uall [37ms]
2023-05-15 16:53:07.379 [info] > git ls-files --stage -- /home/vagrant/myproject/myapp/__init__.py [5ms]
2023-05-15 16:53:07.385 [info] > git ls-files --stage -- /home/vagrant/myproject/myapp/templates/home.html [16ms]
2023-05-15 16:53:07.391 [info] > git cat-file -s e69de29bb2d1d6434b8b29ae775ad8c2e48c5391 [8ms]
2023-05-15 16:53:07.393 [info] > git cat-file -s d2d7a588968d7114efee903407d3a597b3ef4978 [3ms]
2023-05-15 16:53:07.414 [info] > git show --textconv :myproject/myapp/__init__.py [11ms]
2023-05-15 16:53:07.419 [info] > git show --textconv :myproject/myapp/templates/home.html [6ms]
2023-05-15 16:55:26.104 [info] > git config --get commit.template [50ms]
2023-05-15 16:55:26.120 [info] > git for-each-ref --format=%(refname)%00%(upstream:short)%00%(objectname)%00%(upstream:track)%00%(upstream:remotename)%00%(upstream:remoteref) refs/heads/master refs/remotes/master [1ms]
2023-05-15 16:55:26.268 [info] > git status -z -uall [74ms]
2023-05-15 16:59:43.284 [info] > git config --get commit.template [20ms]
2023-05-15 16:59:43.304 [info] > git for-each-ref --format=%(refname)%00%(upstream:short)%00%(objectname)%00%(upstream:track)%00%(upstream:remotename)%00%(upstream:remoteref) refs/heads/master refs/remotes/master [6ms]
2023-05-15 16:59:43.372 [info] > git status -z -uall [55ms]
2023-05-15 17:02:40.618 [info] > git config --get commit.template [1ms]
2023-05-15 17:02:40.628 [info] > git for-each-ref --format=%(refname)%00%(upstream:short)%00%(objectname)%00%(upstream:track)%00%(upstream:remotename)%00%(upstream:remoteref) refs/heads/master refs/remotes/master [4ms]
2023-05-15 17:02:40.665 [info] > git status -z -uall [30ms]
2023-05-15 17:02:56.435 [info] > git config --get commit.template [15ms]
2023-05-15 17:02:56.438 [info] > git for-each-ref --format=%(refname)%00%(upstream:short)%00%(objectname)%00%(upstream:track)%00%(upstream:remotename)%00%(upstream:remoteref) refs/heads/master refs/remotes/master [4ms]
2023-05-15 17:02:56.511 [info] > git status -z -uall [36ms]
2023-05-15 17:03:01.548 [info] > git config --get commit.template [11ms]
2023-05-15 17:03:01.549 [info] > git for-each-ref --format=%(refname)%00%(upstream:short)%00%(objectname)%00%(upstream:track)%00%(upstream:remotename)%00%(upstream:remoteref) refs/heads/master refs/remotes/master [3ms]
2023-05-15 17:03:01.573 [info] > git status -z -uall [18ms]
2023-05-15 17:03:06.594 [info] > git config --get commit.template [10ms]
2023-05-15 17:03:06.595 [info] > git for-each-ref --format=%(refname)%00%(upstream:short)%00%(objectname)%00%(upstream:track)%00%(upstream:remotename)%00%(upstream:remoteref) refs/heads/master refs/remotes/master [2ms]
2023-05-15 17:03:06.631 [info] > git status -z -uall [31ms]
2023-05-15 17:03:11.662 [info] > git config --get commit.template [8ms]
2023-05-15 17:03:11.663 [info] > git for-each-ref --format=%(refname)%00%(upstream:short)%00%(objectname)%00%(upstream:track)%00%(upstream:remotename)%00%(upstream:remoteref) refs/heads/master refs/remotes/master [2ms]
2023-05-15 17:03:11.694 [info] > git status -z -uall [27ms]
2023-05-15 17:03:53.095 [info] > git config --get commit.template [9ms]
2023-05-15 17:03:53.098 [info] > git for-each-ref --format=%(refname)%00%(upstream:short)%00%(objectname)%00%(upstream:track)%00%(upstream:remotename)%00%(upstream:remoteref) refs/heads/master refs/remotes/master [5ms]
2023-05-15 17:03:53.122 [info] > git status -z -uall [20ms]
2023-05-15 17:03:58.137 [info] > git config --get commit.template [7ms]
2023-05-15 17:03:58.139 [info] > git for-each-ref --format=%(refname)%00%(upstream:short)%00%(objectname)%00%(upstream:track)%00%(upstream:remotename)%00%(upstream:remoteref) refs/heads/master refs/remotes/master [3ms]
2023-05-15 17:03:58.167 [info] > git ls-files --stage -- /home/vagrant/myproject/myapp/templates/home.html [6ms]
2023-05-15 17:03:58.170 [info] > git status -z -uall [25ms]
2023-05-15 17:03:58.170 [info] > git ls-files --stage -- /home/vagrant/myproject/myapp/__init__.py [4ms]
2023-05-15 17:03:58.179 [info] > git cat-file -s e69de29bb2d1d6434b8b29ae775ad8c2e48c5391 [3ms]
2023-05-15 17:03:58.181 [info] > git cat-file -s d2d7a588968d7114efee903407d3a597b3ef4978 [11ms]
2023-05-15 17:03:58.201 [info] > git show --textconv :myproject/myapp/__init__.py [7ms]
2023-05-15 17:03:58.205 [info] > git show --textconv :myproject/myapp/templates/home.html [5ms]
2023-05-15 17:04:03.196 [info] > git config --get commit.template [8ms]
2023-05-15 17:04:03.198 [info] > git for-each-ref --format=%(refname)%00%(upstream:short)%00%(objectname)%00%(upstream:track)%00%(upstream:remotename)%00%(upstream:remoteref) refs/heads/master refs/remotes/master [2ms]
2023-05-15 17:04:03.231 [info] > git status -z -uall [27ms]
2023-05-15 17:04:11.161 [info] > git config --get commit.template [11ms]
2023-05-15 17:04:11.162 [info] > git for-each-ref --format=%(refname)%00%(upstream:short)%00%(objectname)%00%(upstream:track)%00%(upstream:remotename)%00%(upstream:remoteref) refs/heads/master refs/remotes/master [2ms]
2023-05-15 17:04:11.192 [info] > git status -z -uall [24ms]
2023-05-15 17:07:43.180 [info] > git config --get commit.template [4ms]
2023-05-15 17:07:43.213 [info] > git for-each-ref --format=%(refname)%00%(upstream:short)%00%(objectname)%00%(upstream:track)%00%(upstream:remotename)%00%(upstream:remoteref) refs/heads/master refs/remotes/master [5ms]
2023-05-15 17:07:43.249 [info] > git status -z -uall [27ms]
2023-05-15 17:07:48.298 [info] > git config --get commit.template [7ms]
2023-05-15 17:07:48.298 [info] > git for-each-ref --format=%(refname)%00%(upstream:short)%00%(objectname)%00%(upstream:track)%00%(upstream:remotename)%00%(upstream:remoteref) refs/heads/master refs/remotes/master [2ms]
2023-05-15 17:07:48.329 [info] > git status -z -uall [24ms]
