2023-05-21 02:14:08.039 [info] Log level: Info
2023-05-21 02:14:08.039 [info] Validating found git in: "git"
2023-05-21 02:14:08.039 [info] Using git "2.25.1" from "git"
2023-05-21 02:14:08.039 [info] > git rev-parse --show-toplevel [14ms]
2023-05-21 02:14:08.039 [info] > git rev-parse --git-dir --git-common-dir [37ms]
2023-05-21 02:14:08.039 [info] Open repository: /home/vagrant
2023-05-21 02:14:08.039 [info] > git config --get commit.template [22ms]
2023-05-21 02:14:08.039 [info] > git rev-parse --show-toplevel [44ms]
2023-05-21 02:14:08.039 [info] > git rev-parse --show-toplevel [24ms]
2023-05-21 02:14:08.039 [info] > git for-each-ref --format=%(refname)%00%(upstream:short)%00%(objectname)%00%(upstream:track)%00%(upstream:remotename)%00%(upstream:remoteref) refs/heads/master refs/remotes/master [37ms]
2023-05-21 02:14:08.039 [info] > git rev-parse --show-toplevel [74ms]
2023-05-21 02:14:08.039 [info] > git rev-parse --show-toplevel [55ms]
2023-05-21 02:14:08.039 [info] > git rev-parse --show-toplevel [16ms]
2023-05-21 02:14:08.039 [info] > git status -z -uall [170ms]
2023-05-21 02:14:08.039 [info] > git rev-parse --show-toplevel [40ms]
2023-05-21 02:14:08.039 [info] > git rev-parse --show-toplevel [4ms]
2023-05-21 02:14:08.039 [info] > git config --get commit.template [28ms]
2023-05-21 02:14:08.039 [info] > git rev-parse --show-toplevel [2ms]
2023-05-21 02:14:08.039 [info] > git for-each-ref --format=%(refname)%00%(upstream:short)%00%(objectname)%00%(upstream:track)%00%(upstream:remotename)%00%(upstream:remoteref) refs/heads/master refs/remotes/master [7ms]
2023-05-21 02:14:08.079 [info] > git status -z -uall [128ms]
2023-05-21 02:14:08.718 [info] > git check-ignore -v -z --stdin [83ms]
2023-05-21 02:14:12.212 [info] > git config --get commit.template [139ms]
2023-05-21 02:14:12.422 [info] > git for-each-ref --format=%(refname)%00%(upstream:short)%00%(objectname)%00%(upstream:track)%00%(upstream:remotename)%00%(upstream:remoteref) refs/heads/master refs/remotes/master [117ms]
2023-05-21 02:14:12.798 [info] > git status -z -uall [366ms]
2023-05-21 02:14:12.798 [info] > git show --textconv :myproject/myapp/tests/test_views.py [54ms]
2023-05-21 02:14:13.254 [info] > git ls-files --stage -- /home/vagrant/myproject/myapp/tests/test_views.py [494ms]
2023-05-21 02:14:13.434 [info] > git cat-file -s ad56131af15104668e46ef5f8bab1e9da9990b9b [166ms]
2023-05-21 02:14:18.227 [info] > git config --get commit.template [38ms]
2023-05-21 02:14:18.392 [info] > git for-each-ref --format=%(refname)%00%(upstream:short)%00%(objectname)%00%(upstream:track)%00%(upstream:remotename)%00%(upstream:remoteref) refs/heads/master refs/remotes/master [118ms]
2023-05-21 02:14:19.020 [info] > git status -z -uall [531ms]
2023-05-21 02:14:25.172 [info] > git config --get commit.template [2ms]
2023-05-21 02:14:25.192 [info] > git for-each-ref --format=%(refname)%00%(upstream:short)%00%(objectname)%00%(upstream:track)%00%(upstream:remotename)%00%(upstream:remoteref) refs/heads/master refs/remotes/master [4ms]
2023-05-21 02:14:25.318 [info] > git status -z -uall [108ms]
2023-05-21 02:14:34.966 [info] > git config --get commit.template [19ms]
2023-05-21 02:14:34.967 [info] > git for-each-ref --format=%(refname)%00%(upstream:short)%00%(objectname)%00%(upstream:track)%00%(upstream:remotename)%00%(upstream:remoteref) refs/heads/master refs/remotes/master [2ms]
2023-05-21 02:14:35.071 [info] > git status -z -uall [87ms]
2023-05-21 02:14:58.258 [info] > git config --get commit.template [20ms]
2023-05-21 02:14:58.260 [info] > git for-each-ref --format=%(refname)%00%(upstream:short)%00%(objectname)%00%(upstream:track)%00%(upstream:remotename)%00%(upstream:remoteref) refs/heads/master refs/remotes/master [2ms]
2023-05-21 02:14:58.336 [info] > git status -z -uall [64ms]
2023-05-21 02:15:15.854 [info] > git config --get commit.template [5ms]
2023-05-21 02:15:15.889 [info] > git for-each-ref --format=%(refname)%00%(upstream:short)%00%(objectname)%00%(upstream:track)%00%(upstream:remotename)%00%(upstream:remoteref) refs/heads/master refs/remotes/master [3ms]
2023-05-21 02:15:16.037 [info] > git status -z -uall [125ms]
2023-05-21 02:15:51.301 [info] > git config --get commit.template [3ms]
2023-05-21 02:15:51.341 [info] > git for-each-ref --format=%(refname)%00%(upstream:short)%00%(objectname)%00%(upstream:track)%00%(upstream:remotename)%00%(upstream:remoteref) refs/heads/master refs/remotes/master [6ms]
2023-05-21 02:15:51.502 [info] > git status -z -uall [135ms]
2023-05-21 02:15:56.552 [info] > git config --get commit.template [14ms]
2023-05-21 02:15:56.553 [info] > git for-each-ref --format=%(refname)%00%(upstream:short)%00%(objectname)%00%(upstream:track)%00%(upstream:remotename)%00%(upstream:remoteref) refs/heads/master refs/remotes/master [2ms]
2023-05-21 02:15:56.686 [info] > git status -z -uall [117ms]
2023-05-21 02:16:01.719 [info] > git config --get commit.template [17ms]
2023-05-21 02:16:01.730 [info] > git for-each-ref --format=%(refname)%00%(upstream:short)%00%(objectname)%00%(upstream:track)%00%(upstream:remotename)%00%(upstream:remoteref) refs/heads/master refs/remotes/master [12ms]
2023-05-21 02:16:01.856 [info] > git status -z -uall [116ms]
2023-05-21 02:16:05.067 [info] > git ls-files --stage -- /home/vagrant/myproject/myapp/tests/test_views.py [15ms]
2023-05-21 02:16:05.101 [info] > git cat-file -s ad56131af15104668e46ef5f8bab1e9da9990b9b [6ms]
2023-05-21 02:16:05.140 [info] > git show --textconv :myproject/myapp/tests/test_views.py [10ms]
2023-05-21 02:16:06.906 [info] > git config --get commit.template [10ms]
2023-05-21 02:16:06.923 [info] > git for-each-ref --format=%(refname)%00%(upstream:short)%00%(objectname)%00%(upstream:track)%00%(upstream:remotename)%00%(upstream:remoteref) refs/heads/master refs/remotes/master [4ms]
2023-05-21 02:16:07.069 [info] > git status -z -uall [127ms]
2023-05-21 02:16:12.117 [info] > git config --get commit.template [16ms]
2023-05-21 02:16:12.119 [info] > git for-each-ref --format=%(refname)%00%(upstream:short)%00%(objectname)%00%(upstream:track)%00%(upstream:remotename)%00%(upstream:remoteref) refs/heads/master refs/remotes/master [2ms]
2023-05-21 02:16:12.213 [info] > git status -z -uall [81ms]
2023-05-21 02:16:16.030 [info] > git ls-files --stage -- /home/vagrant/myproject/myapp/tests/test_views.py [7ms]
2023-05-21 02:16:16.051 [info] > git cat-file -s ad56131af15104668e46ef5f8bab1e9da9990b9b [2ms]
2023-05-21 02:16:16.085 [info] > git show --textconv :myproject/myapp/tests/test_views.py [12ms]
2023-05-21 02:16:17.240 [info] > git config --get commit.template [3ms]
2023-05-21 02:16:17.271 [info] > git for-each-ref --format=%(refname)%00%(upstream:short)%00%(objectname)%00%(upstream:track)%00%(upstream:remotename)%00%(upstream:remoteref) refs/heads/master refs/remotes/master [17ms]
2023-05-21 02:16:17.392 [info] > git status -z -uall [104ms]
2023-05-21 02:16:23.427 [info] > git config --get commit.template [22ms]
2023-05-21 02:16:23.428 [info] > git for-each-ref --format=%(refname)%00%(upstream:short)%00%(objectname)%00%(upstream:track)%00%(upstream:remotename)%00%(upstream:remoteref) refs/heads/master refs/remotes/master [3ms]
2023-05-21 02:16:23.544 [info] > git status -z -uall [103ms]
2023-05-21 02:16:28.583 [info] > git config --get commit.template [16ms]
2023-05-21 02:16:28.585 [info] > git for-each-ref --format=%(refname)%00%(upstream:short)%00%(objectname)%00%(upstream:track)%00%(upstream:remotename)%00%(upstream:remoteref) refs/heads/master refs/remotes/master [3ms]
2023-05-21 02:16:28.672 [info] > git status -z -uall [72ms]
2023-05-21 02:16:30.207 [info] > git check-ignore -v -z --stdin [11ms]
2023-05-21 02:16:31.822 [info] > git check-ignore -v -z --stdin [17ms]
2023-05-21 02:16:33.471 [info] > git show --textconv :myproject/myapp/decorators.py [17ms]
2023-05-21 02:16:33.477 [info] > git ls-files --stage -- /home/vagrant/myproject/myapp/decorators.py [6ms]
2023-05-21 02:16:33.491 [info] > git cat-file -s b829bccc217efe6a5564c861e03beac14e196c73 [1ms]
2023-05-21 02:16:33.700 [info] > git config --get commit.template [1ms]
2023-05-21 02:16:33.752 [info] > git for-each-ref --format=%(refname)%00%(upstream:short)%00%(objectname)%00%(upstream:track)%00%(upstream:remotename)%00%(upstream:remoteref) refs/heads/master refs/remotes/master [18ms]
2023-05-21 02:16:33.898 [info] > git status -z -uall [134ms]
2023-05-21 02:16:33.996 [info] > git show --textconv :myproject/myapp/forms.py [20ms]
2023-05-21 02:16:33.996 [info] > git ls-files --stage -- /home/vagrant/myproject/myapp/forms.py [5ms]
2023-05-21 02:16:34.031 [info] > git cat-file -s 4cc09828aecaf7e9cc0123b0c877f46caf22254a [20ms]
2023-05-21 02:16:34.711 [info] > git show --textconv :myproject/myapp/models.py [16ms]
2023-05-21 02:16:34.718 [info] > git ls-files --stage -- /home/vagrant/myproject/myapp/models.py [9ms]
2023-05-21 02:16:34.766 [info] > git cat-file -s 6dd0794b835909904f126991ae81bee5d25e303f [8ms]
2023-05-21 02:16:37.498 [info] > git show --textconv :myproject/myapp/templates/appointmentbook.html [21ms]
2023-05-21 02:16:37.505 [info] > git ls-files --stage -- /home/vagrant/myproject/myapp/templates/appointmentbook.html [9ms]
2023-05-21 02:16:37.526 [info] > git cat-file -s cb2092a77751fb95c8a6673b0252fb20435185ab [2ms]
2023-05-21 02:16:38.071 [info] > git show --textconv :myproject/myapp/templates/allPatients.html [20ms]
2023-05-21 02:16:38.088 [info] > git ls-files --stage -- /home/vagrant/myproject/myapp/templates/allPatients.html [19ms]
2023-05-21 02:16:38.106 [info] > git cat-file -s 393cd179ef8314aa136dad9af032139eef26dadc [2ms]
2023-05-21 02:16:38.942 [info] > git config --get commit.template [18ms]
2023-05-21 02:16:38.943 [info] > git for-each-ref --format=%(refname)%00%(upstream:short)%00%(objectname)%00%(upstream:track)%00%(upstream:remotename)%00%(upstream:remoteref) refs/heads/master refs/remotes/master [2ms]
2023-05-21 02:16:39.089 [info] > git status -z -uall [127ms]
2023-05-21 02:16:39.268 [info] > git show --textconv :myproject/myapp/templates/appointmentbook.html [16ms]
2023-05-21 02:16:39.275 [info] > git ls-files --stage -- /home/vagrant/myproject/myapp/templates/appointmentbook.html [7ms]
2023-05-21 02:16:39.287 [info] > git cat-file -s cb2092a77751fb95c8a6673b0252fb20435185ab [2ms]
2023-05-21 02:16:39.679 [info] > git show --textconv :myproject/myapp/templates/allPatients.html [21ms]
2023-05-21 02:16:39.687 [info] > git ls-files --stage -- /home/vagrant/myproject/myapp/templates/allPatients.html [9ms]
2023-05-21 02:16:39.705 [info] > git cat-file -s 393cd179ef8314aa136dad9af032139eef26dadc [2ms]
2023-05-21 02:16:40.071 [info] > git show --textconv :myproject/myapp/templates/appointmentbook.html [19ms]
2023-05-21 02:16:40.078 [info] > git ls-files --stage -- /home/vagrant/myproject/myapp/templates/appointmentbook.html [8ms]
2023-05-21 02:16:40.097 [info] > git cat-file -s cb2092a77751fb95c8a6673b0252fb20435185ab [2ms]
2023-05-21 02:16:42.777 [info] > git show --textconv :myproject/myapp/templates/allPatients.html [24ms]
2023-05-21 02:16:42.784 [info] > git ls-files --stage -- /home/vagrant/myproject/myapp/templates/allPatients.html [8ms]
2023-05-21 02:16:42.799 [info] > git cat-file -s 393cd179ef8314aa136dad9af032139eef26dadc [2ms]
2023-05-21 02:16:43.249 [info] > git show --textconv :myproject/myapp/templates/doctors.html [17ms]
2023-05-21 02:16:43.256 [info] > git ls-files --stage -- /home/vagrant/myproject/myapp/templates/doctors.html [8ms]
2023-05-21 02:16:43.270 [info] > git cat-file -s d19662efa0ec90a1e3037d9b0e6fb32a29d71d8f [2ms]
2023-05-21 02:16:44.164 [info] > git config --get commit.template [29ms]
2023-05-21 02:16:44.165 [info] > git for-each-ref --format=%(refname)%00%(upstream:short)%00%(objectname)%00%(upstream:track)%00%(upstream:remotename)%00%(upstream:remoteref) refs/heads/master refs/remotes/master [2ms]
2023-05-21 02:16:44.286 [info] > git status -z -uall [111ms]
