2023-05-25 01:42:46.165 [info] Log level: Info
2023-05-25 01:42:46.165 [info] Validating found git in: "git"
2023-05-25 01:42:46.165 [info] Using git "2.25.1" from "git"
2023-05-25 01:42:46.165 [info] > git rev-parse --show-toplevel [30ms]
2023-05-25 01:42:46.165 [info] > git rev-parse --git-dir --git-common-dir [52ms]
2023-05-25 01:42:46.165 [info] Open repository: /home/vagrant
2023-05-25 01:42:46.165 [info] > git rev-parse --show-toplevel [83ms]
2023-05-25 01:42:46.165 [info] > git config --get commit.template [109ms]
2023-05-25 01:42:46.165 [info] > git rev-parse --show-toplevel [34ms]
2023-05-25 01:42:46.165 [info] > git for-each-ref --format=%(refname)%00%(upstream:short)%00%(objectname)%00%(upstream:track)%00%(upstream:remotename)%00%(upstream:remoteref) refs/heads/master refs/remotes/master [43ms]
2023-05-25 01:42:46.165 [info] > git rev-parse --show-toplevel [33ms]
2023-05-25 01:42:46.165 [info] > git rev-parse --show-toplevel [38ms]
2023-05-25 01:42:46.165 [info] > git rev-parse --show-toplevel [3ms]
2023-05-25 01:42:46.165 [info] > git rev-parse --show-toplevel [12ms]
2023-05-25 01:42:46.165 [info] > git rev-parse --show-toplevel [10ms]
2023-05-25 01:42:46.165 [info] > git rev-parse --show-toplevel [5ms]
2023-05-25 01:42:46.165 [info] > git rev-parse --show-toplevel [1ms]
2023-05-25 01:42:46.165 [info] > git status -z -uall [352ms]
2023-05-25 01:42:46.165 [info] > git show --textconv :myproject/myapp/templates/dashboardsecretary.html [61ms]
2023-05-25 01:42:46.165 [info] > git show --textconv :myproject/myapp/templates/allPatients.html [40ms]
2023-05-25 01:42:46.165 [info] > git ls-files --stage -- /home/vagrant/myproject/myapp/templates/dashboardsecretary.html [25ms]
2023-05-25 01:42:46.165 [info] > git cat-file -s 5bea1f23845016b9dca60a192f885275a1d8f33a [74ms]
2023-05-25 01:42:46.165 [info] > git ls-files --stage -- /home/vagrant/myproject/myapp/templates/allPatients.html [117ms]
2023-05-25 01:42:46.165 [info] > git check-ignore -v -z --stdin [140ms]
2023-05-25 01:42:46.165 [info] > git cat-file -s b1ee40ce402cd46d43a3306b206f631fcfe10133 [46ms]
2023-05-25 01:42:46.165 [info] > git config --get commit.template [119ms]
2023-05-25 01:42:46.165 [info] > git for-each-ref --format=%(refname)%00%(upstream:short)%00%(objectname)%00%(upstream:track)%00%(upstream:remotename)%00%(upstream:remoteref) refs/heads/master refs/remotes/master [13ms]
2023-05-25 01:42:46.165 [info] > git status -z -uall [453ms]
2023-05-25 01:42:50.597 [info] > git config --get commit.template [18ms]
2023-05-25 01:42:50.598 [info] > git for-each-ref --format=%(refname)%00%(upstream:short)%00%(objectname)%00%(upstream:track)%00%(upstream:remotename)%00%(upstream:remoteref) refs/heads/master refs/remotes/master [4ms]
2023-05-25 01:42:50.689 [info] > git status -z -uall [77ms]
2023-05-25 01:43:00.548 [info] > git config --get commit.template [6ms]
2023-05-25 01:43:00.595 [info] > git for-each-ref --format=%(refname)%00%(upstream:short)%00%(objectname)%00%(upstream:track)%00%(upstream:remotename)%00%(upstream:remoteref) refs/heads/master refs/remotes/master [27ms]
2023-05-25 01:43:00.703 [info] > git status -z -uall [90ms]
2023-05-25 01:43:05.756 [info] > git for-each-ref --format=%(refname)%00%(upstream:short)%00%(objectname)%00%(upstream:track)%00%(upstream:remotename)%00%(upstream:remoteref) refs/heads/master refs/remotes/master [2ms]
2023-05-25 01:43:05.758 [info] > git config --get commit.template [26ms]
2023-05-25 01:43:05.869 [info] > git status -z -uall [89ms]
2023-05-25 01:43:06.292 [info] > git ls-files --stage -- /home/vagrant/myproject/myapp/templates/dashboardsecretary.html [26ms]
2023-05-25 01:43:06.315 [info] > git ls-files --stage -- /home/vagrant/myproject/myapp/templates/allPatients.html [25ms]
2023-05-25 01:43:06.332 [info] > git cat-file -s 5bea1f23845016b9dca60a192f885275a1d8f33a [20ms]
2023-05-25 01:43:06.334 [info] > git cat-file -s b1ee40ce402cd46d43a3306b206f631fcfe10133 [3ms]
2023-05-25 01:43:06.397 [info] > git show --textconv :myproject/myapp/templates/dashboardsecretary.html [24ms]
2023-05-25 01:43:06.414 [info] > git show --textconv :myproject/myapp/templates/allPatients.html [17ms]
2023-05-25 01:43:08.713 [info] > git ls-files --stage -- /home/vagrant/myproject/myapp/templates/dashboardsecretary.html [25ms]
2023-05-25 01:43:08.743 [info] > git ls-files --stage -- /home/vagrant/myproject/myapp/templates/allPatients.html [32ms]
2023-05-25 01:43:08.782 [info] > git cat-file -s 5bea1f23845016b9dca60a192f885275a1d8f33a [41ms]
2023-05-25 01:43:08.787 [info] > git cat-file -s 18048b099bf93d2dddc43f62cbb8c4fac1bf5df0 [6ms]
2023-05-25 01:43:08.859 [info] > git show --textconv :myproject/myapp/templates/dashboardsecretary.html [34ms]
2023-05-25 01:43:08.868 [info] > git show --textconv :myproject/myapp/templates/allPatients.html [11ms]
2023-05-25 01:46:53.820 [info] > git config --get commit.template [3ms]
2023-05-25 01:46:53.840 [info] > git for-each-ref --format=%(refname)%00%(upstream:short)%00%(objectname)%00%(upstream:track)%00%(upstream:remotename)%00%(upstream:remoteref) refs/heads/master refs/remotes/master [1ms]
2023-05-25 01:46:54.129 [info] > git status -z -uall [268ms]
2023-05-25 01:52:43.148 [info] > git config --get commit.template [4ms]
2023-05-25 01:52:43.174 [info] > git for-each-ref --format=%(refname)%00%(upstream:short)%00%(objectname)%00%(upstream:track)%00%(upstream:remotename)%00%(upstream:remoteref) refs/heads/master refs/remotes/master [6ms]
2023-05-25 01:52:43.386 [info] > git status -z -uall [189ms]
2023-05-25 01:57:21.026 [info] > git config --get commit.template [34ms]
2023-05-25 01:57:21.027 [info] > git for-each-ref --format=%(refname)%00%(upstream:short)%00%(objectname)%00%(upstream:track)%00%(upstream:remotename)%00%(upstream:remoteref) refs/heads/master refs/remotes/master [4ms]
2023-05-25 01:57:21.235 [info] > git status -z -uall [171ms]
2023-05-25 02:01:55.214 [info] > git config --get commit.template [2ms]
2023-05-25 02:01:55.255 [info] > git for-each-ref --format=%(refname)%00%(upstream:short)%00%(objectname)%00%(upstream:track)%00%(upstream:remotename)%00%(upstream:remoteref) refs/heads/master refs/remotes/master [6ms]
2023-05-25 02:01:55.471 [info] > git status -z -uall [200ms]
2023-05-25 02:03:25.143 [info] > git config --get commit.template [25ms]
2023-05-25 02:03:25.149 [info] > git for-each-ref --format=%(refname)%00%(upstream:short)%00%(objectname)%00%(upstream:track)%00%(upstream:remotename)%00%(upstream:remoteref) refs/heads/master refs/remotes/master [10ms]
2023-05-25 02:03:25.324 [info] > git status -z -uall [160ms]
2023-05-25 02:49:08.751 [info] > git config --get commit.template [30ms]
2023-05-25 02:49:08.753 [info] > git for-each-ref --format=%(refname)%00%(upstream:short)%00%(objectname)%00%(upstream:track)%00%(upstream:remotename)%00%(upstream:remoteref) refs/heads/master refs/remotes/master [4ms]
2023-05-25 02:49:08.970 [info] > git status -z -uall [193ms]
2023-05-25 02:49:10.650 [info] > git check-ignore -v -z --stdin [67ms]
2023-05-25 02:49:11.149 [info] > git check-ignore -v -z --stdin [16ms]
