2023-05-21 05:30:09.715 [info] Extension host with pid 271403 started
2023-05-21 05:30:09.769 [info] Lock '/home/vagrant/.vscode-server/data/User/workspaceStorage/49c7eca104af6a0210621ab8aecf3fe2/vscode.lock': Lock acquired.
2023-05-21 05:30:10.043 [info] ExtensionService#_doActivateExtension batisteo.vscode-django, startup: false, activationEvent: 'onLanguage:python'
2023-05-21 05:30:10.045 [info] ExtensionService#_doActivateExtension ms-python.python, startup: false, activationEvent: 'onLanguage:python'
2023-05-21 05:30:10.046 [info] ExtensionService#_doActivateExtension vscode.emmet, startup: false, activationEvent: 'onLanguage'
2023-05-21 05:30:11.098 [info] ExtensionService#_doActivateExtension vscode.git-base, startup: true, activationEvent: '*', root cause: vscode.git
2023-05-21 05:30:11.099 [info] ExtensionService#_doActivateExtension ecmel.vscode-html-css, startup: true, activationEvent: '*'
2023-05-21 05:30:11.100 [info] ExtensionService#_doActivateExtension Zignd.html-css-class-completion, startup: true, activationEvent: '*'
2023-05-21 05:30:11.519 [info] ExtensionService#_doActivateExtension vscode.git, startup: true, activationEvent: '*'
2023-05-21 05:30:11.520 [info] ExtensionService#_doActivateExtension vscode.github, startup: true, activationEvent: '*'
2023-05-21 05:30:12.248 [info] ExtensionService#_doActivateExtension ms-python.vscode-pylance, startup: false, activationEvent: 'onLanguage:python'
2023-05-21 05:30:21.111 [info] ExtensionService#_doActivateExtension vscode.debug-auto-launch, startup: false, activationEvent: 'onStartupFinished'
2023-05-21 05:30:21.112 [info] ExtensionService#_doActivateExtension vscode.merge-conflict, startup: false, activationEvent: 'onStartupFinished'
2023-05-21 05:30:31.115 [info] Eager extensions activated
2023-05-21 06:04:19.548 [error] [ms-python.python] provider FAILED
2023-05-21 06:04:19.549 [error] TypeError: Cannot read properties of undefined (reading 'data')
    at /home/vagrant/.vscode-server/extensions/ms-python.vscode-pylance-2023.5.30/dist/extension.bundle.js:1:55034
    at _0x54e010 (/home/vagrant/.vscode-server/extensions/ms-python.vscode-pylance-2023.5.30/dist/extension.bundle.js:1:64358)
    at oe.provideCompletionItems (/home/vagrant/.vscode-server/bin/b3e4e68a0bc097f0ae7907b217c1119af9e03435/out/vs/workbench/api/node/extensionHostProcess.js:101:52890)
2023-05-21 06:19:45.901 [error] [ms-python.python] provider FAILED
2023-05-21 06:19:45.901 [error] TypeError: Cannot read properties of undefined (reading 'data')
    at /home/vagrant/.vscode-server/extensions/ms-python.vscode-pylance-2023.5.30/dist/extension.bundle.js:1:55034
    at _0x54e010 (/home/vagrant/.vscode-server/extensions/ms-python.vscode-pylance-2023.5.30/dist/extension.bundle.js:1:64358)
    at oe.provideCompletionItems (/home/vagrant/.vscode-server/bin/b3e4e68a0bc097f0ae7907b217c1119af9e03435/out/vs/workbench/api/node/extensionHostProcess.js:101:52890)
2023-05-21 06:26:12.114 [info] ExtensionService#_doActivateExtension vscode.npm, startup: false, activationEvent: 'onTerminalQuickFixRequest:ms-vscode.npm-command'
2023-05-21 07:10:56.463 [error] Error: getaddrinfo EAI_AGAIN mobile.events.data.microsoft.com
    at GetAddrInfoReqWrap.onlookup [as oncomplete] (node:dns:109:26)
2023-05-21 07:12:51.709 [error] [ms-python.python] provider FAILED
2023-05-21 07:12:51.709 [error] TypeError: Cannot read properties of undefined (reading 'data')
    at /home/vagrant/.vscode-server/extensions/ms-python.vscode-pylance-2023.5.30/dist/extension.bundle.js:1:55034
    at _0x54e010 (/home/vagrant/.vscode-server/extensions/ms-python.vscode-pylance-2023.5.30/dist/extension.bundle.js:1:64358)
    at oe.provideCompletionItems (/home/vagrant/.vscode-server/bin/b3e4e68a0bc097f0ae7907b217c1119af9e03435/out/vs/workbench/api/node/extensionHostProcess.js:101:52890)
2023-05-21 07:15:25.186 [error] Error: getaddrinfo EAI_AGAIN mobile.events.data.microsoft.com
    at GetAddrInfoReqWrap.onlookup [as oncomplete] (node:dns:109:26)
2023-05-21 08:38:12.124 [error] [ms-python.python] provider FAILED
2023-05-21 08:38:12.125 [error] TypeError: Cannot read properties of undefined (reading 'data')
    at /home/vagrant/.vscode-server/extensions/ms-python.vscode-pylance-2023.5.30/dist/extension.bundle.js:1:55034
    at _0x54e010 (/home/vagrant/.vscode-server/extensions/ms-python.vscode-pylance-2023.5.30/dist/extension.bundle.js:1:64358)
    at oe.provideCompletionItems (/home/vagrant/.vscode-server/bin/b3e4e68a0bc097f0ae7907b217c1119af9e03435/out/vs/workbench/api/node/extensionHostProcess.js:101:52890)
2023-05-21 08:52:01.694 [error] [ms-python.python] provider FAILED
2023-05-21 08:52:01.694 [error] TypeError: Cannot read properties of undefined (reading 'data')
    at /home/vagrant/.vscode-server/extensions/ms-python.vscode-pylance-2023.5.30/dist/extension.bundle.js:1:55034
    at _0x54e010 (/home/vagrant/.vscode-server/extensions/ms-python.vscode-pylance-2023.5.30/dist/extension.bundle.js:1:64358)
    at oe.provideCompletionItems (/home/vagrant/.vscode-server/bin/b3e4e68a0bc097f0ae7907b217c1119af9e03435/out/vs/workbench/api/node/extensionHostProcess.js:101:52890)
2023-05-21 14:22:34.434 [error] [ms-python.python] provider FAILED
2023-05-21 14:22:34.434 [error] TypeError: Cannot read properties of undefined (reading 'data')
    at /home/vagrant/.vscode-server/extensions/ms-python.vscode-pylance-2023.5.30/dist/extension.bundle.js:1:55034
    at _0x54e010 (/home/vagrant/.vscode-server/extensions/ms-python.vscode-pylance-2023.5.30/dist/extension.bundle.js:1:64358)
    at oe.provideCompletionItems (/home/vagrant/.vscode-server/bin/b3e4e68a0bc097f0ae7907b217c1119af9e03435/out/vs/workbench/api/node/extensionHostProcess.js:101:52890)
2023-05-21 14:30:46.633 [error] [ms-python.python] provider FAILED
2023-05-21 14:30:46.633 [error] TypeError: Cannot read properties of undefined (reading 'data')
    at /home/vagrant/.vscode-server/extensions/ms-python.vscode-pylance-2023.5.30/dist/extension.bundle.js:1:55034
    at _0x54e010 (/home/vagrant/.vscode-server/extensions/ms-python.vscode-pylance-2023.5.30/dist/extension.bundle.js:1:64358)
    at oe.provideCompletionItems (/home/vagrant/.vscode-server/bin/b3e4e68a0bc097f0ae7907b217c1119af9e03435/out/vs/workbench/api/node/extensionHostProcess.js:101:52890)
2023-05-21 14:36:56.757 [error] [ms-python.python] provider FAILED
2023-05-21 14:36:56.757 [error] TypeError: Cannot read properties of undefined (reading 'data')
    at /home/vagrant/.vscode-server/extensions/ms-python.vscode-pylance-2023.5.30/dist/extension.bundle.js:1:55034
    at _0x54e010 (/home/vagrant/.vscode-server/extensions/ms-python.vscode-pylance-2023.5.30/dist/extension.bundle.js:1:64358)
    at oe.provideCompletionItems (/home/vagrant/.vscode-server/bin/b3e4e68a0bc097f0ae7907b217c1119af9e03435/out/vs/workbench/api/node/extensionHostProcess.js:101:52890)
2023-05-21 14:43:49.265 [error] [ms-python.python] provider FAILED
2023-05-21 14:43:49.265 [error] TypeError: Cannot read properties of undefined (reading 'data')
    at /home/vagrant/.vscode-server/extensions/ms-python.vscode-pylance-2023.5.30/dist/extension.bundle.js:1:55034
    at _0x54e010 (/home/vagrant/.vscode-server/extensions/ms-python.vscode-pylance-2023.5.30/dist/extension.bundle.js:1:64358)
    at oe.provideCompletionItems (/home/vagrant/.vscode-server/bin/b3e4e68a0bc097f0ae7907b217c1119af9e03435/out/vs/workbench/api/node/extensionHostProcess.js:101:52890)
2023-05-21 17:21:13.244 [info] Extension host terminating: received terminate message from renderer
2023-05-21 17:21:13.246 [info] Lock '/home/vagrant/.vscode-server/data/User/workspaceStorage/49c7eca104af6a0210621ab8aecf3fe2/vscode.lock': Marking the lockfile as scheduled to be released in 6000 ms.
2023-05-21 17:21:13.292 [error] Canceled: Canceled
    at new l (/home/vagrant/.vscode-server/bin/b3e4e68a0bc097f0ae7907b217c1119af9e03435/out/vs/workbench/api/node/extensionHostProcess.js:99:104563)
    at a.O (/home/vagrant/.vscode-server/bin/b3e4e68a0bc097f0ae7907b217c1119af9e03435/out/vs/workbench/api/node/extensionHostProcess.js:111:11657)
    at Proxy.H.<computed>.x.charCodeAt.H.<computed> (/home/vagrant/.vscode-server/bin/b3e4e68a0bc097f0ae7907b217c1119af9e03435/out/vs/workbench/api/node/extensionHostProcess.js:111:8947)
    at e.ExtHostCommands.g (/home/vagrant/.vscode-server/bin/b3e4e68a0bc097f0ae7907b217c1119af9e03435/out/vs/workbench/api/node/extensionHostProcess.js:99:124729)
    at e.ExtHostCommands.executeCommand (/home/vagrant/.vscode-server/bin/b3e4e68a0bc097f0ae7907b217c1119af9e03435/out/vs/workbench/api/node/extensionHostProcess.js:99:124105)
    at C.registerCommand.description (/home/vagrant/.vscode-server/bin/b3e4e68a0bc097f0ae7907b217c1119af9e03435/out/vs/workbench/api/node/extensionHostProcess.js:99:123398)
    at e.ExtHostCommands.h (/home/vagrant/.vscode-server/bin/b3e4e68a0bc097f0ae7907b217c1119af9e03435/out/vs/workbench/api/node/extensionHostProcess.js:99:125315)
    at e.ExtHostCommands.g (/home/vagrant/.vscode-server/bin/b3e4e68a0bc097f0ae7907b217c1119af9e03435/out/vs/workbench/api/node/extensionHostProcess.js:99:124205)
    at e.ExtHostCommands.executeCommand (/home/vagrant/.vscode-server/bin/b3e4e68a0bc097f0ae7907b217c1119af9e03435/out/vs/workbench/api/node/extensionHostProcess.js:99:124105)
    at Object.executeCommand (/home/vagrant/.vscode-server/bin/b3e4e68a0bc097f0ae7907b217c1119af9e03435/out/vs/workbench/api/node/extensionHostProcess.js:117:24043)
    at D (/home/vagrant/.vscode-server/bin/b3e4e68a0bc097f0ae7907b217c1119af9e03435/extensions/git/dist/main.js:2:1259661)
    at v.invoke (/home/vagrant/.vscode-server/bin/b3e4e68a0bc097f0ae7907b217c1119af9e03435/out/vs/workbench/api/node/extensionHostProcess.js:63:145)
    at h.deliver (/home/vagrant/.vscode-server/bin/b3e4e68a0bc097f0ae7907b217c1119af9e03435/out/vs/workbench/api/node/extensionHostProcess.js:63:2121)
    at i.fire (/home/vagrant/.vscode-server/bin/b3e4e68a0bc097f0ae7907b217c1119af9e03435/out/vs/workbench/api/node/extensionHostProcess.js:63:1729)
    at Object.m [as dispose] (/home/vagrant/.vscode-server/bin/b3e4e68a0bc097f0ae7907b217c1119af9e03435/extensions/git/dist/main.js:2:1274494)
    at /home/vagrant/.vscode-server/bin/b3e4e68a0bc097f0ae7907b217c1119af9e03435/extensions/git/dist/main.js:2:1278940
    at Array.forEach (<anonymous>)
    at g.dispose (/home/vagrant/.vscode-server/bin/b3e4e68a0bc097f0ae7907b217c1119af9e03435/extensions/git/dist/main.js:2:1278926)
    at t.<anonymous> (/home/vagrant/.vscode-server/bin/b3e4e68a0bc097f0ae7907b217c1119af9e03435/out/vs/workbench/api/node/extensionHostProcess.js:97:12369)
    at t.dispose (/home/vagrant/.vscode-server/bin/b3e4e68a0bc097f0ae7907b217c1119af9e03435/out/vs/workbench/api/node/extensionHostProcess.js:97:12504)
    at t.<anonymous> (/home/vagrant/.vscode-server/bin/b3e4e68a0bc097f0ae7907b217c1119af9e03435/extensions/git/dist/main.js:2:1261791)
    at t.dispose (/home/vagrant/.vscode-server/bin/b3e4e68a0bc097f0ae7907b217c1119af9e03435/out/vs/workbench/api/node/extensionHostProcess.js:97:12504)
    at P (/home/vagrant/.vscode-server/bin/b3e4e68a0bc097f0ae7907b217c1119af9e03435/out/vs/workbench/api/node/extensionHostProcess.js:10:12080)
    at v.Y (/home/vagrant/.vscode-server/bin/b3e4e68a0bc097f0ae7907b217c1119af9e03435/out/vs/workbench/api/node/extensionHostProcess.js:113:11173)
    at /home/vagrant/.vscode-server/bin/b3e4e68a0bc097f0ae7907b217c1119af9e03435/out/vs/workbench/api/node/extensionHostProcess.js:113:9157
    at Array.map (<anonymous>)
    at v.R (/home/vagrant/.vscode-server/bin/b3e4e68a0bc097f0ae7907b217c1119af9e03435/out/vs/workbench/api/node/extensionHostProcess.js:113:9144)
    at v.terminate (/home/vagrant/.vscode-server/bin/b3e4e68a0bc097f0ae7907b217c1119af9e03435/out/vs/workbench/api/node/extensionHostProcess.js:113:9415)
    at d.terminate (/home/vagrant/.vscode-server/bin/b3e4e68a0bc097f0ae7907b217c1119af9e03435/out/vs/workbench/api/node/extensionHostProcess.js:117:1544)
    at g (/home/vagrant/.vscode-server/bin/b3e4e68a0bc097f0ae7907b217c1119af9e03435/out/vs/workbench/api/node/extensionHostProcess.js:127:34439)
    at /home/vagrant/.vscode-server/bin/b3e4e68a0bc097f0ae7907b217c1119af9e03435/out/vs/workbench/api/node/extensionHostProcess.js:127:32349
    at v.invoke (/home/vagrant/.vscode-server/bin/b3e4e68a0bc097f0ae7907b217c1119af9e03435/out/vs/workbench/api/node/extensionHostProcess.js:63:145)
    at h.deliver (/home/vagrant/.vscode-server/bin/b3e4e68a0bc097f0ae7907b217c1119af9e03435/out/vs/workbench/api/node/extensionHostProcess.js:63:2121)
    at i.fire (/home/vagrant/.vscode-server/bin/b3e4e68a0bc097f0ae7907b217c1119af9e03435/out/vs/workbench/api/node/extensionHostProcess.js:63:1729)
    at g.fire (/home/vagrant/.vscode-server/bin/b3e4e68a0bc097f0ae7907b217c1119af9e03435/out/vs/workbench/api/node/extensionHostProcess.js:72:14852)
    at u.E (/home/vagrant/.vscode-server/bin/b3e4e68a0bc097f0ae7907b217c1119af9e03435/out/vs/workbench/api/node/extensionHostProcess.js:72:18899)
    at /home/vagrant/.vscode-server/bin/b3e4e68a0bc097f0ae7907b217c1119af9e03435/out/vs/workbench/api/node/extensionHostProcess.js:72:16887
    at v.invoke (/home/vagrant/.vscode-server/bin/b3e4e68a0bc097f0ae7907b217c1119af9e03435/out/vs/workbench/api/node/extensionHostProcess.js:63:145)
    at h.deliver (/home/vagrant/.vscode-server/bin/b3e4e68a0bc097f0ae7907b217c1119af9e03435/out/vs/workbench/api/node/extensionHostProcess.js:63:2121)
    at i.fire (/home/vagrant/.vscode-server/bin/b3e4e68a0bc097f0ae7907b217c1119af9e03435/out/vs/workbench/api/node/extensionHostProcess.js:63:1729)
    at d.acceptChunk (/home/vagrant/.vscode-server/bin/b3e4e68a0bc097f0ae7907b217c1119af9e03435/out/vs/workbench/api/node/extensionHostProcess.js:72:12583)
    at /home/vagrant/.vscode-server/bin/b3e4e68a0bc097f0ae7907b217c1119af9e03435/out/vs/workbench/api/node/extensionHostProcess.js:72:11870
    at v.invoke (/home/vagrant/.vscode-server/bin/b3e4e68a0bc097f0ae7907b217c1119af9e03435/out/vs/workbench/api/node/extensionHostProcess.js:63:145)
    at h.deliver (/home/vagrant/.vscode-server/bin/b3e4e68a0bc097f0ae7907b217c1119af9e03435/out/vs/workbench/api/node/extensionHostProcess.js:63:2121)
    at i.fire (/home/vagrant/.vscode-server/bin/b3e4e68a0bc097f0ae7907b217c1119af9e03435/out/vs/workbench/api/node/extensionHostProcess.js:63:1729)
    at y.u (/home/vagrant/.vscode-server/bin/b3e4e68a0bc097f0ae7907b217c1119af9e03435/out/vs/workbench/api/node/extensionHostProcess.js:127:20019) setContext undefined
2023-05-21 17:21:13.316 [info] Extension host with pid 271403 exiting with code 0
