2023-05-21 02:49:50.627 [info] Log level: Info
2023-05-21 02:49:50.627 [info] Validating found git in: "git"
2023-05-21 02:49:50.627 [info] Using git "2.25.1" from "git"
2023-05-21 02:49:50.627 [info] > git rev-parse --show-toplevel [12ms]
2023-05-21 02:49:50.627 [info] > git rev-parse --git-dir --git-common-dir [18ms]
2023-05-21 02:49:50.627 [info] Open repository: /home/vagrant
2023-05-21 02:49:50.627 [info] > git config --get commit.template [48ms]
2023-05-21 02:49:50.627 [info] > git rev-parse --show-toplevel [65ms]
2023-05-21 02:49:50.627 [info] > git rev-parse --show-toplevel [13ms]
2023-05-21 02:49:50.627 [info] > git for-each-ref --format=%(refname)%00%(upstream:short)%00%(objectname)%00%(upstream:track)%00%(upstream:remotename)%00%(upstream:remoteref) refs/heads/master refs/remotes/master [27ms]
2023-05-21 02:49:50.627 [info] > git rev-parse --show-toplevel [37ms]
2023-05-21 02:49:50.627 [info] > git rev-parse --show-toplevel [92ms]
2023-05-21 02:49:50.627 [info] > git rev-parse --show-toplevel [13ms]
2023-05-21 02:49:50.627 [info] > git status -z -uall [269ms]
2023-05-21 02:49:50.627 [info] > git rev-parse --show-toplevel [45ms]
2023-05-21 02:49:50.627 [info] > git config --get commit.template [73ms]
2023-05-21 02:49:50.627 [info] > git rev-parse --show-toplevel [56ms]
2023-05-21 02:49:50.627 [info] > git rev-parse --show-toplevel [23ms]
2023-05-21 02:49:50.627 [info] > git for-each-ref --format=%(refname)%00%(upstream:short)%00%(objectname)%00%(upstream:track)%00%(upstream:remotename)%00%(upstream:remoteref) refs/heads/master refs/remotes/master [19ms]
2023-05-21 02:49:50.627 [info] > git status -z -uall [110ms]
2023-05-21 02:49:50.627 [info] > git check-ignore -v -z --stdin [119ms]
2023-05-21 02:49:50.846 [info] > git show --textconv :myproject/myapp/templates/doctors.html [22ms]
2023-05-21 02:49:50.853 [info] > git ls-files --stage -- /home/vagrant/myproject/myapp/templates/doctors.html [9ms]
2023-05-21 02:49:50.870 [info] > git cat-file -s d19662efa0ec90a1e3037d9b0e6fb32a29d71d8f [4ms]
2023-05-21 02:49:51.380 [info] > git check-ignore -v -z --stdin [20ms]
2023-05-21 02:49:52.790 [info] > git config --get commit.template [69ms]
2023-05-21 02:49:53.119 [info] > git for-each-ref --format=%(refname)%00%(upstream:short)%00%(objectname)%00%(upstream:track)%00%(upstream:remotename)%00%(upstream:remoteref) refs/heads/master refs/remotes/master [246ms]
2023-05-21 02:49:53.268 [info] > git status -z -uall [134ms]
2023-05-21 02:49:56.312 [info] > git check-ignore -v -z --stdin [17ms]
2023-05-21 02:49:57.816 [info] > git show --textconv :myproject/myapp/tests/test_urls.py [18ms]
2023-05-21 02:49:57.824 [info] > git ls-files --stage -- /home/vagrant/myproject/myapp/tests/test_urls.py [10ms]
2023-05-21 02:49:57.853 [info] > git cat-file -s ccf48d61e50b181a9f1427a4fe4a93b2d23c0a4c [7ms]
2023-05-21 02:49:58.322 [info] > git show --textconv :myproject/myapp/tests/test_forms.py [38ms]
2023-05-21 02:49:58.326 [info] > git config --get commit.template [4ms]
2023-05-21 02:49:58.327 [info] > git ls-files --stage -- /home/vagrant/myproject/myapp/tests/test_forms.py [21ms]
2023-05-21 02:49:58.357 [info] > git cat-file -s 864b70626b05d48149f1d5d7ff72dcc65bc3262e [17ms]
2023-05-21 02:49:58.359 [info] > git for-each-ref --format=%(refname)%00%(upstream:short)%00%(objectname)%00%(upstream:track)%00%(upstream:remotename)%00%(upstream:remoteref) refs/heads/master refs/remotes/master [3ms]
2023-05-21 02:49:58.483 [info] > git status -z -uall [107ms]
2023-05-21 02:49:59.044 [info] > git show --textconv :myproject/myapp/tests/test_views.py [41ms]
2023-05-21 02:49:59.048 [info] > git ls-files --stage -- /home/vagrant/myproject/myapp/tests/test_views.py [7ms]
2023-05-21 02:49:59.080 [info] > git cat-file -s ad56131af15104668e46ef5f8bab1e9da9990b9b [6ms]
2023-05-21 02:50:03.566 [info] > git config --get commit.template [34ms]
2023-05-21 02:50:03.575 [info] > git for-each-ref --format=%(refname)%00%(upstream:short)%00%(objectname)%00%(upstream:track)%00%(upstream:remotename)%00%(upstream:remoteref) refs/heads/master refs/remotes/master [11ms]
2023-05-21 02:50:03.706 [info] > git status -z -uall [113ms]
2023-05-21 02:50:08.739 [info] > git config --get commit.template [3ms]
2023-05-21 02:50:08.763 [info] > git for-each-ref --format=%(refname)%00%(upstream:short)%00%(objectname)%00%(upstream:track)%00%(upstream:remotename)%00%(upstream:remoteref) refs/heads/master refs/remotes/master [2ms]
2023-05-21 02:50:08.845 [info] > git status -z -uall [69ms]
2023-05-21 02:50:13.912 [info] > git config --get commit.template [34ms]
2023-05-21 02:50:13.914 [info] > git for-each-ref --format=%(refname)%00%(upstream:short)%00%(objectname)%00%(upstream:track)%00%(upstream:remotename)%00%(upstream:remoteref) refs/heads/master refs/remotes/master [4ms]
2023-05-21 02:50:14.004 [info] > git status -z -uall [65ms]
2023-05-21 02:50:19.054 [info] > git config --get commit.template [20ms]
2023-05-21 02:50:19.056 [info] > git for-each-ref --format=%(refname)%00%(upstream:short)%00%(objectname)%00%(upstream:track)%00%(upstream:remotename)%00%(upstream:remoteref) refs/heads/master refs/remotes/master [4ms]
2023-05-21 02:50:19.141 [info] > git status -z -uall [66ms]
2023-05-21 02:50:24.174 [info] > git config --get commit.template [8ms]
2023-05-21 02:50:24.195 [info] > git for-each-ref --format=%(refname)%00%(upstream:short)%00%(objectname)%00%(upstream:track)%00%(upstream:remotename)%00%(upstream:remoteref) refs/heads/master refs/remotes/master [3ms]
2023-05-21 02:50:24.284 [info] > git status -z -uall [70ms]
2023-05-21 02:50:29.315 [info] > git config --get commit.template [4ms]
2023-05-21 02:50:29.336 [info] > git for-each-ref --format=%(refname)%00%(upstream:short)%00%(objectname)%00%(upstream:track)%00%(upstream:remotename)%00%(upstream:remoteref) refs/heads/master refs/remotes/master [4ms]
2023-05-21 02:50:29.438 [info] > git status -z -uall [83ms]
2023-05-21 02:50:34.495 [info] > git config --get commit.template [28ms]
2023-05-21 02:50:34.496 [info] > git for-each-ref --format=%(refname)%00%(upstream:short)%00%(objectname)%00%(upstream:track)%00%(upstream:remotename)%00%(upstream:remoteref) refs/heads/master refs/remotes/master [3ms]
2023-05-21 02:50:34.605 [info] > git status -z -uall [94ms]
2023-05-21 02:50:39.640 [info] > git config --get commit.template [2ms]
2023-05-21 02:50:39.671 [info] > git for-each-ref --format=%(refname)%00%(upstream:short)%00%(objectname)%00%(upstream:track)%00%(upstream:remotename)%00%(upstream:remoteref) refs/heads/master refs/remotes/master [11ms]
2023-05-21 02:50:39.772 [info] > git status -z -uall [83ms]
2023-05-21 02:50:39.854 [info] > git show --textconv :myproject/myapp/templates/appointmentbook.html [20ms]
2023-05-21 02:50:39.865 [info] > git ls-files --stage -- /home/vagrant/myproject/myapp/templates/appointmentbook.html [13ms]
2023-05-21 02:50:39.895 [info] > git cat-file -s cb2092a77751fb95c8a6673b0252fb20435185ab [15ms]
2023-05-21 02:50:44.802 [info] > git config --get commit.template [7ms]
2023-05-21 02:50:44.828 [info] > git for-each-ref --format=%(refname)%00%(upstream:short)%00%(objectname)%00%(upstream:track)%00%(upstream:remotename)%00%(upstream:remoteref) refs/heads/master refs/remotes/master [2ms]
2023-05-21 02:50:44.895 [info] > git status -z -uall [55ms]
2023-05-21 02:50:49.942 [info] > git config --get commit.template [23ms]
2023-05-21 02:50:49.945 [info] > git for-each-ref --format=%(refname)%00%(upstream:short)%00%(objectname)%00%(upstream:track)%00%(upstream:remotename)%00%(upstream:remoteref) refs/heads/master refs/remotes/master [4ms]
2023-05-21 02:50:50.029 [info] > git status -z -uall [73ms]
2023-05-21 02:50:55.074 [info] > git config --get commit.template [19ms]
2023-05-21 02:50:55.075 [info] > git for-each-ref --format=%(refname)%00%(upstream:short)%00%(objectname)%00%(upstream:track)%00%(upstream:remotename)%00%(upstream:remoteref) refs/heads/master refs/remotes/master [3ms]
2023-05-21 02:50:55.156 [info] > git status -z -uall [65ms]
2023-05-21 02:51:00.203 [info] > git config --get commit.template [18ms]
2023-05-21 02:51:00.205 [info] > git for-each-ref --format=%(refname)%00%(upstream:short)%00%(objectname)%00%(upstream:track)%00%(upstream:remotename)%00%(upstream:remoteref) refs/heads/master refs/remotes/master [4ms]
2023-05-21 02:51:00.307 [info] > git status -z -uall [84ms]
2023-05-21 02:51:05.354 [info] > git config --get commit.template [20ms]
2023-05-21 02:51:05.355 [info] > git for-each-ref --format=%(refname)%00%(upstream:short)%00%(objectname)%00%(upstream:track)%00%(upstream:remotename)%00%(upstream:remoteref) refs/heads/master refs/remotes/master [3ms]
2023-05-21 02:51:05.451 [info] > git status -z -uall [79ms]
2023-05-21 02:51:10.499 [info] > git config --get commit.template [24ms]
2023-05-21 02:51:10.501 [info] > git for-each-ref --format=%(refname)%00%(upstream:short)%00%(objectname)%00%(upstream:track)%00%(upstream:remotename)%00%(upstream:remoteref) refs/heads/master refs/remotes/master [3ms]
2023-05-21 02:51:10.607 [info] > git status -z -uall [91ms]
2023-05-21 02:51:15.649 [info] > git config --get commit.template [17ms]
2023-05-21 02:51:15.650 [info] > git for-each-ref --format=%(refname)%00%(upstream:short)%00%(objectname)%00%(upstream:track)%00%(upstream:remotename)%00%(upstream:remoteref) refs/heads/master refs/remotes/master [2ms]
2023-05-21 02:51:15.731 [info] > git status -z -uall [65ms]
2023-05-21 02:51:20.783 [info] > git config --get commit.template [25ms]
2023-05-21 02:51:20.784 [info] > git for-each-ref --format=%(refname)%00%(upstream:short)%00%(objectname)%00%(upstream:track)%00%(upstream:remotename)%00%(upstream:remoteref) refs/heads/master refs/remotes/master [3ms]
2023-05-21 02:51:20.899 [info] > git status -z -uall [95ms]
2023-05-21 02:51:25.954 [info] > git config --get commit.template [32ms]
2023-05-21 02:51:25.956 [info] > git for-each-ref --format=%(refname)%00%(upstream:short)%00%(objectname)%00%(upstream:track)%00%(upstream:remotename)%00%(upstream:remoteref) refs/heads/master refs/remotes/master [6ms]
2023-05-21 02:51:26.037 [info] > git status -z -uall [66ms]
2023-05-21 02:51:31.083 [info] > git config --get commit.template [19ms]
2023-05-21 02:51:31.085 [info] > git for-each-ref --format=%(refname)%00%(upstream:short)%00%(objectname)%00%(upstream:track)%00%(upstream:remotename)%00%(upstream:remoteref) refs/heads/master refs/remotes/master [3ms]
2023-05-21 02:51:31.180 [info] > git status -z -uall [78ms]
2023-05-21 02:51:36.226 [info] > git config --get commit.template [24ms]
2023-05-21 02:51:36.228 [info] > git for-each-ref --format=%(refname)%00%(upstream:short)%00%(objectname)%00%(upstream:track)%00%(upstream:remotename)%00%(upstream:remoteref) refs/heads/master refs/remotes/master [5ms]
2023-05-21 02:51:36.299 [info] > git status -z -uall [60ms]
2023-05-21 02:51:41.324 [info] > git config --get commit.template [1ms]
2023-05-21 02:51:41.335 [info] > git for-each-ref --format=%(refname)%00%(upstream:short)%00%(objectname)%00%(upstream:track)%00%(upstream:remotename)%00%(upstream:remoteref) refs/heads/master refs/remotes/master [2ms]
2023-05-21 02:51:41.445 [info] > git status -z -uall [95ms]
2023-05-21 02:51:46.499 [info] > git config --get commit.template [20ms]
2023-05-21 02:51:46.501 [info] > git for-each-ref --format=%(refname)%00%(upstream:short)%00%(objectname)%00%(upstream:track)%00%(upstream:remotename)%00%(upstream:remoteref) refs/heads/master refs/remotes/master [2ms]
2023-05-21 02:51:46.609 [info] > git status -z -uall [81ms]
2023-05-21 02:51:51.109 [info] > git check-ignore -v -z --stdin [11ms]
2023-05-21 02:51:51.636 [info] > git config --get commit.template [4ms]
2023-05-21 02:51:51.649 [info] > git for-each-ref --format=%(refname)%00%(upstream:short)%00%(objectname)%00%(upstream:track)%00%(upstream:remotename)%00%(upstream:remoteref) refs/heads/master refs/remotes/master [2ms]
2023-05-21 02:51:51.749 [info] > git status -z -uall [83ms]
2023-05-21 02:51:52.124 [info] > git show --textconv :myproject/myapp/views.py [23ms]
2023-05-21 02:51:52.142 [info] > git ls-files --stage -- /home/vagrant/myproject/myapp/views.py [19ms]
2023-05-21 02:51:52.167 [info] > git cat-file -s c7549e264dfb6ad6735c5c7f014c62cd70c39f44 [5ms]
2023-05-21 02:51:56.799 [info] > git config --get commit.template [24ms]
2023-05-21 02:51:56.803 [info] > git for-each-ref --format=%(refname)%00%(upstream:short)%00%(objectname)%00%(upstream:track)%00%(upstream:remotename)%00%(upstream:remoteref) refs/heads/master refs/remotes/master [6ms]
2023-05-21 02:51:56.914 [info] > git status -z -uall [92ms]
2023-05-21 02:52:01.997 [info] > git config --get commit.template [21ms]
2023-05-21 02:52:01.998 [info] > git for-each-ref --format=%(refname)%00%(upstream:short)%00%(objectname)%00%(upstream:track)%00%(upstream:remotename)%00%(upstream:remoteref) refs/heads/master refs/remotes/master [2ms]
2023-05-21 02:52:02.164 [info] > git status -z -uall [142ms]
2023-05-21 02:52:07.221 [info] > git config --get commit.template [19ms]
2023-05-21 02:52:07.224 [info] > git for-each-ref --format=%(refname)%00%(upstream:short)%00%(objectname)%00%(upstream:track)%00%(upstream:remotename)%00%(upstream:remoteref) refs/heads/master refs/remotes/master [5ms]
2023-05-21 02:52:07.306 [info] > git status -z -uall [65ms]
2023-05-21 02:52:12.348 [info] > git config --get commit.template [19ms]
2023-05-21 02:52:12.350 [info] > git for-each-ref --format=%(refname)%00%(upstream:short)%00%(objectname)%00%(upstream:track)%00%(upstream:remotename)%00%(upstream:remoteref) refs/heads/master refs/remotes/master [3ms]
2023-05-21 02:52:12.462 [info] > git status -z -uall [88ms]
2023-05-21 02:52:17.511 [info] > git config --get commit.template [17ms]
2023-05-21 02:52:17.521 [info] > git for-each-ref --format=%(refname)%00%(upstream:short)%00%(objectname)%00%(upstream:track)%00%(upstream:remotename)%00%(upstream:remoteref) refs/heads/master refs/remotes/master [10ms]
2023-05-21 02:52:17.617 [info] > git status -z -uall [82ms]
2023-05-21 02:52:22.656 [info] > git config --get commit.template [21ms]
2023-05-21 02:52:22.657 [info] > git for-each-ref --format=%(refname)%00%(upstream:short)%00%(objectname)%00%(upstream:track)%00%(upstream:remotename)%00%(upstream:remoteref) refs/heads/master refs/remotes/master [4ms]
2023-05-21 02:52:22.782 [info] > git status -z -uall [98ms]
2023-05-21 02:52:27.824 [info] > git config --get commit.template [20ms]
2023-05-21 02:52:27.825 [info] > git for-each-ref --format=%(refname)%00%(upstream:short)%00%(objectname)%00%(upstream:track)%00%(upstream:remotename)%00%(upstream:remoteref) refs/heads/master refs/remotes/master [3ms]
2023-05-21 02:52:27.912 [info] > git status -z -uall [70ms]
2023-05-21 02:52:32.990 [info] > git config --get commit.template [21ms]
2023-05-21 02:52:32.993 [info] > git for-each-ref --format=%(refname)%00%(upstream:short)%00%(objectname)%00%(upstream:track)%00%(upstream:remotename)%00%(upstream:remoteref) refs/heads/master refs/remotes/master [5ms]
2023-05-21 02:52:33.071 [info] > git status -z -uall [61ms]
2023-05-21 02:52:38.131 [info] > git config --get commit.template [26ms]
2023-05-21 02:52:38.132 [info] > git for-each-ref --format=%(refname)%00%(upstream:short)%00%(objectname)%00%(upstream:track)%00%(upstream:remotename)%00%(upstream:remoteref) refs/heads/master refs/remotes/master [3ms]
2023-05-21 02:52:38.214 [info] > git status -z -uall [64ms]
2023-05-21 02:52:43.262 [info] > git config --get commit.template [21ms]
2023-05-21 02:52:43.266 [info] > git for-each-ref --format=%(refname)%00%(upstream:short)%00%(objectname)%00%(upstream:track)%00%(upstream:remotename)%00%(upstream:remoteref) refs/heads/master refs/remotes/master [5ms]
2023-05-21 02:52:43.393 [info] > git status -z -uall [103ms]
2023-05-21 02:52:48.427 [info] > git config --get commit.template [14ms]
2023-05-21 02:52:48.430 [info] > git for-each-ref --format=%(refname)%00%(upstream:short)%00%(objectname)%00%(upstream:track)%00%(upstream:remotename)%00%(upstream:remoteref) refs/heads/master refs/remotes/master [5ms]
2023-05-21 02:52:48.611 [info] > git status -z -uall [166ms]
2023-05-21 03:05:46.423 [info] > git config --get commit.template [33ms]
2023-05-21 03:05:46.425 [info] > git for-each-ref --format=%(refname)%00%(upstream:short)%00%(objectname)%00%(upstream:track)%00%(upstream:remotename)%00%(upstream:remoteref) refs/heads/master refs/remotes/master [6ms]
2023-05-21 03:05:46.584 [info] > git status -z -uall [140ms]
2023-05-21 03:19:17.985 [info] > git for-each-ref --format=%(refname)%00%(upstream:short)%00%(objectname)%00%(upstream:track)%00%(upstream:remotename)%00%(upstream:remoteref) refs/heads/master refs/remotes/master [3ms]
2023-05-21 03:19:17.986 [info] > git config --get commit.template [24ms]
2023-05-21 03:19:18.112 [info] > git status -z -uall [107ms]
