2023-05-20 03:59:21.805 [info] Log level: Info
2023-05-20 03:59:21.805 [info] Validating found git in: "git"
2023-05-20 03:59:21.805 [info] Using git "2.25.1" from "git"
2023-05-20 03:59:21.805 [info] > git rev-parse --show-toplevel [6ms]
2023-05-20 03:59:21.805 [info] > git rev-parse --git-dir --git-common-dir [3ms]
2023-05-20 03:59:21.805 [info] Open repository: /home/vagrant
2023-05-20 03:59:21.805 [info] > git rev-parse --show-toplevel [10ms]
2023-05-20 03:59:21.805 [info] > git config --get commit.template [11ms]
2023-05-20 03:59:21.805 [info] > git rev-parse --show-toplevel [4ms]
2023-05-20 03:59:21.805 [info] > git for-each-ref --format=%(refname)%00%(upstream:short)%00%(objectname)%00%(upstream:track)%00%(upstream:remotename)%00%(upstream:remoteref) refs/heads/master refs/remotes/master [3ms]
2023-05-20 03:59:21.805 [info] > git rev-parse --show-toplevel [23ms]
2023-05-20 03:59:21.805 [info] > git status -z -uall [378ms]
2023-05-20 03:59:21.805 [info] > git rev-parse --show-toplevel [361ms]
2023-05-20 03:59:21.805 [info] > git rev-parse --show-toplevel [725ms]
2023-05-20 03:59:21.805 [info] > git rev-parse --show-toplevel [7ms]
2023-05-20 03:59:21.805 [info] > git config --get commit.template [32ms]
2023-05-20 03:59:21.805 [info] > git rev-parse --show-toplevel [58ms]
2023-05-20 03:59:21.805 [info] > git rev-parse --show-toplevel [13ms]
2023-05-20 03:59:21.805 [info] > git for-each-ref --format=%(refname)%00%(upstream:short)%00%(objectname)%00%(upstream:track)%00%(upstream:remotename)%00%(upstream:remoteref) refs/heads/master refs/remotes/master [36ms]
2023-05-20 03:59:21.805 [info] > git status -z -uall [82ms]
2023-05-20 03:59:22.353 [info] > git show --textconv :myproject/myapp/views.py [508ms]
2023-05-20 03:59:22.353 [info] > git ls-files --stage -- /home/vagrant/myproject/myapp/views.py [499ms]
2023-05-20 03:59:22.377 [info] > git cat-file -s a9b148b5f7c70cad8eebabf16fe3a5bb8ad8ace1 [16ms]
2023-05-20 03:59:22.388 [info] > git check-ignore -v -z --stdin [17ms]
2023-05-20 03:59:23.123 [info] > git config --get commit.template [101ms]
2023-05-20 03:59:23.602 [info] > git for-each-ref --format=%(refname)%00%(upstream:short)%00%(objectname)%00%(upstream:track)%00%(upstream:remotename)%00%(upstream:remoteref) refs/heads/master refs/remotes/master [403ms]
2023-05-20 03:59:23.716 [info] > git status -z -uall [106ms]
2023-05-20 03:59:27.723 [info] > git check-ignore -v -z --stdin [13ms]
2023-05-20 03:59:28.804 [info] > git config --get commit.template [4ms]
2023-05-20 03:59:28.828 [info] > git for-each-ref --format=%(refname)%00%(upstream:short)%00%(objectname)%00%(upstream:track)%00%(upstream:remotename)%00%(upstream:remoteref) refs/heads/master refs/remotes/master [6ms]
2023-05-20 03:59:28.872 [info] > git check-ignore -v -z --stdin [10ms]
2023-05-20 03:59:28.889 [info] > git status -z -uall [51ms]
2023-05-20 03:59:30.019 [info] > git check-ignore -v -z --stdin [3ms]
2023-05-20 04:03:21.789 [info] > git config --get commit.template [3ms]
2023-05-20 04:03:21.802 [info] > git for-each-ref --format=%(refname)%00%(upstream:short)%00%(objectname)%00%(upstream:track)%00%(upstream:remotename)%00%(upstream:remoteref) refs/heads/master refs/remotes/master [3ms]
2023-05-20 04:03:21.874 [info] > git status -z -uall [59ms]
2023-05-20 04:15:35.304 [info] > git config --get commit.template [6ms]
2023-05-20 04:15:35.328 [info] > git for-each-ref --format=%(refname)%00%(upstream:short)%00%(objectname)%00%(upstream:track)%00%(upstream:remotename)%00%(upstream:remoteref) refs/heads/master refs/remotes/master [6ms]
2023-05-20 04:15:35.418 [info] > git status -z -uall [63ms]
2023-05-20 04:15:40.552 [info] > git config --get commit.template [2ms]
2023-05-20 04:15:40.565 [info] > git for-each-ref --format=%(refname)%00%(upstream:short)%00%(objectname)%00%(upstream:track)%00%(upstream:remotename)%00%(upstream:remoteref) refs/heads/master refs/remotes/master [2ms]
2023-05-20 04:15:40.603 [info] > git status -z -uall [29ms]
2023-05-20 04:15:45.444 [info] > git ls-files --stage -- /home/vagrant/myproject/myapp/views.py [3ms]
2023-05-20 04:15:45.456 [info] > git cat-file -s a9b148b5f7c70cad8eebabf16fe3a5bb8ad8ace1 [2ms]
2023-05-20 04:15:45.480 [info] > git show --textconv :myproject/myapp/views.py [6ms]
2023-05-20 04:15:45.661 [info] > git config --get commit.template [14ms]
2023-05-20 04:15:45.663 [info] > git for-each-ref --format=%(refname)%00%(upstream:short)%00%(objectname)%00%(upstream:track)%00%(upstream:remotename)%00%(upstream:remoteref) refs/heads/master refs/remotes/master [3ms]
2023-05-20 04:15:45.718 [info] > git status -z -uall [43ms]
2023-05-20 04:15:47.382 [info] > git ls-files --stage -- /home/vagrant/myproject/myapp/views.py [19ms]
2023-05-20 04:15:47.431 [info] > git cat-file -s a9b148b5f7c70cad8eebabf16fe3a5bb8ad8ace1 [15ms]
2023-05-20 04:15:47.473 [info] > git show --textconv :myproject/myapp/views.py [3ms]
2023-05-20 04:15:50.787 [info] > git config --get commit.template [15ms]
2023-05-20 04:15:50.789 [info] > git for-each-ref --format=%(refname)%00%(upstream:short)%00%(objectname)%00%(upstream:track)%00%(upstream:remotename)%00%(upstream:remoteref) refs/heads/master refs/remotes/master [5ms]
2023-05-20 04:15:50.847 [info] > git status -z -uall [46ms]
2023-05-20 04:15:55.802 [info] > git check-ignore -v -z --stdin [7ms]
2023-05-20 04:15:55.911 [info] > git config --get commit.template [12ms]
2023-05-20 04:15:55.912 [info] > git for-each-ref --format=%(refname)%00%(upstream:short)%00%(objectname)%00%(upstream:track)%00%(upstream:remotename)%00%(upstream:remoteref) refs/heads/master refs/remotes/master [3ms]
2023-05-20 04:15:55.957 [info] > git status -z -uall [35ms]
2023-05-20 04:16:01.042 [info] > git config --get commit.template [15ms]
2023-05-20 04:16:01.043 [info] > git for-each-ref --format=%(refname)%00%(upstream:short)%00%(objectname)%00%(upstream:track)%00%(upstream:remotename)%00%(upstream:remoteref) refs/heads/master refs/remotes/master [2ms]
2023-05-20 04:16:01.101 [info] > git status -z -uall [46ms]
2023-05-20 04:16:06.177 [info] > git config --get commit.template [18ms]
2023-05-20 04:16:06.178 [info] > git for-each-ref --format=%(refname)%00%(upstream:short)%00%(objectname)%00%(upstream:track)%00%(upstream:remotename)%00%(upstream:remoteref) refs/heads/master refs/remotes/master [7ms]
2023-05-20 04:16:06.247 [info] > git status -z -uall [57ms]
2023-05-20 04:16:11.319 [info] > git config --get commit.template [21ms]
2023-05-20 04:16:11.321 [info] > git for-each-ref --format=%(refname)%00%(upstream:short)%00%(objectname)%00%(upstream:track)%00%(upstream:remotename)%00%(upstream:remoteref) refs/heads/master refs/remotes/master [4ms]
2023-05-20 04:16:11.390 [info] > git status -z -uall [55ms]
2023-05-20 04:16:16.445 [info] > git config --get commit.template [11ms]
2023-05-20 04:16:16.447 [info] > git for-each-ref --format=%(refname)%00%(upstream:short)%00%(objectname)%00%(upstream:track)%00%(upstream:remotename)%00%(upstream:remoteref) refs/heads/master refs/remotes/master [4ms]
2023-05-20 04:16:16.499 [info] > git status -z -uall [42ms]
2023-05-20 04:16:45.924 [info] > git config --get commit.template [2ms]
2023-05-20 04:16:45.937 [info] > git for-each-ref --format=%(refname)%00%(upstream:short)%00%(objectname)%00%(upstream:track)%00%(upstream:remotename)%00%(upstream:remoteref) refs/heads/master refs/remotes/master [2ms]
2023-05-20 04:16:45.984 [info] > git status -z -uall [34ms]
2023-05-20 04:21:51.816 [info] > git config --get commit.template [18ms]
2023-05-20 04:21:51.817 [info] > git for-each-ref --format=%(refname)%00%(upstream:short)%00%(objectname)%00%(upstream:track)%00%(upstream:remotename)%00%(upstream:remoteref) refs/heads/master refs/remotes/master [4ms]
2023-05-20 04:21:51.901 [info] > git status -z -uall [57ms]
2023-05-20 04:21:56.973 [info] > git config --get commit.template [3ms]
2023-05-20 04:21:56.985 [info] > git for-each-ref --format=%(refname)%00%(upstream:short)%00%(objectname)%00%(upstream:track)%00%(upstream:remotename)%00%(upstream:remoteref) refs/heads/master refs/remotes/master [2ms]
2023-05-20 04:21:57.062 [info] > git status -z -uall [65ms]
2023-05-20 04:22:17.206 [info] > git config --get commit.template [2ms]
2023-05-20 04:22:17.224 [info] > git for-each-ref --format=%(refname)%00%(upstream:short)%00%(objectname)%00%(upstream:track)%00%(upstream:remotename)%00%(upstream:remoteref) refs/heads/master refs/remotes/master [1ms]
2023-05-20 04:22:17.283 [info] > git status -z -uall [48ms]
2023-05-20 04:22:20.264 [info] > git show --textconv :myproject/myapp/decorators.py [11ms]
2023-05-20 04:22:20.280 [info] > git ls-files --stage -- /home/vagrant/myproject/myapp/decorators.py [17ms]
2023-05-20 04:22:23.473 [info] > git config --get commit.template [11ms]
2023-05-20 04:22:23.474 [info] > git for-each-ref --format=%(refname)%00%(upstream:short)%00%(objectname)%00%(upstream:track)%00%(upstream:remotename)%00%(upstream:remoteref) refs/heads/master refs/remotes/master [8ms]
2023-05-20 04:22:23.515 [info] > git status -z -uall [30ms]
2023-05-20 04:22:28.593 [info] > git config --get commit.template [20ms]
2023-05-20 04:22:28.598 [info] > git for-each-ref --format=%(refname)%00%(upstream:short)%00%(objectname)%00%(upstream:track)%00%(upstream:remotename)%00%(upstream:remoteref) refs/heads/master refs/remotes/master [6ms]
2023-05-20 04:22:28.659 [info] > git status -z -uall [47ms]
2023-05-20 04:22:33.729 [info] > git config --get commit.template [19ms]
2023-05-20 04:22:33.730 [info] > git for-each-ref --format=%(refname)%00%(upstream:short)%00%(objectname)%00%(upstream:track)%00%(upstream:remotename)%00%(upstream:remoteref) refs/heads/master refs/remotes/master [2ms]
2023-05-20 04:22:33.771 [info] > git status -z -uall [33ms]
2023-05-20 04:22:38.821 [info] > git config --get commit.template [2ms]
2023-05-20 04:22:38.835 [info] > git for-each-ref --format=%(refname)%00%(upstream:short)%00%(objectname)%00%(upstream:track)%00%(upstream:remotename)%00%(upstream:remoteref) refs/heads/master refs/remotes/master [4ms]
2023-05-20 04:22:38.887 [info] > git status -z -uall [40ms]
2023-05-20 04:22:44.081 [info] > git config --get commit.template [35ms]
2023-05-20 04:22:44.083 [info] > git for-each-ref --format=%(refname)%00%(upstream:short)%00%(objectname)%00%(upstream:track)%00%(upstream:remotename)%00%(upstream:remoteref) refs/heads/master refs/remotes/master [1ms]
2023-05-20 04:22:44.154 [info] > git status -z -uall [48ms]
2023-05-20 04:22:53.012 [info] > git config --get commit.template [2ms]
2023-05-20 04:22:53.032 [info] > git for-each-ref --format=%(refname)%00%(upstream:short)%00%(objectname)%00%(upstream:track)%00%(upstream:remotename)%00%(upstream:remoteref) refs/heads/master refs/remotes/master [2ms]
2023-05-20 04:22:53.091 [info] > git status -z -uall [46ms]
2023-05-20 04:22:58.142 [info] > git config --get commit.template [13ms]
2023-05-20 04:22:58.143 [info] > git for-each-ref --format=%(refname)%00%(upstream:short)%00%(objectname)%00%(upstream:track)%00%(upstream:remotename)%00%(upstream:remoteref) refs/heads/master refs/remotes/master [2ms]
2023-05-20 04:22:58.191 [info] > git status -z -uall [34ms]
2023-05-20 04:23:03.262 [info] > git config --get commit.template [14ms]
2023-05-20 04:23:03.264 [info] > git for-each-ref --format=%(refname)%00%(upstream:short)%00%(objectname)%00%(upstream:track)%00%(upstream:remotename)%00%(upstream:remoteref) refs/heads/master refs/remotes/master [2ms]
2023-05-20 04:23:03.346 [info] > git status -z -uall [68ms]
2023-05-20 04:23:08.440 [info] > git config --get commit.template [12ms]
2023-05-20 04:23:08.443 [info] > git for-each-ref --format=%(refname)%00%(upstream:short)%00%(objectname)%00%(upstream:track)%00%(upstream:remotename)%00%(upstream:remoteref) refs/heads/master refs/remotes/master [4ms]
2023-05-20 04:23:08.506 [info] > git status -z -uall [39ms]
2023-05-20 04:23:13.571 [info] > git config --get commit.template [19ms]
2023-05-20 04:23:13.573 [info] > git for-each-ref --format=%(refname)%00%(upstream:short)%00%(objectname)%00%(upstream:track)%00%(upstream:remotename)%00%(upstream:remoteref) refs/heads/master refs/remotes/master [2ms]
2023-05-20 04:23:13.632 [info] > git status -z -uall [47ms]
2023-05-20 04:23:24.207 [info] > git config --get commit.template [14ms]
2023-05-20 04:23:24.208 [info] > git for-each-ref --format=%(refname)%00%(upstream:short)%00%(objectname)%00%(upstream:track)%00%(upstream:remotename)%00%(upstream:remoteref) refs/heads/master refs/remotes/master [3ms]
2023-05-20 04:23:24.257 [info] > git status -z -uall [37ms]
2023-05-20 04:23:29.471 [info] > git config --get commit.template [34ms]
2023-05-20 04:23:29.474 [info] > git for-each-ref --format=%(refname)%00%(upstream:short)%00%(objectname)%00%(upstream:track)%00%(upstream:remotename)%00%(upstream:remoteref) refs/heads/master refs/remotes/master [5ms]
2023-05-20 04:23:29.533 [info] > git status -z -uall [46ms]
2023-05-20 04:23:35.580 [info] > git config --get commit.template [15ms]
2023-05-20 04:23:35.582 [info] > git for-each-ref --format=%(refname)%00%(upstream:short)%00%(objectname)%00%(upstream:track)%00%(upstream:remotename)%00%(upstream:remoteref) refs/heads/master refs/remotes/master [3ms]
2023-05-20 04:23:35.640 [info] > git status -z -uall [46ms]
2023-05-20 04:23:40.762 [info] > git config --get commit.template [17ms]
2023-05-20 04:23:40.763 [info] > git for-each-ref --format=%(refname)%00%(upstream:short)%00%(objectname)%00%(upstream:track)%00%(upstream:remotename)%00%(upstream:remoteref) refs/heads/master refs/remotes/master [2ms]
2023-05-20 04:23:40.814 [info] > git status -z -uall [42ms]
2023-05-20 04:23:47.997 [info] > git config --get commit.template [12ms]
2023-05-20 04:23:48.000 [info] > git for-each-ref --format=%(refname)%00%(upstream:short)%00%(objectname)%00%(upstream:track)%00%(upstream:remotename)%00%(upstream:remoteref) refs/heads/master refs/remotes/master [4ms]
2023-05-20 04:23:48.076 [info] > git status -z -uall [64ms]
2023-05-20 04:23:53.160 [info] > git config --get commit.template [11ms]
2023-05-20 04:23:53.161 [info] > git for-each-ref --format=%(refname)%00%(upstream:short)%00%(objectname)%00%(upstream:track)%00%(upstream:remotename)%00%(upstream:remoteref) refs/heads/master refs/remotes/master [2ms]
2023-05-20 04:23:53.210 [info] > git status -z -uall [39ms]
2023-05-20 04:23:58.285 [info] > git config --get commit.template [3ms]
2023-05-20 04:23:58.299 [info] > git for-each-ref --format=%(refname)%00%(upstream:short)%00%(objectname)%00%(upstream:track)%00%(upstream:remotename)%00%(upstream:remoteref) refs/heads/master refs/remotes/master [3ms]
2023-05-20 04:23:58.366 [info] > git status -z -uall [41ms]
2023-05-20 04:24:04.498 [info] > git config --get commit.template [3ms]
2023-05-20 04:24:04.518 [info] > git for-each-ref --format=%(refname)%00%(upstream:short)%00%(objectname)%00%(upstream:track)%00%(upstream:remotename)%00%(upstream:remoteref) refs/heads/master refs/remotes/master [1ms]
2023-05-20 04:24:04.562 [info] > git status -z -uall [35ms]
2023-05-20 04:24:08.967 [info] > git show --textconv :myproject/myapp/urls.py [13ms]
2023-05-20 04:24:08.970 [info] > git ls-files --stage -- /home/vagrant/myproject/myapp/urls.py [4ms]
2023-05-20 04:24:08.988 [info] > git cat-file -s 11a563e944671abb248de20d5c8c1ba95b243b0d [4ms]
2023-05-20 04:24:09.614 [info] > git config --get commit.template [13ms]
2023-05-20 04:24:09.615 [info] > git for-each-ref --format=%(refname)%00%(upstream:short)%00%(objectname)%00%(upstream:track)%00%(upstream:remotename)%00%(upstream:remoteref) refs/heads/master refs/remotes/master [2ms]
2023-05-20 04:24:09.662 [info] > git status -z -uall [37ms]
2023-05-20 04:24:16.089 [info] > git config --get commit.template [26ms]
2023-05-20 04:24:16.091 [info] > git for-each-ref --format=%(refname)%00%(upstream:short)%00%(objectname)%00%(upstream:track)%00%(upstream:remotename)%00%(upstream:remoteref) refs/heads/master refs/remotes/master [3ms]
2023-05-20 04:24:16.150 [info] > git status -z -uall [43ms]
2023-05-20 04:24:21.232 [info] > git config --get commit.template [15ms]
2023-05-20 04:24:21.233 [info] > git for-each-ref --format=%(refname)%00%(upstream:short)%00%(objectname)%00%(upstream:track)%00%(upstream:remotename)%00%(upstream:remoteref) refs/heads/master refs/remotes/master [2ms]
2023-05-20 04:24:21.292 [info] > git status -z -uall [46ms]
2023-05-20 04:24:26.343 [info] > git config --get commit.template [16ms]
2023-05-20 04:24:26.345 [info] > git for-each-ref --format=%(refname)%00%(upstream:short)%00%(objectname)%00%(upstream:track)%00%(upstream:remotename)%00%(upstream:remoteref) refs/heads/master refs/remotes/master [5ms]
2023-05-20 04:24:26.395 [info] > git status -z -uall [38ms]
2023-05-20 04:24:31.446 [info] > git config --get commit.template [14ms]
2023-05-20 04:24:31.448 [info] > git for-each-ref --format=%(refname)%00%(upstream:short)%00%(objectname)%00%(upstream:track)%00%(upstream:remotename)%00%(upstream:remoteref) refs/heads/master refs/remotes/master [2ms]
2023-05-20 04:24:31.505 [info] > git status -z -uall [47ms]
2023-05-20 04:24:36.578 [info] > git config --get commit.template [20ms]
2023-05-20 04:24:36.579 [info] > git for-each-ref --format=%(refname)%00%(upstream:short)%00%(objectname)%00%(upstream:track)%00%(upstream:remotename)%00%(upstream:remoteref) refs/heads/master refs/remotes/master [2ms]
2023-05-20 04:24:36.639 [info] > git status -z -uall [52ms]
2023-05-20 04:24:41.701 [info] > git config --get commit.template [14ms]
2023-05-20 04:24:41.703 [info] > git for-each-ref --format=%(refname)%00%(upstream:short)%00%(objectname)%00%(upstream:track)%00%(upstream:remotename)%00%(upstream:remoteref) refs/heads/master refs/remotes/master [3ms]
2023-05-20 04:24:41.745 [info] > git status -z -uall [33ms]
2023-05-20 04:24:46.801 [info] > git config --get commit.template [13ms]
2023-05-20 04:24:46.802 [info] > git for-each-ref --format=%(refname)%00%(upstream:short)%00%(objectname)%00%(upstream:track)%00%(upstream:remotename)%00%(upstream:remoteref) refs/heads/master refs/remotes/master [2ms]
2023-05-20 04:24:46.860 [info] > git status -z -uall [48ms]
2023-05-20 04:24:52.378 [info] > git config --get commit.template [25ms]
2023-05-20 04:24:52.383 [info] > git for-each-ref --format=%(refname)%00%(upstream:short)%00%(objectname)%00%(upstream:track)%00%(upstream:remotename)%00%(upstream:remoteref) refs/heads/master refs/remotes/master [6ms]
2023-05-20 04:24:52.441 [info] > git status -z -uall [39ms]
2023-05-20 04:24:57.517 [info] > git config --get commit.template [13ms]
2023-05-20 04:24:57.520 [info] > git for-each-ref --format=%(refname)%00%(upstream:short)%00%(objectname)%00%(upstream:track)%00%(upstream:remotename)%00%(upstream:remoteref) refs/heads/master refs/remotes/master [6ms]
2023-05-20 04:24:57.574 [info] > git status -z -uall [42ms]
2023-05-20 04:25:02.635 [info] > git config --get commit.template [13ms]
2023-05-20 04:25:02.636 [info] > git for-each-ref --format=%(refname)%00%(upstream:short)%00%(objectname)%00%(upstream:track)%00%(upstream:remotename)%00%(upstream:remoteref) refs/heads/master refs/remotes/master [2ms]
2023-05-20 04:25:02.675 [info] > git status -z -uall [29ms]
2023-05-20 04:25:07.745 [info] > git config --get commit.template [23ms]
2023-05-20 04:25:07.747 [info] > git for-each-ref --format=%(refname)%00%(upstream:short)%00%(objectname)%00%(upstream:track)%00%(upstream:remotename)%00%(upstream:remoteref) refs/heads/master refs/remotes/master [4ms]
2023-05-20 04:25:07.803 [info] > git status -z -uall [37ms]
2023-05-20 04:25:12.891 [info] > git config --get commit.template [14ms]
2023-05-20 04:25:12.892 [info] > git for-each-ref --format=%(refname)%00%(upstream:short)%00%(objectname)%00%(upstream:track)%00%(upstream:remotename)%00%(upstream:remoteref) refs/heads/master refs/remotes/master [3ms]
2023-05-20 04:25:12.934 [info] > git status -z -uall [26ms]
2023-05-20 04:25:18.022 [info] > git config --get commit.template [22ms]
2023-05-20 04:25:18.023 [info] > git for-each-ref --format=%(refname)%00%(upstream:short)%00%(objectname)%00%(upstream:track)%00%(upstream:remotename)%00%(upstream:remoteref) refs/heads/master refs/remotes/master [2ms]
2023-05-20 04:25:18.091 [info] > git status -z -uall [55ms]
2023-05-20 04:25:23.171 [info] > git config --get commit.template [18ms]
2023-05-20 04:25:23.172 [info] > git for-each-ref --format=%(refname)%00%(upstream:short)%00%(objectname)%00%(upstream:track)%00%(upstream:remotename)%00%(upstream:remoteref) refs/heads/master refs/remotes/master [3ms]
2023-05-20 04:25:23.216 [info] > git status -z -uall [34ms]
2023-05-20 04:25:28.271 [info] > git config --get commit.template [15ms]
2023-05-20 04:25:28.273 [info] > git for-each-ref --format=%(refname)%00%(upstream:short)%00%(objectname)%00%(upstream:track)%00%(upstream:remotename)%00%(upstream:remoteref) refs/heads/master refs/remotes/master [4ms]
2023-05-20 04:25:28.337 [info] > git status -z -uall [53ms]
2023-05-20 04:25:33.400 [info] > git config --get commit.template [13ms]
2023-05-20 04:25:33.401 [info] > git for-each-ref --format=%(refname)%00%(upstream:short)%00%(objectname)%00%(upstream:track)%00%(upstream:remotename)%00%(upstream:remoteref) refs/heads/master refs/remotes/master [2ms]
2023-05-20 04:25:33.460 [info] > git status -z -uall [49ms]
2023-05-20 04:25:38.543 [info] > git config --get commit.template [14ms]
2023-05-20 04:25:38.554 [info] > git for-each-ref --format=%(refname)%00%(upstream:short)%00%(objectname)%00%(upstream:track)%00%(upstream:remotename)%00%(upstream:remoteref) refs/heads/master refs/remotes/master [12ms]
2023-05-20 04:25:38.615 [info] > git status -z -uall [43ms]
2023-05-20 04:25:43.699 [info] > git config --get commit.template [1ms]
2023-05-20 04:25:43.715 [info] > git for-each-ref --format=%(refname)%00%(upstream:short)%00%(objectname)%00%(upstream:track)%00%(upstream:remotename)%00%(upstream:remoteref) refs/heads/master refs/remotes/master [2ms]
2023-05-20 04:25:43.751 [info] > git status -z -uall [25ms]
2023-05-20 04:25:48.810 [info] > git config --get commit.template [17ms]
2023-05-20 04:25:48.812 [info] > git for-each-ref --format=%(refname)%00%(upstream:short)%00%(objectname)%00%(upstream:track)%00%(upstream:remotename)%00%(upstream:remoteref) refs/heads/master refs/remotes/master [3ms]
2023-05-20 04:25:48.859 [info] > git status -z -uall [34ms]
2023-05-20 04:26:00.496 [info] > git config --get commit.template [2ms]
2023-05-20 04:26:00.514 [info] > git for-each-ref --format=%(refname)%00%(upstream:short)%00%(objectname)%00%(upstream:track)%00%(upstream:remotename)%00%(upstream:remoteref) refs/heads/master refs/remotes/master [2ms]
2023-05-20 04:26:00.577 [info] > git status -z -uall [52ms]
2023-05-20 04:26:05.658 [info] > git config --get commit.template [15ms]
2023-05-20 04:26:05.660 [info] > git for-each-ref --format=%(refname)%00%(upstream:short)%00%(objectname)%00%(upstream:track)%00%(upstream:remotename)%00%(upstream:remoteref) refs/heads/master refs/remotes/master [3ms]
2023-05-20 04:26:05.714 [info] > git status -z -uall [42ms]
2023-05-20 04:26:10.789 [info] > git config --get commit.template [21ms]
2023-05-20 04:26:10.791 [info] > git for-each-ref --format=%(refname)%00%(upstream:short)%00%(objectname)%00%(upstream:track)%00%(upstream:remotename)%00%(upstream:remoteref) refs/heads/master refs/remotes/master [5ms]
2023-05-20 04:26:10.854 [info] > git status -z -uall [51ms]
2023-05-20 04:26:15.933 [info] > git config --get commit.template [12ms]
2023-05-20 04:26:15.935 [info] > git for-each-ref --format=%(refname)%00%(upstream:short)%00%(objectname)%00%(upstream:track)%00%(upstream:remotename)%00%(upstream:remoteref) refs/heads/master refs/remotes/master [2ms]
2023-05-20 04:26:15.983 [info] > git status -z -uall [38ms]
2023-05-20 04:26:21.061 [info] > git config --get commit.template [15ms]
2023-05-20 04:26:21.062 [info] > git for-each-ref --format=%(refname)%00%(upstream:short)%00%(objectname)%00%(upstream:track)%00%(upstream:remotename)%00%(upstream:remoteref) refs/heads/master refs/remotes/master [3ms]
2023-05-20 04:26:21.105 [info] > git status -z -uall [32ms]
2023-05-20 04:26:27.284 [info] > git config --get commit.template [13ms]
2023-05-20 04:26:27.285 [info] > git for-each-ref --format=%(refname)%00%(upstream:short)%00%(objectname)%00%(upstream:track)%00%(upstream:remotename)%00%(upstream:remoteref) refs/heads/master refs/remotes/master [2ms]
2023-05-20 04:26:27.337 [info] > git status -z -uall [43ms]
2023-05-20 04:26:33.359 [info] > git config --get commit.template [15ms]
2023-05-20 04:26:33.360 [info] > git for-each-ref --format=%(refname)%00%(upstream:short)%00%(objectname)%00%(upstream:track)%00%(upstream:remotename)%00%(upstream:remoteref) refs/heads/master refs/remotes/master [2ms]
2023-05-20 04:26:33.420 [info] > git status -z -uall [47ms]
2023-05-20 04:26:38.487 [info] > git config --get commit.template [21ms]
2023-05-20 04:26:38.489 [info] > git for-each-ref --format=%(refname)%00%(upstream:short)%00%(objectname)%00%(upstream:track)%00%(upstream:remotename)%00%(upstream:remoteref) refs/heads/master refs/remotes/master [2ms]
2023-05-20 04:26:38.538 [info] > git status -z -uall [38ms]
2023-05-20 04:26:43.591 [info] > git config --get commit.template [13ms]
2023-05-20 04:26:43.593 [info] > git for-each-ref --format=%(refname)%00%(upstream:short)%00%(objectname)%00%(upstream:track)%00%(upstream:remotename)%00%(upstream:remoteref) refs/heads/master refs/remotes/master [3ms]
2023-05-20 04:26:43.655 [info] > git status -z -uall [50ms]
2023-05-20 04:26:48.703 [info] > git config --get commit.template [13ms]
2023-05-20 04:26:48.715 [info] > git for-each-ref --format=%(refname)%00%(upstream:short)%00%(objectname)%00%(upstream:track)%00%(upstream:remotename)%00%(upstream:remoteref) refs/heads/master refs/remotes/master [13ms]
2023-05-20 04:26:48.771 [info] > git status -z -uall [35ms]
2023-05-20 04:26:53.825 [info] > git config --get commit.template [13ms]
2023-05-20 04:26:53.827 [info] > git for-each-ref --format=%(refname)%00%(upstream:short)%00%(objectname)%00%(upstream:track)%00%(upstream:remotename)%00%(upstream:remoteref) refs/heads/master refs/remotes/master [2ms]
2023-05-20 04:26:53.868 [info] > git status -z -uall [28ms]
2023-05-20 04:26:59.902 [info] > git config --get commit.template [13ms]
2023-05-20 04:26:59.905 [info] > git for-each-ref --format=%(refname)%00%(upstream:short)%00%(objectname)%00%(upstream:track)%00%(upstream:remotename)%00%(upstream:remoteref) refs/heads/master refs/remotes/master [5ms]
2023-05-20 04:26:59.967 [info] > git status -z -uall [51ms]
2023-05-20 04:27:05.297 [info] > git config --get commit.template [16ms]
2023-05-20 04:27:05.301 [info] > git for-each-ref --format=%(refname)%00%(upstream:short)%00%(objectname)%00%(upstream:track)%00%(upstream:remotename)%00%(upstream:remoteref) refs/heads/master refs/remotes/master [5ms]
2023-05-20 04:27:05.372 [info] > git status -z -uall [61ms]
2023-05-20 04:27:10.459 [info] > git config --get commit.template [25ms]
2023-05-20 04:27:10.461 [info] > git for-each-ref --format=%(refname)%00%(upstream:short)%00%(objectname)%00%(upstream:track)%00%(upstream:remotename)%00%(upstream:remoteref) refs/heads/master refs/remotes/master [4ms]
2023-05-20 04:27:10.499 [info] > git status -z -uall [27ms]
2023-05-20 04:27:15.574 [info] > git config --get commit.template [12ms]
2023-05-20 04:27:15.575 [info] > git for-each-ref --format=%(refname)%00%(upstream:short)%00%(objectname)%00%(upstream:track)%00%(upstream:remotename)%00%(upstream:remoteref) refs/heads/master refs/remotes/master [2ms]
2023-05-20 04:27:15.628 [info] > git status -z -uall [42ms]
2023-05-20 04:27:20.675 [info] > git config --get commit.template [15ms]
2023-05-20 04:27:20.677 [info] > git for-each-ref --format=%(refname)%00%(upstream:short)%00%(objectname)%00%(upstream:track)%00%(upstream:remotename)%00%(upstream:remoteref) refs/heads/master refs/remotes/master [4ms]
2023-05-20 04:27:20.728 [info] > git status -z -uall [38ms]
2023-05-20 04:27:25.766 [info] > git config --get commit.template [12ms]
2023-05-20 04:27:25.768 [info] > git for-each-ref --format=%(refname)%00%(upstream:short)%00%(objectname)%00%(upstream:track)%00%(upstream:remotename)%00%(upstream:remoteref) refs/heads/master refs/remotes/master [3ms]
2023-05-20 04:27:25.816 [info] > git status -z -uall [40ms]
2023-05-20 04:27:30.880 [info] > git config --get commit.template [13ms]
2023-05-20 04:27:30.884 [info] > git for-each-ref --format=%(refname)%00%(upstream:short)%00%(objectname)%00%(upstream:track)%00%(upstream:remotename)%00%(upstream:remoteref) refs/heads/master refs/remotes/master [6ms]
2023-05-20 04:27:30.940 [info] > git status -z -uall [44ms]
2023-05-20 04:27:36.031 [info] > git config --get commit.template [31ms]
2023-05-20 04:27:36.032 [info] > git for-each-ref --format=%(refname)%00%(upstream:short)%00%(objectname)%00%(upstream:track)%00%(upstream:remotename)%00%(upstream:remoteref) refs/heads/master refs/remotes/master [2ms]
2023-05-20 04:27:36.078 [info] > git status -z -uall [27ms]
2023-05-20 04:27:40.347 [info] > git ls-files --stage -- /home/vagrant/myproject/myapp/decorators.py [18ms]
2023-05-20 04:27:40.349 [info] > git ls-files --stage -- /home/vagrant/myproject/myapp/views.py [36ms]
2023-05-20 04:27:40.362 [info] > git ls-files --stage -- /home/vagrant/myproject/myapp/urls.py [18ms]
2023-05-20 04:27:40.375 [info] > git cat-file -s a9b148b5f7c70cad8eebabf16fe3a5bb8ad8ace1 [14ms]
2023-05-20 04:27:40.377 [info] > git cat-file -s 11a563e944671abb248de20d5c8c1ba95b243b0d [4ms]
2023-05-20 04:27:40.432 [info] > git show --textconv :myproject/myapp/decorators.py [39ms]
2023-05-20 04:27:40.432 [info] > git show --textconv :myproject/myapp/views.py [25ms]
2023-05-20 04:27:40.436 [info] > git show --textconv :myproject/myapp/urls.py [6ms]
2023-05-20 04:27:41.119 [info] > git config --get commit.template [12ms]
2023-05-20 04:27:41.129 [info] > git for-each-ref --format=%(refname)%00%(upstream:short)%00%(objectname)%00%(upstream:track)%00%(upstream:remotename)%00%(upstream:remoteref) refs/heads/master refs/remotes/master [11ms]
2023-05-20 04:27:41.189 [info] > git status -z -uall [41ms]
2023-05-20 04:27:43.713 [info] > git ls-files --stage -- /home/vagrant/myproject/myapp/decorators.py [25ms]
2023-05-20 04:27:43.715 [info] > git ls-files --stage -- /home/vagrant/myproject/myapp/views.py [38ms]
2023-05-20 04:27:43.742 [info] > git ls-files --stage -- /home/vagrant/myproject/myapp/urls.py [29ms]
2023-05-20 04:27:43.756 [info] > git cat-file -s a9b148b5f7c70cad8eebabf16fe3a5bb8ad8ace1 [15ms]
2023-05-20 04:27:43.758 [info] > git cat-file -s 11a563e944671abb248de20d5c8c1ba95b243b0d [3ms]
2023-05-20 04:27:43.784 [info] > git show --textconv :myproject/myapp/decorators.py [13ms]
2023-05-20 04:27:43.798 [info] > git show --textconv :myproject/myapp/views.py [14ms]
2023-05-20 04:27:43.806 [info] > git show --textconv :myproject/myapp/urls.py [10ms]
2023-05-20 04:27:46.249 [info] > git config --get commit.template [14ms]
2023-05-20 04:27:46.251 [info] > git for-each-ref --format=%(refname)%00%(upstream:short)%00%(objectname)%00%(upstream:track)%00%(upstream:remotename)%00%(upstream:remoteref) refs/heads/master refs/remotes/master [3ms]
2023-05-20 04:27:46.313 [info] > git status -z -uall [51ms]
2023-05-20 04:27:51.355 [info] > git config --get commit.template [2ms]
2023-05-20 04:27:51.366 [info] > git for-each-ref --format=%(refname)%00%(upstream:short)%00%(objectname)%00%(upstream:track)%00%(upstream:remotename)%00%(upstream:remoteref) refs/heads/master refs/remotes/master [2ms]
2023-05-20 04:27:51.412 [info] > git status -z -uall [29ms]
2023-05-20 04:27:56.479 [info] > git config --get commit.template [19ms]
2023-05-20 04:27:56.482 [info] > git for-each-ref --format=%(refname)%00%(upstream:short)%00%(objectname)%00%(upstream:track)%00%(upstream:remotename)%00%(upstream:remoteref) refs/heads/master refs/remotes/master [14ms]
2023-05-20 04:27:56.540 [info] > git status -z -uall [37ms]
2023-05-20 04:28:01.623 [info] > git config --get commit.template [16ms]
2023-05-20 04:28:01.625 [info] > git for-each-ref --format=%(refname)%00%(upstream:short)%00%(objectname)%00%(upstream:track)%00%(upstream:remotename)%00%(upstream:remoteref) refs/heads/master refs/remotes/master [3ms]
2023-05-20 04:28:01.685 [info] > git status -z -uall [31ms]
2023-05-20 04:28:06.795 [info] > git config --get commit.template [55ms]
2023-05-20 04:28:06.842 [info] > git for-each-ref --format=%(refname)%00%(upstream:short)%00%(objectname)%00%(upstream:track)%00%(upstream:remotename)%00%(upstream:remoteref) refs/heads/master refs/remotes/master [2ms]
2023-05-20 04:28:06.874 [info] > git status -z -uall [25ms]
2023-05-20 04:28:11.916 [info] > git config --get commit.template [12ms]
2023-05-20 04:28:11.917 [info] > git for-each-ref --format=%(refname)%00%(upstream:short)%00%(objectname)%00%(upstream:track)%00%(upstream:remotename)%00%(upstream:remoteref) refs/heads/master refs/remotes/master [2ms]
2023-05-20 04:28:11.981 [info] > git status -z -uall [52ms]
2023-05-20 04:28:17.045 [info] > git config --get commit.template [17ms]
2023-05-20 04:28:17.048 [info] > git for-each-ref --format=%(refname)%00%(upstream:short)%00%(objectname)%00%(upstream:track)%00%(upstream:remotename)%00%(upstream:remoteref) refs/heads/master refs/remotes/master [4ms]
2023-05-20 04:28:17.097 [info] > git status -z -uall [39ms]
2023-05-20 04:28:22.143 [info] > git config --get commit.template [12ms]
2023-05-20 04:28:22.147 [info] > git for-each-ref --format=%(refname)%00%(upstream:short)%00%(objectname)%00%(upstream:track)%00%(upstream:remotename)%00%(upstream:remoteref) refs/heads/master refs/remotes/master [5ms]
2023-05-20 04:28:22.221 [info] > git status -z -uall [62ms]
2023-05-20 04:28:27.286 [info] > git config --get commit.template [16ms]
2023-05-20 04:28:27.288 [info] > git for-each-ref --format=%(refname)%00%(upstream:short)%00%(objectname)%00%(upstream:track)%00%(upstream:remotename)%00%(upstream:remoteref) refs/heads/master refs/remotes/master [3ms]
2023-05-20 04:28:27.339 [info] > git status -z -uall [39ms]
2023-05-20 04:28:32.413 [info] > git config --get commit.template [13ms]
2023-05-20 04:28:32.418 [info] > git for-each-ref --format=%(refname)%00%(upstream:short)%00%(objectname)%00%(upstream:track)%00%(upstream:remotename)%00%(upstream:remoteref) refs/heads/master refs/remotes/master [6ms]
2023-05-20 04:28:32.456 [info] > git status -z -uall [28ms]
2023-05-20 04:28:37.521 [info] > git config --get commit.template [17ms]
2023-05-20 04:28:37.524 [info] > git for-each-ref --format=%(refname)%00%(upstream:short)%00%(objectname)%00%(upstream:track)%00%(upstream:remotename)%00%(upstream:remoteref) refs/heads/master refs/remotes/master [3ms]
2023-05-20 04:28:37.620 [info] > git status -z -uall [80ms]
2023-05-20 04:28:42.679 [info] > git config --get commit.template [18ms]
2023-05-20 04:28:42.682 [info] > git for-each-ref --format=%(refname)%00%(upstream:short)%00%(objectname)%00%(upstream:track)%00%(upstream:remotename)%00%(upstream:remoteref) refs/heads/master refs/remotes/master [4ms]
2023-05-20 04:28:42.725 [info] > git status -z -uall [31ms]
2023-05-20 04:28:46.477 [info] > git ls-files --stage -- /home/vagrant/myproject/myapp/decorators.py [22ms]
2023-05-20 04:28:46.479 [info] > git ls-files --stage -- /home/vagrant/myproject/myapp/views.py [40ms]
2023-05-20 04:28:46.491 [info] > git ls-files --stage -- /home/vagrant/myproject/myapp/urls.py [13ms]
2023-05-20 04:28:46.507 [info] > git cat-file -s a9b148b5f7c70cad8eebabf16fe3a5bb8ad8ace1 [18ms]
2023-05-20 04:28:46.510 [info] > git cat-file -s 11a563e944671abb248de20d5c8c1ba95b243b0d [5ms]
2023-05-20 04:28:46.548 [info] > git show --textconv :myproject/myapp/decorators.py [25ms]
2023-05-20 04:28:46.548 [info] > git show --textconv :myproject/myapp/views.py [13ms]
2023-05-20 04:28:46.555 [info] > git show --textconv :myproject/myapp/urls.py [8ms]
2023-05-20 04:28:47.789 [info] > git config --get commit.template [17ms]
2023-05-20 04:28:47.792 [info] > git for-each-ref --format=%(refname)%00%(upstream:short)%00%(objectname)%00%(upstream:track)%00%(upstream:remotename)%00%(upstream:remoteref) refs/heads/master refs/remotes/master [3ms]
2023-05-20 04:28:47.850 [info] > git status -z -uall [38ms]
2023-05-20 04:28:52.918 [info] > git config --get commit.template [17ms]
2023-05-20 04:28:52.925 [info] > git for-each-ref --format=%(refname)%00%(upstream:short)%00%(objectname)%00%(upstream:track)%00%(upstream:remotename)%00%(upstream:remoteref) refs/heads/master refs/remotes/master [10ms]
2023-05-20 04:28:52.983 [info] > git status -z -uall [43ms]
2023-05-20 04:28:58.028 [info] > git config --get commit.template [12ms]
2023-05-20 04:28:58.030 [info] > git for-each-ref --format=%(refname)%00%(upstream:short)%00%(objectname)%00%(upstream:track)%00%(upstream:remotename)%00%(upstream:remoteref) refs/heads/master refs/remotes/master [2ms]
2023-05-20 04:28:58.087 [info] > git status -z -uall [36ms]
2023-05-20 04:29:03.178 [info] > git config --get commit.template [26ms]
2023-05-20 04:29:03.179 [info] > git for-each-ref --format=%(refname)%00%(upstream:short)%00%(objectname)%00%(upstream:track)%00%(upstream:remotename)%00%(upstream:remoteref) refs/heads/master refs/remotes/master [2ms]
2023-05-20 04:29:03.230 [info] > git status -z -uall [40ms]
2023-05-20 04:29:08.306 [info] > git config --get commit.template [19ms]
2023-05-20 04:29:08.307 [info] > git for-each-ref --format=%(refname)%00%(upstream:short)%00%(objectname)%00%(upstream:track)%00%(upstream:remotename)%00%(upstream:remoteref) refs/heads/master refs/remotes/master [2ms]
2023-05-20 04:29:08.364 [info] > git status -z -uall [46ms]
