2023-05-25 03:19:53.003 [info] Log level: Info
2023-05-25 03:19:53.003 [info] Validating found git in: "git"
2023-05-25 03:19:53.003 [info] Using git "2.25.1" from "git"
2023-05-25 03:19:53.003 [info] > git rev-parse --show-toplevel [19ms]
2023-05-25 03:19:53.003 [info] > git rev-parse --git-dir --git-common-dir [3ms]
2023-05-25 03:19:53.003 [info] Open repository: /home/vagrant
2023-05-25 03:19:53.003 [info] > git rev-parse --show-toplevel [31ms]
2023-05-25 03:19:53.003 [info] > git config --get commit.template [17ms]
2023-05-25 03:19:53.003 [info] > git rev-parse --show-toplevel [30ms]
2023-05-25 03:19:53.003 [info] > git for-each-ref --format=%(refname)%00%(upstream:short)%00%(objectname)%00%(upstream:track)%00%(upstream:remotename)%00%(upstream:remoteref) refs/heads/master refs/remotes/master [24ms]
2023-05-25 03:19:53.003 [info] > git rev-parse --show-toplevel [17ms]
2023-05-25 03:19:53.003 [info] > git rev-parse --show-toplevel [54ms]
2023-05-25 03:19:53.005 [info] > git rev-parse --show-toplevel [12ms]
2023-05-25 03:19:53.048 [info] > git rev-parse --show-toplevel [34ms]
2023-05-25 03:19:53.067 [info] > git rev-parse --show-toplevel [11ms]
2023-05-25 03:19:53.087 [info] > git rev-parse --show-toplevel [7ms]
2023-05-25 03:19:53.153 [info] > git rev-parse --show-toplevel [58ms]
2023-05-25 03:19:53.257 [info] > git status -z -uall [345ms] (cancelled)
2023-05-25 03:19:53.936 [info] > git check-ignore -v -z --stdin [123ms]
2023-05-25 03:19:55.282 [info] > git show --textconv :myproject/myapp/templates/dashboardsecretary.html [104ms]
2023-05-25 03:19:55.282 [info] > git show --textconv :myproject/myapp/templates/allPatients.html [92ms]
2023-05-25 03:19:55.283 [info] > git ls-files --stage -- /home/vagrant/myproject/myapp/templates/allPatients.html [55ms]
2023-05-25 03:19:55.297 [info] > git ls-files --stage -- /home/vagrant/myproject/myapp/templates/dashboardsecretary.html [81ms]
2023-05-25 03:19:55.333 [info] > git cat-file -s 5bea1f23845016b9dca60a192f885275a1d8f33a [23ms]
2023-05-25 03:19:55.341 [info] > git cat-file -s 18048b099bf93d2dddc43f62cbb8c4fac1bf5df0 [44ms]
2023-05-25 03:22:41.621 [info] > git config --get commit.template [19ms]
2023-05-25 03:22:41.652 [info] > git for-each-ref --format=%(refname)%00%(upstream:short)%00%(objectname)%00%(upstream:track)%00%(upstream:remotename)%00%(upstream:remoteref) refs/heads/master refs/remotes/master [5ms]
2023-05-25 03:22:44.303 [info] > git status -z -uall [2621ms] (cancelled)
2023-05-25 03:29:16.978 [info] > git show --textconv :myproject/myapp/templates/appointmentbook.html [25ms]
2023-05-25 03:29:16.987 [info] > git ls-files --stage -- /home/vagrant/myproject/myapp/templates/appointmentbook.html [9ms]
2023-05-25 03:29:17.014 [info] > git cat-file -s 395c7c2112b95b0d3a55a9297685b1b36f5fccca [1ms]
2023-05-25 03:29:55.314 [info] > git show --textconv :myproject/myapp/templates/dashboard.html [15ms]
2023-05-25 03:29:55.320 [info] > git ls-files --stage -- /home/vagrant/myproject/myapp/templates/dashboard.html [7ms]
2023-05-25 03:29:55.341 [info] > git cat-file -s 523aeb2486d8c91fb31307393ae53e102f1c693b [3ms]
2023-05-25 03:30:50.986 [info] > git show --textconv :myproject/myapp/templates/alldoctors.html [20ms]
2023-05-25 03:30:50.995 [info] > git ls-files --stage -- /home/vagrant/myproject/myapp/templates/alldoctors.html [11ms]
2023-05-25 03:30:51.020 [info] > git cat-file -s dea24855f35028b571213cc9579c1d603922c32c [1ms]
2023-05-25 03:31:05.590 [info] > git show --textconv :myproject/myapp/templates/scheduledsession.html [23ms]
2023-05-25 03:31:05.601 [info] > git ls-files --stage -- /home/vagrant/myproject/myapp/templates/scheduledsession.html [11ms]
2023-05-25 03:31:05.623 [info] > git cat-file -s 8e1320535ab48b32346d5087a6e15d48d6be6918 [4ms]
2023-05-25 03:31:24.947 [info] > git check-ignore -v -z --stdin [7ms]
2023-05-25 03:31:29.547 [info] > git check-ignore -v -z --stdin [17ms]
2023-05-25 03:33:10.075 [info] > git show --textconv :myproject/myapp/templates/about.html [18ms]
2023-05-25 03:33:10.082 [info] > git ls-files --stage -- /home/vagrant/myproject/myapp/templates/about.html [9ms]
2023-05-25 03:33:10.102 [info] > git cat-file -s a552d2e2c4d1b9eb210e44d102c97e5cfd15ce7b [3ms]
2023-05-25 03:33:23.723 [info] > git show --textconv :myproject/myapp/templates/appointmentspagesecretary.html [31ms]
2023-05-25 03:33:23.729 [info] > git ls-files --stage -- /home/vagrant/myproject/myapp/templates/appointmentspagesecretary.html [7ms]
2023-05-25 03:33:23.764 [info] > git cat-file -s d02a4dcf8dde9a3860d5f47cb1500052eeea1aba [2ms]
2023-05-25 03:33:29.945 [info] > git show --textconv :myproject/myapp/templates/appointmentbook.html [19ms]
2023-05-25 03:33:29.951 [info] > git ls-files --stage -- /home/vagrant/myproject/myapp/templates/appointmentbook.html [7ms]
2023-05-25 03:33:29.968 [info] > git cat-file -s 395c7c2112b95b0d3a55a9297685b1b36f5fccca [3ms]
2023-05-25 03:33:35.149 [info] > git show --textconv :myproject/myapp/templates/appointmentspagedoctors.html [19ms]
2023-05-25 03:33:35.158 [info] > git ls-files --stage -- /home/vagrant/myproject/myapp/templates/appointmentspagedoctors.html [12ms]
2023-05-25 03:33:35.188 [info] > git cat-file -s d219e64cab24727a3c2bb5788831b22210fc3ca9 [2ms]
2023-05-25 03:33:40.528 [info] > git show --textconv :myproject/myapp/templates/appointmentspagesecretary.html [23ms]
2023-05-25 03:33:40.540 [info] > git ls-files --stage -- /home/vagrant/myproject/myapp/templates/appointmentspagesecretary.html [18ms]
2023-05-25 03:33:40.560 [info] > git cat-file -s d02a4dcf8dde9a3860d5f47cb1500052eeea1aba [4ms]
2023-05-25 03:33:48.887 [info] > git show --textconv :myproject/myapp/templates/contact.html [18ms]
2023-05-25 03:33:48.898 [info] > git ls-files --stage -- /home/vagrant/myproject/myapp/templates/contact.html [13ms]
2023-05-25 03:33:48.922 [info] > git cat-file -s 85ff271130886049ae5ef42308c221374b5addcb [2ms]
2023-05-25 03:33:51.474 [info] > git show --textconv :myproject/myapp/templates/dashboard.html [18ms]
2023-05-25 03:33:51.485 [info] > git ls-files --stage -- /home/vagrant/myproject/myapp/templates/dashboard.html [12ms]
2023-05-25 03:33:51.503 [info] > git cat-file -s 523aeb2486d8c91fb31307393ae53e102f1c693b [3ms]
2023-05-25 03:33:52.455 [info] > git show --textconv :myproject/myapp/templates/dashboardForDoctor.html [24ms]
2023-05-25 03:33:52.461 [info] > git ls-files --stage -- /home/vagrant/myproject/myapp/templates/dashboardForDoctor.html [8ms]
2023-05-25 03:33:52.478 [info] > git cat-file -s 09c2aae41b86fabc952b379ca32a4a0abd32cb4c [1ms]
2023-05-25 03:33:58.227 [info] > git show --textconv :myproject/myapp/templates/dashboardsecretary.html [18ms]
2023-05-25 03:33:58.231 [info] > git ls-files --stage -- /home/vagrant/myproject/myapp/templates/dashboardsecretary.html [7ms]
2023-05-25 03:33:58.246 [info] > git cat-file -s 5bea1f23845016b9dca60a192f885275a1d8f33a [1ms]
2023-05-25 03:34:03.944 [info] > git show --textconv :myproject/myapp/templates/doctors.html [21ms]
2023-05-25 03:34:03.949 [info] > git ls-files --stage -- /home/vagrant/myproject/myapp/templates/doctors.html [9ms]
2023-05-25 03:34:03.979 [info] > git cat-file -s d19662efa0ec90a1e3037d9b0e6fb32a29d71d8f [12ms]
2023-05-25 03:34:06.397 [info] > git show --textconv :myproject/myapp/templates/home.html [13ms]
2023-05-25 03:34:06.422 [info] > git ls-files --stage -- /home/vagrant/myproject/myapp/templates/home.html [26ms]
2023-05-25 03:34:06.446 [info] > git cat-file -s e30dac2b40db8408ad6a792659b2ff05ede7626b [8ms]
2023-05-25 03:34:07.735 [info] > git show --textconv :myproject/myapp/templates/mybooking.html [26ms]
2023-05-25 03:34:07.739 [info] > git ls-files --stage -- /home/vagrant/myproject/myapp/templates/mybooking.html [8ms]
2023-05-25 03:34:07.763 [info] > git cat-file -s c6b8995dd9b079346d1859ef4da335235c66a7c8 [3ms]
2023-05-25 03:34:18.860 [info] > git show --textconv :myproject/myapp/templates/patientsecretary.html [31ms]
2023-05-25 03:34:18.866 [info] > git ls-files --stage -- /home/vagrant/myproject/myapp/templates/patientsecretary.html [7ms]
2023-05-25 03:34:18.888 [info] > git cat-file -s 582ab49ac4eac9a60a74768974637bef45e539e1 [4ms]
2023-05-25 03:34:24.987 [info] > git show --textconv :myproject/myapp/templates/register.html [17ms]
2023-05-25 03:34:24.992 [info] > git ls-files --stage -- /home/vagrant/myproject/myapp/templates/register.html [6ms]
2023-05-25 03:34:25.006 [info] > git cat-file -s 68e45ee158db7f109de2807dd479b356b0305cee [1ms]
2023-05-25 03:34:26.860 [info] > git show --textconv :myproject/myapp/templates/scheduledsession.html [22ms]
2023-05-25 03:34:26.865 [info] > git ls-files --stage -- /home/vagrant/myproject/myapp/templates/scheduledsession.html [7ms]
2023-05-25 03:34:26.889 [info] > git cat-file -s 8e1320535ab48b32346d5087a6e15d48d6be6918 [2ms]
2023-05-25 03:34:28.125 [info] > git show --textconv :myproject/myapp/templates/services.html [19ms]
2023-05-25 03:34:28.131 [info] > git ls-files --stage -- /home/vagrant/myproject/myapp/templates/services.html [7ms]
2023-05-25 03:34:28.156 [info] > git cat-file -s 25dcfc17f81ba9fd0f1fd4b3a349ed2321eb21de [10ms]
2023-05-25 03:34:40.687 [info] > git show --textconv :myproject/myapp/templates/alldoctors.html [31ms]
2023-05-25 03:34:40.693 [info] > git ls-files --stage -- /home/vagrant/myproject/myapp/templates/alldoctors.html [8ms]
2023-05-25 03:34:40.718 [info] > git cat-file -s dea24855f35028b571213cc9579c1d603922c32c [5ms]
2023-05-25 03:35:22.323 [info] > git show --textconv :myproject/myapp/apps.py [19ms]
2023-05-25 03:35:22.328 [info] > git ls-files --stage -- /home/vagrant/myproject/myapp/apps.py [8ms]
2023-05-25 03:35:22.966 [info] > git cat-file -s c34fb20eb6a166110a0fb57a95512f57e55f38e7 [621ms]
2023-05-25 03:35:23.122 [info] > git show --textconv :myproject/myapp/forms.py [26ms]
2023-05-25 03:35:23.148 [info] > git ls-files --stage -- /home/vagrant/myproject/myapp/forms.py [27ms]
2023-05-25 03:35:23.180 [info] > git cat-file -s 8e57b57bf5c4b3248995328bb6b8c2640140ab48 [10ms]
2023-05-25 03:35:24.909 [info] > git show --textconv :myproject/myapp/templates/appointmentbook.html [81ms]
2023-05-25 03:35:24.950 [info] > git ls-files --stage -- /home/vagrant/myproject/myapp/templates/appointmentbook.html [59ms]
2023-05-25 03:35:25.038 [info] > git cat-file -s 395c7c2112b95b0d3a55a9297685b1b36f5fccca [39ms]
2023-05-25 03:35:26.035 [info] > git show --textconv :myproject/myapp/templates/dashboardForDoctor.html [62ms]
2023-05-25 03:35:26.042 [info] > git ls-files --stage -- /home/vagrant/myproject/myapp/templates/dashboardForDoctor.html [17ms]
2023-05-25 03:35:26.100 [info] > git cat-file -s 09c2aae41b86fabc952b379ca32a4a0abd32cb4c [2ms]
2023-05-25 03:35:26.491 [info] > git show --textconv :myproject/myapp/templates/doctors.html [47ms]
2023-05-25 03:35:26.512 [info] > git ls-files --stage -- /home/vagrant/myproject/myapp/templates/doctors.html [23ms]
2023-05-25 03:35:26.579 [info] > git cat-file -s d19662efa0ec90a1e3037d9b0e6fb32a29d71d8f [14ms]
2023-05-25 03:35:27.053 [info] > git show --textconv :myproject/myapp/templates/login.html [81ms]
2023-05-25 03:35:27.076 [info] > git ls-files --stage -- /home/vagrant/myproject/myapp/templates/login.html [24ms]
2023-05-25 03:35:27.161 [info] > git cat-file -s 93950827e3f7dc5c2e38ad00a8e6cd8dfd068eee [42ms]
2023-05-25 03:35:27.628 [info] > git show --textconv :myproject/myapp/templates/patientsecretary.html [36ms]
2023-05-25 03:35:27.649 [info] > git ls-files --stage -- /home/vagrant/myproject/myapp/templates/patientsecretary.html [22ms]
2023-05-25 03:35:27.687 [info] > git cat-file -s 582ab49ac4eac9a60a74768974637bef45e539e1 [6ms]
2023-05-25 03:35:28.269 [info] > git show --textconv :myproject/myapp/templates/register.html [31ms]
2023-05-25 03:35:28.291 [info] > git ls-files --stage -- /home/vagrant/myproject/myapp/templates/register.html [22ms]
2023-05-25 03:35:28.311 [info] > git cat-file -s 68e45ee158db7f109de2807dd479b356b0305cee [2ms]
2023-05-25 03:35:28.963 [info] > git show --textconv :myproject/myapp/templates/scheduledsession.html [87ms]
2023-05-25 03:35:28.982 [info] > git ls-files --stage -- /home/vagrant/myproject/myapp/templates/scheduledsession.html [21ms]
2023-05-25 03:35:29.018 [info] > git cat-file -s 8e1320535ab48b32346d5087a6e15d48d6be6918 [2ms]
2023-05-25 03:35:29.416 [info] > git show --textconv :myproject/myapp/templates/services.html [83ms]
2023-05-25 03:35:29.459 [info] > git ls-files --stage -- /home/vagrant/myproject/myapp/templates/services.html [45ms]
2023-05-25 03:35:29.516 [info] > git cat-file -s 25dcfc17f81ba9fd0f1fd4b3a349ed2321eb21de [21ms]
2023-05-25 03:35:30.020 [info] > git show --textconv :myproject/myapp/templates/alldoctors.html [67ms]
2023-05-25 03:35:30.022 [info] > git ls-files --stage -- /home/vagrant/myproject/myapp/templates/alldoctors.html [9ms]
2023-05-25 03:35:30.073 [info] > git cat-file -s dea24855f35028b571213cc9579c1d603922c32c [6ms]
2023-05-25 04:54:45.176 [info] > git show --textconv :myproject/myapp/templates/mybooking.html [20ms]
2023-05-25 04:54:45.185 [info] > git ls-files --stage -- /home/vagrant/myproject/myapp/templates/mybooking.html [9ms]
2023-05-25 04:54:45.211 [info] > git cat-file -s c6b8995dd9b079346d1859ef4da335235c66a7c8 [3ms]
2023-05-25 04:55:13.446 [info] > git show --textconv :myproject/myapp/templates/patientsecretary.html [32ms]
2023-05-25 04:55:13.451 [info] > git ls-files --stage -- /home/vagrant/myproject/myapp/templates/patientsecretary.html [6ms]
2023-05-25 04:55:13.471 [info] > git cat-file -s 582ab49ac4eac9a60a74768974637bef45e539e1 [2ms]
2023-05-25 05:02:34.598 [info] > git show --textconv :myproject/myapp/templates/contact.html [30ms]
2023-05-25 05:02:34.609 [info] > git ls-files --stage -- /home/vagrant/myproject/myapp/templates/contact.html [13ms]
2023-05-25 05:02:34.639 [info] > git cat-file -s 85ff271130886049ae5ef42308c221374b5addcb [3ms]
