2023-05-07 23:27:08.573 [info] Log level: Info
2023-05-07 23:27:08.573 [info] Validating found git in: "git"
2023-05-07 23:27:08.573 [info] Using git "2.25.1" from "git"
2023-05-07 23:27:08.573 [info] > git rev-parse --show-toplevel [52ms]
2023-05-07 23:27:08.573 [info] > git rev-parse --git-dir --git-common-dir [7ms]
2023-05-07 23:27:08.573 [info] Open repository: /home/vagrant
2023-05-07 23:27:08.574 [info] > git rev-parse --show-toplevel [10ms]
2023-05-07 23:27:08.574 [info] > git config --get commit.template [8ms]
2023-05-07 23:27:08.574 [info] No remotes found in the git config file.
2023-05-07 23:27:08.574 [info] > git rev-parse --show-toplevel [13ms]
2023-05-07 23:27:08.574 [info] > git for-each-ref --format=%(refname)%00%(upstream:short)%00%(objectname)%00%(upstream:track)%00%(upstream:remotename)%00%(upstream:remoteref) refs/heads/master refs/remotes/master [63ms]
2023-05-07 23:27:08.574 [info] > git rev-parse --show-toplevel [63ms]
2023-05-07 23:27:08.574 [info] > git rev-parse --show-toplevel [12ms]
2023-05-07 23:27:08.575 [info] > git rev-parse --show-toplevel [3ms]
2023-05-07 23:27:08.577 [info] > git status -z -uall [75ms]
2023-05-07 23:27:08.612 [info] > git config --get commit.template [12ms]
2023-05-07 23:27:08.621 [info] No remotes found in the git config file.
2023-05-07 23:27:08.631 [info] > git for-each-ref --format=%(refname)%00%(upstream:short)%00%(objectname)%00%(upstream:track)%00%(upstream:remotename)%00%(upstream:remoteref) refs/heads/master refs/remotes/master [9ms]
2023-05-07 23:27:08.665 [info] > git status -z -uall [27ms]
2023-05-07 23:27:08.808 [info] > git log --format=%H%n%aN%n%aE%n%at%n%ct%n%P%n%D%n%B -z -n615 -- /home/vagrant/myproject/myproject/settings.py [40ms]
2023-05-07 23:27:08.933 [info] > git rev-list --count 318ac84a9bd0cacef2381a05ff9fa491e5d986d5.. -- /home/vagrant/myproject/myproject/settings.py [3ms]
2023-05-07 23:27:08.942 [info] > git log --format=%H%n%aN%n%aE%n%at%n%ct%n%P%n%D%n%B -z -n2 -- /home/vagrant/myproject/myproject/settings.py [3ms]
2023-05-07 23:27:09.038 [info] > git check-ignore -v -z --stdin [4ms]
2023-05-07 23:27:09.141 [info] > git show --textconv :myproject/myproject/settings.py [8ms]
2023-05-07 23:27:09.144 [info] > git ls-files --stage -- /home/vagrant/myproject/myproject/settings.py [4ms]
2023-05-07 23:27:09.154 [info] > git cat-file -s 897aeecdab02fd911e9e0114ed7c7a10938f49b2 [3ms]
2023-05-07 23:27:10.643 [info] > git show --textconv 318ac84a9bd0cacef2381a05ff9fa491e5d986d5^:myproject/myproject/settings.py [26ms]
2023-05-07 23:27:10.643 [info] > git show --textconv 318ac84a9bd0cacef2381a05ff9fa491e5d986d5:myproject/myproject/settings.py [18ms]
2023-05-07 23:27:10.644 [info] > git ls-tree -l 318ac84a9bd0cacef2381a05ff9fa491e5d986d5^ -- /home/vagrant/myproject/myproject/settings.py [10ms]
2023-05-07 23:27:10.644 [info] fatal: Not a valid object name 318ac84a9bd0cacef2381a05ff9fa491e5d986d5^
2023-05-07 23:27:10.647 [info] > git ls-tree -l 318ac84a9bd0cacef2381a05ff9fa491e5d986d5 -- /home/vagrant/myproject/myproject/settings.py [7ms]
2023-05-07 23:27:10.695 [info] > git log --format=%H%n%aN%n%aE%n%at%n%ct%n%P%n%D%n%B -z -n615 -- /home/vagrant/myproject/myproject/settings.py [3ms]
2023-05-07 23:27:10.791 [info] No remotes found in the git config file.
2023-05-07 23:27:10.793 [info] > git config --get commit.template [6ms]
2023-05-07 23:27:10.794 [info] > git for-each-ref --format=%(refname)%00%(upstream:short)%00%(objectname)%00%(upstream:track)%00%(upstream:remotename)%00%(upstream:remoteref) refs/heads/master refs/remotes/master [2ms]
2023-05-07 23:27:10.810 [info] > git status -z -uall [10ms]
2023-05-07 23:27:11.158 [info] > git check-ignore -v -z --stdin [3ms]
2023-05-07 23:27:14.185 [info] > git log --format=%H%n%aN%n%aE%n%at%n%ct%n%P%n%D%n%B -z -n663 -- /home/vagrant/myproject/myproject/settings.py [2ms]
2023-05-07 23:27:15.837 [info] No remotes found in the git config file.
2023-05-07 23:27:15.839 [info] > git config --get commit.template [8ms]
2023-05-07 23:27:15.846 [info] > git for-each-ref --format=%(refname)%00%(upstream:short)%00%(objectname)%00%(upstream:track)%00%(upstream:remotename)%00%(upstream:remoteref) refs/heads/master refs/remotes/master [9ms]
2023-05-07 23:27:15.869 [info] > git status -z -uall [18ms]
2023-05-07 23:27:20.895 [info] No remotes found in the git config file.
2023-05-07 23:27:20.896 [info] > git config --get commit.template [10ms]
2023-05-07 23:27:20.897 [info] > git for-each-ref --format=%(refname)%00%(upstream:short)%00%(objectname)%00%(upstream:track)%00%(upstream:remotename)%00%(upstream:remoteref) refs/heads/master refs/remotes/master [2ms]
2023-05-07 23:27:20.922 [info] > git status -z -uall [18ms]
2023-05-07 23:27:25.942 [info] No remotes found in the git config file.
2023-05-07 23:27:25.943 [info] > git config --get commit.template [5ms]
2023-05-07 23:27:25.944 [info] > git for-each-ref --format=%(refname)%00%(upstream:short)%00%(objectname)%00%(upstream:track)%00%(upstream:remotename)%00%(upstream:remoteref) refs/heads/master refs/remotes/master [1ms]
2023-05-07 23:27:25.960 [info] > git status -z -uall [13ms]
2023-05-07 23:27:30.979 [info] No remotes found in the git config file.
2023-05-07 23:27:30.981 [info] > git config --get commit.template [10ms]
2023-05-07 23:27:30.982 [info] > git for-each-ref --format=%(refname)%00%(upstream:short)%00%(objectname)%00%(upstream:track)%00%(upstream:remotename)%00%(upstream:remoteref) refs/heads/master refs/remotes/master [3ms]
2023-05-07 23:27:31.006 [info] > git status -z -uall [17ms]
2023-05-07 23:27:35.850 [info] > git show --textconv :.bash_logout [6ms]
2023-05-07 23:27:35.853 [info] > git ls-files --stage -- /home/vagrant/.bash_logout [3ms]
2023-05-07 23:27:35.860 [info] > git cat-file -s de4f5f75d7ccd3a5b62bd2ce683ed678a5cb72c2 [3ms]
2023-05-07 23:27:36.038 [info] No remotes found in the git config file.
2023-05-07 23:27:36.040 [info] > git config --get commit.template [7ms]
2023-05-07 23:27:36.041 [info] > git for-each-ref --format=%(refname)%00%(upstream:short)%00%(objectname)%00%(upstream:track)%00%(upstream:remotename)%00%(upstream:remoteref) refs/heads/master refs/remotes/master [4ms]
2023-05-07 23:27:36.059 [info] > git status -z -uall [12ms]
2023-05-07 23:27:36.415 [info] > git show --textconv :.bash_history [8ms]
2023-05-07 23:27:36.421 [info] > git ls-files --stage -- /home/vagrant/.bash_history [7ms]
2023-05-07 23:27:36.427 [info] > git cat-file -s 30376bd77921975c30f532f7802698b24a477590 [1ms]
2023-05-07 23:27:38.161 [info] > git show --textconv :.bash_logout [6ms]
2023-05-07 23:27:38.164 [info] > git ls-files --stage -- /home/vagrant/.bash_logout [4ms]
2023-05-07 23:27:38.171 [info] > git cat-file -s de4f5f75d7ccd3a5b62bd2ce683ed678a5cb72c2 [2ms]
2023-05-07 23:27:38.800 [info] > git ls-files --stage -- /home/vagrant/.bashrc [3ms]
2023-05-07 23:27:38.805 [info] > git show --textconv :.bashrc [16ms]
2023-05-07 23:27:38.808 [info] > git cat-file -s 559370c1ed816934180bda81d9b9b6fe2047f57b [4ms]
2023-05-07 23:27:40.169 [info] > git show --textconv :.profile [13ms]
2023-05-07 23:27:40.169 [info] > git ls-files --stage -- /home/vagrant/.profile [7ms]
2023-05-07 23:27:40.176 [info] > git cat-file -s d89ea5a6e83a2956d7461b547fa0d7d68103b9c9 [3ms]
2023-05-07 23:27:40.531 [info] > git show --textconv :.vimrc [7ms]
2023-05-07 23:27:40.535 [info] > git ls-files --stage -- /home/vagrant/.vimrc [4ms]
2023-05-07 23:27:40.543 [info] > git cat-file -s 0f457dbf4d0081420464bae890dddb5666498fb6 [5ms]
2023-05-07 23:27:41.080 [info] No remotes found in the git config file.
2023-05-07 23:27:41.082 [info] > git config --get commit.template [9ms]
2023-05-07 23:27:41.083 [info] > git for-each-ref --format=%(refname)%00%(upstream:short)%00%(objectname)%00%(upstream:track)%00%(upstream:remotename)%00%(upstream:remoteref) refs/heads/master refs/remotes/master [4ms]
2023-05-07 23:27:41.108 [info] > git status -z -uall [17ms]
2023-05-07 23:27:41.447 [info] > git show --textconv :myproject/manage.py [6ms]
2023-05-07 23:27:41.450 [info] > git ls-files --stage -- /home/vagrant/myproject/manage.py [3ms]
2023-05-07 23:27:41.456 [info] > git cat-file -s 92bb9a3b2d3b0672cabcfad26835e94407fe1347 [2ms]
2023-05-07 23:27:42.188 [info] > git show --textconv :myproject/db.sqlite3 [4ms]
2023-05-07 23:27:42.192 [info] > git ls-files --stage -- /home/vagrant/myproject/db.sqlite3 [4ms]
2023-05-07 23:27:42.198 [info] > git cat-file -s e69de29bb2d1d6434b8b29ae775ad8c2e48c5391 [2ms]
2023-05-07 23:27:42.973 [info] > git show --textconv :myproject/myproject/wsgi.py [10ms]
2023-05-07 23:27:42.976 [info] > git ls-files --stage -- /home/vagrant/myproject/myproject/wsgi.py [7ms]
2023-05-07 23:27:42.985 [info] > git cat-file -s b0d0b1c4a7266b82059580f8900ab18773e13f03 [3ms]
2023-05-07 23:27:44.837 [info] > git ls-files --stage -- /home/vagrant/myproject/myproject/urls.py [5ms]
2023-05-07 23:27:44.842 [info] > git show --textconv :myproject/myproject/urls.py [14ms]
2023-05-07 23:27:44.844 [info] > git cat-file -s 5a5e7ea163990dbfb76069a0957867ba8e983ef9 [3ms]
2023-05-07 23:27:45.890 [info] > git ls-files --stage -- /home/vagrant/myproject/myproject/asgi.py [5ms]
2023-05-07 23:27:45.896 [info] > git show --textconv :myproject/myproject/asgi.py [17ms]
2023-05-07 23:27:45.898 [info] > git cat-file -s 115ddf850c2903c29e33e7878848f7769c7f4c27 [3ms]
2023-05-07 23:27:46.137 [info] > git config --get commit.template [5ms]
2023-05-07 23:27:46.144 [info] No remotes found in the git config file.
2023-05-07 23:27:46.146 [info] > git for-each-ref --format=%(refname)%00%(upstream:short)%00%(objectname)%00%(upstream:track)%00%(upstream:remotename)%00%(upstream:remoteref) refs/heads/master refs/remotes/master [3ms]
2023-05-07 23:27:46.171 [info] > git status -z -uall [20ms]
2023-05-07 23:27:46.272 [info] > git show --textconv :myproject/myproject/__init__.py [7ms]
2023-05-07 23:27:46.281 [info] > git ls-files --stage -- /home/vagrant/myproject/myproject/__init__.py [10ms]
2023-05-07 23:27:46.288 [info] > git cat-file -s e69de29bb2d1d6434b8b29ae775ad8c2e48c5391 [3ms]
2023-05-07 23:27:46.958 [info] > git check-ignore -v -z --stdin [4ms]
