2023-05-15 12:45:09.175 [info] Log level: Info
2023-05-15 12:45:09.175 [info] Validating found git in: "git"
2023-05-15 12:45:09.175 [info] Using git "2.25.1" from "git"
2023-05-15 12:45:09.175 [info] > git rev-parse --show-toplevel [62ms]
2023-05-15 12:45:09.175 [info] > git rev-parse --git-dir --git-common-dir [15ms]
2023-05-15 12:45:09.175 [info] Open repository: /home/vagrant
2023-05-15 12:45:09.175 [info] > git rev-parse --show-toplevel [12ms]
2023-05-15 12:45:09.175 [info] > git config --get commit.template [12ms]
2023-05-15 12:45:09.175 [info] > git rev-parse --show-toplevel [8ms]
2023-05-15 12:45:09.175 [info] No remotes found in the git config file.
2023-05-15 12:45:09.175 [info] > git rev-parse --show-toplevel [9ms]
2023-05-15 12:45:09.175 [info] > git for-each-ref --format=%(refname)%00%(upstream:short)%00%(objectname)%00%(upstream:track)%00%(upstream:remotename)%00%(upstream:remoteref) refs/heads/master refs/remotes/master [8ms]
2023-05-15 12:45:09.175 [info] > git rev-parse --show-toplevel [12ms]
2023-05-15 12:45:09.175 [info] > git rev-parse --show-toplevel [20ms]
2023-05-15 12:45:09.175 [info] > git status -z -uall [119ms]
2023-05-15 12:45:09.175 [info] > git config --get commit.template [12ms]
2023-05-15 12:45:09.175 [info] No remotes found in the git config file.
2023-05-15 12:45:09.175 [info] > git for-each-ref --format=%(refname)%00%(upstream:short)%00%(objectname)%00%(upstream:track)%00%(upstream:remotename)%00%(upstream:remoteref) refs/heads/master refs/remotes/master [3ms]
2023-05-15 12:45:09.175 [info] > git status -z -uall [385ms]
2023-05-15 12:45:09.238 [info] > git show --textconv :myproject/myproject/settings.py [14ms]
2023-05-15 12:45:09.238 [info] > git check-ignore -v -z --stdin [2ms]
2023-05-15 12:45:09.240 [info] > git ls-files --stage -- /home/vagrant/myproject/myproject/settings.py [10ms]
2023-05-15 12:45:09.500 [info] > git cat-file -s 897aeecdab02fd911e9e0114ed7c7a10938f49b2 [255ms]
2023-05-15 12:45:14.801 [info] No remotes found in the git config file.
2023-05-15 12:45:14.803 [info] > git config --get commit.template [12ms]
2023-05-15 12:45:14.804 [info] > git for-each-ref --format=%(refname)%00%(upstream:short)%00%(objectname)%00%(upstream:track)%00%(upstream:remotename)%00%(upstream:remoteref) refs/heads/master refs/remotes/master [3ms]
