2023-05-18 13:25:57.239 [info] Log level: Info
2023-05-18 13:25:57.239 [info] Validating found git in: "git"
2023-05-18 13:25:57.239 [info] Using git "2.25.1" from "git"
2023-05-18 13:25:57.239 [info] > git rev-parse --show-toplevel [53ms]
2023-05-18 13:25:57.239 [info] > git rev-parse --git-dir --git-common-dir [7ms]
2023-05-18 13:25:57.239 [info] Open repository: /home/vagrant
2023-05-18 13:25:57.239 [info] > git rev-parse --show-toplevel [16ms]
2023-05-18 13:25:57.239 [info] > git config --get commit.template [17ms]
2023-05-18 13:25:57.239 [info] > git rev-parse --show-toplevel [26ms]
2023-05-18 13:25:57.239 [info] > git rev-parse --show-toplevel [57ms]
2023-05-18 13:25:57.239 [info] > git for-each-ref --format=%(refname)%00%(upstream:short)%00%(objectname)%00%(upstream:track)%00%(upstream:remotename)%00%(upstream:remoteref) refs/heads/master refs/remotes/master [48ms]
2023-05-18 13:25:57.239 [info] > git rev-parse --show-toplevel [26ms]
2023-05-18 13:25:57.239 [info] > git rev-parse --show-toplevel [39ms]
2023-05-18 13:25:57.239 [info] > git rev-parse --show-toplevel [8ms]
2023-05-18 13:25:57.239 [info] > git status -z -uall [122ms]
2023-05-18 13:25:57.239 [info] > git rev-parse --show-toplevel [70ms]
2023-05-18 13:25:57.239 [info] > git config --get commit.template [29ms]
2023-05-18 13:25:57.239 [info] > git for-each-ref --format=%(refname)%00%(upstream:short)%00%(objectname)%00%(upstream:track)%00%(upstream:remotename)%00%(upstream:remoteref) refs/heads/master refs/remotes/master [105ms]
2023-05-18 13:25:57.239 [info] > git status -z -uall [64ms]
2023-05-18 13:25:57.390 [info] > git show --textconv :myproject/myapp/templates/doctors.html [15ms]
2023-05-18 13:25:57.395 [info] > git ls-files --stage -- /home/vagrant/myproject/myapp/templates/doctors.html [8ms]
2023-05-18 13:25:57.410 [info] > git cat-file -s 75ab5f74dfc0acea45846319de05cd57ad485c8d [4ms]
2023-05-18 13:25:57.723 [info] > git check-ignore -v -z --stdin [11ms]
2023-05-18 13:26:00.337 [info] > git config --get commit.template [13ms]
2023-05-18 13:26:00.339 [info] > git for-each-ref --format=%(refname)%00%(upstream:short)%00%(objectname)%00%(upstream:track)%00%(upstream:remotename)%00%(upstream:remoteref) refs/heads/master refs/remotes/master [3ms]
2023-05-18 13:26:00.377 [info] > git status -z -uall [33ms]
2023-05-18 13:26:05.407 [info] > git config --get commit.template [9ms]
2023-05-18 13:26:05.408 [info] > git for-each-ref --format=%(refname)%00%(upstream:short)%00%(objectname)%00%(upstream:track)%00%(upstream:remotename)%00%(upstream:remoteref) refs/heads/master refs/remotes/master [2ms]
2023-05-18 13:26:05.437 [info] > git status -z -uall [21ms]
2023-05-18 13:26:18.602 [info] > git config --get commit.template [2ms]
2023-05-18 13:26:18.612 [info] > git for-each-ref --format=%(refname)%00%(upstream:short)%00%(objectname)%00%(upstream:track)%00%(upstream:remotename)%00%(upstream:remoteref) refs/heads/master refs/remotes/master [2ms]
2023-05-18 13:26:18.654 [info] > git status -z -uall [27ms]
2023-05-18 13:26:23.674 [info] > git config --get commit.template [3ms]
2023-05-18 13:26:23.682 [info] > git for-each-ref --format=%(refname)%00%(upstream:short)%00%(objectname)%00%(upstream:track)%00%(upstream:remotename)%00%(upstream:remoteref) refs/heads/master refs/remotes/master [2ms]
2023-05-18 13:26:23.719 [info] > git status -z -uall [26ms]
2023-05-18 13:26:28.744 [info] > git config --get commit.template [7ms]
2023-05-18 13:26:28.745 [info] > git for-each-ref --format=%(refname)%00%(upstream:short)%00%(objectname)%00%(upstream:track)%00%(upstream:remotename)%00%(upstream:remoteref) refs/heads/master refs/remotes/master [4ms]
2023-05-18 13:26:28.782 [info] > git status -z -uall [29ms]
2023-05-18 13:26:33.815 [info] > git for-each-ref --format=%(refname)%00%(upstream:short)%00%(objectname)%00%(upstream:track)%00%(upstream:remotename)%00%(upstream:remoteref) refs/heads/master refs/remotes/master [1ms]
2023-05-18 13:26:33.816 [info] > git config --get commit.template [10ms]
2023-05-18 13:26:33.852 [info] > git status -z -uall [27ms]
2023-05-18 13:27:12.732 [info] > git config --get commit.template [17ms]
2023-05-18 13:27:12.734 [info] > git for-each-ref --format=%(refname)%00%(upstream:short)%00%(objectname)%00%(upstream:track)%00%(upstream:remotename)%00%(upstream:remoteref) refs/heads/master refs/remotes/master [4ms]
2023-05-18 13:27:12.783 [info] > git status -z -uall [42ms]
2023-05-18 13:27:13.780 [info] > git show --textconv :myproject/myapp/templates/services.html [9ms]
2023-05-18 13:27:13.783 [info] > git ls-files --stage -- /home/vagrant/myproject/myapp/templates/services.html [5ms]
2023-05-18 13:27:13.800 [info] > git cat-file -s fd33d28c677078b3b64e0888bdf7d05438d998e2 [9ms]
2023-05-18 13:27:17.803 [info] > git config --get commit.template [1ms]
2023-05-18 13:27:17.815 [info] > git for-each-ref --format=%(refname)%00%(upstream:short)%00%(objectname)%00%(upstream:track)%00%(upstream:remotename)%00%(upstream:remoteref) refs/heads/master refs/remotes/master [3ms]
2023-05-18 13:27:17.871 [info] > git status -z -uall [47ms]
2023-05-18 13:27:22.895 [info] > git config --get commit.template [4ms]
2023-05-18 13:27:22.910 [info] > git for-each-ref --format=%(refname)%00%(upstream:short)%00%(objectname)%00%(upstream:track)%00%(upstream:remotename)%00%(upstream:remoteref) refs/heads/master refs/remotes/master [5ms]
2023-05-18 13:27:22.962 [info] > git status -z -uall [43ms]
2023-05-18 13:27:27.986 [info] > git config --get commit.template [9ms]
2023-05-18 13:27:27.988 [info] > git for-each-ref --format=%(refname)%00%(upstream:short)%00%(objectname)%00%(upstream:track)%00%(upstream:remotename)%00%(upstream:remoteref) refs/heads/master refs/remotes/master [3ms]
2023-05-18 13:27:28.044 [info] > git status -z -uall [38ms]
2023-05-18 13:27:33.081 [info] > git config --get commit.template [20ms]
2023-05-18 13:27:33.082 [info] > git for-each-ref --format=%(refname)%00%(upstream:short)%00%(objectname)%00%(upstream:track)%00%(upstream:remotename)%00%(upstream:remoteref) refs/heads/master refs/remotes/master [3ms]
2023-05-18 13:27:33.115 [info] > git status -z -uall [29ms]
2023-05-18 13:27:38.134 [info] > git config --get commit.template [4ms]
2023-05-18 13:27:38.147 [info] > git for-each-ref --format=%(refname)%00%(upstream:short)%00%(objectname)%00%(upstream:track)%00%(upstream:remotename)%00%(upstream:remoteref) refs/heads/master refs/remotes/master [5ms]
2023-05-18 13:27:38.194 [info] > git status -z -uall [34ms]
2023-05-18 13:27:43.215 [info] > git config --get commit.template [7ms]
2023-05-18 13:27:43.217 [info] > git for-each-ref --format=%(refname)%00%(upstream:short)%00%(objectname)%00%(upstream:track)%00%(upstream:remotename)%00%(upstream:remoteref) refs/heads/master refs/remotes/master [4ms]
2023-05-18 13:27:43.273 [info] > git status -z -uall [44ms]
2023-05-18 13:27:48.296 [info] > git config --get commit.template [7ms]
2023-05-18 13:27:48.298 [info] > git for-each-ref --format=%(refname)%00%(upstream:short)%00%(objectname)%00%(upstream:track)%00%(upstream:remotename)%00%(upstream:remoteref) refs/heads/master refs/remotes/master [3ms]
2023-05-18 13:27:48.346 [info] > git status -z -uall [40ms]
2023-05-18 13:27:51.554 [info] > git show --textconv :myproject/myapp/urls.py [13ms]
2023-05-18 13:27:51.559 [info] > git ls-files --stage -- /home/vagrant/myproject/myapp/urls.py [5ms]
2023-05-18 13:27:51.582 [info] > git cat-file -s 04fe91d279fbbf474b7a4512044573b5952813b3 [11ms]
2023-05-18 13:27:53.370 [info] > git config --get commit.template [7ms]
2023-05-18 13:27:53.372 [info] > git for-each-ref --format=%(refname)%00%(upstream:short)%00%(objectname)%00%(upstream:track)%00%(upstream:remotename)%00%(upstream:remoteref) refs/heads/master refs/remotes/master [3ms]
2023-05-18 13:27:53.429 [info] > git status -z -uall [52ms]
2023-05-18 13:27:57.898 [info] > git show --textconv :myproject/myapp/views.py [7ms]
2023-05-18 13:27:57.900 [info] > git ls-files --stage -- /home/vagrant/myproject/myapp/views.py [4ms]
2023-05-18 13:27:57.938 [info] > git cat-file -s 1d4130bea9b266430aa826530a1df0817dd6b1ec [15ms]
2023-05-18 13:27:58.453 [info] > git config --get commit.template [10ms]
2023-05-18 13:27:58.454 [info] > git for-each-ref --format=%(refname)%00%(upstream:short)%00%(objectname)%00%(upstream:track)%00%(upstream:remotename)%00%(upstream:remoteref) refs/heads/master refs/remotes/master [5ms]
2023-05-18 13:27:58.492 [info] > git status -z -uall [29ms]
2023-05-18 13:28:03.519 [info] > git config --get commit.template [8ms]
2023-05-18 13:28:03.521 [info] > git for-each-ref --format=%(refname)%00%(upstream:short)%00%(objectname)%00%(upstream:track)%00%(upstream:remotename)%00%(upstream:remoteref) refs/heads/master refs/remotes/master [2ms]
2023-05-18 13:28:03.562 [info] > git status -z -uall [35ms]
2023-05-18 13:28:08.583 [info] > git config --get commit.template [8ms]
2023-05-18 13:28:08.589 [info] > git for-each-ref --format=%(refname)%00%(upstream:short)%00%(objectname)%00%(upstream:track)%00%(upstream:remotename)%00%(upstream:remoteref) refs/heads/master refs/remotes/master [6ms]
2023-05-18 13:28:08.625 [info] > git status -z -uall [26ms]
2023-05-18 13:28:13.651 [info] > git config --get commit.template [9ms]
2023-05-18 13:28:13.656 [info] > git for-each-ref --format=%(refname)%00%(upstream:short)%00%(objectname)%00%(upstream:track)%00%(upstream:remotename)%00%(upstream:remoteref) refs/heads/master refs/remotes/master [6ms]
2023-05-18 13:28:13.694 [info] > git status -z -uall [31ms]
2023-05-18 13:28:18.711 [info] > git config --get commit.template [6ms]
2023-05-18 13:28:18.714 [info] > git for-each-ref --format=%(refname)%00%(upstream:short)%00%(objectname)%00%(upstream:track)%00%(upstream:remotename)%00%(upstream:remoteref) refs/heads/master refs/remotes/master [2ms]
2023-05-18 13:28:18.751 [info] > git status -z -uall [31ms]
2023-05-18 13:28:22.854 [info] > git show --textconv :myproject/myapp/templates/contact.html [8ms]
2023-05-18 13:28:22.858 [info] > git ls-files --stage -- /home/vagrant/myproject/myapp/templates/contact.html [6ms]
2023-05-18 13:28:22.868 [info] > git cat-file -s c8ee504d757f44795afaedefd6abcb23399997b9 [4ms]
2023-05-18 13:28:23.782 [info] > git config --get commit.template [16ms]
2023-05-18 13:28:23.803 [info] > git for-each-ref --format=%(refname)%00%(upstream:short)%00%(objectname)%00%(upstream:track)%00%(upstream:remotename)%00%(upstream:remoteref) refs/heads/master refs/remotes/master [13ms]
2023-05-18 13:28:23.835 [info] > git status -z -uall [25ms]
2023-05-18 13:28:28.866 [info] > git config --get commit.template [8ms]
2023-05-18 13:28:28.868 [info] > git for-each-ref --format=%(refname)%00%(upstream:short)%00%(objectname)%00%(upstream:track)%00%(upstream:remotename)%00%(upstream:remoteref) refs/heads/master refs/remotes/master [3ms]
2023-05-18 13:28:28.908 [info] > git status -z -uall [33ms]
2023-05-18 13:30:49.042 [info] > git config --get commit.template [11ms]
2023-05-18 13:30:49.047 [info] > git for-each-ref --format=%(refname)%00%(upstream:short)%00%(objectname)%00%(upstream:track)%00%(upstream:remotename)%00%(upstream:remoteref) refs/heads/master refs/remotes/master [6ms]
2023-05-18 13:30:49.106 [info] > git status -z -uall [48ms]
2023-05-18 13:34:51.218 [info] > git config --get commit.template [1ms]
2023-05-18 13:34:51.268 [info] > git for-each-ref --format=%(refname)%00%(upstream:short)%00%(objectname)%00%(upstream:track)%00%(upstream:remotename)%00%(upstream:remoteref) refs/heads/master refs/remotes/master [12ms]
2023-05-18 13:34:51.323 [info] > git status -z -uall [44ms]
2023-05-18 13:34:56.371 [info] > git config --get commit.template [15ms]
2023-05-18 13:34:56.373 [info] > git for-each-ref --format=%(refname)%00%(upstream:short)%00%(objectname)%00%(upstream:track)%00%(upstream:remotename)%00%(upstream:remoteref) refs/heads/master refs/remotes/master [3ms]
2023-05-18 13:34:56.460 [info] > git status -z -uall [79ms]
2023-05-18 13:38:39.973 [info] > git config --get commit.template [3ms]
2023-05-18 13:38:39.982 [info] > git for-each-ref --format=%(refname)%00%(upstream:short)%00%(objectname)%00%(upstream:track)%00%(upstream:remotename)%00%(upstream:remoteref) refs/heads/master refs/remotes/master [3ms]
2023-05-18 13:38:40.023 [info] > git status -z -uall [35ms]
2023-05-18 13:38:45.044 [info] > git config --get commit.template [3ms]
2023-05-18 13:38:45.060 [info] > git for-each-ref --format=%(refname)%00%(upstream:short)%00%(objectname)%00%(upstream:track)%00%(upstream:remotename)%00%(upstream:remoteref) refs/heads/master refs/remotes/master [3ms]
2023-05-18 13:38:45.115 [info] > git status -z -uall [42ms]
2023-05-18 13:38:50.138 [info] > git config --get commit.template [10ms]
2023-05-18 13:38:50.140 [info] > git for-each-ref --format=%(refname)%00%(upstream:short)%00%(objectname)%00%(upstream:track)%00%(upstream:remotename)%00%(upstream:remoteref) refs/heads/master refs/remotes/master [3ms]
2023-05-18 13:38:50.198 [info] > git status -z -uall [35ms]
2023-05-18 13:42:56.771 [info] > git config --get commit.template [15ms]
2023-05-18 13:42:56.774 [info] > git for-each-ref --format=%(refname)%00%(upstream:short)%00%(objectname)%00%(upstream:track)%00%(upstream:remotename)%00%(upstream:remoteref) refs/heads/master refs/remotes/master [3ms]
2023-05-18 13:42:56.820 [info] > git status -z -uall [34ms]
2023-05-18 13:46:16.626 [info] > git config --get commit.template [7ms]
2023-05-18 13:46:16.629 [info] > git for-each-ref --format=%(refname)%00%(upstream:short)%00%(objectname)%00%(upstream:track)%00%(upstream:remotename)%00%(upstream:remoteref) refs/heads/master refs/remotes/master [5ms]
2023-05-18 13:46:16.662 [info] > git status -z -uall [26ms]
2023-05-18 13:47:22.344 [info] > git config --get commit.template [6ms]
2023-05-18 13:47:22.361 [info] > git for-each-ref --format=%(refname)%00%(upstream:short)%00%(objectname)%00%(upstream:track)%00%(upstream:remotename)%00%(upstream:remoteref) refs/heads/master refs/remotes/master [3ms]
2023-05-18 13:47:22.397 [info] > git status -z -uall [29ms]
2023-05-18 13:48:31.715 [info] > git for-each-ref --format=%(refname)%00%(upstream:short)%00%(objectname)%00%(upstream:track)%00%(upstream:remotename)%00%(upstream:remoteref) refs/heads/master refs/remotes/master [5ms]
2023-05-18 13:48:31.716 [info] > git config --get commit.template [22ms]
2023-05-18 13:48:31.758 [info] > git status -z -uall [29ms]
2023-05-18 13:48:36.979 [info] > git config --get commit.template [2ms]
2023-05-18 13:48:36.992 [info] > git for-each-ref --format=%(refname)%00%(upstream:short)%00%(objectname)%00%(upstream:track)%00%(upstream:remotename)%00%(upstream:remoteref) refs/heads/master refs/remotes/master [3ms]
2023-05-18 13:48:37.021 [info] > git status -z -uall [21ms]
2023-05-18 13:55:29.157 [info] > git config --get commit.template [18ms]
2023-05-18 13:55:29.161 [info] > git for-each-ref --format=%(refname)%00%(upstream:short)%00%(objectname)%00%(upstream:track)%00%(upstream:remotename)%00%(upstream:remoteref) refs/heads/master refs/remotes/master [5ms]
2023-05-18 13:55:29.207 [info] > git status -z -uall [35ms]
2023-05-18 13:57:10.475 [info] > git config --get commit.template [3ms]
2023-05-18 13:57:10.492 [info] > git for-each-ref --format=%(refname)%00%(upstream:short)%00%(objectname)%00%(upstream:track)%00%(upstream:remotename)%00%(upstream:remoteref) refs/heads/master refs/remotes/master [9ms]
2023-05-18 13:57:10.545 [info] > git status -z -uall [41ms]
2023-05-18 13:57:27.134 [info] > git config --get commit.template [8ms]
2023-05-18 13:57:27.139 [info] > git for-each-ref --format=%(refname)%00%(upstream:short)%00%(objectname)%00%(upstream:track)%00%(upstream:remotename)%00%(upstream:remoteref) refs/heads/master refs/remotes/master [6ms]
2023-05-18 13:57:27.172 [info] > git status -z -uall [26ms]
2023-05-18 14:04:37.772 [info] > git config --get commit.template [1ms]
2023-05-18 14:04:37.789 [info] > git for-each-ref --format=%(refname)%00%(upstream:short)%00%(objectname)%00%(upstream:track)%00%(upstream:remotename)%00%(upstream:remoteref) refs/heads/master refs/remotes/master [8ms]
2023-05-18 14:04:37.844 [info] > git status -z -uall [47ms]
2023-05-18 14:09:35.521 [info] > git config --get commit.template [13ms]
2023-05-18 14:09:35.525 [info] > git for-each-ref --format=%(refname)%00%(upstream:short)%00%(objectname)%00%(upstream:track)%00%(upstream:remotename)%00%(upstream:remoteref) refs/heads/master refs/remotes/master [5ms]
2023-05-18 14:09:35.581 [info] > git status -z -uall [44ms]
2023-05-18 14:09:40.610 [info] > git config --get commit.template [11ms]
2023-05-18 14:09:40.614 [info] > git for-each-ref --format=%(refname)%00%(upstream:short)%00%(objectname)%00%(upstream:track)%00%(upstream:remotename)%00%(upstream:remoteref) refs/heads/master refs/remotes/master [4ms]
2023-05-18 14:09:40.653 [info] > git status -z -uall [29ms]
2023-05-18 14:09:45.675 [info] > git config --get commit.template [11ms]
2023-05-18 14:09:45.678 [info] > git for-each-ref --format=%(refname)%00%(upstream:short)%00%(objectname)%00%(upstream:track)%00%(upstream:remotename)%00%(upstream:remoteref) refs/heads/master refs/remotes/master [4ms]
2023-05-18 14:09:45.721 [info] > git status -z -uall [34ms]
2023-05-18 14:09:50.741 [info] > git config --get commit.template [7ms]
2023-05-18 14:09:50.742 [info] > git for-each-ref --format=%(refname)%00%(upstream:short)%00%(objectname)%00%(upstream:track)%00%(upstream:remotename)%00%(upstream:remoteref) refs/heads/master refs/remotes/master [3ms]
2023-05-18 14:09:50.780 [info] > git status -z -uall [30ms]
2023-05-18 14:09:55.802 [info] > git config --get commit.template [10ms]
2023-05-18 14:09:55.806 [info] > git for-each-ref --format=%(refname)%00%(upstream:short)%00%(objectname)%00%(upstream:track)%00%(upstream:remotename)%00%(upstream:remoteref) refs/heads/master refs/remotes/master [5ms]
2023-05-18 14:09:55.850 [info] > git status -z -uall [35ms]
2023-05-18 14:10:01.495 [info] > git config --get commit.template [1ms]
2023-05-18 14:10:01.509 [info] > git for-each-ref --format=%(refname)%00%(upstream:short)%00%(objectname)%00%(upstream:track)%00%(upstream:remotename)%00%(upstream:remoteref) refs/heads/master refs/remotes/master [1ms]
2023-05-18 14:10:01.544 [info] > git status -z -uall [25ms]
2023-05-18 14:16:15.407 [info] > git config --get commit.template [11ms]
2023-05-18 14:16:15.413 [info] > git for-each-ref --format=%(refname)%00%(upstream:short)%00%(objectname)%00%(upstream:track)%00%(upstream:remotename)%00%(upstream:remoteref) refs/heads/master refs/remotes/master [7ms]
2023-05-18 14:16:15.449 [info] > git status -z -uall [26ms]
2023-05-18 14:16:20.316 [info] > git ls-files --stage -- /home/vagrant/myproject/myapp/views.py [16ms]
2023-05-18 14:16:20.321 [info] > git ls-files --stage -- /home/vagrant/myproject/myapp/urls.py [27ms]
2023-05-18 14:16:20.325 [info] > git ls-files --stage -- /home/vagrant/myproject/myapp/templates/services.html [37ms]
2023-05-18 14:16:20.329 [info] > git ls-files --stage -- /home/vagrant/myproject/myapp/templates/doctors.html [52ms]
2023-05-18 14:16:20.335 [info] > git cat-file -s fd33d28c677078b3b64e0888bdf7d05438d998e2 [6ms]
2023-05-18 14:16:20.336 [info] > git cat-file -s 04fe91d279fbbf474b7a4512044573b5952813b3 [11ms]
2023-05-18 14:16:20.337 [info] > git cat-file -s 1d4130bea9b266430aa826530a1df0817dd6b1ec [16ms]
2023-05-18 14:16:20.338 [info] > git ls-files --stage -- /home/vagrant/myproject/myapp/templates/contact.html [24ms]
2023-05-18 14:16:20.344 [info] > git cat-file -s 75ab5f74dfc0acea45846319de05cd57ad485c8d [10ms]
2023-05-18 14:16:20.356 [info] > git cat-file -s c8ee504d757f44795afaedefd6abcb23399997b9 [14ms]
2023-05-18 14:16:20.386 [info] > git show --textconv :myproject/myapp/templates/services.html [12ms]
2023-05-18 14:16:20.386 [info] > git show --textconv :myproject/myapp/urls.py [5ms]
2023-05-18 14:16:20.395 [info] > git show --textconv :myproject/myapp/views.py [9ms]
2023-05-18 14:16:20.412 [info] > git show --textconv :myproject/myapp/templates/doctors.html [18ms]
2023-05-18 14:16:20.417 [info] > git show --textconv :myproject/myapp/templates/contact.html [8ms]
2023-05-18 14:16:20.465 [info] > git config --get commit.template [6ms]
2023-05-18 14:16:20.467 [info] > git for-each-ref --format=%(refname)%00%(upstream:short)%00%(objectname)%00%(upstream:track)%00%(upstream:remotename)%00%(upstream:remoteref) refs/heads/master refs/remotes/master [2ms]
2023-05-18 14:16:20.504 [info] > git status -z -uall [32ms]
2023-05-18 14:16:22.816 [info] > git ls-files --stage -- /home/vagrant/myproject/myapp/views.py [9ms]
2023-05-18 14:16:22.822 [info] > git ls-files --stage -- /home/vagrant/myproject/myapp/urls.py [22ms]
2023-05-18 14:16:22.827 [info] > git ls-files --stage -- /home/vagrant/myproject/myapp/templates/services.html [33ms]
2023-05-18 14:16:22.832 [info] > git ls-files --stage -- /home/vagrant/myproject/myapp/templates/doctors.html [46ms]
2023-05-18 14:16:22.837 [info] > git cat-file -s fd33d28c677078b3b64e0888bdf7d05438d998e2 [6ms]
2023-05-18 14:16:22.838 [info] > git cat-file -s 04fe91d279fbbf474b7a4512044573b5952813b3 [12ms]
2023-05-18 14:16:22.838 [info] > git cat-file -s 1d4130bea9b266430aa826530a1df0817dd6b1ec [17ms]
2023-05-18 14:16:22.839 [info] > git ls-files --stage -- /home/vagrant/myproject/myapp/templates/contact.html [25ms]
2023-05-18 14:16:22.844 [info] > git cat-file -s 75ab5f74dfc0acea45846319de05cd57ad485c8d [7ms]
2023-05-18 14:16:22.845 [info] > git cat-file -s c8ee504d757f44795afaedefd6abcb23399997b9 [2ms]
2023-05-18 14:16:22.865 [info] > git show --textconv :myproject/myapp/templates/services.html [10ms]
2023-05-18 14:16:22.865 [info] > git show --textconv :myproject/myapp/urls.py [6ms]
2023-05-18 14:16:22.868 [info] > git show --textconv :myproject/myapp/views.py [3ms]
2023-05-18 14:16:22.880 [info] > git show --textconv :myproject/myapp/templates/doctors.html [6ms]
2023-05-18 14:16:22.884 [info] > git show --textconv :myproject/myapp/templates/contact.html [5ms]
2023-05-18 14:16:25.526 [info] > git config --get commit.template [9ms]
2023-05-18 14:16:25.530 [info] > git for-each-ref --format=%(refname)%00%(upstream:short)%00%(objectname)%00%(upstream:track)%00%(upstream:remotename)%00%(upstream:remoteref) refs/heads/master refs/remotes/master [4ms]
2023-05-18 14:16:25.563 [info] > git status -z -uall [27ms]
2023-05-18 14:16:30.595 [info] > git config --get commit.template [1ms]
2023-05-18 14:16:30.606 [info] > git for-each-ref --format=%(refname)%00%(upstream:short)%00%(objectname)%00%(upstream:track)%00%(upstream:remotename)%00%(upstream:remoteref) refs/heads/master refs/remotes/master [4ms]
2023-05-18 14:16:30.634 [info] > git status -z -uall [22ms]
2023-05-18 14:16:35.651 [info] > git config --get commit.template [3ms]
2023-05-18 14:16:35.660 [info] > git for-each-ref --format=%(refname)%00%(upstream:short)%00%(objectname)%00%(upstream:track)%00%(upstream:remotename)%00%(upstream:remoteref) refs/heads/master refs/remotes/master [3ms]
2023-05-18 14:16:35.695 [info] > git status -z -uall [29ms]
2023-05-18 14:16:40.716 [info] > git config --get commit.template [9ms]
2023-05-18 14:16:40.718 [info] > git for-each-ref --format=%(refname)%00%(upstream:short)%00%(objectname)%00%(upstream:track)%00%(upstream:remotename)%00%(upstream:remoteref) refs/heads/master refs/remotes/master [3ms]
2023-05-18 14:16:40.766 [info] > git status -z -uall [43ms]
2023-05-18 14:16:45.787 [info] > git config --get commit.template [8ms]
2023-05-18 14:16:45.791 [info] > git for-each-ref --format=%(refname)%00%(upstream:short)%00%(objectname)%00%(upstream:track)%00%(upstream:remotename)%00%(upstream:remoteref) refs/heads/master refs/remotes/master [5ms]
2023-05-18 14:16:45.829 [info] > git status -z -uall [31ms]
2023-05-18 14:16:50.851 [info] > git config --get commit.template [8ms]
2023-05-18 14:16:50.852 [info] > git for-each-ref --format=%(refname)%00%(upstream:short)%00%(objectname)%00%(upstream:track)%00%(upstream:remotename)%00%(upstream:remoteref) refs/heads/master refs/remotes/master [2ms]
2023-05-18 14:16:50.887 [info] > git status -z -uall [29ms]
2023-05-18 14:17:28.894 [info] > git config --get commit.template [13ms]
2023-05-18 14:17:28.896 [info] > git for-each-ref --format=%(refname)%00%(upstream:short)%00%(objectname)%00%(upstream:track)%00%(upstream:remotename)%00%(upstream:remoteref) refs/heads/master refs/remotes/master [3ms]
2023-05-18 14:17:28.933 [info] > git status -z -uall [30ms]
2023-05-18 14:17:33.954 [info] > git config --get commit.template [6ms]
2023-05-18 14:17:33.955 [info] > git for-each-ref --format=%(refname)%00%(upstream:short)%00%(objectname)%00%(upstream:track)%00%(upstream:remotename)%00%(upstream:remoteref) refs/heads/master refs/remotes/master [2ms]
2023-05-18 14:17:33.996 [info] > git status -z -uall [35ms]
2023-05-18 14:17:39.019 [info] > git config --get commit.template [8ms]
2023-05-18 14:17:39.020 [info] > git for-each-ref --format=%(refname)%00%(upstream:short)%00%(objectname)%00%(upstream:track)%00%(upstream:remotename)%00%(upstream:remoteref) refs/heads/master refs/remotes/master [2ms]
2023-05-18 14:17:39.060 [info] > git status -z -uall [32ms]
2023-05-18 14:17:44.122 [info] > git config --get commit.template [10ms]
2023-05-18 14:17:44.126 [info] > git for-each-ref --format=%(refname)%00%(upstream:short)%00%(objectname)%00%(upstream:track)%00%(upstream:remotename)%00%(upstream:remoteref) refs/heads/master refs/remotes/master [5ms]
2023-05-18 14:17:44.154 [info] > git status -z -uall [21ms]
2023-05-18 14:17:49.188 [info] > git config --get commit.template [22ms]
2023-05-18 14:17:49.190 [info] > git for-each-ref --format=%(refname)%00%(upstream:short)%00%(objectname)%00%(upstream:track)%00%(upstream:remotename)%00%(upstream:remoteref) refs/heads/master refs/remotes/master [3ms]
2023-05-18 14:17:49.219 [info] > git status -z -uall [23ms]
2023-05-18 14:17:54.241 [info] > git config --get commit.template [9ms]
2023-05-18 14:17:54.242 [info] > git for-each-ref --format=%(refname)%00%(upstream:short)%00%(objectname)%00%(upstream:track)%00%(upstream:remotename)%00%(upstream:remoteref) refs/heads/master refs/remotes/master [3ms]
2023-05-18 14:17:54.299 [info] > git status -z -uall [37ms]
2023-05-18 14:17:59.013 [info] > git ls-files --stage -- /home/vagrant/myproject/myapp/views.py [13ms]
2023-05-18 14:17:59.019 [info] > git ls-files --stage -- /home/vagrant/myproject/myapp/urls.py [25ms]
2023-05-18 14:17:59.026 [info] > git ls-files --stage -- /home/vagrant/myproject/myapp/templates/services.html [38ms]
2023-05-18 14:17:59.032 [info] > git ls-files --stage -- /home/vagrant/myproject/myapp/templates/doctors.html [51ms]
2023-05-18 14:17:59.039 [info] > git cat-file -s fd33d28c677078b3b64e0888bdf7d05438d998e2 [8ms]
2023-05-18 14:17:59.040 [info] > git cat-file -s 04fe91d279fbbf474b7a4512044573b5952813b3 [15ms]
2023-05-18 14:17:59.040 [info] > git cat-file -s 1d4130bea9b266430aa826530a1df0817dd6b1ec [21ms]
2023-05-18 14:17:59.041 [info] > git ls-files --stage -- /home/vagrant/myproject/myapp/templates/contact.html [30ms]
2023-05-18 14:17:59.049 [info] > git cat-file -s 75ab5f74dfc0acea45846319de05cd57ad485c8d [12ms]
2023-05-18 14:17:59.052 [info] > git cat-file -s c8ee504d757f44795afaedefd6abcb23399997b9 [6ms]
2023-05-18 14:17:59.075 [info] > git show --textconv :myproject/myapp/templates/services.html [14ms]
2023-05-18 14:17:59.075 [info] > git show --textconv :myproject/myapp/urls.py [7ms]
2023-05-18 14:17:59.093 [info] > git show --textconv :myproject/myapp/views.py [19ms]
2023-05-18 14:17:59.094 [info] > git show --textconv :myproject/myapp/templates/doctors.html [9ms]
2023-05-18 14:17:59.099 [info] > git show --textconv :myproject/myapp/templates/contact.html [8ms]
2023-05-18 14:17:59.325 [info] > git config --get commit.template [4ms]
2023-05-18 14:17:59.335 [info] > git for-each-ref --format=%(refname)%00%(upstream:short)%00%(objectname)%00%(upstream:track)%00%(upstream:remotename)%00%(upstream:remoteref) refs/heads/master refs/remotes/master [3ms]
2023-05-18 14:17:59.362 [info] > git status -z -uall [20ms]
2023-05-18 14:18:04.309 [info] > git ls-files --stage -- /home/vagrant/myproject/myapp/views.py [9ms]
2023-05-18 14:18:04.314 [info] > git ls-files --stage -- /home/vagrant/myproject/myapp/urls.py [22ms]
2023-05-18 14:18:04.321 [info] > git ls-files --stage -- /home/vagrant/myproject/myapp/templates/services.html [36ms]
2023-05-18 14:18:04.330 [info] > git ls-files --stage -- /home/vagrant/myproject/myapp/templates/doctors.html [68ms]
2023-05-18 14:18:04.344 [info] > git cat-file -s 922f2ccb0347f4955be223fa8ed1e23c8aed7677 [15ms]
2023-05-18 14:18:04.346 [info] > git cat-file -s 04fe91d279fbbf474b7a4512044573b5952813b3 [26ms]
2023-05-18 14:18:04.347 [info] > git cat-file -s 1d4130bea9b266430aa826530a1df0817dd6b1ec [33ms]
2023-05-18 14:18:04.348 [info] > git ls-files --stage -- /home/vagrant/myproject/myapp/templates/contact.html [41ms]
2023-05-18 14:18:04.354 [info] > git cat-file -s 75ab5f74dfc0acea45846319de05cd57ad485c8d [16ms]
2023-05-18 14:18:04.356 [info] > git cat-file -s c8ee504d757f44795afaedefd6abcb23399997b9 [3ms]
2023-05-18 14:18:04.389 [info] > git show --textconv :myproject/myapp/templates/services.html [24ms]
2023-05-18 14:18:04.389 [info] > git show --textconv :myproject/myapp/urls.py [18ms]
2023-05-18 14:18:04.390 [info] > git show --textconv :myproject/myapp/views.py [11ms]
2023-05-18 14:18:04.393 [info] > git config --get commit.template [5ms]
2023-05-18 14:18:04.408 [info] > git show --textconv :myproject/myapp/templates/doctors.html [9ms]
2023-05-18 14:18:04.417 [info] > git for-each-ref --format=%(refname)%00%(upstream:short)%00%(objectname)%00%(upstream:track)%00%(upstream:remotename)%00%(upstream:remoteref) refs/heads/master refs/remotes/master [10ms]
2023-05-18 14:18:04.441 [info] > git show --textconv :myproject/myapp/templates/contact.html [27ms]
2023-05-18 14:18:04.457 [info] > git status -z -uall [33ms]
2023-05-18 14:18:09.476 [info] > git config --get commit.template [6ms]
2023-05-18 14:18:09.488 [info] > git for-each-ref --format=%(refname)%00%(upstream:short)%00%(objectname)%00%(upstream:track)%00%(upstream:remotename)%00%(upstream:remoteref) refs/heads/master refs/remotes/master [4ms]
2023-05-18 14:18:09.514 [info] > git status -z -uall [20ms]
2023-05-18 14:18:14.529 [info] > git config --get commit.template [4ms]
2023-05-18 14:18:14.539 [info] > git for-each-ref --format=%(refname)%00%(upstream:short)%00%(objectname)%00%(upstream:track)%00%(upstream:remotename)%00%(upstream:remoteref) refs/heads/master refs/remotes/master [3ms]
2023-05-18 14:18:14.590 [info] > git status -z -uall [46ms]
2023-05-18 14:18:18.502 [info] > git ls-files --stage -- /home/vagrant/myproject/myapp/views.py [9ms]
2023-05-18 14:18:18.508 [info] > git ls-files --stage -- /home/vagrant/myproject/myapp/urls.py [24ms]
2023-05-18 14:18:18.512 [info] > git ls-files --stage -- /home/vagrant/myproject/myapp/templates/services.html [41ms]
2023-05-18 14:18:18.515 [info] > git ls-files --stage -- /home/vagrant/myproject/myapp/templates/doctors.html [53ms]
2023-05-18 14:18:18.522 [info] > git cat-file -s 922f2ccb0347f4955be223fa8ed1e23c8aed7677 [6ms]
2023-05-18 14:18:18.523 [info] > git cat-file -s 04fe91d279fbbf474b7a4512044573b5952813b3 [12ms]
2023-05-18 14:18:18.524 [info] > git cat-file -s 1d4130bea9b266430aa826530a1df0817dd6b1ec [18ms]
2023-05-18 14:18:18.525 [info] > git ls-files --stage -- /home/vagrant/myproject/myapp/templates/contact.html [25ms]
2023-05-18 14:18:18.537 [info] > git cat-file -s 75ab5f74dfc0acea45846319de05cd57ad485c8d [18ms]
2023-05-18 14:18:18.542 [info] > git cat-file -s c8ee504d757f44795afaedefd6abcb23399997b9 [6ms]
2023-05-18 14:18:18.571 [info] > git show --textconv :myproject/myapp/templates/services.html [14ms]
2023-05-18 14:18:18.572 [info] > git show --textconv :myproject/myapp/urls.py [9ms]
2023-05-18 14:18:18.583 [info] > git show --textconv :myproject/myapp/views.py [13ms]
2023-05-18 14:18:18.593 [info] > git show --textconv :myproject/myapp/templates/doctors.html [12ms]
2023-05-18 14:18:18.597 [info] > git show --textconv :myproject/myapp/templates/contact.html [4ms]
2023-05-18 14:18:19.606 [info] > git config --get commit.template [2ms]
2023-05-18 14:18:19.613 [info] > git for-each-ref --format=%(refname)%00%(upstream:short)%00%(objectname)%00%(upstream:track)%00%(upstream:remotename)%00%(upstream:remoteref) refs/heads/master refs/remotes/master [1ms]
2023-05-18 14:18:19.651 [info] > git status -z -uall [31ms]
2023-05-18 14:18:24.674 [info] > git config --get commit.template [7ms]
2023-05-18 14:18:24.676 [info] > git for-each-ref --format=%(refname)%00%(upstream:short)%00%(objectname)%00%(upstream:track)%00%(upstream:remotename)%00%(upstream:remoteref) refs/heads/master refs/remotes/master [3ms]
2023-05-18 14:18:24.716 [info] > git status -z -uall [29ms]
2023-05-18 14:18:29.741 [info] > git config --get commit.template [11ms]
2023-05-18 14:18:29.743 [info] > git for-each-ref --format=%(refname)%00%(upstream:short)%00%(objectname)%00%(upstream:track)%00%(upstream:remotename)%00%(upstream:remoteref) refs/heads/master refs/remotes/master [4ms]
2023-05-18 14:18:29.795 [info] > git status -z -uall [36ms]
2023-05-18 14:18:34.817 [info] > git config --get commit.template [9ms]
2023-05-18 14:18:34.820 [info] > git for-each-ref --format=%(refname)%00%(upstream:short)%00%(objectname)%00%(upstream:track)%00%(upstream:remotename)%00%(upstream:remoteref) refs/heads/master refs/remotes/master [3ms]
2023-05-18 14:18:34.863 [info] > git status -z -uall [36ms]
2023-05-18 14:18:39.882 [info] > git config --get commit.template [8ms]
2023-05-18 14:18:39.884 [info] > git for-each-ref --format=%(refname)%00%(upstream:short)%00%(objectname)%00%(upstream:track)%00%(upstream:remotename)%00%(upstream:remoteref) refs/heads/master refs/remotes/master [3ms]
2023-05-18 14:18:39.917 [info] > git status -z -uall [22ms]
2023-05-18 14:18:44.242 [info] > git ls-files --stage -- /home/vagrant/myproject/myapp/views.py [8ms]
2023-05-18 14:18:44.247 [info] > git ls-files --stage -- /home/vagrant/myproject/myapp/urls.py [21ms]
2023-05-18 14:18:44.254 [info] > git ls-files --stage -- /home/vagrant/myproject/myapp/templates/services.html [35ms]
2023-05-18 14:18:44.259 [info] > git ls-files --stage -- /home/vagrant/myproject/myapp/templates/doctors.html [49ms]
2023-05-18 14:18:44.266 [info] > git cat-file -s 7f260395a4dbc3f47cdb1df74bb689690a3822ff [6ms]
2023-05-18 14:18:44.267 [info] > git cat-file -s 04fe91d279fbbf474b7a4512044573b5952813b3 [14ms]
2023-05-18 14:18:44.267 [info] > git cat-file -s 1d4130bea9b266430aa826530a1df0817dd6b1ec [21ms]
2023-05-18 14:18:44.270 [info] > git ls-files --stage -- /home/vagrant/myproject/myapp/templates/contact.html [28ms]
2023-05-18 14:18:44.276 [info] > git cat-file -s 353ddc5a05965a6da568e1226fc8e0eb32d36971 [11ms]
2023-05-18 14:18:44.279 [info] > git cat-file -s 1569ae33b2b33d8266f445f28aea9eb918285407 [4ms]
2023-05-18 14:18:44.313 [info] > git show --textconv :myproject/myapp/templates/services.html [15ms]
2023-05-18 14:18:44.313 [info] > git show --textconv :myproject/myapp/views.py [1ms]
2023-05-18 14:18:44.342 [info] > git show --textconv :myproject/myapp/urls.py [39ms]
2023-05-18 14:18:44.342 [info] > git show --textconv :myproject/myapp/templates/doctors.html [21ms]
2023-05-18 14:18:44.342 [info] > git show --textconv :myproject/myapp/templates/contact.html [2ms]
2023-05-18 14:18:44.940 [info] > git for-each-ref --format=%(refname)%00%(upstream:short)%00%(objectname)%00%(upstream:track)%00%(upstream:remotename)%00%(upstream:remoteref) refs/heads/master refs/remotes/master [3ms]
2023-05-18 14:18:44.977 [info] > git status -z -uall [30ms]
2023-05-18 14:18:45.571 [info] > git check-ignore -v -z --stdin [4ms]
2023-05-18 14:18:45.647 [info] > git ls-files --stage -- /home/vagrant/myproject/myapp/templates/contact.html [5ms]
2023-05-18 14:18:45.654 [info] > git ls-files --stage -- /home/vagrant/myproject/myapp/views.py [18ms]
2023-05-18 14:18:45.662 [info] > git ls-files --stage -- /home/vagrant/myproject/myapp/urls.py [32ms]
2023-05-18 14:18:45.670 [info] > git ls-files --stage -- /home/vagrant/myproject/myapp/templates/services.html [47ms]
2023-05-18 14:18:45.675 [info] > git ls-files --stage -- /home/vagrant/myproject/myapp/templates/doctors.html [59ms]
2023-05-18 14:18:45.683 [info] > git cat-file -s 7f260395a4dbc3f47cdb1df74bb689690a3822ff [8ms]
2023-05-18 14:18:45.683 [info] > git cat-file -s 04fe91d279fbbf474b7a4512044573b5952813b3 [14ms]
2023-05-18 14:18:45.684 [info] > git cat-file -s 1d4130bea9b266430aa826530a1df0817dd6b1ec [23ms]
2023-05-18 14:18:45.685 [info] > git cat-file -s 1569ae33b2b33d8266f445f28aea9eb918285407 [31ms]
2023-05-18 14:18:45.685 [info] > git cat-file -s 353ddc5a05965a6da568e1226fc8e0eb32d36971 [5ms]
2023-05-18 14:18:45.708 [info] > git show --textconv :myproject/myapp/templates/services.html [14ms]
2023-05-18 14:18:45.708 [info] > git show --textconv :myproject/myapp/urls.py [9ms]
2023-05-18 14:18:45.708 [info] > git show --textconv :myproject/myapp/views.py [5ms]
2023-05-18 14:18:45.712 [info] > git show --textconv :myproject/myapp/templates/contact.html [5ms]
2023-05-18 14:18:45.721 [info] > git show --textconv :myproject/myapp/templates/doctors.html [3ms]
2023-05-18 14:18:50.001 [info] > git config --get commit.template [11ms]
2023-05-18 14:18:50.002 [info] > git for-each-ref --format=%(refname)%00%(upstream:short)%00%(objectname)%00%(upstream:track)%00%(upstream:remotename)%00%(upstream:remoteref) refs/heads/master refs/remotes/master [2ms]
2023-05-18 14:18:50.053 [info] > git status -z -uall [44ms]
2023-05-18 14:18:50.532 [info] > git ls-files --stage -- /home/vagrant/myproject/myapp/views.py [10ms]
2023-05-18 14:18:50.539 [info] > git ls-files --stage -- /home/vagrant/myproject/myapp/urls.py [23ms]
2023-05-18 14:18:50.546 [info] > git ls-files --stage -- /home/vagrant/myproject/myapp/templates/services.html [38ms]
2023-05-18 14:18:50.554 [info] > git ls-files --stage -- /home/vagrant/myproject/myapp/templates/doctors.html [53ms]
2023-05-18 14:18:50.559 [info] > git cat-file -s 7f260395a4dbc3f47cdb1df74bb689690a3822ff [6ms]
2023-05-18 14:18:50.560 [info] > git cat-file -s 04fe91d279fbbf474b7a4512044573b5952813b3 [14ms]
2023-05-18 14:18:50.561 [info] > git cat-file -s 1d4130bea9b266430aa826530a1df0817dd6b1ec [23ms]
2023-05-18 14:18:50.562 [info] > git ls-files --stage -- /home/vagrant/myproject/myapp/templates/contact.html [32ms]
2023-05-18 14:18:50.568 [info] > git cat-file -s 353ddc5a05965a6da568e1226fc8e0eb32d36971 [9ms]
2023-05-18 14:18:50.569 [info] > git cat-file -s 1569ae33b2b33d8266f445f28aea9eb918285407 [2ms]
2023-05-18 14:18:50.588 [info] > git show --textconv :myproject/myapp/templates/services.html [11ms]
2023-05-18 14:18:50.588 [info] > git show --textconv :myproject/myapp/urls.py [6ms]
2023-05-18 14:18:50.591 [info] > git show --textconv :myproject/myapp/views.py [3ms]
2023-05-18 14:18:50.605 [info] > git show --textconv :myproject/myapp/templates/doctors.html [7ms]
2023-05-18 14:18:50.609 [info] > git show --textconv :myproject/myapp/templates/contact.html [5ms]
2023-05-18 14:18:55.083 [info] > git config --get commit.template [8ms]
2023-05-18 14:18:55.088 [info] > git for-each-ref --format=%(refname)%00%(upstream:short)%00%(objectname)%00%(upstream:track)%00%(upstream:remotename)%00%(upstream:remoteref) refs/heads/master refs/remotes/master [4ms]
2023-05-18 14:18:55.131 [info] > git status -z -uall [38ms]
2023-05-18 14:19:00.155 [info] > git config --get commit.template [8ms]
2023-05-18 14:19:00.159 [info] > git for-each-ref --format=%(refname)%00%(upstream:short)%00%(objectname)%00%(upstream:track)%00%(upstream:remotename)%00%(upstream:remoteref) refs/heads/master refs/remotes/master [5ms]
2023-05-18 14:19:00.194 [info] > git status -z -uall [29ms]
2023-05-18 14:19:05.213 [info] > git config --get commit.template [8ms]
2023-05-18 14:19:05.215 [info] > git for-each-ref --format=%(refname)%00%(upstream:short)%00%(objectname)%00%(upstream:track)%00%(upstream:remotename)%00%(upstream:remoteref) refs/heads/master refs/remotes/master [3ms]
2023-05-18 14:19:05.244 [info] > git status -z -uall [24ms]
2023-05-18 14:19:13.291 [info] > git config --get commit.template [2ms]
2023-05-18 14:19:13.305 [info] > git for-each-ref --format=%(refname)%00%(upstream:short)%00%(objectname)%00%(upstream:track)%00%(upstream:remotename)%00%(upstream:remoteref) refs/heads/master refs/remotes/master [4ms]
2023-05-18 14:19:13.343 [info] > git status -z -uall [28ms]
2023-05-18 14:19:18.386 [info] > git config --get commit.template [12ms]
2023-05-18 14:19:18.396 [info] > git for-each-ref --format=%(refname)%00%(upstream:short)%00%(objectname)%00%(upstream:track)%00%(upstream:remotename)%00%(upstream:remoteref) refs/heads/master refs/remotes/master [12ms]
2023-05-18 14:19:18.454 [info] > git status -z -uall [48ms]
2023-05-18 14:19:26.399 [info] > git config --get commit.template [11ms]
2023-05-18 14:19:26.401 [info] > git for-each-ref --format=%(refname)%00%(upstream:short)%00%(objectname)%00%(upstream:track)%00%(upstream:remotename)%00%(upstream:remoteref) refs/heads/master refs/remotes/master [2ms]
2023-05-18 14:19:26.438 [info] > git status -z -uall [32ms]
2023-05-18 14:19:35.711 [info] > git config --get commit.template [11ms]
2023-05-18 14:19:35.717 [info] > git for-each-ref --format=%(refname)%00%(upstream:short)%00%(objectname)%00%(upstream:track)%00%(upstream:remotename)%00%(upstream:remoteref) refs/heads/master refs/remotes/master [6ms]
2023-05-18 14:19:35.760 [info] > git status -z -uall [33ms]
2023-05-18 14:25:52.986 [info] > git config --get commit.template [9ms]
2023-05-18 14:25:52.990 [info] > git for-each-ref --format=%(refname)%00%(upstream:short)%00%(objectname)%00%(upstream:track)%00%(upstream:remotename)%00%(upstream:remoteref) refs/heads/master refs/remotes/master [5ms]
2023-05-18 14:25:53.039 [info] > git status -z -uall [42ms]
2023-05-18 14:25:58.066 [info] > git config --get commit.template [10ms]
2023-05-18 14:25:58.070 [info] > git for-each-ref --format=%(refname)%00%(upstream:short)%00%(objectname)%00%(upstream:track)%00%(upstream:remotename)%00%(upstream:remoteref) refs/heads/master refs/remotes/master [4ms]
2023-05-18 14:25:58.109 [info] > git status -z -uall [32ms]
2023-05-18 14:26:03.241 [info] > git config --get commit.template [10ms]
2023-05-18 14:26:03.242 [info] > git for-each-ref --format=%(refname)%00%(upstream:short)%00%(objectname)%00%(upstream:track)%00%(upstream:remotename)%00%(upstream:remoteref) refs/heads/master refs/remotes/master [3ms]
2023-05-18 14:26:03.275 [info] > git status -z -uall [28ms]
2023-05-18 14:26:08.297 [info] > git config --get commit.template [9ms]
2023-05-18 14:26:08.298 [info] > git for-each-ref --format=%(refname)%00%(upstream:short)%00%(objectname)%00%(upstream:track)%00%(upstream:remotename)%00%(upstream:remoteref) refs/heads/master refs/remotes/master [2ms]
2023-05-18 14:26:08.333 [info] > git status -z -uall [29ms]
2023-05-18 14:28:08.269 [info] > git config --get commit.template [18ms]
2023-05-18 14:28:08.271 [info] > git for-each-ref --format=%(refname)%00%(upstream:short)%00%(objectname)%00%(upstream:track)%00%(upstream:remotename)%00%(upstream:remoteref) refs/heads/master refs/remotes/master [3ms]
2023-05-18 14:28:08.312 [info] > git status -z -uall [33ms]
2023-05-18 14:28:13.336 [info] > git config --get commit.template [12ms]
2023-05-18 14:28:13.339 [info] > git for-each-ref --format=%(refname)%00%(upstream:short)%00%(objectname)%00%(upstream:track)%00%(upstream:remotename)%00%(upstream:remoteref) refs/heads/master refs/remotes/master [4ms]
2023-05-18 14:28:13.377 [info] > git status -z -uall [30ms]
2023-05-18 14:28:18.397 [info] > git config --get commit.template [9ms]
2023-05-18 14:28:18.400 [info] > git for-each-ref --format=%(refname)%00%(upstream:short)%00%(objectname)%00%(upstream:track)%00%(upstream:remotename)%00%(upstream:remoteref) refs/heads/master refs/remotes/master [4ms]
2023-05-18 14:28:18.434 [info] > git status -z -uall [23ms]
2023-05-18 14:28:23.455 [info] > git config --get commit.template [8ms]
2023-05-18 14:28:23.458 [info] > git for-each-ref --format=%(refname)%00%(upstream:short)%00%(objectname)%00%(upstream:track)%00%(upstream:remotename)%00%(upstream:remoteref) refs/heads/master refs/remotes/master [4ms]
2023-05-18 14:28:23.497 [info] > git status -z -uall [32ms]
2023-05-18 14:28:24.926 [info] > git ls-files --stage -- /home/vagrant/myproject/myapp/urls.py [10ms]
2023-05-18 14:28:24.930 [info] > git ls-files --stage -- /home/vagrant/myproject/myapp/templates/services.html [22ms]
2023-05-18 14:28:24.934 [info] > git ls-files --stage -- /home/vagrant/myproject/myapp/templates/doctors.html [37ms]
2023-05-18 14:28:24.940 [info] > git cat-file -s 7f260395a4dbc3f47cdb1df74bb689690a3822ff [5ms]
2023-05-18 14:28:24.941 [info] > git cat-file -s 04fe91d279fbbf474b7a4512044573b5952813b3 [10ms]
2023-05-18 14:28:24.941 [info] > git ls-files --stage -- /home/vagrant/myproject/myapp/views.py [21ms]
2023-05-18 14:28:24.947 [info] > git ls-files --stage -- /home/vagrant/myproject/myapp/templates/contact.html [22ms]
2023-05-18 14:28:24.956 [info] > git cat-file -s 1d4130bea9b266430aa826530a1df0817dd6b1ec [10ms]
2023-05-18 14:28:24.958 [info] > git cat-file -s 353ddc5a05965a6da568e1226fc8e0eb32d36971 [20ms]
2023-05-18 14:28:24.959 [info] > git cat-file -s 1569ae33b2b33d8266f445f28aea9eb918285407 [6ms]
2023-05-18 14:28:24.988 [info] > git show --textconv :myproject/myapp/templates/services.html [16ms]
2023-05-18 14:28:24.988 [info] > git show --textconv :myproject/myapp/urls.py [12ms]
2023-05-18 14:28:25.005 [info] > git show --textconv :myproject/myapp/views.py [8ms]
2023-05-18 14:28:25.013 [info] > git show --textconv :myproject/myapp/templates/doctors.html [8ms]
2023-05-18 14:28:25.015 [info] > git show --textconv :myproject/myapp/templates/contact.html [4ms]
2023-05-18 14:28:26.711 [info] > git ls-files --stage -- /home/vagrant/myproject/myapp/views.py [8ms]
2023-05-18 14:28:26.718 [info] > git ls-files --stage -- /home/vagrant/myproject/myapp/urls.py [22ms]
2023-05-18 14:28:26.725 [info] > git ls-files --stage -- /home/vagrant/myproject/myapp/templates/services.html [34ms]
2023-05-18 14:28:26.730 [info] > git ls-files --stage -- /home/vagrant/myproject/myapp/templates/doctors.html [53ms]
2023-05-18 14:28:26.738 [info] > git cat-file -s 7f260395a4dbc3f47cdb1df74bb689690a3822ff [7ms]
2023-05-18 14:28:26.739 [info] > git cat-file -s 04fe91d279fbbf474b7a4512044573b5952813b3 [15ms]
2023-05-18 14:28:26.739 [info] > git cat-file -s 1d4130bea9b266430aa826530a1df0817dd6b1ec [21ms]
2023-05-18 14:28:26.740 [info] > git ls-files --stage -- /home/vagrant/myproject/myapp/templates/contact.html [31ms]
2023-05-18 14:28:26.749 [info] > git cat-file -s 353ddc5a05965a6da568e1226fc8e0eb32d36971 [15ms]
2023-05-18 14:28:26.751 [info] > git cat-file -s 2e0db1547f262c86791b3855659a3d4f96970e61 [5ms]
2023-05-18 14:28:26.778 [info] > git show --textconv :myproject/myapp/templates/services.html [15ms]
2023-05-18 14:28:26.778 [info] > git show --textconv :myproject/myapp/urls.py [7ms]
2023-05-18 14:28:26.794 [info] > git show --textconv :myproject/myapp/views.py [17ms]
2023-05-18 14:28:26.794 [info] > git show --textconv :myproject/myapp/templates/doctors.html [10ms]
2023-05-18 14:28:26.796 [info] > git show --textconv :myproject/myapp/templates/contact.html [3ms]
2023-05-18 14:28:28.535 [info] > git config --get commit.template [8ms]
2023-05-18 14:28:28.536 [info] > git for-each-ref --format=%(refname)%00%(upstream:short)%00%(objectname)%00%(upstream:track)%00%(upstream:remotename)%00%(upstream:remoteref) refs/heads/master refs/remotes/master [2ms]
2023-05-18 14:28:28.584 [info] > git status -z -uall [41ms]
2023-05-18 14:28:28.585 [info] > git ls-files --stage -- /home/vagrant/myproject/myapp/views.py [7ms]
2023-05-18 14:28:28.589 [info] > git ls-files --stage -- /home/vagrant/myproject/myapp/urls.py [17ms]
2023-05-18 14:28:28.609 [info] > git ls-files --stage -- /home/vagrant/myproject/myapp/templates/services.html [46ms]
2023-05-18 14:28:28.618 [info] > git ls-files --stage -- /home/vagrant/myproject/myapp/templates/doctors.html [64ms]
2023-05-18 14:28:28.631 [info] > git cat-file -s 353ddc5a05965a6da568e1226fc8e0eb32d36971 [6ms]
2023-05-18 14:28:28.631 [info] > git cat-file -s 7f260395a4dbc3f47cdb1df74bb689690a3822ff [14ms]
2023-05-18 14:28:28.632 [info] > git cat-file -s 04fe91d279fbbf474b7a4512044573b5952813b3 [23ms]
2023-05-18 14:28:28.633 [info] > git cat-file -s 1d4130bea9b266430aa826530a1df0817dd6b1ec [44ms]
2023-05-18 14:28:28.633 [info] > git ls-files --stage -- /home/vagrant/myproject/myapp/templates/contact.html [50ms]
2023-05-18 14:28:28.644 [info] > git cat-file -s 2e0db1547f262c86791b3855659a3d4f96970e61 [4ms]
2023-05-18 14:28:28.679 [info] > git show --textconv :myproject/myapp/templates/doctors.html [17ms]
2023-05-18 14:28:28.679 [info] > git show --textconv :myproject/myapp/templates/services.html [12ms]
2023-05-18 14:28:28.679 [info] > git show --textconv :myproject/myapp/urls.py [5ms]
2023-05-18 14:28:28.681 [info] > git show --textconv :myproject/myapp/views.py [3ms]
2023-05-18 14:28:28.703 [info] > git show --textconv :myproject/myapp/templates/contact.html [16ms]
2023-05-18 14:28:33.663 [info] > git config --get commit.template [11ms]
2023-05-18 14:28:33.665 [info] > git for-each-ref --format=%(refname)%00%(upstream:short)%00%(objectname)%00%(upstream:track)%00%(upstream:remotename)%00%(upstream:remoteref) refs/heads/master refs/remotes/master [2ms]
2023-05-18 14:28:33.695 [info] > git status -z -uall [21ms]
2023-05-18 14:28:38.721 [info] > git config --get commit.template [10ms]
2023-05-18 14:28:38.722 [info] > git for-each-ref --format=%(refname)%00%(upstream:short)%00%(objectname)%00%(upstream:track)%00%(upstream:remotename)%00%(upstream:remoteref) refs/heads/master refs/remotes/master [2ms]
2023-05-18 14:28:38.744 [info] > git status -z -uall [17ms]
2023-05-18 14:29:20.548 [info] > git config --get commit.template [19ms]
2023-05-18 14:29:20.554 [info] > git for-each-ref --format=%(refname)%00%(upstream:short)%00%(objectname)%00%(upstream:track)%00%(upstream:remotename)%00%(upstream:remoteref) refs/heads/master refs/remotes/master [7ms]
2023-05-18 14:29:20.600 [info] > git status -z -uall [36ms]
2023-05-18 14:29:28.389 [info] > git config --get commit.template [4ms]
2023-05-18 14:29:28.404 [info] > git for-each-ref --format=%(refname)%00%(upstream:short)%00%(objectname)%00%(upstream:track)%00%(upstream:remotename)%00%(upstream:remoteref) refs/heads/master refs/remotes/master [6ms]
2023-05-18 14:29:28.452 [info] > git status -z -uall [41ms]
2023-05-18 14:29:31.264 [info] > git show --textconv :myproject/myapp/templates/about.html [12ms]
2023-05-18 14:29:31.266 [info] > git ls-files --stage -- /home/vagrant/myproject/myapp/templates/about.html [2ms]
2023-05-18 14:29:31.279 [info] > git cat-file -s 6007b9a5622a670327eb38f5b81d7a50431d1b2a [2ms]
2023-05-18 14:29:33.408 [info] > git show --textconv :myproject/myapp/templates/home.html [13ms]
2023-05-18 14:29:33.419 [info] > git ls-files --stage -- /home/vagrant/myproject/myapp/templates/home.html [13ms]
2023-05-18 14:29:33.430 [info] > git cat-file -s 7b59c930f8cec56ded984d780c2ccb5e63599463 [4ms]
2023-05-18 14:29:33.488 [info] > git config --get commit.template [10ms]
2023-05-18 14:29:33.491 [info] > git for-each-ref --format=%(refname)%00%(upstream:short)%00%(objectname)%00%(upstream:track)%00%(upstream:remotename)%00%(upstream:remoteref) refs/heads/master refs/remotes/master [4ms]
2023-05-18 14:29:33.527 [info] > git status -z -uall [30ms]
2023-05-18 14:29:38.543 [info] > git config --get commit.template [5ms]
2023-05-18 14:29:38.553 [info] > git for-each-ref --format=%(refname)%00%(upstream:short)%00%(objectname)%00%(upstream:track)%00%(upstream:remotename)%00%(upstream:remoteref) refs/heads/master refs/remotes/master [3ms]
2023-05-18 14:29:38.601 [info] > git status -z -uall [27ms]
2023-05-18 14:29:42.919 [info] > git show --textconv :myproject/myapp/tests.py [9ms]
2023-05-18 14:29:42.924 [info] > git ls-files --stage -- /home/vagrant/myproject/myapp/tests.py [6ms]
2023-05-18 14:29:42.932 [info] > git cat-file -s 7ce503c2dd97ba78597f6ff6e4393132753573f6 [1ms]
2023-05-18 14:29:43.635 [info] > git config --get commit.template [10ms]
2023-05-18 14:29:43.637 [info] > git for-each-ref --format=%(refname)%00%(upstream:short)%00%(objectname)%00%(upstream:track)%00%(upstream:remotename)%00%(upstream:remoteref) refs/heads/master refs/remotes/master [3ms]
2023-05-18 14:29:43.671 [info] > git status -z -uall [28ms]
2023-05-18 14:30:38.805 [info] > git config --get commit.template [13ms]
2023-05-18 14:30:38.806 [info] > git for-each-ref --format=%(refname)%00%(upstream:short)%00%(objectname)%00%(upstream:track)%00%(upstream:remotename)%00%(upstream:remoteref) refs/heads/master refs/remotes/master [3ms]
2023-05-18 14:30:38.859 [info] > git status -z -uall [46ms]
2023-05-18 14:30:45.748 [info] > git config --get commit.template [20ms]
2023-05-18 14:30:45.749 [info] > git for-each-ref --format=%(refname)%00%(upstream:short)%00%(objectname)%00%(upstream:track)%00%(upstream:remotename)%00%(upstream:remoteref) refs/heads/master refs/remotes/master [7ms]
2023-05-18 14:30:45.810 [info] > git status -z -uall [31ms]
2023-05-18 14:30:50.831 [info] > git config --get commit.template [8ms]
2023-05-18 14:30:50.833 [info] > git for-each-ref --format=%(refname)%00%(upstream:short)%00%(objectname)%00%(upstream:track)%00%(upstream:remotename)%00%(upstream:remoteref) refs/heads/master refs/remotes/master [3ms]
2023-05-18 14:30:50.882 [info] > git status -z -uall [44ms]
2023-05-18 14:32:19.335 [info] > git config --get commit.template [34ms]
2023-05-18 14:32:19.355 [info] > git for-each-ref --format=%(refname)%00%(upstream:short)%00%(objectname)%00%(upstream:track)%00%(upstream:remotename)%00%(upstream:remoteref) refs/heads/master refs/remotes/master [21ms]
2023-05-18 14:32:19.398 [info] > git status -z -uall [30ms]
2023-05-18 14:33:59.773 [info] > git config --get commit.template [12ms]
2023-05-18 14:33:59.774 [info] > git for-each-ref --format=%(refname)%00%(upstream:short)%00%(objectname)%00%(upstream:track)%00%(upstream:remotename)%00%(upstream:remoteref) refs/heads/master refs/remotes/master [2ms]
2023-05-18 14:33:59.821 [info] > git status -z -uall [41ms]
2023-05-18 14:34:40.107 [info] > git config --get commit.template [11ms]
2023-05-18 14:34:40.118 [info] > git for-each-ref --format=%(refname)%00%(upstream:short)%00%(objectname)%00%(upstream:track)%00%(upstream:remotename)%00%(upstream:remoteref) refs/heads/master refs/remotes/master [12ms]
2023-05-18 14:34:40.205 [info] > git status -z -uall [72ms]
2023-05-18 14:35:34.282 [info] > git config --get commit.template [14ms]
2023-05-18 14:35:34.285 [info] > git for-each-ref --format=%(refname)%00%(upstream:short)%00%(objectname)%00%(upstream:track)%00%(upstream:remotename)%00%(upstream:remoteref) refs/heads/master refs/remotes/master [4ms]
2023-05-18 14:35:34.323 [info] > git status -z -uall [31ms]
2023-05-18 14:43:53.210 [info] > git config --get commit.template [8ms]
2023-05-18 14:43:53.213 [info] > git for-each-ref --format=%(refname)%00%(upstream:short)%00%(objectname)%00%(upstream:track)%00%(upstream:remotename)%00%(upstream:remoteref) refs/heads/master refs/remotes/master [4ms]
2023-05-18 14:43:53.254 [info] > git status -z -uall [30ms]
2023-05-18 14:44:04.872 [info] > git config --get commit.template [11ms]
2023-05-18 14:44:04.876 [info] > git for-each-ref --format=%(refname)%00%(upstream:short)%00%(objectname)%00%(upstream:track)%00%(upstream:remotename)%00%(upstream:remoteref) refs/heads/master refs/remotes/master [3ms]
2023-05-18 14:44:04.917 [info] > git status -z -uall [31ms]
2023-05-18 14:46:04.712 [info] > git config --get commit.template [2ms]
2023-05-18 14:46:04.732 [info] > git for-each-ref --format=%(refname)%00%(upstream:short)%00%(objectname)%00%(upstream:track)%00%(upstream:remotename)%00%(upstream:remoteref) refs/heads/master refs/remotes/master [5ms]
2023-05-18 14:46:04.785 [info] > git status -z -uall [40ms]
2023-05-18 14:46:20.328 [info] > git config --get commit.template [11ms]
2023-05-18 14:46:20.330 [info] > git for-each-ref --format=%(refname)%00%(upstream:short)%00%(objectname)%00%(upstream:track)%00%(upstream:remotename)%00%(upstream:remoteref) refs/heads/master refs/remotes/master [3ms]
2023-05-18 14:46:20.363 [info] > git status -z -uall [29ms]
2023-05-18 14:49:27.328 [info] > git config --get commit.template [14ms]
2023-05-18 14:49:27.336 [info] > git for-each-ref --format=%(refname)%00%(upstream:short)%00%(objectname)%00%(upstream:track)%00%(upstream:remotename)%00%(upstream:remoteref) refs/heads/master refs/remotes/master [10ms]
2023-05-18 14:49:27.390 [info] > git status -z -uall [46ms]
2023-05-18 14:50:08.152 [info] > git config --get commit.template [26ms]
2023-05-18 14:50:08.154 [info] > git for-each-ref --format=%(refname)%00%(upstream:short)%00%(objectname)%00%(upstream:track)%00%(upstream:remotename)%00%(upstream:remoteref) refs/heads/master refs/remotes/master [3ms]
2023-05-18 14:50:08.226 [info] > git status -z -uall [54ms]
2023-05-18 14:55:36.481 [info] > git config --get commit.template [4ms]
2023-05-18 14:55:36.493 [info] > git for-each-ref --format=%(refname)%00%(upstream:short)%00%(objectname)%00%(upstream:track)%00%(upstream:remotename)%00%(upstream:remoteref) refs/heads/master refs/remotes/master [2ms]
2023-05-18 14:55:36.523 [info] > git status -z -uall [25ms]
2023-05-18 14:55:43.335 [info] > git config --get commit.template [11ms]
2023-05-18 14:55:43.337 [info] > git for-each-ref --format=%(refname)%00%(upstream:short)%00%(objectname)%00%(upstream:track)%00%(upstream:remotename)%00%(upstream:remoteref) refs/heads/master refs/remotes/master [3ms]
2023-05-18 14:55:43.389 [info] > git status -z -uall [42ms]
2023-05-18 14:55:48.414 [info] > git config --get commit.template [14ms]
2023-05-18 14:55:48.415 [info] > git for-each-ref --format=%(refname)%00%(upstream:short)%00%(objectname)%00%(upstream:track)%00%(upstream:remotename)%00%(upstream:remoteref) refs/heads/master refs/remotes/master [3ms]
2023-05-18 14:55:48.450 [info] > git status -z -uall [28ms]
2023-05-18 14:55:56.310 [info] > git config --get commit.template [2ms]
2023-05-18 14:55:56.336 [info] > git for-each-ref --format=%(refname)%00%(upstream:short)%00%(objectname)%00%(upstream:track)%00%(upstream:remotename)%00%(upstream:remoteref) refs/heads/master refs/remotes/master [12ms]
2023-05-18 14:55:56.378 [info] > git status -z -uall [27ms]
2023-05-18 14:56:01.397 [info] > git config --get commit.template [1ms]
2023-05-18 14:56:01.408 [info] > git for-each-ref --format=%(refname)%00%(upstream:short)%00%(objectname)%00%(upstream:track)%00%(upstream:remotename)%00%(upstream:remoteref) refs/heads/master refs/remotes/master [4ms]
2023-05-18 14:56:01.446 [info] > git status -z -uall [31ms]
2023-05-18 14:56:06.498 [info] > git config --get commit.template [20ms]
2023-05-18 14:56:06.499 [info] > git for-each-ref --format=%(refname)%00%(upstream:short)%00%(objectname)%00%(upstream:track)%00%(upstream:remotename)%00%(upstream:remoteref) refs/heads/master refs/remotes/master [3ms]
2023-05-18 14:56:06.535 [info] > git status -z -uall [30ms]
2023-05-18 14:56:21.370 [info] > git config --get commit.template [18ms]
2023-05-18 14:56:21.373 [info] > git for-each-ref --format=%(refname)%00%(upstream:short)%00%(objectname)%00%(upstream:track)%00%(upstream:remotename)%00%(upstream:remoteref) refs/heads/master refs/remotes/master [4ms]
2023-05-18 14:56:21.419 [info] > git status -z -uall [33ms]
2023-05-18 14:56:30.718 [info] > git config --get commit.template [11ms]
2023-05-18 14:56:30.719 [info] > git for-each-ref --format=%(refname)%00%(upstream:short)%00%(objectname)%00%(upstream:track)%00%(upstream:remotename)%00%(upstream:remoteref) refs/heads/master refs/remotes/master [5ms]
2023-05-18 14:56:30.764 [info] > git status -z -uall [39ms]
2023-05-18 14:56:45.465 [info] > git config --get commit.template [4ms]
2023-05-18 14:56:45.478 [info] > git for-each-ref --format=%(refname)%00%(upstream:short)%00%(objectname)%00%(upstream:track)%00%(upstream:remotename)%00%(upstream:remoteref) refs/heads/master refs/remotes/master [1ms]
2023-05-18 14:56:45.520 [info] > git status -z -uall [37ms]
2023-05-18 14:57:11.251 [info] > git config --get commit.template [3ms]
2023-05-18 14:57:11.271 [info] > git for-each-ref --format=%(refname)%00%(upstream:short)%00%(objectname)%00%(upstream:track)%00%(upstream:remotename)%00%(upstream:remoteref) refs/heads/master refs/remotes/master [10ms]
2023-05-18 14:57:11.305 [info] > git status -z -uall [22ms]
2023-05-18 14:59:18.471 [info] > git config --get commit.template [10ms]
2023-05-18 14:59:18.475 [info] > git for-each-ref --format=%(refname)%00%(upstream:short)%00%(objectname)%00%(upstream:track)%00%(upstream:remotename)%00%(upstream:remoteref) refs/heads/master refs/remotes/master [3ms]
2023-05-18 14:59:18.517 [info] > git status -z -uall [36ms]
