2023-05-15 13:12:05.329 [info] Extension host with pid 4263 started
2023-05-15 13:12:05.349 [info] Lock '/home/vagrant/.vscode-server/data/User/workspaceStorage/49c7eca104af6a0210621ab8aecf3fe2/vscode.lock': Lock acquired.
2023-05-15 13:12:05.515 [info] ExtensionService#_doActivateExtension vscode.emmet, startup: false, activationEvent: 'onLanguage'
2023-05-15 13:12:05.617 [info] ExtensionService#_doActivateExtension vscode.git-base, startup: true, activationEvent: '*', root cause: vscode.git
2023-05-15 13:12:05.650 [info] ExtensionService#_doActivateExtension vscode.git, startup: true, activationEvent: '*'
2023-05-15 13:12:05.650 [info] ExtensionService#_doActivateExtension vscode.github, startup: true, activationEvent: '*'
2023-05-15 13:12:05.906 [info] Eager extensions activated
2023-05-15 13:12:05.907 [info] ExtensionService#_doActivateExtension vscode.debug-auto-launch, startup: false, activationEvent: 'onStartupFinished'
2023-05-15 13:12:05.909 [info] ExtensionService#_doActivateExtension vscode.merge-conflict, startup: false, activationEvent: 'onStartupFinished'
2023-05-15 13:12:06.196 [warning] [Decorations] CAPPING events from decorations provider vscode.git 1331
2023-05-15 13:12:06.708 [warning] [Decorations] CAPPING events from decorations provider vscode.git 1331
2023-05-15 13:12:09.820 [warning] [Decorations] CAPPING events from decorations provider vscode.git 1333
2023-05-15 13:12:14.921 [warning] [Decorations] CAPPING events from decorations provider vscode.git 1333
2023-05-15 13:12:20.011 [warning] [Decorations] CAPPING events from decorations provider vscode.git 1333
2023-05-15 13:12:25.105 [warning] [Decorations] CAPPING events from decorations provider vscode.git 1333
2023-05-15 13:12:30.169 [warning] [Decorations] CAPPING events from decorations provider vscode.git 1333
2023-05-15 13:12:35.244 [warning] [Decorations] CAPPING events from decorations provider vscode.git 1333
2023-05-15 13:12:40.317 [warning] [Decorations] CAPPING events from decorations provider vscode.git 1333
2023-05-15 13:12:45.429 [warning] [Decorations] CAPPING events from decorations provider vscode.git 1333
2023-05-15 13:12:50.529 [warning] [Decorations] CAPPING events from decorations provider vscode.git 1333
2023-05-15 13:12:59.164 [warning] [Decorations] CAPPING events from decorations provider vscode.git 1333
2023-05-15 13:13:12.554 [warning] [Decorations] CAPPING events from decorations provider vscode.git 1333
2023-05-15 13:13:17.648 [warning] [Decorations] CAPPING events from decorations provider vscode.git 1333
2023-05-15 13:14:18.211 [warning] [Decorations] CAPPING events from decorations provider vscode.git 1333
2023-05-15 13:14:45.660 [warning] [Decorations] CAPPING events from decorations provider vscode.git 1333
2023-05-15 13:14:50.760 [warning] [Decorations] CAPPING events from decorations provider vscode.git 1333
2023-05-15 13:14:55.934 [warning] [Decorations] CAPPING events from decorations provider vscode.git 1333
2023-05-15 13:15:01.018 [warning] [Decorations] CAPPING events from decorations provider vscode.git 1333
2023-05-15 13:15:10.736 [warning] [Decorations] CAPPING events from decorations provider vscode.git 1333
2023-05-15 13:15:15.828 [warning] [Decorations] CAPPING events from decorations provider vscode.git 1333
2023-05-15 13:15:24.292 [warning] [Decorations] CAPPING events from decorations provider vscode.git 1333
2023-05-15 13:15:29.532 [warning] [Decorations] CAPPING events from decorations provider vscode.git 1333
2023-05-15 13:15:40.185 [warning] [Decorations] CAPPING events from decorations provider vscode.git 1333
2023-05-15 13:15:44.692 [info] ExtensionService#_doActivateExtension vscode.npm, startup: false, activationEvent: 'onTerminalQuickFixRequest:ms-vscode.npm-command'
2023-05-15 13:15:45.266 [warning] [Decorations] CAPPING events from decorations provider vscode.git 1333
2023-05-15 13:15:50.360 [warning] [Decorations] CAPPING events from decorations provider vscode.git 1333
2023-05-15 13:15:55.458 [warning] [Decorations] CAPPING events from decorations provider vscode.git 1333
2023-05-15 13:16:00.585 [warning] [Decorations] CAPPING events from decorations provider vscode.git 1333
2023-05-15 13:16:05.683 [warning] [Decorations] CAPPING events from decorations provider vscode.git 1333
2023-05-15 13:16:23.671 [warning] [Decorations] CAPPING events from decorations provider vscode.git 1333
2023-05-15 13:16:28.759 [warning] [Decorations] CAPPING events from decorations provider vscode.git 1333
2023-05-15 13:16:33.832 [warning] [Decorations] CAPPING events from decorations provider vscode.git 1333
2023-05-15 13:16:38.908 [warning] [Decorations] CAPPING events from decorations provider vscode.git 1333
2023-05-15 13:16:43.994 [warning] [Decorations] CAPPING events from decorations provider vscode.git 1333
2023-05-15 13:16:49.071 [warning] [Decorations] CAPPING events from decorations provider vscode.git 1333
2023-05-15 13:16:54.139 [warning] [Decorations] CAPPING events from decorations provider vscode.git 1333
2023-05-15 13:16:59.228 [warning] [Decorations] CAPPING events from decorations provider vscode.git 1333
2023-05-15 13:17:21.572 [warning] [Decorations] CAPPING events from decorations provider vscode.git 1333
2023-05-15 13:17:26.687 [warning] [Decorations] CAPPING events from decorations provider vscode.git 1333
2023-05-15 13:17:35.845 [warning] [Decorations] CAPPING events from decorations provider vscode.git 1333
2023-05-15 13:17:40.919 [warning] [Decorations] CAPPING events from decorations provider vscode.git 1333
2023-05-15 13:18:50.442 [warning] [Decorations] CAPPING events from decorations provider vscode.git 1333
2023-05-15 13:18:55.520 [warning] [Decorations] CAPPING events from decorations provider vscode.git 1333
2023-05-15 13:19:00.639 [warning] [Decorations] CAPPING events from decorations provider vscode.git 1333
2023-05-15 13:19:05.748 [warning] [Decorations] CAPPING events from decorations provider vscode.git 1333
2023-05-15 13:19:10.834 [warning] [Decorations] CAPPING events from decorations provider vscode.git 1333
2023-05-15 13:19:15.925 [warning] [Decorations] CAPPING events from decorations provider vscode.git 1333
2023-05-15 13:19:49.658 [warning] [Decorations] CAPPING events from decorations provider vscode.git 1333
2023-05-15 13:20:15.224 [warning] [Decorations] CAPPING events from decorations provider vscode.git 1333
2023-05-15 13:20:20.335 [warning] [Decorations] CAPPING events from decorations provider vscode.git 1333
2023-05-15 13:20:25.433 [warning] [Decorations] CAPPING events from decorations provider vscode.git 1333
2023-05-15 13:20:34.342 [warning] [Decorations] CAPPING events from decorations provider vscode.git 1333
2023-05-15 13:20:39.437 [warning] [Decorations] CAPPING events from decorations provider vscode.git 1333
2023-05-15 13:20:45.042 [warning] [Decorations] CAPPING events from decorations provider vscode.git 1333
2023-05-15 13:20:50.164 [warning] [Decorations] CAPPING events from decorations provider vscode.git 1333
2023-05-15 13:20:55.296 [warning] [Decorations] CAPPING events from decorations provider vscode.git 1333
2023-05-15 13:21:00.408 [warning] [Decorations] CAPPING events from decorations provider vscode.git 1333
2023-05-15 13:21:05.502 [warning] [Decorations] CAPPING events from decorations provider vscode.git 1334
2023-05-15 13:21:10.586 [warning] [Decorations] CAPPING events from decorations provider vscode.git 1334
2023-05-15 13:21:15.725 [warning] [Decorations] CAPPING events from decorations provider vscode.git 1334
2023-05-15 13:21:20.816 [warning] [Decorations] CAPPING events from decorations provider vscode.git 1334
2023-05-15 13:21:36.695 [warning] [Decorations] CAPPING events from decorations provider vscode.git 1334
2023-05-15 13:21:44.835 [warning] [Decorations] CAPPING events from decorations provider vscode.git 1334
2023-05-15 13:21:49.954 [warning] [Decorations] CAPPING events from decorations provider vscode.git 1334
2023-05-15 13:21:55.058 [warning] [Decorations] CAPPING events from decorations provider vscode.git 1334
2023-05-15 13:22:21.256 [warning] [Decorations] CAPPING events from decorations provider vscode.git 1334
2023-05-15 13:22:26.385 [warning] [Decorations] CAPPING events from decorations provider vscode.git 1334
2023-05-15 13:22:31.523 [warning] [Decorations] CAPPING events from decorations provider vscode.git 1334
2023-05-15 13:22:36.632 [warning] [Decorations] CAPPING events from decorations provider vscode.git 1334
2023-05-15 13:22:41.715 [warning] [Decorations] CAPPING events from decorations provider vscode.git 1334
2023-05-15 13:23:10.898 [warning] [Decorations] CAPPING events from decorations provider vscode.git 1334
2023-05-15 13:23:15.997 [warning] [Decorations] CAPPING events from decorations provider vscode.git 1334
2023-05-15 13:23:21.100 [warning] [Decorations] CAPPING events from decorations provider vscode.git 1334
2023-05-15 13:23:26.178 [warning] [Decorations] CAPPING events from decorations provider vscode.git 1334
2023-05-15 13:23:31.256 [warning] [Decorations] CAPPING events from decorations provider vscode.git 1336
2023-05-15 13:23:41.052 [warning] [Decorations] CAPPING events from decorations provider vscode.git 1336
2023-05-15 13:23:46.193 [warning] [Decorations] CAPPING events from decorations provider vscode.git 1335
2023-05-15 13:23:51.305 [warning] [Decorations] CAPPING events from decorations provider vscode.git 1335
2023-05-15 13:23:56.389 [warning] [Decorations] CAPPING events from decorations provider vscode.git 1335
2023-05-15 13:24:01.492 [warning] [Decorations] CAPPING events from decorations provider vscode.git 1342
2023-05-15 13:25:24.092 [warning] [Decorations] CAPPING events from decorations provider vscode.git 1342
2023-05-15 13:30:04.127 [warning] [Decorations] CAPPING events from decorations provider vscode.git 1342
2023-05-15 13:30:09.219 [warning] [Decorations] CAPPING events from decorations provider vscode.git 1342
2023-05-15 13:30:14.920 [warning] [Decorations] CAPPING events from decorations provider vscode.git 1342
2023-05-15 13:30:20.043 [warning] [Decorations] CAPPING events from decorations provider vscode.git 1342
2023-05-15 13:30:25.481 [warning] [Decorations] CAPPING events from decorations provider vscode.git 1343
2023-05-15 13:30:32.364 [warning] [Decorations] CAPPING events from decorations provider vscode.git 1343
2023-05-15 13:30:37.486 [warning] [Decorations] CAPPING events from decorations provider vscode.git 1343
2023-05-15 13:30:42.686 [warning] [Decorations] CAPPING events from decorations provider vscode.git 1343
2023-05-15 13:30:48.173 [warning] [Decorations] CAPPING events from decorations provider vscode.git 1343
2023-05-15 13:30:57.094 [warning] [Decorations] CAPPING events from decorations provider vscode.git 1343
2023-05-15 13:31:02.239 [warning] [Decorations] CAPPING events from decorations provider vscode.git 1343
2023-05-15 13:31:08.063 [warning] [Decorations] CAPPING events from decorations provider vscode.git 1343
2023-05-15 13:31:13.138 [warning] [Decorations] CAPPING events from decorations provider vscode.git 1343
2023-05-15 13:31:27.070 [warning] [Decorations] CAPPING events from decorations provider vscode.git 1343
2023-05-15 13:31:32.190 [warning] [Decorations] CAPPING events from decorations provider vscode.git 1343
2023-05-15 13:31:40.138 [warning] [Decorations] CAPPING events from decorations provider vscode.git 1343
2023-05-15 13:31:45.233 [warning] [Decorations] CAPPING events from decorations provider vscode.git 1343
2023-05-15 13:31:50.313 [warning] [Decorations] CAPPING events from decorations provider vscode.git 1343
2023-05-15 13:31:58.291 [warning] [Decorations] CAPPING events from decorations provider vscode.git 1343
2023-05-15 13:32:03.376 [warning] [Decorations] CAPPING events from decorations provider vscode.git 1343
2023-05-15 13:32:08.479 [warning] [Decorations] CAPPING events from decorations provider vscode.git 1343
2023-05-15 13:32:15.650 [warning] [Decorations] CAPPING events from decorations provider vscode.git 1343
2023-05-15 13:32:27.100 [warning] [Decorations] CAPPING events from decorations provider vscode.git 1343
2023-05-15 13:32:42.759 [warning] [Decorations] CAPPING events from decorations provider vscode.git 1343
2023-05-15 13:32:51.713 [warning] [Decorations] CAPPING events from decorations provider vscode.git 1343
2023-05-15 13:32:56.808 [warning] [Decorations] CAPPING events from decorations provider vscode.git 1343
2023-05-15 13:33:01.933 [warning] [Decorations] CAPPING events from decorations provider vscode.git 1343
2023-05-15 13:33:07.297 [warning] [Decorations] CAPPING events from decorations provider vscode.git 1343
2023-05-15 13:33:16.606 [warning] [Decorations] CAPPING events from decorations provider vscode.git 1343
2023-05-15 13:33:21.697 [warning] [Decorations] CAPPING events from decorations provider vscode.git 1343
2023-05-15 13:33:26.893 [warning] [Decorations] CAPPING events from decorations provider vscode.git 1343
2023-05-15 13:33:31.983 [warning] [Decorations] CAPPING events from decorations provider vscode.git 1343
2023-05-15 13:33:37.087 [warning] [Decorations] CAPPING events from decorations provider vscode.git 1343
2023-05-15 13:33:42.214 [warning] [Decorations] CAPPING events from decorations provider vscode.git 1343
2023-05-15 13:33:47.335 [warning] [Decorations] CAPPING events from decorations provider vscode.git 1343
2023-05-15 13:33:52.403 [warning] [Decorations] CAPPING events from decorations provider vscode.git 1343
2023-05-15 13:33:57.951 [warning] [Decorations] CAPPING events from decorations provider vscode.git 1343
2023-05-15 13:34:03.085 [warning] [Decorations] CAPPING events from decorations provider vscode.git 1343
2023-05-15 13:34:08.181 [warning] [Decorations] CAPPING events from decorations provider vscode.git 1343
2023-05-15 13:34:15.699 [warning] [Decorations] CAPPING events from decorations provider vscode.git 1343
2023-05-15 13:34:20.778 [warning] [Decorations] CAPPING events from decorations provider vscode.git 1343
2023-05-15 13:34:27.449 [warning] [Decorations] CAPPING events from decorations provider vscode.git 1343
2023-05-15 13:34:32.521 [warning] [Decorations] CAPPING events from decorations provider vscode.git 1343
2023-05-15 13:34:37.639 [warning] [Decorations] CAPPING events from decorations provider vscode.git 1343
2023-05-15 13:34:43.375 [warning] [Decorations] CAPPING events from decorations provider vscode.git 1343
2023-05-15 13:34:48.645 [warning] [Decorations] CAPPING events from decorations provider vscode.git 1343
2023-05-15 13:34:56.864 [warning] [Decorations] CAPPING events from decorations provider vscode.git 1343
2023-05-15 13:35:01.940 [warning] [Decorations] CAPPING events from decorations provider vscode.git 1343
2023-05-15 13:35:07.421 [warning] [Decorations] CAPPING events from decorations provider vscode.git 1343
2023-05-15 13:35:12.531 [warning] [Decorations] CAPPING events from decorations provider vscode.git 1343
2023-05-15 13:35:18.641 [warning] [Decorations] CAPPING events from decorations provider vscode.git 1343
2023-05-15 13:35:38.670 [warning] [Decorations] CAPPING events from decorations provider vscode.git 1343
2023-05-15 13:35:43.748 [warning] [Decorations] CAPPING events from decorations provider vscode.git 1343
2023-05-15 13:35:49.887 [warning] [Decorations] CAPPING events from decorations provider vscode.git 1343
2023-05-15 13:35:57.003 [warning] [Decorations] CAPPING events from decorations provider vscode.git 1343
2023-05-15 13:36:02.129 [warning] [Decorations] CAPPING events from decorations provider vscode.git 1343
2023-05-15 13:36:07.226 [warning] [Decorations] CAPPING events from decorations provider vscode.git 1343
2023-05-15 13:36:12.664 [warning] [Decorations] CAPPING events from decorations provider vscode.git 1343
2023-05-15 13:36:17.782 [warning] [Decorations] CAPPING events from decorations provider vscode.git 1344
2023-05-15 13:36:22.852 [warning] [Decorations] CAPPING events from decorations provider vscode.git 1344
2023-05-15 13:36:28.073 [warning] [Decorations] CAPPING events from decorations provider vscode.git 1344
2023-05-15 13:36:34.208 [warning] [Decorations] CAPPING events from decorations provider vscode.git 1344
2023-05-15 13:36:39.351 [warning] [Decorations] CAPPING events from decorations provider vscode.git 1344
2023-05-15 13:36:44.468 [warning] [Decorations] CAPPING events from decorations provider vscode.git 1343
2023-05-15 13:36:50.635 [warning] [Decorations] CAPPING events from decorations provider vscode.git 1343
2023-05-15 13:36:59.291 [warning] [Decorations] CAPPING events from decorations provider vscode.git 1343
2023-05-15 13:37:04.141 [info] ExtensionService#_doActivateExtension vscode.html-language-features, startup: false, activationEvent: 'onLanguage:html'
2023-05-15 13:37:04.500 [warning] [Decorations] CAPPING events from decorations provider vscode.git 1344
2023-05-15 13:37:17.886 [warning] [Decorations] CAPPING events from decorations provider vscode.git 1345
2023-05-15 13:37:22.982 [warning] [Decorations] CAPPING events from decorations provider vscode.git 1345
2023-05-15 13:37:28.065 [warning] [Decorations] CAPPING events from decorations provider vscode.git 1345
2023-05-15 13:37:35.162 [warning] [Decorations] CAPPING events from decorations provider vscode.git 1345
2023-05-15 13:37:40.249 [warning] [Decorations] CAPPING events from decorations provider vscode.git 1349
2023-05-15 13:37:47.242 [warning] [Decorations] CAPPING events from decorations provider vscode.git 1349
2023-05-15 13:37:53.468 [warning] [Decorations] CAPPING events from decorations provider vscode.git 1349
2023-05-15 13:37:58.561 [warning] [Decorations] CAPPING events from decorations provider vscode.git 1349
2023-05-15 13:38:03.666 [warning] [Decorations] CAPPING events from decorations provider vscode.git 1349
2023-05-15 13:38:08.774 [warning] [Decorations] CAPPING events from decorations provider vscode.git 1349
2023-05-15 13:38:13.852 [warning] [Decorations] CAPPING events from decorations provider vscode.git 1349
2023-05-15 13:38:18.930 [warning] [Decorations] CAPPING events from decorations provider vscode.git 1349
2023-05-15 13:38:24.025 [warning] [Decorations] CAPPING events from decorations provider vscode.git 1349
2023-05-15 13:38:32.229 [warning] [Decorations] CAPPING events from decorations provider vscode.git 1349
2023-05-15 13:38:45.679 [warning] [Decorations] CAPPING events from decorations provider vscode.git 1350
2023-05-15 13:38:50.775 [warning] [Decorations] CAPPING events from decorations provider vscode.git 1350
2023-05-15 13:38:55.865 [warning] [Decorations] CAPPING events from decorations provider vscode.git 1350
2023-05-15 13:39:00.945 [warning] [Decorations] CAPPING events from decorations provider vscode.git 1350
2023-05-15 13:39:06.342 [warning] [Decorations] CAPPING events from decorations provider vscode.git 1350
2023-05-15 13:39:11.459 [warning] [Decorations] CAPPING events from decorations provider vscode.git 1352
2023-05-15 13:39:16.580 [warning] [Decorations] CAPPING events from decorations provider vscode.git 1352
2023-05-15 13:39:23.850 [warning] [Decorations] CAPPING events from decorations provider vscode.git 1352
2023-05-15 13:39:31.526 [warning] [Decorations] CAPPING events from decorations provider vscode.git 1352
2023-05-15 13:39:36.613 [warning] [Decorations] CAPPING events from decorations provider vscode.git 1352
2023-05-15 13:39:47.762 [warning] [Decorations] CAPPING events from decorations provider vscode.git 1352
2023-05-15 13:39:52.861 [warning] [Decorations] CAPPING events from decorations provider vscode.git 1352
2023-05-15 13:39:57.952 [warning] [Decorations] CAPPING events from decorations provider vscode.git 1352
2023-05-15 13:40:03.915 [warning] [Decorations] CAPPING events from decorations provider vscode.git 1352
2023-05-15 13:40:08.991 [warning] [Decorations] CAPPING events from decorations provider vscode.git 1352
2023-05-15 13:40:18.476 [warning] [Decorations] CAPPING events from decorations provider vscode.git 1352
2023-05-15 13:40:25.106 [warning] [Decorations] CAPPING events from decorations provider vscode.git 1352
2023-05-15 13:40:30.234 [warning] [Decorations] CAPPING events from decorations provider vscode.git 1358
2023-05-15 13:40:40.705 [warning] [Decorations] CAPPING events from decorations provider vscode.git 1358
2023-05-15 13:40:45.793 [warning] [Decorations] CAPPING events from decorations provider vscode.git 1358
2023-05-15 13:40:50.880 [warning] [Decorations] CAPPING events from decorations provider vscode.git 1358
2023-05-15 13:40:55.987 [warning] [Decorations] CAPPING events from decorations provider vscode.git 1358
2023-05-15 13:41:01.114 [warning] [Decorations] CAPPING events from decorations provider vscode.git 1358
2023-05-15 13:41:06.207 [warning] [Decorations] CAPPING events from decorations provider vscode.git 1358
2023-05-15 13:41:12.046 [warning] [Decorations] CAPPING events from decorations provider vscode.git 1358
2023-05-15 13:41:29.618 [warning] [Decorations] CAPPING events from decorations provider vscode.git 1358
2023-05-15 13:41:34.720 [warning] [Decorations] CAPPING events from decorations provider vscode.git 1358
2023-05-15 13:41:39.821 [warning] [Decorations] CAPPING events from decorations provider vscode.git 1358
2023-05-15 13:42:31.311 [warning] [Decorations] CAPPING events from decorations provider vscode.git 1358
2023-05-15 13:42:36.463 [warning] [Decorations] CAPPING events from decorations provider vscode.git 1358
2023-05-15 13:42:41.579 [warning] [Decorations] CAPPING events from decorations provider vscode.git 1358
2023-05-15 13:42:46.666 [warning] [Decorations] CAPPING events from decorations provider vscode.git 1358
2023-05-15 13:43:29.748 [warning] [Decorations] CAPPING events from decorations provider vscode.git 1358
2023-05-15 13:43:36.404 [warning] [Decorations] CAPPING events from decorations provider vscode.git 1358
2023-05-15 13:43:41.503 [warning] [Decorations] CAPPING events from decorations provider vscode.git 1358
2023-05-15 13:45:29.442 [warning] [Decorations] CAPPING events from decorations provider vscode.git 1358
2023-05-15 13:45:34.562 [warning] [Decorations] CAPPING events from decorations provider vscode.git 1358
2023-05-15 13:45:41.064 [warning] [Decorations] CAPPING events from decorations provider vscode.git 1358
2023-05-15 13:46:05.890 [warning] [Decorations] CAPPING events from decorations provider vscode.git 1358
2023-05-15 13:46:13.033 [warning] [Decorations] CAPPING events from decorations provider vscode.git 1358
2023-05-15 13:46:23.112 [warning] [Decorations] CAPPING events from decorations provider vscode.git 1358
2023-05-15 13:46:36.395 [warning] [Decorations] CAPPING events from decorations provider vscode.git 1358
2023-05-15 13:46:42.538 [warning] [Decorations] CAPPING events from decorations provider vscode.git 1358
2023-05-15 13:46:47.645 [warning] [Decorations] CAPPING events from decorations provider vscode.git 1358
2023-05-15 13:46:53.111 [warning] [Decorations] CAPPING events from decorations provider vscode.git 1359
2023-05-15 13:46:59.114 [warning] [Decorations] CAPPING events from decorations provider vscode.git 1359
2023-05-15 13:47:04.913 [warning] [Decorations] CAPPING events from decorations provider vscode.git 1359
2023-05-15 13:47:13.387 [warning] [Decorations] CAPPING events from decorations provider vscode.git 1359
2023-05-15 13:47:20.804 [warning] [Decorations] CAPPING events from decorations provider vscode.git 1359
2023-05-15 13:47:33.164 [warning] [Decorations] CAPPING events from decorations provider vscode.git 1359
2023-05-15 13:47:38.268 [warning] [Decorations] CAPPING events from decorations provider vscode.git 1359
2023-05-15 13:47:43.349 [warning] [Decorations] CAPPING events from decorations provider vscode.git 1362
2023-05-15 13:47:49.974 [warning] [Decorations] CAPPING events from decorations provider vscode.git 1366
2023-05-15 13:47:55.071 [warning] [Decorations] CAPPING events from decorations provider vscode.git 1366
2023-05-15 13:48:00.165 [warning] [Decorations] CAPPING events from decorations provider vscode.git 1366
2023-05-15 13:48:05.232 [warning] [Decorations] CAPPING events from decorations provider vscode.git 1366
2023-05-15 13:48:10.319 [warning] [Decorations] CAPPING events from decorations provider vscode.git 1366
2023-05-15 13:48:15.420 [warning] [Decorations] CAPPING events from decorations provider vscode.git 1366
2023-05-15 13:48:20.534 [warning] [Decorations] CAPPING events from decorations provider vscode.git 1366
2023-05-15 13:48:25.602 [warning] [Decorations] CAPPING events from decorations provider vscode.git 1366
2023-05-15 13:48:31.236 [warning] [Decorations] CAPPING events from decorations provider vscode.git 1366
2023-05-15 13:48:36.806 [warning] [Decorations] CAPPING events from decorations provider vscode.git 1366
2023-05-15 13:48:41.911 [warning] [Decorations] CAPPING events from decorations provider vscode.git 1366
2023-05-15 13:49:03.651 [warning] [Decorations] CAPPING events from decorations provider vscode.git 1366
2023-05-15 13:49:09.493 [warning] [Decorations] CAPPING events from decorations provider vscode.git 1367
2023-05-15 13:49:14.597 [warning] [Decorations] CAPPING events from decorations provider vscode.git 1367
2023-05-15 13:49:19.681 [warning] [Decorations] CAPPING events from decorations provider vscode.git 1368
2023-05-15 13:49:36.878 [warning] [Decorations] CAPPING events from decorations provider vscode.git 1368
2023-05-15 13:49:42.024 [warning] [Decorations] CAPPING events from decorations provider vscode.git 1368
2023-05-15 13:49:47.174 [warning] [Decorations] CAPPING events from decorations provider vscode.git 1368
2023-05-15 13:49:54.217 [warning] [Decorations] CAPPING events from decorations provider vscode.git 1368
2023-05-15 13:49:59.638 [warning] [Decorations] CAPPING events from decorations provider vscode.git 1368
2023-05-15 13:50:04.714 [warning] [Decorations] CAPPING events from decorations provider vscode.git 1368
2023-05-15 13:50:09.797 [warning] [Decorations] CAPPING events from decorations provider vscode.git 1368
2023-05-15 13:50:15.266 [warning] [Decorations] CAPPING events from decorations provider vscode.git 1368
2023-05-15 13:50:20.397 [warning] [Decorations] CAPPING events from decorations provider vscode.git 1368
2023-05-15 13:50:25.510 [warning] [Decorations] CAPPING events from decorations provider vscode.git 1368
2023-05-15 13:50:30.594 [warning] [Decorations] CAPPING events from decorations provider vscode.git 1368
2023-05-15 13:50:35.755 [warning] [Decorations] CAPPING events from decorations provider vscode.git 1368
2023-05-15 13:50:40.951 [warning] [Decorations] CAPPING events from decorations provider vscode.git 1368
2023-05-15 13:50:47.421 [warning] [Decorations] CAPPING events from decorations provider vscode.git 1369
2023-05-15 13:51:00.288 [warning] [Decorations] CAPPING events from decorations provider vscode.git 1369
2023-05-15 13:52:14.098 [warning] [Decorations] CAPPING events from decorations provider vscode.git 1369
2023-05-15 13:52:20.457 [warning] [Decorations] CAPPING events from decorations provider vscode.git 1369
2023-05-15 13:52:25.654 [warning] [Decorations] CAPPING events from decorations provider vscode.git 1369
2023-05-15 13:52:30.745 [warning] [Decorations] CAPPING events from decorations provider vscode.git 1369
2023-05-15 13:52:40.001 [warning] [Decorations] CAPPING events from decorations provider vscode.git 1369
2023-05-15 13:52:46.702 [warning] [Decorations] CAPPING events from decorations provider vscode.git 1369
2023-05-15 13:52:57.653 [warning] [Decorations] CAPPING events from decorations provider vscode.git 1369
2023-05-15 13:53:15.440 [warning] [Decorations] CAPPING events from decorations provider vscode.git 1369
2023-05-15 13:53:20.595 [warning] [Decorations] CAPPING events from decorations provider vscode.git 1369
2023-05-15 13:53:25.669 [warning] [Decorations] CAPPING events from decorations provider vscode.git 1369
2023-05-15 13:53:30.875 [warning] [Decorations] CAPPING events from decorations provider vscode.git 1369
2023-05-15 13:53:36.975 [warning] [Decorations] CAPPING events from decorations provider vscode.git 1369
2023-05-15 13:53:43.952 [warning] [Decorations] CAPPING events from decorations provider vscode.git 1369
2023-05-15 13:53:49.037 [warning] [Decorations] CAPPING events from decorations provider vscode.git 1369
2023-05-15 13:53:54.167 [warning] [Decorations] CAPPING events from decorations provider vscode.git 1369
2023-05-15 13:54:04.855 [warning] [Decorations] CAPPING events from decorations provider vscode.git 1369
2023-05-15 13:54:09.951 [warning] [Decorations] CAPPING events from decorations provider vscode.git 1369
2023-05-15 13:54:22.062 [warning] [Decorations] CAPPING events from decorations provider vscode.git 1369
2023-05-15 13:54:27.147 [warning] [Decorations] CAPPING events from decorations provider vscode.git 1369
2023-05-15 13:54:32.243 [warning] [Decorations] CAPPING events from decorations provider vscode.git 1369
2023-05-15 13:54:37.362 [warning] [Decorations] CAPPING events from decorations provider vscode.git 1369
2023-05-15 13:54:44.020 [warning] [Decorations] CAPPING events from decorations provider vscode.git 1369
2023-05-15 13:54:49.115 [warning] [Decorations] CAPPING events from decorations provider vscode.git 1369
2023-05-15 13:54:56.317 [warning] [Decorations] CAPPING events from decorations provider vscode.git 1369
2023-05-15 13:55:01.418 [warning] [Decorations] CAPPING events from decorations provider vscode.git 1369
2023-05-15 13:55:06.496 [warning] [Decorations] CAPPING events from decorations provider vscode.git 1370
2023-05-15 13:55:11.587 [warning] [Decorations] CAPPING events from decorations provider vscode.git 1370
2023-05-15 13:55:19.532 [warning] [Decorations] CAPPING events from decorations provider vscode.git 1370
2023-05-15 13:55:24.629 [warning] [Decorations] CAPPING events from decorations provider vscode.git 1370
2023-05-15 13:55:29.757 [warning] [Decorations] CAPPING events from decorations provider vscode.git 1369
2023-05-15 13:55:34.838 [warning] [Decorations] CAPPING events from decorations provider vscode.git 1369
2023-05-15 13:55:42.949 [warning] [Decorations] CAPPING events from decorations provider vscode.git 1369
2023-05-15 13:55:56.800 [warning] [Decorations] CAPPING events from decorations provider vscode.git 1369
2023-05-15 13:59:15.682 [warning] [Decorations] CAPPING events from decorations provider vscode.git 1369
2023-05-15 14:00:09.088 [warning] [Decorations] CAPPING events from decorations provider vscode.git 1369
2023-05-15 14:07:45.442 [warning] [Decorations] CAPPING events from decorations provider vscode.git 1369
2023-05-15 14:07:50.528 [warning] [Decorations] CAPPING events from decorations provider vscode.git 1369
2023-05-15 14:07:55.617 [warning] [Decorations] CAPPING events from decorations provider vscode.git 1369
2023-05-15 14:08:00.687 [warning] [Decorations] CAPPING events from decorations provider vscode.git 1369
2023-05-15 14:08:08.401 [warning] [Decorations] CAPPING events from decorations provider vscode.git 1370
2023-05-15 14:08:13.493 [warning] [Decorations] CAPPING events from decorations provider vscode.git 1370
2023-05-15 14:08:18.586 [warning] [Decorations] CAPPING events from decorations provider vscode.git 1371
2023-05-15 14:08:23.717 [warning] [Decorations] CAPPING events from decorations provider vscode.git 1371
2023-05-15 14:10:50.253 [warning] [Decorations] CAPPING events from decorations provider vscode.git 1371
2023-05-15 14:10:55.383 [warning] [Decorations] CAPPING events from decorations provider vscode.git 1371
2023-05-15 14:11:00.507 [warning] [Decorations] CAPPING events from decorations provider vscode.git 1371
2023-05-15 14:11:17.803 [warning] [Decorations] CAPPING events from decorations provider vscode.git 1371
2023-05-15 14:11:44.917 [warning] [Decorations] CAPPING events from decorations provider vscode.git 1371
2023-05-15 14:13:45.493 [warning] [Decorations] CAPPING events from decorations provider vscode.git 1371
2023-05-15 14:18:54.511 [warning] [Decorations] CAPPING events from decorations provider vscode.git 1371
2023-05-15 14:20:45.464 [warning] [Decorations] CAPPING events from decorations provider vscode.git 1371
2023-05-15 14:20:50.577 [warning] [Decorations] CAPPING events from decorations provider vscode.git 1371
2023-05-15 14:21:10.097 [warning] [Decorations] CAPPING events from decorations provider vscode.git 1371
2023-05-15 14:21:15.215 [warning] [Decorations] CAPPING events from decorations provider vscode.git 1371
2023-05-15 14:21:20.363 [warning] [Decorations] CAPPING events from decorations provider vscode.git 1371
2023-05-15 14:21:25.438 [warning] [Decorations] CAPPING events from decorations provider vscode.git 1371
2023-05-15 14:21:31.123 [warning] [Decorations] CAPPING events from decorations provider vscode.git 1371
2023-05-15 14:21:36.227 [warning] [Decorations] CAPPING events from decorations provider vscode.git 1371
2023-05-15 14:21:46.149 [warning] [Decorations] CAPPING events from decorations provider vscode.git 1371
2023-05-15 14:22:14.516 [warning] [Decorations] CAPPING events from decorations provider vscode.git 1371
2023-05-15 14:22:30.012 [warning] [Decorations] CAPPING events from decorations provider vscode.git 1371
2023-05-15 14:22:37.821 [warning] [Decorations] CAPPING events from decorations provider vscode.git 1371
2023-05-15 14:22:44.560 [warning] [Decorations] CAPPING events from decorations provider vscode.git 1371
2023-05-15 14:22:49.648 [warning] [Decorations] CAPPING events from decorations provider vscode.git 1371
2023-05-15 14:22:58.700 [warning] [Decorations] CAPPING events from decorations provider vscode.git 1371
2023-05-15 14:23:03.839 [warning] [Decorations] CAPPING events from decorations provider vscode.git 1371
2023-05-15 14:23:08.966 [warning] [Decorations] CAPPING events from decorations provider vscode.git 1371
2023-05-15 14:23:20.471 [warning] [Decorations] CAPPING events from decorations provider vscode.git 1371
2023-05-15 14:23:25.603 [warning] [Decorations] CAPPING events from decorations provider vscode.git 1371
2023-05-15 14:23:30.708 [warning] [Decorations] CAPPING events from decorations provider vscode.git 1371
2023-05-15 14:23:35.798 [warning] [Decorations] CAPPING events from decorations provider vscode.git 1371
2023-05-15 14:23:40.919 [warning] [Decorations] CAPPING events from decorations provider vscode.git 1371
2023-05-15 14:23:46.028 [warning] [Decorations] CAPPING events from decorations provider vscode.git 1371
2023-05-15 14:23:56.884 [warning] [Decorations] CAPPING events from decorations provider vscode.git 1371
2023-05-15 14:24:02.014 [warning] [Decorations] CAPPING events from decorations provider vscode.git 1371
2023-05-15 14:25:35.748 [warning] [Decorations] CAPPING events from decorations provider vscode.git 1371
2023-05-15 14:25:40.840 [warning] [Decorations] CAPPING events from decorations provider vscode.git 1371
2023-05-15 14:26:04.791 [warning] [Decorations] CAPPING events from decorations provider vscode.git 1371
2023-05-15 14:26:19.545 [warning] [Decorations] CAPPING events from decorations provider vscode.git 1371
2023-05-15 14:26:24.649 [warning] [Decorations] CAPPING events from decorations provider vscode.git 1371
2023-05-15 14:26:31.134 [warning] [Decorations] CAPPING events from decorations provider vscode.git 1371
2023-05-15 14:26:36.311 [warning] [Decorations] CAPPING events from decorations provider vscode.git 1371
2023-05-15 14:26:53.202 [warning] [Decorations] CAPPING events from decorations provider vscode.git 1371
2023-05-15 14:27:01.650 [warning] [Decorations] CAPPING events from decorations provider vscode.git 1371
2023-05-15 14:27:06.764 [warning] [Decorations] CAPPING events from decorations provider vscode.git 1371
2023-05-15 14:27:11.875 [warning] [Decorations] CAPPING events from decorations provider vscode.git 1371
2023-05-15 14:27:16.959 [warning] [Decorations] CAPPING events from decorations provider vscode.git 1371
2023-05-15 14:27:22.046 [warning] [Decorations] CAPPING events from decorations provider vscode.git 1371
2023-05-15 14:27:27.163 [warning] [Decorations] CAPPING events from decorations provider vscode.git 1371
2023-05-15 14:27:32.250 [warning] [Decorations] CAPPING events from decorations provider vscode.git 1371
2023-05-15 14:27:37.345 [warning] [Decorations] CAPPING events from decorations provider vscode.git 1371
2023-05-15 14:27:42.473 [warning] [Decorations] CAPPING events from decorations provider vscode.git 1371
2023-05-15 14:31:22.607 [warning] [Decorations] CAPPING events from decorations provider vscode.git 1371
2023-05-15 14:31:35.832 [warning] [Decorations] CAPPING events from decorations provider vscode.git 1371
2023-05-15 14:31:40.953 [warning] [Decorations] CAPPING events from decorations provider vscode.git 1371
2023-05-15 14:31:46.031 [warning] [Decorations] CAPPING events from decorations provider vscode.git 1371
2023-05-15 14:31:51.126 [warning] [Decorations] CAPPING events from decorations provider vscode.git 1371
2023-05-15 14:32:01.238 [warning] [Decorations] CAPPING events from decorations provider vscode.git 1371
2023-05-15 14:32:06.342 [warning] [Decorations] CAPPING events from decorations provider vscode.git 1371
2023-05-15 14:32:13.488 [warning] [Decorations] CAPPING events from decorations provider vscode.git 1371
2023-05-15 14:32:18.653 [warning] [Decorations] CAPPING events from decorations provider vscode.git 1371
2023-05-15 14:32:23.768 [warning] [Decorations] CAPPING events from decorations provider vscode.git 1371
2023-05-15 14:32:28.856 [warning] [Decorations] CAPPING events from decorations provider vscode.git 1371
2023-05-15 14:32:33.954 [warning] [Decorations] CAPPING events from decorations provider vscode.git 1371
2023-05-15 14:36:02.767 [warning] [Decorations] CAPPING events from decorations provider vscode.git 1371
2023-05-15 14:38:49.863 [warning] [Decorations] CAPPING events from decorations provider vscode.git 1371
2023-05-15 14:39:40.949 [warning] [Decorations] CAPPING events from decorations provider vscode.git 1371
2023-05-15 14:39:46.079 [warning] [Decorations] CAPPING events from decorations provider vscode.git 1371
2023-05-15 14:39:51.224 [warning] [Decorations] CAPPING events from decorations provider vscode.git 1371
2023-05-15 14:39:56.334 [warning] [Decorations] CAPPING events from decorations provider vscode.git 1371
2023-05-15 14:40:01.418 [warning] [Decorations] CAPPING events from decorations provider vscode.git 1371
2023-05-15 14:40:08.816 [warning] [Decorations] CAPPING events from decorations provider vscode.git 1371
2023-05-15 14:40:17.689 [warning] [Decorations] CAPPING events from decorations provider vscode.git 1371
2023-05-15 14:40:23.534 [warning] [Decorations] CAPPING events from decorations provider vscode.git 1371
2023-05-15 14:40:35.399 [warning] [Decorations] CAPPING events from decorations provider vscode.git 1371
2023-05-15 14:40:46.416 [warning] [Decorations] CAPPING events from decorations provider vscode.git 1371
2023-05-15 14:42:38.779 [warning] [Decorations] CAPPING events from decorations provider vscode.git 1371
2023-05-15 14:42:43.874 [warning] [Decorations] CAPPING events from decorations provider vscode.git 1371
2023-05-15 14:42:48.978 [warning] [Decorations] CAPPING events from decorations provider vscode.git 1371
2023-05-15 14:42:54.103 [warning] [Decorations] CAPPING events from decorations provider vscode.git 1371
2023-05-15 14:42:59.170 [warning] [Decorations] CAPPING events from decorations provider vscode.git 1371
2023-05-15 14:43:18.541 [warning] [Decorations] CAPPING events from decorations provider vscode.git 1371
2023-05-15 14:43:23.649 [warning] [Decorations] CAPPING events from decorations provider vscode.git 1371
2023-05-15 14:43:59.143 [warning] [Decorations] CAPPING events from decorations provider vscode.git 1371
2023-05-15 14:44:06.814 [warning] [Decorations] CAPPING events from decorations provider vscode.git 1371
2023-05-15 14:44:11.920 [warning] [Decorations] CAPPING events from decorations provider vscode.git 1371
2023-05-15 14:44:16.997 [warning] [Decorations] CAPPING events from decorations provider vscode.git 1371
2023-05-15 14:44:28.390 [warning] [Decorations] CAPPING events from decorations provider vscode.git 1548
2023-05-15 14:44:33.540 [warning] [Decorations] CAPPING events from decorations provider vscode.git 1548
2023-05-15 14:44:56.134 [warning] [Decorations] CAPPING events from decorations provider vscode.git 1548
2023-05-15 14:45:01.260 [warning] [Decorations] CAPPING events from decorations provider vscode.git 1548
2023-05-15 14:45:03.192 [info] ExtensionService#_doActivateExtension vscode.css-language-features, startup: false, activationEvent: 'onLanguage:css'
2023-05-15 14:45:06.348 [warning] [Decorations] CAPPING events from decorations provider vscode.git 1548
2023-05-15 14:45:11.459 [warning] [Decorations] CAPPING events from decorations provider vscode.git 1548
2023-05-15 14:45:16.674 [warning] [Decorations] CAPPING events from decorations provider vscode.git 1548
2023-05-15 14:45:24.883 [warning] [Decorations] CAPPING events from decorations provider vscode.git 1548
2023-05-15 14:45:30.004 [warning] [Decorations] CAPPING events from decorations provider vscode.git 1548
2023-05-15 14:45:35.090 [warning] [Decorations] CAPPING events from decorations provider vscode.git 1548
2023-05-15 14:46:10.189 [warning] [Decorations] CAPPING events from decorations provider vscode.git 1548
2023-05-15 14:46:15.291 [warning] [Decorations] CAPPING events from decorations provider vscode.git 1548
2023-05-15 14:46:20.383 [warning] [Decorations] CAPPING events from decorations provider vscode.git 1548
2023-05-15 14:46:25.456 [warning] [Decorations] CAPPING events from decorations provider vscode.git 1548
2023-05-15 14:46:30.573 [warning] [Decorations] CAPPING events from decorations provider vscode.git 1548
2023-05-15 14:46:35.686 [warning] [Decorations] CAPPING events from decorations provider vscode.git 1548
2023-05-15 14:46:40.794 [warning] [Decorations] CAPPING events from decorations provider vscode.git 1548
2023-05-15 14:46:46.564 [warning] [Decorations] CAPPING events from decorations provider vscode.git 1548
2023-05-15 14:46:51.701 [warning] [Decorations] CAPPING events from decorations provider vscode.git 1548
2023-05-15 14:46:56.800 [warning] [Decorations] CAPPING events from decorations provider vscode.git 1548
2023-05-15 14:47:01.902 [warning] [Decorations] CAPPING events from decorations provider vscode.git 1548
2023-05-15 14:47:07.014 [warning] [Decorations] CAPPING events from decorations provider vscode.git 1548
2023-05-15 14:47:12.108 [warning] [Decorations] CAPPING events from decorations provider vscode.git 1548
2023-05-15 14:47:17.200 [warning] [Decorations] CAPPING events from decorations provider vscode.git 1548
2023-05-15 14:47:22.309 [warning] [Decorations] CAPPING events from decorations provider vscode.git 1548
2023-05-15 14:47:27.395 [warning] [Decorations] CAPPING events from decorations provider vscode.git 1548
2023-05-15 14:47:46.913 [warning] [Decorations] CAPPING events from decorations provider vscode.git 1548
2023-05-15 14:47:54.196 [warning] [Decorations] CAPPING events from decorations provider vscode.git 1549
2023-05-15 14:48:15.437 [warning] [Decorations] CAPPING events from decorations provider vscode.git 1549
2023-05-15 14:48:20.547 [warning] [Decorations] CAPPING events from decorations provider vscode.git 1549
2023-05-15 14:48:25.665 [warning] [Decorations] CAPPING events from decorations provider vscode.git 1550
2023-05-15 14:48:30.761 [warning] [Decorations] CAPPING events from decorations provider vscode.git 1549
2023-05-15 14:48:36.365 [warning] [Decorations] CAPPING events from decorations provider vscode.git 1549
2023-05-15 14:48:47.750 [warning] [Decorations] CAPPING events from decorations provider vscode.git 1549
2023-05-15 14:48:52.863 [warning] [Decorations] CAPPING events from decorations provider vscode.git 1549
2023-05-15 14:49:00.414 [warning] [Decorations] CAPPING events from decorations provider vscode.git 1549
2023-05-15 14:49:05.574 [warning] [Decorations] CAPPING events from decorations provider vscode.git 1549
2023-05-15 14:49:15.500 [warning] [Decorations] CAPPING events from decorations provider vscode.git 1549
2023-05-15 14:49:28.666 [warning] [Decorations] CAPPING events from decorations provider vscode.git 1549
2023-05-15 14:51:57.665 [warning] [Decorations] CAPPING events from decorations provider vscode.git 1549
2023-05-15 14:52:02.753 [warning] [Decorations] CAPPING events from decorations provider vscode.git 1549
2023-05-15 14:52:47.722 [warning] [Decorations] CAPPING events from decorations provider vscode.git 1550
2023-05-15 14:53:11.257 [warning] [Decorations] CAPPING events from decorations provider vscode.git 1550
2023-05-15 14:58:44.765 [warning] [Decorations] CAPPING events from decorations provider vscode.git 1550
2023-05-15 14:58:49.848 [warning] [Decorations] CAPPING events from decorations provider vscode.git 1550
2023-05-15 14:58:54.953 [warning] [Decorations] CAPPING events from decorations provider vscode.git 1550
2023-05-15 14:59:01.469 [warning] [Decorations] CAPPING events from decorations provider vscode.git 1550
2023-05-15 14:59:06.588 [warning] [Decorations] CAPPING events from decorations provider vscode.git 1550
2023-05-15 14:59:12.185 [warning] [Decorations] CAPPING events from decorations provider vscode.git 1550
2023-05-15 14:59:17.300 [warning] [Decorations] CAPPING events from decorations provider vscode.git 1550
2023-05-15 14:59:22.399 [warning] [Decorations] CAPPING events from decorations provider vscode.git 1550
2023-05-15 14:59:33.223 [warning] [Decorations] CAPPING events from decorations provider vscode.git 1550
2023-05-15 14:59:38.300 [warning] [Decorations] CAPPING events from decorations provider vscode.git 1550
2023-05-15 14:59:43.454 [warning] [Decorations] CAPPING events from decorations provider vscode.git 1550
2023-05-15 14:59:48.592 [warning] [Decorations] CAPPING events from decorations provider vscode.git 1550
2023-05-15 14:59:55.414 [warning] [Decorations] CAPPING events from decorations provider vscode.git 1550
2023-05-15 15:00:14.248 [warning] [Decorations] CAPPING events from decorations provider vscode.git 1550
2023-05-15 15:00:20.650 [warning] [Decorations] CAPPING events from decorations provider vscode.git 1550
2023-05-15 15:00:25.804 [warning] [Decorations] CAPPING events from decorations provider vscode.git 1550
2023-05-15 15:00:31.764 [warning] [Decorations] CAPPING events from decorations provider vscode.git 1550
2023-05-15 15:00:36.917 [warning] [Decorations] CAPPING events from decorations provider vscode.git 1550
2023-05-15 15:00:42.023 [warning] [Decorations] CAPPING events from decorations provider vscode.git 1550
2023-05-15 15:00:47.133 [warning] [Decorations] CAPPING events from decorations provider vscode.git 1550
2023-05-15 15:00:52.250 [warning] [Decorations] CAPPING events from decorations provider vscode.git 1551
2023-05-15 15:01:01.920 [warning] [Decorations] CAPPING events from decorations provider vscode.git 1551
2023-05-15 15:01:07.106 [warning] [Decorations] CAPPING events from decorations provider vscode.git 1551
2023-05-15 15:01:13.301 [warning] [Decorations] CAPPING events from decorations provider vscode.git 1551
2023-05-15 15:01:18.396 [warning] [Decorations] CAPPING events from decorations provider vscode.git 1551
2023-05-15 15:01:23.500 [warning] [Decorations] CAPPING events from decorations provider vscode.git 1552
2023-05-15 15:01:34.707 [warning] [Decorations] CAPPING events from decorations provider vscode.git 1552
2023-05-15 15:01:39.814 [warning] [Decorations] CAPPING events from decorations provider vscode.git 1552
2023-05-15 15:01:45.500 [warning] [Decorations] CAPPING events from decorations provider vscode.git 1552
2023-05-15 15:01:50.604 [warning] [Decorations] CAPPING events from decorations provider vscode.git 1552
2023-05-15 15:01:56.166 [warning] [Decorations] CAPPING events from decorations provider vscode.git 1552
2023-05-15 15:02:06.427 [warning] [Decorations] CAPPING events from decorations provider vscode.git 1552
2023-05-15 15:02:11.802 [warning] [Decorations] CAPPING events from decorations provider vscode.git 1553
2023-05-15 15:02:16.897 [warning] [Decorations] CAPPING events from decorations provider vscode.git 1553
2023-05-15 15:02:24.955 [warning] [Decorations] CAPPING events from decorations provider vscode.git 1553
2023-05-15 15:02:30.035 [warning] [Decorations] CAPPING events from decorations provider vscode.git 1553
2023-05-15 15:02:35.184 [warning] [Decorations] CAPPING events from decorations provider vscode.git 1553
2023-05-15 15:02:40.244 [warning] [Decorations] CAPPING events from decorations provider vscode.git 1553
2023-05-15 15:02:45.331 [warning] [Decorations] CAPPING events from decorations provider vscode.git 1553
2023-05-15 15:03:00.028 [warning] [Decorations] CAPPING events from decorations provider vscode.git 1553
2023-05-15 15:03:05.558 [warning] [Decorations] CAPPING events from decorations provider vscode.git 1553
2023-05-15 15:03:10.685 [warning] [Decorations] CAPPING events from decorations provider vscode.git 1553
2023-05-15 15:03:15.811 [warning] [Decorations] CAPPING events from decorations provider vscode.git 1553
2023-05-15 15:03:20.905 [warning] [Decorations] CAPPING events from decorations provider vscode.git 1553
2023-05-15 15:03:29.210 [warning] [Decorations] CAPPING events from decorations provider vscode.git 1553
2023-05-15 15:03:39.721 [warning] [Decorations] CAPPING events from decorations provider vscode.git 1554
2023-05-15 15:03:44.815 [warning] [Decorations] CAPPING events from decorations provider vscode.git 1554
2023-05-15 15:03:54.087 [warning] [Decorations] CAPPING events from decorations provider vscode.git 1554
2023-05-15 15:03:59.220 [warning] [Decorations] CAPPING events from decorations provider vscode.git 1554
2023-05-15 15:04:09.974 [warning] [Decorations] CAPPING events from decorations provider vscode.git 1554
2023-05-15 15:04:21.590 [warning] [Decorations] CAPPING events from decorations provider vscode.git 1554
2023-05-15 15:04:26.682 [warning] [Decorations] CAPPING events from decorations provider vscode.git 1554
2023-05-15 15:04:31.793 [warning] [Decorations] CAPPING events from decorations provider vscode.git 1554
2023-05-15 15:04:36.884 [warning] [Decorations] CAPPING events from decorations provider vscode.git 1554
2023-05-15 15:04:41.966 [warning] [Decorations] CAPPING events from decorations provider vscode.git 1554
2023-05-15 15:04:47.063 [warning] [Decorations] CAPPING events from decorations provider vscode.git 1554
2023-05-15 15:04:52.149 [warning] [Decorations] CAPPING events from decorations provider vscode.git 1554
2023-05-15 15:04:58.648 [warning] [Decorations] CAPPING events from decorations provider vscode.git 1554
2023-05-15 15:05:03.786 [warning] [Decorations] CAPPING events from decorations provider vscode.git 1554
2023-05-15 15:05:08.868 [warning] [Decorations] CAPPING events from decorations provider vscode.git 1554
2023-05-15 15:05:13.956 [warning] [Decorations] CAPPING events from decorations provider vscode.git 1554
2023-05-15 15:05:19.040 [warning] [Decorations] CAPPING events from decorations provider vscode.git 1554
2023-05-15 15:05:24.178 [warning] [Decorations] CAPPING events from decorations provider vscode.git 1554
2023-05-15 15:05:30.614 [warning] [Decorations] CAPPING events from decorations provider vscode.git 1554
2023-05-15 15:05:35.731 [warning] [Decorations] CAPPING events from decorations provider vscode.git 1554
2023-05-15 15:05:40.823 [warning] [Decorations] CAPPING events from decorations provider vscode.git 1554
2023-05-15 15:05:45.901 [warning] [Decorations] CAPPING events from decorations provider vscode.git 1554
2023-05-15 15:05:50.992 [warning] [Decorations] CAPPING events from decorations provider vscode.git 1554
2023-05-15 15:05:56.091 [warning] [Decorations] CAPPING events from decorations provider vscode.git 1554
2023-05-15 15:06:01.182 [warning] [Decorations] CAPPING events from decorations provider vscode.git 1554
2023-05-15 15:06:09.376 [warning] [Decorations] CAPPING events from decorations provider vscode.git 1554
2023-05-15 15:06:14.456 [warning] [Decorations] CAPPING events from decorations provider vscode.git 1554
2023-05-15 15:06:23.191 [warning] [Decorations] CAPPING events from decorations provider vscode.git 1554
2023-05-15 15:06:28.285 [warning] [Decorations] CAPPING events from decorations provider vscode.git 1554
2023-05-15 15:06:33.365 [warning] [Decorations] CAPPING events from decorations provider vscode.git 1554
2023-05-15 15:06:40.445 [warning] [Decorations] CAPPING events from decorations provider vscode.git 1555
2023-05-15 15:06:45.601 [warning] [Decorations] CAPPING events from decorations provider vscode.git 1555
2023-05-15 15:06:50.710 [warning] [Decorations] CAPPING events from decorations provider vscode.git 1555
2023-05-15 15:06:55.801 [warning] [Decorations] CAPPING events from decorations provider vscode.git 1555
2023-05-15 15:07:00.931 [warning] [Decorations] CAPPING events from decorations provider vscode.git 1555
2023-05-15 15:07:07.065 [warning] [Decorations] CAPPING events from decorations provider vscode.git 1555
2023-05-15 15:07:12.157 [warning] [Decorations] CAPPING events from decorations provider vscode.git 1555
2023-05-15 15:07:17.232 [warning] [Decorations] CAPPING events from decorations provider vscode.git 1555
2023-05-15 15:07:22.359 [warning] [Decorations] CAPPING events from decorations provider vscode.git 1555
2023-05-15 15:07:27.446 [warning] [Decorations] CAPPING events from decorations provider vscode.git 1555
2023-05-15 15:07:32.564 [warning] [Decorations] CAPPING events from decorations provider vscode.git 1555
2023-05-15 15:07:37.664 [warning] [Decorations] CAPPING events from decorations provider vscode.git 1555
2023-05-15 15:07:42.796 [warning] [Decorations] CAPPING events from decorations provider vscode.git 1555
2023-05-15 15:07:47.897 [warning] [Decorations] CAPPING events from decorations provider vscode.git 1555
2023-05-15 15:07:53.011 [warning] [Decorations] CAPPING events from decorations provider vscode.git 1555
2023-05-15 15:08:55.308 [warning] [Decorations] CAPPING events from decorations provider vscode.git 1555
2023-05-15 15:09:00.413 [warning] [Decorations] CAPPING events from decorations provider vscode.git 1555
2023-05-15 15:09:05.510 [warning] [Decorations] CAPPING events from decorations provider vscode.git 1555
2023-05-15 15:09:10.625 [warning] [Decorations] CAPPING events from decorations provider vscode.git 1555
2023-05-15 15:09:15.724 [warning] [Decorations] CAPPING events from decorations provider vscode.git 1555
2023-05-15 15:09:20.925 [warning] [Decorations] CAPPING events from decorations provider vscode.git 1555
2023-05-15 15:09:26.008 [warning] [Decorations] CAPPING events from decorations provider vscode.git 1555
2023-05-15 15:09:31.237 [warning] [Decorations] CAPPING events from decorations provider vscode.git 1555
2023-05-15 15:09:36.362 [warning] [Decorations] CAPPING events from decorations provider vscode.git 1555
2023-05-15 15:09:41.503 [warning] [Decorations] CAPPING events from decorations provider vscode.git 1555
2023-05-15 15:09:46.600 [warning] [Decorations] CAPPING events from decorations provider vscode.git 1555
2023-05-15 15:09:52.545 [warning] [Decorations] CAPPING events from decorations provider vscode.git 1555
2023-05-15 15:09:57.662 [warning] [Decorations] CAPPING events from decorations provider vscode.git 1555
2023-05-15 15:10:08.569 [warning] [Decorations] CAPPING events from decorations provider vscode.git 1555
2023-05-15 15:10:13.730 [warning] [Decorations] CAPPING events from decorations provider vscode.git 1555
2023-05-15 15:11:39.840 [warning] [Decorations] CAPPING events from decorations provider vscode.git 1555
2023-05-15 15:11:44.957 [warning] [Decorations] CAPPING events from decorations provider vscode.git 1555
2023-05-15 15:11:50.095 [warning] [Decorations] CAPPING events from decorations provider vscode.git 1555
2023-05-15 15:11:55.179 [warning] [Decorations] CAPPING events from decorations provider vscode.git 1555
2023-05-15 15:12:01.670 [warning] [Decorations] CAPPING events from decorations provider vscode.git 1555
2023-05-15 15:12:08.042 [warning] [Decorations] CAPPING events from decorations provider vscode.git 1555
2023-05-15 15:12:13.156 [warning] [Decorations] CAPPING events from decorations provider vscode.git 1555
2023-05-15 15:12:18.260 [warning] [Decorations] CAPPING events from decorations provider vscode.git 1555
2023-05-15 15:12:24.365 [warning] [Decorations] CAPPING events from decorations provider vscode.git 1555
2023-05-15 15:12:29.464 [warning] [Decorations] CAPPING events from decorations provider vscode.git 1555
2023-05-15 15:12:34.840 [warning] [Decorations] CAPPING events from decorations provider vscode.git 1555
2023-05-15 15:12:39.944 [warning] [Decorations] CAPPING events from decorations provider vscode.git 1555
2023-05-15 15:12:47.734 [warning] [Decorations] CAPPING events from decorations provider vscode.git 1555
2023-05-15 15:12:52.828 [warning] [Decorations] CAPPING events from decorations provider vscode.git 1555
2023-05-15 15:12:58.131 [warning] [Decorations] CAPPING events from decorations provider vscode.git 1555
2023-05-15 15:13:50.208 [warning] [Decorations] CAPPING events from decorations provider vscode.git 1555
2023-05-15 15:14:01.777 [warning] [Decorations] CAPPING events from decorations provider vscode.git 1555
2023-05-15 15:14:07.218 [warning] [Decorations] CAPPING events from decorations provider vscode.git 1555
2023-05-15 15:14:12.367 [warning] [Decorations] CAPPING events from decorations provider vscode.git 1555
2023-05-15 15:15:36.770 [warning] [Decorations] CAPPING events from decorations provider vscode.git 1555
2023-05-15 15:15:43.354 [warning] [Decorations] CAPPING events from decorations provider vscode.git 1555
2023-05-15 15:15:48.488 [warning] [Decorations] CAPPING events from decorations provider vscode.git 1555
2023-05-15 15:15:53.589 [warning] [Decorations] CAPPING events from decorations provider vscode.git 1555
2023-05-15 15:15:59.407 [warning] [Decorations] CAPPING events from decorations provider vscode.git 1555
2023-05-15 15:16:04.551 [warning] [Decorations] CAPPING events from decorations provider vscode.git 1555
2023-05-15 15:16:09.654 [warning] [Decorations] CAPPING events from decorations provider vscode.git 1555
2023-05-15 15:16:49.783 [warning] [Decorations] CAPPING events from decorations provider vscode.git 1555
2023-05-15 15:16:54.910 [warning] [Decorations] CAPPING events from decorations provider vscode.git 1555
2023-05-15 15:16:59.993 [warning] [Decorations] CAPPING events from decorations provider vscode.git 1555
2023-05-15 15:17:11.062 [warning] [Decorations] CAPPING events from decorations provider vscode.git 1555
2023-05-15 15:17:20.689 [warning] [Decorations] CAPPING events from decorations provider vscode.git 1555
2023-05-15 15:18:06.407 [warning] [Decorations] CAPPING events from decorations provider vscode.git 1555
2023-05-15 15:18:11.495 [warning] [Decorations] CAPPING events from decorations provider vscode.git 1555
2023-05-15 15:18:16.600 [warning] [Decorations] CAPPING events from decorations provider vscode.git 1555
2023-05-15 15:18:21.720 [warning] [Decorations] CAPPING events from decorations provider vscode.git 1555
2023-05-15 15:18:26.829 [warning] [Decorations] CAPPING events from decorations provider vscode.git 1555
2023-05-15 15:18:31.922 [warning] [Decorations] CAPPING events from decorations provider vscode.git 1555
2023-05-15 15:18:37.015 [warning] [Decorations] CAPPING events from decorations provider vscode.git 1555
2023-05-15 15:18:42.101 [warning] [Decorations] CAPPING events from decorations provider vscode.git 1555
2023-05-15 15:18:47.190 [warning] [Decorations] CAPPING events from decorations provider vscode.git 1555
2023-05-15 15:18:52.319 [warning] [Decorations] CAPPING events from decorations provider vscode.git 1555
2023-05-15 15:18:57.426 [warning] [Decorations] CAPPING events from decorations provider vscode.git 1555
2023-05-15 15:19:02.496 [warning] [Decorations] CAPPING events from decorations provider vscode.git 1555
2023-05-15 15:19:07.637 [warning] [Decorations] CAPPING events from decorations provider vscode.git 1555
2023-05-15 15:19:12.753 [warning] [Decorations] CAPPING events from decorations provider vscode.git 1555
2023-05-15 15:19:19.643 [warning] [Decorations] CAPPING events from decorations provider vscode.git 1555
2023-05-15 15:19:24.744 [warning] [Decorations] CAPPING events from decorations provider vscode.git 1555
2023-05-15 15:19:29.850 [warning] [Decorations] CAPPING events from decorations provider vscode.git 1555
2023-05-15 15:19:34.990 [warning] [Decorations] CAPPING events from decorations provider vscode.git 1555
2023-05-15 15:19:41.064 [warning] [Decorations] CAPPING events from decorations provider vscode.git 1555
2023-05-15 15:19:46.181 [warning] [Decorations] CAPPING events from decorations provider vscode.git 1555
2023-05-15 15:20:00.586 [warning] [Decorations] CAPPING events from decorations provider vscode.git 1555
2023-05-15 15:20:05.681 [warning] [Decorations] CAPPING events from decorations provider vscode.git 1555
2023-05-15 15:20:10.775 [warning] [Decorations] CAPPING events from decorations provider vscode.git 1555
2023-05-15 15:20:35.580 [warning] [Decorations] CAPPING events from decorations provider vscode.git 1555
2023-05-15 15:24:12.978 [warning] [Decorations] CAPPING events from decorations provider vscode.git 1555
2023-05-15 15:24:18.067 [warning] [Decorations] CAPPING events from decorations provider vscode.git 1555
2023-05-15 15:24:23.167 [warning] [Decorations] CAPPING events from decorations provider vscode.git 1555
2023-05-15 15:24:28.331 [warning] [Decorations] CAPPING events from decorations provider vscode.git 1555
2023-05-15 15:24:33.436 [warning] [Decorations] CAPPING events from decorations provider vscode.git 1555
2023-05-15 15:24:38.520 [warning] [Decorations] CAPPING events from decorations provider vscode.git 1555
2023-05-15 15:24:43.622 [warning] [Decorations] CAPPING events from decorations provider vscode.git 1555
2023-05-15 15:26:29.811 [warning] [Decorations] CAPPING events from decorations provider vscode.git 1555
2023-05-15 15:26:34.918 [warning] [Decorations] CAPPING events from decorations provider vscode.git 1555
2023-05-15 15:26:40.071 [warning] [Decorations] CAPPING events from decorations provider vscode.git 1555
2023-05-15 15:26:45.211 [warning] [Decorations] CAPPING events from decorations provider vscode.git 1555
2023-05-15 15:26:50.354 [warning] [Decorations] CAPPING events from decorations provider vscode.git 1555
2023-05-15 15:31:17.911 [warning] [Decorations] CAPPING events from decorations provider vscode.git 1555
2023-05-15 15:31:23.021 [warning] [Decorations] CAPPING events from decorations provider vscode.git 1556
2023-05-15 15:31:28.185 [warning] [Decorations] CAPPING events from decorations provider vscode.git 1556
2023-05-15 15:31:33.287 [warning] [Decorations] CAPPING events from decorations provider vscode.git 1556
2023-05-15 15:31:40.109 [warning] [Decorations] CAPPING events from decorations provider vscode.git 1556
2023-05-15 15:31:45.199 [warning] [Decorations] CAPPING events from decorations provider vscode.git 1556
2023-05-15 15:31:50.376 [warning] [Decorations] CAPPING events from decorations provider vscode.git 1556
2023-05-15 15:31:55.477 [warning] [Decorations] CAPPING events from decorations provider vscode.git 1557
2023-05-15 15:32:00.554 [warning] [Decorations] CAPPING events from decorations provider vscode.git 1557
2023-05-15 15:32:05.665 [warning] [Decorations] CAPPING events from decorations provider vscode.git 1557
2023-05-15 15:32:10.757 [warning] [Decorations] CAPPING events from decorations provider vscode.git 1557
2023-05-15 15:32:15.948 [warning] [Decorations] CAPPING events from decorations provider vscode.git 1557
2023-05-15 15:32:21.071 [warning] [Decorations] CAPPING events from decorations provider vscode.git 1557
2023-05-15 15:32:26.190 [warning] [Decorations] CAPPING events from decorations provider vscode.git 1558
2023-05-15 15:32:31.534 [warning] [Decorations] CAPPING events from decorations provider vscode.git 1558
2023-05-15 15:32:36.646 [warning] [Decorations] CAPPING events from decorations provider vscode.git 1558
2023-05-15 15:33:02.572 [warning] [Decorations] CAPPING events from decorations provider vscode.git 1559
2023-05-15 15:33:10.140 [warning] [Decorations] CAPPING events from decorations provider vscode.git 1559
2023-05-15 15:35:28.127 [warning] [Decorations] CAPPING events from decorations provider vscode.git 1559
2023-05-15 15:35:33.206 [warning] [Decorations] CAPPING events from decorations provider vscode.git 1559
2023-05-15 15:35:38.306 [warning] [Decorations] CAPPING events from decorations provider vscode.git 1559
2023-05-15 15:35:43.972 [warning] [Decorations] CAPPING events from decorations provider vscode.git 1559
2023-05-15 15:36:15.182 [warning] [Decorations] CAPPING events from decorations provider vscode.git 1559
2023-05-15 15:36:20.265 [warning] [Decorations] CAPPING events from decorations provider vscode.git 1559
2023-05-15 15:36:25.347 [warning] [Decorations] CAPPING events from decorations provider vscode.git 1559
2023-05-15 15:39:24.947 [warning] [Decorations] CAPPING events from decorations provider vscode.git 1559
2023-05-15 15:39:30.036 [warning] [Decorations] CAPPING events from decorations provider vscode.git 1559
2023-05-15 15:39:49.110 [warning] [Decorations] CAPPING events from decorations provider vscode.git 1559
2023-05-15 15:39:55.400 [warning] [Decorations] CAPPING events from decorations provider vscode.git 1559
2023-05-15 15:40:00.573 [warning] [Decorations] CAPPING events from decorations provider vscode.git 1560
2023-05-15 15:40:05.683 [warning] [Decorations] CAPPING events from decorations provider vscode.git 1560
2023-05-15 15:40:10.766 [warning] [Decorations] CAPPING events from decorations provider vscode.git 1560
2023-05-15 15:40:23.795 [warning] [Decorations] CAPPING events from decorations provider vscode.git 1560
2023-05-15 15:40:28.910 [warning] [Decorations] CAPPING events from decorations provider vscode.git 1561
2023-05-15 15:40:37.776 [warning] [Decorations] CAPPING events from decorations provider vscode.git 1561
2023-05-15 15:41:04.907 [warning] [Decorations] CAPPING events from decorations provider vscode.git 1561
2023-05-15 15:41:39.322 [warning] [Decorations] CAPPING events from decorations provider vscode.git 1561
2023-05-15 15:41:44.429 [warning] [Decorations] CAPPING events from decorations provider vscode.git 1561
2023-05-15 15:41:49.957 [warning] [Decorations] CAPPING events from decorations provider vscode.git 1561
2023-05-15 15:41:55.048 [warning] [Decorations] CAPPING events from decorations provider vscode.git 1562
2023-05-15 15:42:00.150 [warning] [Decorations] CAPPING events from decorations provider vscode.git 1562
2023-05-15 15:42:05.300 [warning] [Decorations] CAPPING events from decorations provider vscode.git 1562
2023-05-15 15:42:10.412 [warning] [Decorations] CAPPING events from decorations provider vscode.git 1562
2023-05-15 15:42:15.575 [warning] [Decorations] CAPPING events from decorations provider vscode.git 1562
2023-05-15 15:42:20.703 [warning] [Decorations] CAPPING events from decorations provider vscode.git 1562
2023-05-15 15:42:26.925 [warning] [Decorations] CAPPING events from decorations provider vscode.git 1562
2023-05-15 15:42:36.134 [warning] [Decorations] CAPPING events from decorations provider vscode.git 1562
2023-05-15 15:42:41.255 [warning] [Decorations] CAPPING events from decorations provider vscode.git 1562
2023-05-15 15:42:47.528 [warning] [Decorations] CAPPING events from decorations provider vscode.git 1563
2023-05-15 15:42:52.823 [warning] [Decorations] CAPPING events from decorations provider vscode.git 1563
2023-05-15 15:42:57.901 [warning] [Decorations] CAPPING events from decorations provider vscode.git 1563
2023-05-15 15:43:03.025 [warning] [Decorations] CAPPING events from decorations provider vscode.git 1563
2023-05-15 15:43:09.873 [warning] [Decorations] CAPPING events from decorations provider vscode.git 1563
2023-05-15 15:43:14.985 [warning] [Decorations] CAPPING events from decorations provider vscode.git 1564
2023-05-15 15:43:20.088 [warning] [Decorations] CAPPING events from decorations provider vscode.git 1387
2023-05-15 15:43:25.222 [warning] [Decorations] CAPPING events from decorations provider vscode.git 1470
2023-05-15 15:43:30.330 [warning] [Decorations] CAPPING events from decorations provider vscode.git 1564
2023-05-15 15:44:41.294 [warning] [Decorations] CAPPING events from decorations provider vscode.git 1564
2023-05-15 15:44:46.379 [warning] [Decorations] CAPPING events from decorations provider vscode.git 1564
2023-05-15 15:44:51.488 [warning] [Decorations] CAPPING events from decorations provider vscode.git 1564
2023-05-15 15:44:56.568 [warning] [Decorations] CAPPING events from decorations provider vscode.git 1564
2023-05-15 15:45:01.673 [warning] [Decorations] CAPPING events from decorations provider vscode.git 1563
2023-05-15 15:45:06.828 [warning] [Decorations] CAPPING events from decorations provider vscode.git 1563
2023-05-15 15:45:11.961 [warning] [Decorations] CAPPING events from decorations provider vscode.git 1563
2023-05-15 15:45:17.051 [warning] [Decorations] CAPPING events from decorations provider vscode.git 1563
2023-05-15 15:45:22.166 [warning] [Decorations] CAPPING events from decorations provider vscode.git 1563
2023-05-15 15:46:18.924 [warning] [Decorations] CAPPING events from decorations provider vscode.git 1563
2023-05-15 15:46:24.034 [warning] [Decorations] CAPPING events from decorations provider vscode.git 1563
2023-05-15 15:46:29.155 [warning] [Decorations] CAPPING events from decorations provider vscode.git 1563
2023-05-15 15:46:39.044 [warning] [Decorations] CAPPING events from decorations provider vscode.git 1563
2023-05-15 15:46:44.786 [warning] [Decorations] CAPPING events from decorations provider vscode.git 1563
2023-05-15 15:46:50.546 [warning] [Decorations] CAPPING events from decorations provider vscode.git 1563
2023-05-15 15:46:56.223 [warning] [Decorations] CAPPING events from decorations provider vscode.git 1563
2023-05-15 15:47:01.318 [warning] [Decorations] CAPPING events from decorations provider vscode.git 1563
2023-05-15 15:47:07.078 [warning] [Decorations] CAPPING events from decorations provider vscode.git 1564
2023-05-15 15:47:12.144 [warning] [Decorations] CAPPING events from decorations provider vscode.git 1564
2023-05-15 15:47:17.281 [warning] [Decorations] CAPPING events from decorations provider vscode.git 1564
2023-05-15 15:47:23.737 [warning] [Decorations] CAPPING events from decorations provider vscode.git 1564
2023-05-15 15:47:28.838 [warning] [Decorations] CAPPING events from decorations provider vscode.git 1565
2023-05-15 15:47:33.961 [warning] [Decorations] CAPPING events from decorations provider vscode.git 1565
2023-05-15 15:47:39.061 [warning] [Decorations] CAPPING events from decorations provider vscode.git 1565
2023-05-15 15:47:57.883 [warning] [Decorations] CAPPING events from decorations provider vscode.git 1565
2023-05-15 15:48:23.319 [warning] [Decorations] CAPPING events from decorations provider vscode.git 1565
2023-05-15 15:48:28.470 [warning] [Decorations] CAPPING events from decorations provider vscode.git 1565
2023-05-15 15:48:33.913 [warning] [Decorations] CAPPING events from decorations provider vscode.git 1565
2023-05-15 15:48:58.380 [warning] [Decorations] CAPPING events from decorations provider vscode.git 1565
2023-05-15 15:49:03.504 [warning] [Decorations] CAPPING events from decorations provider vscode.git 1565
2023-05-15 15:49:12.063 [warning] [Decorations] CAPPING events from decorations provider vscode.git 1565
2023-05-15 15:49:17.141 [warning] [Decorations] CAPPING events from decorations provider vscode.git 1565
2023-05-15 15:49:22.285 [warning] [Decorations] CAPPING events from decorations provider vscode.git 1742
2023-05-15 15:49:28.162 [warning] [Decorations] CAPPING events from decorations provider vscode.git 1742
2023-05-15 15:49:33.291 [warning] [Decorations] CAPPING events from decorations provider vscode.git 1565
2023-05-15 15:49:38.395 [warning] [Decorations] CAPPING events from decorations provider vscode.git 1565
2023-05-15 15:49:43.481 [warning] [Decorations] CAPPING events from decorations provider vscode.git 1565
2023-05-15 15:49:48.562 [warning] [Decorations] CAPPING events from decorations provider vscode.git 1388
2023-05-15 15:49:53.675 [warning] [Decorations] CAPPING events from decorations provider vscode.git 1388
2023-05-15 15:49:58.781 [warning] [Decorations] CAPPING events from decorations provider vscode.git 1388
2023-05-15 15:50:05.416 [warning] [Decorations] CAPPING events from decorations provider vscode.git 1388
2023-05-15 15:50:10.489 [warning] [Decorations] CAPPING events from decorations provider vscode.git 1388
2023-05-15 15:50:16.053 [warning] [Decorations] CAPPING events from decorations provider vscode.git 1388
2023-05-15 15:50:21.170 [warning] [Decorations] CAPPING events from decorations provider vscode.git 1388
2023-05-15 15:50:26.252 [warning] [Decorations] CAPPING events from decorations provider vscode.git 1388
2023-05-15 15:50:39.442 [warning] [Decorations] CAPPING events from decorations provider vscode.git 1388
2023-05-15 15:50:44.534 [warning] [Decorations] CAPPING events from decorations provider vscode.git 1388
2023-05-15 15:50:50.726 [warning] [Decorations] CAPPING events from decorations provider vscode.git 1388
2023-05-15 15:51:14.962 [warning] [Decorations] CAPPING events from decorations provider vscode.git 1388
2023-05-15 15:51:20.094 [warning] [Decorations] CAPPING events from decorations provider vscode.git 1388
2023-05-15 15:51:25.203 [warning] [Decorations] CAPPING events from decorations provider vscode.git 1388
2023-05-15 15:51:32.053 [warning] [Decorations] CAPPING events from decorations provider vscode.git 1388
2023-05-15 15:51:37.278 [warning] [Decorations] CAPPING events from decorations provider vscode.git 1388
2023-05-15 15:51:42.392 [warning] [Decorations] CAPPING events from decorations provider vscode.git 1388
2023-05-15 15:51:47.517 [warning] [Decorations] CAPPING events from decorations provider vscode.git 1388
2023-05-15 15:51:53.130 [warning] [Decorations] CAPPING events from decorations provider vscode.git 1388
2023-05-15 15:52:01.408 [warning] [Decorations] CAPPING events from decorations provider vscode.git 1388
2023-05-15 15:52:12.049 [warning] [Decorations] CAPPING events from decorations provider vscode.git 1565
2023-05-15 15:52:17.140 [warning] [Decorations] CAPPING events from decorations provider vscode.git 1565
2023-05-15 15:52:22.216 [warning] [Decorations] CAPPING events from decorations provider vscode.git 1565
2023-05-15 15:52:27.323 [warning] [Decorations] CAPPING events from decorations provider vscode.git 1565
2023-05-15 15:52:32.422 [warning] [Decorations] CAPPING events from decorations provider vscode.git 1565
2023-05-15 15:52:37.558 [warning] [Decorations] CAPPING events from decorations provider vscode.git 1565
2023-05-15 15:52:42.671 [warning] [Decorations] CAPPING events from decorations provider vscode.git 1565
2023-05-15 15:53:46.214 [warning] [Decorations] CAPPING events from decorations provider vscode.git 1565
2023-05-15 15:53:51.285 [warning] [Decorations] CAPPING events from decorations provider vscode.git 1565
2023-05-15 15:53:56.436 [warning] [Decorations] CAPPING events from decorations provider vscode.git 1565
2023-05-15 15:54:01.544 [warning] [Decorations] CAPPING events from decorations provider vscode.git 1565
2023-05-15 15:54:06.649 [warning] [Decorations] CAPPING events from decorations provider vscode.git 1565
2023-05-15 15:54:11.743 [warning] [Decorations] CAPPING events from decorations provider vscode.git 1565
2023-05-15 15:54:16.913 [warning] [Decorations] CAPPING events from decorations provider vscode.git 1565
2023-05-15 15:54:22.017 [warning] [Decorations] CAPPING events from decorations provider vscode.git 1565
2023-05-15 15:54:29.057 [warning] [Decorations] CAPPING events from decorations provider vscode.git 1565
2023-05-15 15:54:34.152 [warning] [Decorations] CAPPING events from decorations provider vscode.git 1565
2023-05-15 15:54:39.239 [warning] [Decorations] CAPPING events from decorations provider vscode.git 1565
2023-05-15 15:54:47.607 [warning] [Decorations] CAPPING events from decorations provider vscode.git 1566
2023-05-15 15:54:52.710 [warning] [Decorations] CAPPING events from decorations provider vscode.git 1566
2023-05-15 15:55:15.906 [warning] [Decorations] CAPPING events from decorations provider vscode.git 1566
2023-05-15 15:55:22.682 [warning] [Decorations] CAPPING events from decorations provider vscode.git 1566
2023-05-15 15:56:40.057 [warning] [Decorations] CAPPING events from decorations provider vscode.git 1566
2023-05-15 15:59:25.398 [warning] [Decorations] CAPPING events from decorations provider vscode.git 1566
2023-05-15 15:59:31.417 [warning] [Decorations] CAPPING events from decorations provider vscode.git 1566
2023-05-15 15:59:36.562 [warning] [Decorations] CAPPING events from decorations provider vscode.git 1567
2023-05-15 15:59:44.596 [warning] [Decorations] CAPPING events from decorations provider vscode.git 1567
2023-05-15 15:59:53.323 [warning] [Decorations] CAPPING events from decorations provider vscode.git 1567
2023-05-15 16:00:00.264 [warning] [Decorations] CAPPING events from decorations provider vscode.git 1567
2023-05-15 16:00:05.402 [warning] [Decorations] CAPPING events from decorations provider vscode.git 1568
2023-05-15 16:00:10.576 [warning] [Decorations] CAPPING events from decorations provider vscode.git 1568
2023-05-15 16:00:15.790 [warning] [Decorations] CAPPING events from decorations provider vscode.git 1568
2023-05-15 16:00:34.339 [warning] [Decorations] CAPPING events from decorations provider vscode.git 1568
2023-05-15 16:00:39.448 [warning] [Decorations] CAPPING events from decorations provider vscode.git 1568
2023-05-15 16:00:44.552 [warning] [Decorations] CAPPING events from decorations provider vscode.git 1568
2023-05-15 16:00:49.981 [warning] [Decorations] CAPPING events from decorations provider vscode.git 1568
2023-05-15 16:00:55.155 [warning] [Decorations] CAPPING events from decorations provider vscode.git 1568
2023-05-15 16:01:00.324 [warning] [Decorations] CAPPING events from decorations provider vscode.git 1568
2023-05-15 16:01:37.984 [warning] [Decorations] CAPPING events from decorations provider vscode.git 1568
2023-05-15 16:01:43.188 [warning] [Decorations] CAPPING events from decorations provider vscode.git 1568
2023-05-15 16:01:48.719 [warning] [Decorations] CAPPING events from decorations provider vscode.git 1568
2023-05-15 16:01:53.917 [warning] [Decorations] CAPPING events from decorations provider vscode.git 1569
2023-05-15 16:02:00.027 [warning] [Decorations] CAPPING events from decorations provider vscode.git 1569
2023-05-15 16:02:05.196 [warning] [Decorations] CAPPING events from decorations provider vscode.git 1570
2023-05-15 16:02:10.288 [warning] [Decorations] CAPPING events from decorations provider vscode.git 1570
2023-05-15 16:02:15.351 [warning] [Decorations] CAPPING events from decorations provider vscode.git 1570
2023-05-15 16:02:20.480 [warning] [Decorations] CAPPING events from decorations provider vscode.git 1570
2023-05-15 16:02:25.566 [warning] [Decorations] CAPPING events from decorations provider vscode.git 1570
2023-05-15 16:02:30.670 [warning] [Decorations] CAPPING events from decorations provider vscode.git 1571
2023-05-15 16:02:35.778 [warning] [Decorations] CAPPING events from decorations provider vscode.git 1571
2023-05-15 16:02:40.880 [warning] [Decorations] CAPPING events from decorations provider vscode.git 1571
2023-05-15 16:02:46.030 [warning] [Decorations] CAPPING events from decorations provider vscode.git 1571
2023-05-15 16:02:52.723 [warning] [Decorations] CAPPING events from decorations provider vscode.git 1572
2023-05-15 16:02:58.026 [warning] [Decorations] CAPPING events from decorations provider vscode.git 1572
2023-05-15 16:03:03.195 [warning] [Decorations] CAPPING events from decorations provider vscode.git 1572
2023-05-15 16:05:12.058 [warning] [Decorations] CAPPING events from decorations provider vscode.git 1572
2023-05-15 16:05:17.242 [warning] [Decorations] CAPPING events from decorations provider vscode.git 1572
2023-05-15 16:06:29.443 [warning] [Decorations] CAPPING events from decorations provider vscode.git 1572
2023-05-15 16:06:34.558 [warning] [Decorations] CAPPING events from decorations provider vscode.git 1572
2023-05-15 16:06:39.694 [warning] [Decorations] CAPPING events from decorations provider vscode.git 1572
2023-05-15 16:06:44.812 [warning] [Decorations] CAPPING events from decorations provider vscode.git 1572
2023-05-15 16:06:49.939 [warning] [Decorations] CAPPING events from decorations provider vscode.git 1572
2023-05-15 16:06:55.023 [warning] [Decorations] CAPPING events from decorations provider vscode.git 1572
2023-05-15 16:13:49.976 [warning] [Decorations] CAPPING events from decorations provider vscode.git 1572
2023-05-15 16:25:00.495 [warning] [Decorations] CAPPING events from decorations provider vscode.git 1572
2023-05-15 16:25:11.323 [warning] [Decorations] CAPPING events from decorations provider vscode.git 1572
2023-05-15 16:28:22.968 [warning] [Decorations] CAPPING events from decorations provider vscode.git 1572
2023-05-15 16:28:28.430 [warning] [Decorations] CAPPING events from decorations provider vscode.git 1572
2023-05-15 16:28:33.531 [warning] [Decorations] CAPPING events from decorations provider vscode.git 1572
2023-05-15 16:28:38.615 [warning] [Decorations] CAPPING events from decorations provider vscode.git 1572
2023-05-15 16:28:43.763 [warning] [Decorations] CAPPING events from decorations provider vscode.git 1572
2023-05-15 16:28:48.861 [warning] [Decorations] CAPPING events from decorations provider vscode.git 1572
2023-05-15 16:28:56.560 [warning] [Decorations] CAPPING events from decorations provider vscode.git 1572
2023-05-15 16:29:01.644 [warning] [Decorations] CAPPING events from decorations provider vscode.git 1572
2023-05-15 16:29:09.052 [warning] [Decorations] CAPPING events from decorations provider vscode.git 1572
2023-05-15 16:29:14.176 [warning] [Decorations] CAPPING events from decorations provider vscode.git 1572
2023-05-15 16:29:19.273 [warning] [Decorations] CAPPING events from decorations provider vscode.git 1572
2023-05-15 16:29:48.133 [warning] [Decorations] CAPPING events from decorations provider vscode.git 1572
2023-05-15 16:31:23.805 [warning] [Decorations] CAPPING events from decorations provider vscode.git 1572
2023-05-15 16:31:28.907 [warning] [Decorations] CAPPING events from decorations provider vscode.git 1572
2023-05-15 16:31:33.997 [warning] [Decorations] CAPPING events from decorations provider vscode.git 1572
2023-05-15 16:31:39.086 [warning] [Decorations] CAPPING events from decorations provider vscode.git 1572
2023-05-15 16:31:44.212 [warning] [Decorations] CAPPING events from decorations provider vscode.git 1572
2023-05-15 16:31:49.300 [warning] [Decorations] CAPPING events from decorations provider vscode.git 1572
2023-05-15 16:31:54.381 [warning] [Decorations] CAPPING events from decorations provider vscode.git 1572
2023-05-15 16:31:59.471 [warning] [Decorations] CAPPING events from decorations provider vscode.git 1572
2023-05-15 16:32:04.567 [warning] [Decorations] CAPPING events from decorations provider vscode.git 1572
2023-05-15 16:32:09.698 [warning] [Decorations] CAPPING events from decorations provider vscode.git 1573
2023-05-15 16:32:14.798 [warning] [Decorations] CAPPING events from decorations provider vscode.git 1573
2023-05-15 16:32:19.927 [warning] [Decorations] CAPPING events from decorations provider vscode.git 1573
2023-05-15 16:32:25.009 [warning] [Decorations] CAPPING events from decorations provider vscode.git 1573
2023-05-15 16:32:30.163 [warning] [Decorations] CAPPING events from decorations provider vscode.git 1573
2023-05-15 16:32:35.275 [warning] [Decorations] CAPPING events from decorations provider vscode.git 1573
2023-05-15 16:32:40.404 [warning] [Decorations] CAPPING events from decorations provider vscode.git 1573
2023-05-15 16:32:45.521 [warning] [Decorations] CAPPING events from decorations provider vscode.git 1573
2023-05-15 16:32:50.642 [warning] [Decorations] CAPPING events from decorations provider vscode.git 1573
2023-05-15 16:32:55.775 [warning] [Decorations] CAPPING events from decorations provider vscode.git 1573
2023-05-15 16:33:00.944 [warning] [Decorations] CAPPING events from decorations provider vscode.git 1573
2023-05-15 16:33:06.029 [warning] [Decorations] CAPPING events from decorations provider vscode.git 1573
2023-05-15 16:33:11.127 [warning] [Decorations] CAPPING events from decorations provider vscode.git 1573
2023-05-15 16:33:16.284 [warning] [Decorations] CAPPING events from decorations provider vscode.git 1573
2023-05-15 16:33:21.444 [warning] [Decorations] CAPPING events from decorations provider vscode.git 1573
2023-05-15 16:33:26.521 [warning] [Decorations] CAPPING events from decorations provider vscode.git 1573
2023-05-15 16:33:31.614 [warning] [Decorations] CAPPING events from decorations provider vscode.git 1573
2023-05-15 16:34:23.084 [warning] [Decorations] CAPPING events from decorations provider vscode.git 1573
2023-05-15 16:34:28.176 [warning] [Decorations] CAPPING events from decorations provider vscode.git 1573
2023-05-15 16:34:33.302 [warning] [Decorations] CAPPING events from decorations provider vscode.git 1573
2023-05-15 16:34:43.886 [warning] [Decorations] CAPPING events from decorations provider vscode.git 1573
2023-05-15 16:34:48.963 [warning] [Decorations] CAPPING events from decorations provider vscode.git 1573
2023-05-15 16:36:13.429 [warning] [Decorations] CAPPING events from decorations provider vscode.git 1573
2023-05-15 16:36:18.531 [warning] [Decorations] CAPPING events from decorations provider vscode.git 1573
2023-05-15 16:36:23.692 [warning] [Decorations] CAPPING events from decorations provider vscode.git 1573
2023-05-15 16:36:28.804 [warning] [Decorations] CAPPING events from decorations provider vscode.git 1573
2023-05-15 16:36:33.942 [warning] [Decorations] CAPPING events from decorations provider vscode.git 1573
2023-05-15 16:36:39.063 [warning] [Decorations] CAPPING events from decorations provider vscode.git 1573
2023-05-15 16:36:44.180 [warning] [Decorations] CAPPING events from decorations provider vscode.git 1573
2023-05-15 16:36:49.320 [warning] [Decorations] CAPPING events from decorations provider vscode.git 1573
2023-05-15 16:36:54.447 [warning] [Decorations] CAPPING events from decorations provider vscode.git 1573
2023-05-15 16:37:01.211 [warning] [Decorations] CAPPING events from decorations provider vscode.git 1573
2023-05-15 16:37:06.301 [warning] [Decorations] CAPPING events from decorations provider vscode.git 1573
2023-05-15 16:37:47.314 [warning] [Decorations] CAPPING events from decorations provider vscode.git 1573
2023-05-15 16:38:13.316 [warning] [Decorations] CAPPING events from decorations provider vscode.git 1573
2023-05-15 16:38:18.441 [warning] [Decorations] CAPPING events from decorations provider vscode.git 1573
2023-05-15 16:38:23.581 [warning] [Decorations] CAPPING events from decorations provider vscode.git 1574
2023-05-15 16:38:28.669 [warning] [Decorations] CAPPING events from decorations provider vscode.git 1574
2023-05-15 16:38:57.839 [warning] [Decorations] CAPPING events from decorations provider vscode.git 1574
2023-05-15 16:39:12.565 [warning] [Decorations] CAPPING events from decorations provider vscode.git 1574
2023-05-15 16:39:17.708 [warning] [Decorations] CAPPING events from decorations provider vscode.git 1574
2023-05-15 16:39:22.779 [warning] [Decorations] CAPPING events from decorations provider vscode.git 1574
2023-05-15 16:39:27.855 [warning] [Decorations] CAPPING events from decorations provider vscode.git 1574
2023-05-15 16:39:33.630 [warning] [Decorations] CAPPING events from decorations provider vscode.git 1574
2023-05-15 16:39:39.443 [warning] [Decorations] CAPPING events from decorations provider vscode.git 1574
2023-05-15 16:39:44.575 [warning] [Decorations] CAPPING events from decorations provider vscode.git 1574
2023-05-15 16:39:49.671 [warning] [Decorations] CAPPING events from decorations provider vscode.git 1574
2023-05-15 16:39:54.748 [warning] [Decorations] CAPPING events from decorations provider vscode.git 1574
2023-05-15 16:39:59.825 [warning] [Decorations] CAPPING events from decorations provider vscode.git 1574
2023-05-15 16:40:06.537 [warning] [Decorations] CAPPING events from decorations provider vscode.git 1575
2023-05-15 16:40:11.684 [warning] [Decorations] CAPPING events from decorations provider vscode.git 1575
2023-05-15 16:40:16.761 [warning] [Decorations] CAPPING events from decorations provider vscode.git 1576
2023-05-15 16:40:21.826 [warning] [Decorations] CAPPING events from decorations provider vscode.git 1577
2023-05-15 16:40:29.216 [warning] [Decorations] CAPPING events from decorations provider vscode.git 1577
2023-05-15 16:40:34.300 [warning] [Decorations] CAPPING events from decorations provider vscode.git 1577
2023-05-15 16:40:44.863 [warning] [Decorations] CAPPING events from decorations provider vscode.git 1577
2023-05-15 16:40:53.865 [warning] [Decorations] CAPPING events from decorations provider vscode.git 1577
2023-05-15 16:42:03.269 [warning] [Decorations] CAPPING events from decorations provider vscode.git 1578
2023-05-15 16:42:08.368 [warning] [Decorations] CAPPING events from decorations provider vscode.git 1579
2023-05-15 16:42:19.341 [warning] [Decorations] CAPPING events from decorations provider vscode.git 1579
2023-05-15 16:42:24.717 [warning] [Decorations] CAPPING events from decorations provider vscode.git 1579
2023-05-15 16:42:30.648 [warning] [Decorations] CAPPING events from decorations provider vscode.git 1579
2023-05-15 16:42:36.560 [warning] [Decorations] CAPPING events from decorations provider vscode.git 1579
2023-05-15 16:42:41.709 [warning] [Decorations] CAPPING events from decorations provider vscode.git 1579
2023-05-15 16:43:07.754 [warning] [Decorations] CAPPING events from decorations provider vscode.git 1579
2023-05-15 16:43:12.854 [warning] [Decorations] CAPPING events from decorations provider vscode.git 1579
2023-05-15 16:43:22.290 [warning] [Decorations] CAPPING events from decorations provider vscode.git 1579
2023-05-15 16:43:27.401 [warning] [Decorations] CAPPING events from decorations provider vscode.git 1579
2023-05-15 16:43:32.502 [warning] [Decorations] CAPPING events from decorations provider vscode.git 1579
2023-05-15 16:43:37.596 [warning] [Decorations] CAPPING events from decorations provider vscode.git 1579
2023-05-15 16:43:42.674 [warning] [Decorations] CAPPING events from decorations provider vscode.git 1579
2023-05-15 16:43:53.531 [warning] [Decorations] CAPPING events from decorations provider vscode.git 1579
2023-05-15 16:43:58.617 [warning] [Decorations] CAPPING events from decorations provider vscode.git 1579
2023-05-15 16:44:07.397 [warning] [Decorations] CAPPING events from decorations provider vscode.git 1580
2023-05-15 16:44:12.510 [warning] [Decorations] CAPPING events from decorations provider vscode.git 1580
2023-05-15 16:44:20.711 [warning] [Decorations] CAPPING events from decorations provider vscode.git 1581
2023-05-15 16:44:25.795 [warning] [Decorations] CAPPING events from decorations provider vscode.git 1581
2023-05-15 16:44:30.892 [warning] [Decorations] CAPPING events from decorations provider vscode.git 1581
2023-05-15 16:45:40.529 [warning] [Decorations] CAPPING events from decorations provider vscode.git 1582
2023-05-15 16:45:49.752 [warning] [Decorations] CAPPING events from decorations provider vscode.git 1582
2023-05-15 16:46:24.702 [warning] [Decorations] CAPPING events from decorations provider vscode.git 1582
2023-05-15 16:46:30.502 [warning] [Decorations] CAPPING events from decorations provider vscode.git 1582
2023-05-15 16:46:35.621 [warning] [Decorations] CAPPING events from decorations provider vscode.git 1582
2023-05-15 16:46:40.019 [info] Extension host terminating: received terminate message from renderer
2023-05-15 16:46:40.021 [info] Lock '/home/vagrant/.vscode-server/data/User/workspaceStorage/49c7eca104af6a0210621ab8aecf3fe2/vscode.lock': Marking the lockfile as scheduled to be released in 6000 ms.
2023-05-15 16:46:40.050 [error] Canceled: Canceled
	at new l (/home/vagrant/.vscode-server/bin/b3e4e68a0bc097f0ae7907b217c1119af9e03435/out/vs/workbench/api/node/extensionHostProcess.js:99:104563)
	at a.O (/home/vagrant/.vscode-server/bin/b3e4e68a0bc097f0ae7907b217c1119af9e03435/out/vs/workbench/api/node/extensionHostProcess.js:111:11657)
	at Proxy.H.<computed>.x.charCodeAt.H.<computed> (/home/vagrant/.vscode-server/bin/b3e4e68a0bc097f0ae7907b217c1119af9e03435/out/vs/workbench/api/node/extensionHostProcess.js:111:8947)
	at e.ExtHostCommands.g (/home/vagrant/.vscode-server/bin/b3e4e68a0bc097f0ae7907b217c1119af9e03435/out/vs/workbench/api/node/extensionHostProcess.js:99:124729)
	at e.ExtHostCommands.executeCommand (/home/vagrant/.vscode-server/bin/b3e4e68a0bc097f0ae7907b217c1119af9e03435/out/vs/workbench/api/node/extensionHostProcess.js:99:124105)
	at C.registerCommand.description (/home/vagrant/.vscode-server/bin/b3e4e68a0bc097f0ae7907b217c1119af9e03435/out/vs/workbench/api/node/extensionHostProcess.js:99:123398)
	at e.ExtHostCommands.h (/home/vagrant/.vscode-server/bin/b3e4e68a0bc097f0ae7907b217c1119af9e03435/out/vs/workbench/api/node/extensionHostProcess.js:99:125315)
	at e.ExtHostCommands.g (/home/vagrant/.vscode-server/bin/b3e4e68a0bc097f0ae7907b217c1119af9e03435/out/vs/workbench/api/node/extensionHostProcess.js:99:124205)
	at e.ExtHostCommands.executeCommand (/home/vagrant/.vscode-server/bin/b3e4e68a0bc097f0ae7907b217c1119af9e03435/out/vs/workbench/api/node/extensionHostProcess.js:99:124105)
	at Object.executeCommand (/home/vagrant/.vscode-server/bin/b3e4e68a0bc097f0ae7907b217c1119af9e03435/out/vs/workbench/api/node/extensionHostProcess.js:117:24043)
	at D (/home/vagrant/.vscode-server/bin/b3e4e68a0bc097f0ae7907b217c1119af9e03435/extensions/git/dist/main.js:2:1259661)
	at v.invoke (/home/vagrant/.vscode-server/bin/b3e4e68a0bc097f0ae7907b217c1119af9e03435/out/vs/workbench/api/node/extensionHostProcess.js:63:145)
	at h.deliver (/home/vagrant/.vscode-server/bin/b3e4e68a0bc097f0ae7907b217c1119af9e03435/out/vs/workbench/api/node/extensionHostProcess.js:63:2121)
	at i.fire (/home/vagrant/.vscode-server/bin/b3e4e68a0bc097f0ae7907b217c1119af9e03435/out/vs/workbench/api/node/extensionHostProcess.js:63:1729)
	at Object.m [as dispose] (/home/vagrant/.vscode-server/bin/b3e4e68a0bc097f0ae7907b217c1119af9e03435/extensions/git/dist/main.js:2:1274494)
	at /home/vagrant/.vscode-server/bin/b3e4e68a0bc097f0ae7907b217c1119af9e03435/extensions/git/dist/main.js:2:1278940
	at Array.forEach (<anonymous>)
	at g.dispose (/home/vagrant/.vscode-server/bin/b3e4e68a0bc097f0ae7907b217c1119af9e03435/extensions/git/dist/main.js:2:1278926)
	at t.<anonymous> (/home/vagrant/.vscode-server/bin/b3e4e68a0bc097f0ae7907b217c1119af9e03435/out/vs/workbench/api/node/extensionHostProcess.js:97:12369)
	at t.dispose (/home/vagrant/.vscode-server/bin/b3e4e68a0bc097f0ae7907b217c1119af9e03435/out/vs/workbench/api/node/extensionHostProcess.js:97:12504)
	at t.<anonymous> (/home/vagrant/.vscode-server/bin/b3e4e68a0bc097f0ae7907b217c1119af9e03435/extensions/git/dist/main.js:2:1261791)
	at t.dispose (/home/vagrant/.vscode-server/bin/b3e4e68a0bc097f0ae7907b217c1119af9e03435/out/vs/workbench/api/node/extensionHostProcess.js:97:12504)
	at P (/home/vagrant/.vscode-server/bin/b3e4e68a0bc097f0ae7907b217c1119af9e03435/out/vs/workbench/api/node/extensionHostProcess.js:10:12080)
	at v.Y (/home/vagrant/.vscode-server/bin/b3e4e68a0bc097f0ae7907b217c1119af9e03435/out/vs/workbench/api/node/extensionHostProcess.js:113:11173)
	at /home/vagrant/.vscode-server/bin/b3e4e68a0bc097f0ae7907b217c1119af9e03435/out/vs/workbench/api/node/extensionHostProcess.js:113:9157
	at Array.map (<anonymous>)
	at v.R (/home/vagrant/.vscode-server/bin/b3e4e68a0bc097f0ae7907b217c1119af9e03435/out/vs/workbench/api/node/extensionHostProcess.js:113:9144)
	at v.terminate (/home/vagrant/.vscode-server/bin/b3e4e68a0bc097f0ae7907b217c1119af9e03435/out/vs/workbench/api/node/extensionHostProcess.js:113:9415)
	at d.terminate (/home/vagrant/.vscode-server/bin/b3e4e68a0bc097f0ae7907b217c1119af9e03435/out/vs/workbench/api/node/extensionHostProcess.js:117:1544)
	at g (/home/vagrant/.vscode-server/bin/b3e4e68a0bc097f0ae7907b217c1119af9e03435/out/vs/workbench/api/node/extensionHostProcess.js:127:34439)
	at /home/vagrant/.vscode-server/bin/b3e4e68a0bc097f0ae7907b217c1119af9e03435/out/vs/workbench/api/node/extensionHostProcess.js:127:32349
	at v.invoke (/home/vagrant/.vscode-server/bin/b3e4e68a0bc097f0ae7907b217c1119af9e03435/out/vs/workbench/api/node/extensionHostProcess.js:63:145)
	at h.deliver (/home/vagrant/.vscode-server/bin/b3e4e68a0bc097f0ae7907b217c1119af9e03435/out/vs/workbench/api/node/extensionHostProcess.js:63:2121)
	at i.fire (/home/vagrant/.vscode-server/bin/b3e4e68a0bc097f0ae7907b217c1119af9e03435/out/vs/workbench/api/node/extensionHostProcess.js:63:1729)
	at g.fire (/home/vagrant/.vscode-server/bin/b3e4e68a0bc097f0ae7907b217c1119af9e03435/out/vs/workbench/api/node/extensionHostProcess.js:72:14852)
	at u.E (/home/vagrant/.vscode-server/bin/b3e4e68a0bc097f0ae7907b217c1119af9e03435/out/vs/workbench/api/node/extensionHostProcess.js:72:18899)
	at /home/vagrant/.vscode-server/bin/b3e4e68a0bc097f0ae7907b217c1119af9e03435/out/vs/workbench/api/node/extensionHostProcess.js:72:16887
	at v.invoke (/home/vagrant/.vscode-server/bin/b3e4e68a0bc097f0ae7907b217c1119af9e03435/out/vs/workbench/api/node/extensionHostProcess.js:63:145)
	at h.deliver (/home/vagrant/.vscode-server/bin/b3e4e68a0bc097f0ae7907b217c1119af9e03435/out/vs/workbench/api/node/extensionHostProcess.js:63:2121)
	at i.fire (/home/vagrant/.vscode-server/bin/b3e4e68a0bc097f0ae7907b217c1119af9e03435/out/vs/workbench/api/node/extensionHostProcess.js:63:1729)
	at d.acceptChunk (/home/vagrant/.vscode-server/bin/b3e4e68a0bc097f0ae7907b217c1119af9e03435/out/vs/workbench/api/node/extensionHostProcess.js:72:12583)
	at /home/vagrant/.vscode-server/bin/b3e4e68a0bc097f0ae7907b217c1119af9e03435/out/vs/workbench/api/node/extensionHostProcess.js:72:11870
	at v.invoke (/home/vagrant/.vscode-server/bin/b3e4e68a0bc097f0ae7907b217c1119af9e03435/out/vs/workbench/api/node/extensionHostProcess.js:63:145)
	at h.deliver (/home/vagrant/.vscode-server/bin/b3e4e68a0bc097f0ae7907b217c1119af9e03435/out/vs/workbench/api/node/extensionHostProcess.js:63:2121)
	at i.fire (/home/vagrant/.vscode-server/bin/b3e4e68a0bc097f0ae7907b217c1119af9e03435/out/vs/workbench/api/node/extensionHostProcess.js:63:1729)
	at y.u (/home/vagrant/.vscode-server/bin/b3e4e68a0bc097f0ae7907b217c1119af9e03435/out/vs/workbench/api/node/extensionHostProcess.js:127:20019) setContext undefined
2023-05-15 16:46:40.073 [info] Extension host with pid 4263 exiting with code 0
