2023-05-17 14:26:20.563 [info] Log level: Info
2023-05-17 14:26:20.563 [info] Validating found git in: "git"
2023-05-17 14:26:20.563 [info] Using git "2.25.1" from "git"
2023-05-17 14:26:20.563 [info] > git rev-parse --show-toplevel [77ms]
2023-05-17 14:26:20.563 [info] > git rev-parse --git-dir --git-common-dir [5ms]
2023-05-17 14:26:20.563 [info] Open repository: /home/vagrant
2023-05-17 14:26:20.563 [info] > git rev-parse --show-toplevel [22ms]
2023-05-17 14:26:20.563 [info] > git config --get commit.template [19ms]
2023-05-17 14:26:20.582 [info] > git rev-parse --show-toplevel [26ms]
2023-05-17 14:26:20.603 [info] > git for-each-ref --format=%(refname)%00%(upstream:short)%00%(objectname)%00%(upstream:track)%00%(upstream:remotename)%00%(upstream:remoteref) refs/heads/master refs/remotes/master [29ms]
2023-05-17 14:26:20.617 [info] > git rev-parse --show-toplevel [22ms]
2023-05-17 14:26:20.691 [info] > git status -z -uall [78ms]
2023-05-17 14:26:20.691 [info] > git rev-parse --show-toplevel [64ms]
2023-05-17 14:26:20.707 [info] > git rev-parse --show-toplevel [8ms]
2023-05-17 14:26:20.775 [info] > git rev-parse --show-toplevel [60ms]
2023-05-17 14:26:20.823 [info] > git config --get commit.template [50ms]
2023-05-17 14:26:20.996 [info] > git rev-parse --show-toplevel [211ms]
2023-05-17 14:26:21.019 [info] > git for-each-ref --format=%(refname)%00%(upstream:short)%00%(objectname)%00%(upstream:track)%00%(upstream:remotename)%00%(upstream:remoteref) refs/heads/master refs/remotes/master [7ms]
2023-05-17 14:26:21.074 [info] > git status -z -uall [48ms]
2023-05-17 14:26:21.121 [info] > git show --textconv :myproject/myapp/templates/about.html [12ms]
2023-05-17 14:26:21.123 [info] > git ls-files --stage -- /home/vagrant/myproject/myapp/templates/about.html [4ms]
2023-05-17 14:26:21.353 [info] > git check-ignore -v -z --stdin [8ms]
2023-05-17 14:26:23.593 [info] > git config --get commit.template [13ms]
2023-05-17 14:26:23.597 [info] > git for-each-ref --format=%(refname)%00%(upstream:short)%00%(objectname)%00%(upstream:track)%00%(upstream:remotename)%00%(upstream:remoteref) refs/heads/master refs/remotes/master [6ms]
2023-05-17 14:26:23.635 [info] > git status -z -uall [32ms]
2023-05-17 14:26:24.503 [info] > git show --textconv :myproject/myapp/templates/doctors.html [14ms]
2023-05-17 14:26:24.508 [info] > git ls-files --stage -- /home/vagrant/myproject/myapp/templates/doctors.html [8ms]
2023-05-17 14:26:38.478 [info] > git config --get commit.template [15ms]
2023-05-17 14:26:38.481 [info] > git for-each-ref --format=%(refname)%00%(upstream:short)%00%(objectname)%00%(upstream:track)%00%(upstream:remotename)%00%(upstream:remoteref) refs/heads/master refs/remotes/master [3ms]
2023-05-17 14:26:38.524 [info] > git status -z -uall [34ms]
2023-05-17 14:26:44.998 [info] > git config --get commit.template [20ms]
2023-05-17 14:26:45.001 [info] > git for-each-ref --format=%(refname)%00%(upstream:short)%00%(objectname)%00%(upstream:track)%00%(upstream:remotename)%00%(upstream:remoteref) refs/heads/master refs/remotes/master [8ms]
2023-05-17 14:26:45.049 [info] > git status -z -uall [40ms]
2023-05-17 14:26:50.082 [info] > git config --get commit.template [2ms]
2023-05-17 14:26:50.093 [info] > git for-each-ref --format=%(refname)%00%(upstream:short)%00%(objectname)%00%(upstream:track)%00%(upstream:remotename)%00%(upstream:remoteref) refs/heads/master refs/remotes/master [2ms]
2023-05-17 14:26:50.139 [info] > git status -z -uall [38ms]
2023-05-17 14:26:55.201 [info] > git config --get commit.template [9ms]
2023-05-17 14:26:55.202 [info] > git for-each-ref --format=%(refname)%00%(upstream:short)%00%(objectname)%00%(upstream:track)%00%(upstream:remotename)%00%(upstream:remoteref) refs/heads/master refs/remotes/master [4ms]
2023-05-17 14:26:55.239 [info] > git status -z -uall [28ms]
2023-05-17 14:27:00.272 [info] > git config --get commit.template [9ms]
2023-05-17 14:27:00.273 [info] > git for-each-ref --format=%(refname)%00%(upstream:short)%00%(objectname)%00%(upstream:track)%00%(upstream:remotename)%00%(upstream:remoteref) refs/heads/master refs/remotes/master [3ms]
2023-05-17 14:27:00.328 [info] > git status -z -uall [48ms]
2023-05-17 14:27:01.481 [info] > git ls-files --stage -- /home/vagrant/myproject/myapp/templates/about.html [8ms]
2023-05-17 14:27:01.489 [info] > git ls-files --stage -- /home/vagrant/myproject/myapp/templates/doctors.html [10ms]
2023-05-17 14:27:01.494 [info] > git cat-file -s 46dd736f22adb1b89a1783546360a24c1e5d7a02 [7ms]
2023-05-17 14:27:01.496 [info] > git cat-file -s 75ab5f74dfc0acea45846319de05cd57ad485c8d [2ms]
2023-05-17 14:27:01.514 [info] > git show --textconv :myproject/myapp/templates/about.html [7ms]
2023-05-17 14:27:01.519 [info] > git show --textconv :myproject/myapp/templates/doctors.html [6ms]
2023-05-17 14:27:05.369 [info] > git config --get commit.template [12ms]
2023-05-17 14:27:05.373 [info] > git for-each-ref --format=%(refname)%00%(upstream:short)%00%(objectname)%00%(upstream:track)%00%(upstream:remotename)%00%(upstream:remoteref) refs/heads/master refs/remotes/master [5ms]
2023-05-17 14:27:05.431 [info] > git status -z -uall [51ms]
2023-05-17 14:27:10.490 [info] > git config --get commit.template [11ms]
2023-05-17 14:27:10.491 [info] > git for-each-ref --format=%(refname)%00%(upstream:short)%00%(objectname)%00%(upstream:track)%00%(upstream:remotename)%00%(upstream:remoteref) refs/heads/master refs/remotes/master [3ms]
2023-05-17 14:27:10.550 [info] > git status -z -uall [51ms]
2023-05-17 14:27:15.580 [info] > git config --get commit.template [9ms]
2023-05-17 14:27:15.582 [info] > git for-each-ref --format=%(refname)%00%(upstream:short)%00%(objectname)%00%(upstream:track)%00%(upstream:remotename)%00%(upstream:remoteref) refs/heads/master refs/remotes/master [4ms]
2023-05-17 14:27:15.639 [info] > git status -z -uall [50ms]
2023-05-17 14:27:20.675 [info] > git config --get commit.template [11ms]
2023-05-17 14:27:20.677 [info] > git for-each-ref --format=%(refname)%00%(upstream:short)%00%(objectname)%00%(upstream:track)%00%(upstream:remotename)%00%(upstream:remoteref) refs/heads/master refs/remotes/master [4ms]
2023-05-17 14:27:20.726 [info] > git status -z -uall [42ms]
2023-05-17 14:27:25.791 [info] > git config --get commit.template [11ms]
2023-05-17 14:27:25.793 [info] > git for-each-ref --format=%(refname)%00%(upstream:short)%00%(objectname)%00%(upstream:track)%00%(upstream:remotename)%00%(upstream:remoteref) refs/heads/master refs/remotes/master [4ms]
2023-05-17 14:27:25.861 [info] > git status -z -uall [63ms]
2023-05-17 14:27:30.907 [info] > git config --get commit.template [8ms]
2023-05-17 14:27:30.908 [info] > git for-each-ref --format=%(refname)%00%(upstream:short)%00%(objectname)%00%(upstream:track)%00%(upstream:remotename)%00%(upstream:remoteref) refs/heads/master refs/remotes/master [3ms]
2023-05-17 14:27:30.964 [info] > git status -z -uall [51ms]
2023-05-17 14:27:35.993 [info] > git config --get commit.template [11ms]
2023-05-17 14:27:35.995 [info] > git for-each-ref --format=%(refname)%00%(upstream:short)%00%(objectname)%00%(upstream:track)%00%(upstream:remotename)%00%(upstream:remoteref) refs/heads/master refs/remotes/master [4ms]
2023-05-17 14:27:36.063 [info] > git status -z -uall [60ms]
2023-05-17 14:27:41.092 [info] > git config --get commit.template [9ms]
2023-05-17 14:27:41.093 [info] > git for-each-ref --format=%(refname)%00%(upstream:short)%00%(objectname)%00%(upstream:track)%00%(upstream:remotename)%00%(upstream:remoteref) refs/heads/master refs/remotes/master [2ms]
2023-05-17 14:27:41.178 [info] > git status -z -uall [78ms]
2023-05-17 14:27:46.203 [info] > git config --get commit.template [2ms]
2023-05-17 14:27:46.212 [info] > git for-each-ref --format=%(refname)%00%(upstream:short)%00%(objectname)%00%(upstream:track)%00%(upstream:remotename)%00%(upstream:remoteref) refs/heads/master refs/remotes/master [3ms]
2023-05-17 14:27:46.269 [info] > git status -z -uall [43ms]
2023-05-17 14:27:51.327 [info] > git config --get commit.template [11ms]
2023-05-17 14:27:51.329 [info] > git for-each-ref --format=%(refname)%00%(upstream:short)%00%(objectname)%00%(upstream:track)%00%(upstream:remotename)%00%(upstream:remoteref) refs/heads/master refs/remotes/master [3ms]
2023-05-17 14:27:51.386 [info] > git status -z -uall [50ms]
2023-05-17 14:27:56.413 [info] > git config --get commit.template [11ms]
2023-05-17 14:27:56.414 [info] > git for-each-ref --format=%(refname)%00%(upstream:short)%00%(objectname)%00%(upstream:track)%00%(upstream:remotename)%00%(upstream:remoteref) refs/heads/master refs/remotes/master [2ms]
2023-05-17 14:27:56.471 [info] > git status -z -uall [48ms]
2023-05-17 14:28:01.505 [info] > git config --get commit.template [11ms]
2023-05-17 14:28:01.506 [info] > git for-each-ref --format=%(refname)%00%(upstream:short)%00%(objectname)%00%(upstream:track)%00%(upstream:remotename)%00%(upstream:remoteref) refs/heads/master refs/remotes/master [3ms]
2023-05-17 14:28:01.582 [info] > git status -z -uall [67ms]
2023-05-17 14:28:06.618 [info] > git config --get commit.template [11ms]
2023-05-17 14:28:06.621 [info] > git for-each-ref --format=%(refname)%00%(upstream:short)%00%(objectname)%00%(upstream:track)%00%(upstream:remotename)%00%(upstream:remoteref) refs/heads/master refs/remotes/master [5ms]
2023-05-17 14:28:06.687 [info] > git status -z -uall [55ms]
2023-05-17 14:28:11.734 [info] > git config --get commit.template [12ms]
2023-05-17 14:28:11.738 [info] > git for-each-ref --format=%(refname)%00%(upstream:short)%00%(objectname)%00%(upstream:track)%00%(upstream:remotename)%00%(upstream:remoteref) refs/heads/master refs/remotes/master [6ms]
2023-05-17 14:28:11.821 [info] > git status -z -uall [74ms]
2023-05-17 14:28:16.847 [info] > git config --get commit.template [11ms]
2023-05-17 14:28:16.850 [info] > git for-each-ref --format=%(refname)%00%(upstream:short)%00%(objectname)%00%(upstream:track)%00%(upstream:remotename)%00%(upstream:remoteref) refs/heads/master refs/remotes/master [5ms]
2023-05-17 14:28:16.906 [info] > git status -z -uall [47ms]
2023-05-17 14:28:21.947 [info] > git config --get commit.template [12ms]
2023-05-17 14:28:21.948 [info] > git for-each-ref --format=%(refname)%00%(upstream:short)%00%(objectname)%00%(upstream:track)%00%(upstream:remotename)%00%(upstream:remoteref) refs/heads/master refs/remotes/master [3ms]
2023-05-17 14:28:22.010 [info] > git status -z -uall [53ms]
2023-05-17 14:28:27.043 [info] > git config --get commit.template [11ms]
2023-05-17 14:28:27.045 [info] > git for-each-ref --format=%(refname)%00%(upstream:short)%00%(objectname)%00%(upstream:track)%00%(upstream:remotename)%00%(upstream:remoteref) refs/heads/master refs/remotes/master [3ms]
2023-05-17 14:28:27.129 [info] > git status -z -uall [64ms]
2023-05-17 14:28:32.146 [info] > git config --get commit.template [3ms]
2023-05-17 14:28:32.157 [info] > git for-each-ref --format=%(refname)%00%(upstream:short)%00%(objectname)%00%(upstream:track)%00%(upstream:remotename)%00%(upstream:remoteref) refs/heads/master refs/remotes/master [3ms]
2023-05-17 14:28:32.235 [info] > git status -z -uall [69ms]
2023-05-17 14:28:37.267 [info] > git config --get commit.template [10ms]
2023-05-17 14:28:37.268 [info] > git for-each-ref --format=%(refname)%00%(upstream:short)%00%(objectname)%00%(upstream:track)%00%(upstream:remotename)%00%(upstream:remoteref) refs/heads/master refs/remotes/master [2ms]
2023-05-17 14:28:37.332 [info] > git status -z -uall [58ms]
2023-05-17 14:28:42.371 [info] > git config --get commit.template [13ms]
2023-05-17 14:28:42.372 [info] > git for-each-ref --format=%(refname)%00%(upstream:short)%00%(objectname)%00%(upstream:track)%00%(upstream:remotename)%00%(upstream:remoteref) refs/heads/master refs/remotes/master [4ms]
2023-05-17 14:28:42.472 [info] > git status -z -uall [93ms]
2023-05-17 14:28:47.508 [info] > git config --get commit.template [11ms]
2023-05-17 14:28:47.510 [info] > git for-each-ref --format=%(refname)%00%(upstream:short)%00%(objectname)%00%(upstream:track)%00%(upstream:remotename)%00%(upstream:remoteref) refs/heads/master refs/remotes/master [5ms]
2023-05-17 14:28:47.609 [info] > git status -z -uall [89ms]
2023-05-17 14:28:56.911 [info] > git config --get commit.template [20ms]
2023-05-17 14:28:56.913 [info] > git for-each-ref --format=%(refname)%00%(upstream:short)%00%(objectname)%00%(upstream:track)%00%(upstream:remotename)%00%(upstream:remoteref) refs/heads/master refs/remotes/master [3ms]
2023-05-17 14:28:56.982 [info] > git status -z -uall [57ms]
2023-05-17 14:29:30.865 [info] > git config --get commit.template [8ms]
2023-05-17 14:29:30.865 [info] > git for-each-ref --format=%(refname)%00%(upstream:short)%00%(objectname)%00%(upstream:track)%00%(upstream:remotename)%00%(upstream:remoteref) refs/heads/master refs/remotes/master [1ms]
2023-05-17 14:29:30.934 [info] > git status -z -uall [64ms]
2023-05-17 14:29:33.520 [info] > git ls-files --stage -- /home/vagrant/myproject/myapp/templates/about.html [18ms]
2023-05-17 14:29:33.528 [info] > git ls-files --stage -- /home/vagrant/myproject/myapp/templates/doctors.html [15ms]
2023-05-17 14:29:33.539 [info] > git cat-file -s 46dd736f22adb1b89a1783546360a24c1e5d7a02 [11ms]
2023-05-17 14:29:33.542 [info] > git cat-file -s 75ab5f74dfc0acea45846319de05cd57ad485c8d [6ms]
2023-05-17 14:29:33.569 [info] > git show --textconv :myproject/myapp/templates/about.html [7ms]
2023-05-17 14:29:33.573 [info] > git show --textconv :myproject/myapp/templates/doctors.html [6ms]
2023-05-17 14:29:38.227 [info] > git config --get commit.template [15ms]
2023-05-17 14:29:38.232 [info] > git for-each-ref --format=%(refname)%00%(upstream:short)%00%(objectname)%00%(upstream:track)%00%(upstream:remotename)%00%(upstream:remoteref) refs/heads/master refs/remotes/master [6ms]
2023-05-17 14:29:38.277 [info] > git status -z -uall [39ms]
2023-05-17 14:29:43.316 [info] > git config --get commit.template [10ms]
2023-05-17 14:29:43.320 [info] > git for-each-ref --format=%(refname)%00%(upstream:short)%00%(objectname)%00%(upstream:track)%00%(upstream:remotename)%00%(upstream:remoteref) refs/heads/master refs/remotes/master [6ms]
2023-05-17 14:29:43.367 [info] > git status -z -uall [40ms]
2023-05-17 14:29:47.000 [info] > git ls-files --stage -- /home/vagrant/myproject/myapp/templates/about.html [11ms]
2023-05-17 14:29:47.009 [info] > git ls-files --stage -- /home/vagrant/myproject/myapp/templates/doctors.html [11ms]
2023-05-17 14:29:47.020 [info] > git cat-file -s 46dd736f22adb1b89a1783546360a24c1e5d7a02 [12ms]
2023-05-17 14:29:47.022 [info] > git cat-file -s 75ab5f74dfc0acea45846319de05cd57ad485c8d [4ms]
2023-05-17 14:29:47.044 [info] > git show --textconv :myproject/myapp/templates/about.html [9ms]
2023-05-17 14:29:47.048 [info] > git show --textconv :myproject/myapp/templates/doctors.html [6ms]
2023-05-17 14:30:11.218 [info] > git config --get commit.template [20ms]
2023-05-17 14:30:11.219 [info] > git for-each-ref --format=%(refname)%00%(upstream:short)%00%(objectname)%00%(upstream:track)%00%(upstream:remotename)%00%(upstream:remoteref) refs/heads/master refs/remotes/master [3ms]
2023-05-17 14:30:11.256 [info] > git status -z -uall [29ms]
