2023-05-20 03:59:18.882 [info] Extension host with pid 149634 started
2023-05-20 03:59:18.924 [info] Lock '/home/vagrant/.vscode-server/data/User/workspaceStorage/49c7eca104af6a0210621ab8aecf3fe2/vscode.lock': Lock acquired.
2023-05-20 03:59:19.142 [info] ExtensionService#_doActivateExtension vscode.emmet, startup: false, activationEvent: 'onLanguage'
2023-05-20 03:59:19.144 [info] ExtensionService#_doActivateExtension batisteo.vscode-django, startup: false, activationEvent: 'onLanguage:python'
2023-05-20 03:59:19.319 [info] ExtensionService#_doActivateExtension vscode.git-base, startup: true, activationEvent: '*', root cause: vscode.git
2023-05-20 03:59:19.319 [info] ExtensionService#_doActivateExtension ecmel.vscode-html-css, startup: true, activationEvent: '*'
2023-05-20 03:59:19.320 [info] ExtensionService#_doActivateExtension Zignd.html-css-class-completion, startup: true, activationEvent: '*'
2023-05-20 03:59:19.897 [info] ExtensionService#_doActivateExtension vscode.git, startup: true, activationEvent: '*'
2023-05-20 03:59:19.897 [info] ExtensionService#_doActivateExtension vscode.github, startup: true, activationEvent: '*'
2023-05-20 03:59:20.927 [warning] [Decorations] CAPPING events from decorations provider vscode.git 2044
2023-05-20 03:59:21.773 [warning] [Decorations] CAPPING events from decorations provider vscode.git 2044
2023-05-20 03:59:23.779 [warning] [Decorations] CAPPING events from decorations provider vscode.git 2046
2023-05-20 03:59:28.916 [warning] [Decorations] CAPPING events from decorations provider vscode.git 2046
2023-05-20 03:59:29.396 [info] ExtensionService#_doActivateExtension vscode.debug-auto-launch, startup: false, activationEvent: 'onStartupFinished'
2023-05-20 03:59:29.397 [info] ExtensionService#_doActivateExtension vscode.merge-conflict, startup: false, activationEvent: 'onStartupFinished'
2023-05-20 03:59:29.493 [info] Eager extensions activated
2023-05-20 04:03:21.942 [warning] [Decorations] CAPPING events from decorations provider vscode.git 2046
2023-05-20 04:15:35.491 [warning] [Decorations] CAPPING events from decorations provider vscode.git 2046
2023-05-20 04:15:40.620 [warning] [Decorations] CAPPING events from decorations provider vscode.git 2046
2023-05-20 04:15:45.732 [warning] [Decorations] CAPPING events from decorations provider vscode.git 2046
2023-05-20 04:15:50.874 [warning] [Decorations] CAPPING events from decorations provider vscode.git 2046
2023-05-20 04:15:56.000 [warning] [Decorations] CAPPING events from decorations provider vscode.git 2046
2023-05-20 04:16:01.125 [warning] [Decorations] CAPPING events from decorations provider vscode.git 2046
2023-05-20 04:16:06.276 [warning] [Decorations] CAPPING events from decorations provider vscode.git 2046
2023-05-20 04:16:11.415 [warning] [Decorations] CAPPING events from decorations provider vscode.git 2046
2023-05-20 04:16:16.517 [warning] [Decorations] CAPPING events from decorations provider vscode.git 2046
2023-05-20 04:16:46.029 [warning] [Decorations] CAPPING events from decorations provider vscode.git 2047
2023-05-20 04:21:51.938 [warning] [Decorations] CAPPING events from decorations provider vscode.git 2047
2023-05-20 04:21:57.114 [warning] [Decorations] CAPPING events from decorations provider vscode.git 2047
2023-05-20 04:22:17.312 [warning] [Decorations] CAPPING events from decorations provider vscode.git 2047
2023-05-20 04:22:23.545 [warning] [Decorations] CAPPING events from decorations provider vscode.git 2047
2023-05-20 04:22:28.692 [warning] [Decorations] CAPPING events from decorations provider vscode.git 2047
2023-05-20 04:22:33.798 [warning] [Decorations] CAPPING events from decorations provider vscode.git 2047
2023-05-20 04:22:38.908 [warning] [Decorations] CAPPING events from decorations provider vscode.git 2047
2023-05-20 04:22:44.184 [warning] [Decorations] CAPPING events from decorations provider vscode.git 2047
2023-05-20 04:22:53.107 [warning] [Decorations] CAPPING events from decorations provider vscode.git 2047
2023-05-20 04:22:58.214 [warning] [Decorations] CAPPING events from decorations provider vscode.git 2047
2023-05-20 04:23:03.407 [warning] [Decorations] CAPPING events from decorations provider vscode.git 2047
2023-05-20 04:23:08.521 [warning] [Decorations] CAPPING events from decorations provider vscode.git 2047
2023-05-20 04:23:13.649 [warning] [Decorations] CAPPING events from decorations provider vscode.git 2047
2023-05-20 04:23:24.283 [warning] [Decorations] CAPPING events from decorations provider vscode.git 2047
2023-05-20 04:23:29.568 [warning] [Decorations] CAPPING events from decorations provider vscode.git 2047
2023-05-20 04:23:35.722 [warning] [Decorations] CAPPING events from decorations provider vscode.git 2047
2023-05-20 04:23:40.837 [warning] [Decorations] CAPPING events from decorations provider vscode.git 2047
2023-05-20 04:23:48.124 [warning] [Decorations] CAPPING events from decorations provider vscode.git 2047
2023-05-20 04:23:53.263 [warning] [Decorations] CAPPING events from decorations provider vscode.git 2047
2023-05-20 04:23:58.380 [warning] [Decorations] CAPPING events from decorations provider vscode.git 2047
2023-05-20 04:24:04.581 [warning] [Decorations] CAPPING events from decorations provider vscode.git 2047
2023-05-20 04:24:09.691 [warning] [Decorations] CAPPING events from decorations provider vscode.git 2047
2023-05-20 04:24:16.196 [warning] [Decorations] CAPPING events from decorations provider vscode.git 2047
2023-05-20 04:24:21.306 [warning] [Decorations] CAPPING events from decorations provider vscode.git 2047
2023-05-20 04:24:26.415 [warning] [Decorations] CAPPING events from decorations provider vscode.git 2047
2023-05-20 04:24:31.536 [warning] [Decorations] CAPPING events from decorations provider vscode.git 2047
2023-05-20 04:24:36.667 [warning] [Decorations] CAPPING events from decorations provider vscode.git 2047
2023-05-20 04:24:41.766 [warning] [Decorations] CAPPING events from decorations provider vscode.git 2047
2023-05-20 04:24:46.897 [warning] [Decorations] CAPPING events from decorations provider vscode.git 2047
2023-05-20 04:24:52.471 [warning] [Decorations] CAPPING events from decorations provider vscode.git 2047
2023-05-20 04:24:57.601 [warning] [Decorations] CAPPING events from decorations provider vscode.git 2047
2023-05-20 04:25:02.700 [warning] [Decorations] CAPPING events from decorations provider vscode.git 2047
2023-05-20 04:25:07.839 [warning] [Decorations] CAPPING events from decorations provider vscode.git 2047
2023-05-20 04:25:12.970 [warning] [Decorations] CAPPING events from decorations provider vscode.git 2047
2023-05-20 04:25:18.104 [warning] [Decorations] CAPPING events from decorations provider vscode.git 2047
2023-05-20 04:25:23.235 [warning] [Decorations] CAPPING events from decorations provider vscode.git 2050
2023-05-20 04:25:28.365 [warning] [Decorations] CAPPING events from decorations provider vscode.git 2050
2023-05-20 04:25:33.491 [warning] [Decorations] CAPPING events from decorations provider vscode.git 2050
2023-05-20 04:25:38.639 [warning] [Decorations] CAPPING events from decorations provider vscode.git 2050
2023-05-20 04:25:43.773 [warning] [Decorations] CAPPING events from decorations provider vscode.git 2050
2023-05-20 04:25:48.881 [warning] [Decorations] CAPPING events from decorations provider vscode.git 2050
2023-05-20 04:26:00.611 [warning] [Decorations] CAPPING events from decorations provider vscode.git 2050
2023-05-20 04:26:05.746 [warning] [Decorations] CAPPING events from decorations provider vscode.git 2050
2023-05-20 04:26:10.901 [warning] [Decorations] CAPPING events from decorations provider vscode.git 2050
2023-05-20 04:26:16.025 [warning] [Decorations] CAPPING events from decorations provider vscode.git 2050
2023-05-20 04:26:21.125 [warning] [Decorations] CAPPING events from decorations provider vscode.git 2050
2023-05-20 04:26:27.383 [warning] [Decorations] CAPPING events from decorations provider vscode.git 2050
2023-05-20 04:26:33.445 [warning] [Decorations] CAPPING events from decorations provider vscode.git 2050
2023-05-20 04:26:38.560 [warning] [Decorations] CAPPING events from decorations provider vscode.git 2050
2023-05-20 04:26:43.672 [warning] [Decorations] CAPPING events from decorations provider vscode.git 2053
2023-05-20 04:26:48.793 [warning] [Decorations] CAPPING events from decorations provider vscode.git 2053
2023-05-20 04:26:53.891 [warning] [Decorations] CAPPING events from decorations provider vscode.git 2054
2023-05-20 04:26:59.995 [warning] [Decorations] CAPPING events from decorations provider vscode.git 2054
2023-05-20 04:27:05.400 [warning] [Decorations] CAPPING events from decorations provider vscode.git 2055
2023-05-20 04:27:10.521 [warning] [Decorations] CAPPING events from decorations provider vscode.git 2055
2023-05-20 04:27:15.641 [warning] [Decorations] CAPPING events from decorations provider vscode.git 2055
2023-05-20 04:27:20.740 [warning] [Decorations] CAPPING events from decorations provider vscode.git 2055
2023-05-20 04:27:25.845 [warning] [Decorations] CAPPING events from decorations provider vscode.git 2058
2023-05-20 04:27:30.981 [warning] [Decorations] CAPPING events from decorations provider vscode.git 2058
2023-05-20 04:27:36.090 [warning] [Decorations] CAPPING events from decorations provider vscode.git 2058
2023-05-20 04:27:41.209 [warning] [Decorations] CAPPING events from decorations provider vscode.git 2058
2023-05-20 04:27:42.364 [info] ExtensionService#_doActivateExtension vscode.npm, startup: false, activationEvent: 'onTerminalQuickFixRequest:ms-vscode.npm-command'
2023-05-20 04:27:46.334 [warning] [Decorations] CAPPING events from decorations provider vscode.git 2058
2023-05-20 04:27:51.433 [warning] [Decorations] CAPPING events from decorations provider vscode.git 2058
2023-05-20 04:27:56.569 [warning] [Decorations] CAPPING events from decorations provider vscode.git 2058
2023-05-20 04:28:01.711 [warning] [Decorations] CAPPING events from decorations provider vscode.git 2058
2023-05-20 04:28:06.885 [warning] [Decorations] CAPPING events from decorations provider vscode.git 2058
2023-05-20 04:28:12.000 [warning] [Decorations] CAPPING events from decorations provider vscode.git 2058
2023-05-20 04:28:17.114 [warning] [Decorations] CAPPING events from decorations provider vscode.git 2058
2023-05-20 04:28:22.249 [warning] [Decorations] CAPPING events from decorations provider vscode.git 2058
2023-05-20 04:28:27.356 [warning] [Decorations] CAPPING events from decorations provider vscode.git 2058
2023-05-20 04:28:32.481 [warning] [Decorations] CAPPING events from decorations provider vscode.git 2058
2023-05-20 04:28:37.639 [warning] [Decorations] CAPPING events from decorations provider vscode.git 2058
2023-05-20 04:28:42.747 [warning] [Decorations] CAPPING events from decorations provider vscode.git 2058
2023-05-20 04:28:47.878 [warning] [Decorations] CAPPING events from decorations provider vscode.git 2058
2023-05-20 04:28:52.996 [warning] [Decorations] CAPPING events from decorations provider vscode.git 2058
2023-05-20 04:28:58.130 [warning] [Decorations] CAPPING events from decorations provider vscode.git 2058
2023-05-20 04:29:03.263 [warning] [Decorations] CAPPING events from decorations provider vscode.git 2058
2023-05-20 04:29:08.382 [warning] [Decorations] CAPPING events from decorations provider vscode.git 2058
