2023-05-19 00:38:19.645 [info] Log level: Info
2023-05-19 00:38:19.646 [info] Validating found git in: "git"
2023-05-19 00:38:19.646 [info] Using git "2.25.1" from "git"
2023-05-19 00:38:19.646 [info] > git rev-parse --show-toplevel [46ms]
2023-05-19 00:38:19.646 [info] > git rev-parse --git-dir --git-common-dir [2ms]
2023-05-19 00:38:19.646 [info] Open repository: /home/vagrant
2023-05-19 00:38:19.646 [info] > git rev-parse --show-toplevel [12ms]
2023-05-19 00:38:19.646 [info] > git config --get commit.template [25ms]
2023-05-19 00:38:19.646 [info] > git rev-parse --show-toplevel [26ms]
2023-05-19 00:38:19.646 [info] > git for-each-ref --format=%(refname)%00%(upstream:short)%00%(objectname)%00%(upstream:track)%00%(upstream:remotename)%00%(upstream:remoteref) refs/heads/master refs/remotes/master [13ms]
2023-05-19 00:38:19.646 [info] > git rev-parse --show-toplevel [28ms]
2023-05-19 00:38:19.646 [info] > git status -z -uall [30ms]
2023-05-19 00:38:19.646 [info] > git rev-parse --show-toplevel [2ms]
2023-05-19 00:38:19.646 [info] > git rev-parse --show-toplevel [22ms]
2023-05-19 00:38:19.646 [info] > git config --get commit.template [12ms]
2023-05-19 00:38:19.646 [info] > git rev-parse --show-toplevel [2ms]
2023-05-19 00:38:19.646 [info] > git rev-parse --show-toplevel [9ms]
2023-05-19 00:38:19.646 [info] > git for-each-ref --format=%(refname)%00%(upstream:short)%00%(objectname)%00%(upstream:track)%00%(upstream:remotename)%00%(upstream:remoteref) refs/heads/master refs/remotes/master [19ms]
2023-05-19 00:38:19.646 [info] > git rev-parse --show-toplevel [28ms]
2023-05-19 00:38:19.683 [info] > git status -z -uall [86ms]
2023-05-19 00:38:20.041 [info] > git show --textconv :myproject/myapp/templates/home.html [8ms]
2023-05-19 00:38:20.048 [info] > git ls-files --stage -- /home/vagrant/myproject/myapp/templates/home.html [7ms]
2023-05-19 00:38:20.053 [info] > git cat-file -s 7b59c930f8cec56ded984d780c2ccb5e63599463 [1ms]
2023-05-19 00:38:20.237 [info] > git check-ignore -v -z --stdin [10ms]
2023-05-19 00:38:20.873 [info] > git config --get commit.template [10ms]
2023-05-19 00:38:20.876 [info] > git for-each-ref --format=%(refname)%00%(upstream:short)%00%(objectname)%00%(upstream:track)%00%(upstream:remotename)%00%(upstream:remoteref) refs/heads/master refs/remotes/master [4ms]
2023-05-19 00:38:20.915 [info] > git status -z -uall [32ms]
2023-05-19 00:38:23.625 [info] > git check-ignore -v -z --stdin [8ms]
2023-05-19 00:38:25.945 [info] > git config --get commit.template [5ms]
2023-05-19 00:38:25.965 [info] > git for-each-ref --format=%(refname)%00%(upstream:short)%00%(objectname)%00%(upstream:track)%00%(upstream:remotename)%00%(upstream:remoteref) refs/heads/master refs/remotes/master [9ms]
2023-05-19 00:38:26.003 [info] > git status -z -uall [29ms]
2023-05-19 00:38:31.040 [info] > git config --get commit.template [14ms]
2023-05-19 00:38:31.056 [info] > git for-each-ref --format=%(refname)%00%(upstream:short)%00%(objectname)%00%(upstream:track)%00%(upstream:remotename)%00%(upstream:remoteref) refs/heads/master refs/remotes/master [18ms]
2023-05-19 00:38:31.097 [info] > git status -z -uall [33ms]
2023-05-19 00:38:36.116 [info] > git config --get commit.template [3ms]
2023-05-19 00:38:36.143 [info] > git for-each-ref --format=%(refname)%00%(upstream:short)%00%(objectname)%00%(upstream:track)%00%(upstream:remotename)%00%(upstream:remoteref) refs/heads/master refs/remotes/master [4ms]
2023-05-19 00:38:36.188 [info] > git status -z -uall [38ms]
2023-05-19 00:38:41.220 [info] > git config --get commit.template [11ms]
2023-05-19 00:38:41.223 [info] > git for-each-ref --format=%(refname)%00%(upstream:short)%00%(objectname)%00%(upstream:track)%00%(upstream:remotename)%00%(upstream:remoteref) refs/heads/master refs/remotes/master [5ms]
2023-05-19 00:38:41.251 [info] > git status -z -uall [21ms]
2023-05-19 00:38:44.501 [info] > git ls-files --stage -- /home/vagrant/myproject/myapp/templates/home.html [3ms]
2023-05-19 00:38:44.509 [info] > git cat-file -s 7b59c930f8cec56ded984d780c2ccb5e63599463 [2ms]
2023-05-19 00:38:44.535 [info] > git show --textconv :myproject/myapp/templates/home.html [7ms]
2023-05-19 00:38:46.206 [info] > git ls-files --stage -- /home/vagrant/myproject/myapp/templates/home.html [4ms]
2023-05-19 00:38:46.227 [info] > git cat-file -s fd11b50e804c01daea317190a622cd589ebb0175 [3ms]
2023-05-19 00:38:46.247 [info] > git show --textconv :myproject/myapp/templates/home.html [4ms]
2023-05-19 00:38:46.296 [info] > git for-each-ref --format=%(refname)%00%(upstream:short)%00%(objectname)%00%(upstream:track)%00%(upstream:remotename)%00%(upstream:remoteref) refs/heads/master refs/remotes/master [17ms]
2023-05-19 00:38:46.340 [info] > git status -z -uall [38ms]
2023-05-19 00:38:47.622 [info] > git ls-files --stage -- /home/vagrant/myproject/myapp/templates/home.html [17ms]
2023-05-19 00:38:47.635 [info] > git cat-file -s fd11b50e804c01daea317190a622cd589ebb0175 [4ms]
2023-05-19 00:38:47.660 [info] > git show --textconv :myproject/myapp/templates/home.html [8ms]
2023-05-19 00:38:51.372 [info] > git config --get commit.template [9ms]
2023-05-19 00:38:51.374 [info] > git for-each-ref --format=%(refname)%00%(upstream:short)%00%(objectname)%00%(upstream:track)%00%(upstream:remotename)%00%(upstream:remoteref) refs/heads/master refs/remotes/master [3ms]
2023-05-19 00:38:51.419 [info] > git status -z -uall [39ms]
2023-05-19 00:38:56.464 [info] > git config --get commit.template [17ms]
2023-05-19 00:38:56.467 [info] > git for-each-ref --format=%(refname)%00%(upstream:short)%00%(objectname)%00%(upstream:track)%00%(upstream:remotename)%00%(upstream:remoteref) refs/heads/master refs/remotes/master [5ms]
2023-05-19 00:38:56.522 [info] > git status -z -uall [47ms]
2023-05-19 00:45:24.759 [info] > git config --get commit.template [13ms]
2023-05-19 00:45:24.761 [info] > git for-each-ref --format=%(refname)%00%(upstream:short)%00%(objectname)%00%(upstream:track)%00%(upstream:remotename)%00%(upstream:remoteref) refs/heads/master refs/remotes/master [4ms]
2023-05-19 00:45:24.831 [info] > git status -z -uall [61ms]
2023-05-19 00:46:31.034 [info] > git config --get commit.template [12ms]
2023-05-19 00:46:31.037 [info] > git for-each-ref --format=%(refname)%00%(upstream:short)%00%(objectname)%00%(upstream:track)%00%(upstream:remotename)%00%(upstream:remoteref) refs/heads/master refs/remotes/master [5ms]
2023-05-19 00:46:31.070 [info] > git status -z -uall [24ms]
2023-05-19 00:52:14.479 [info] > git config --get commit.template [1ms]
2023-05-19 00:52:14.493 [info] > git for-each-ref --format=%(refname)%00%(upstream:short)%00%(objectname)%00%(upstream:track)%00%(upstream:remotename)%00%(upstream:remoteref) refs/heads/master refs/remotes/master [5ms]
2023-05-19 00:52:14.527 [info] > git status -z -uall [28ms]
2023-05-19 00:52:32.235 [info] > git for-each-ref --format=%(refname)%00%(upstream:short)%00%(objectname)%00%(upstream:track)%00%(upstream:remotename)%00%(upstream:remoteref) refs/heads/master refs/remotes/master [2ms]
2023-05-19 00:52:32.236 [info] > git config --get commit.template [17ms]
2023-05-19 00:52:32.270 [info] > git status -z -uall [28ms]
2023-05-19 00:52:37.291 [info] > git config --get commit.template [4ms]
2023-05-19 00:52:37.304 [info] > git for-each-ref --format=%(refname)%00%(upstream:short)%00%(objectname)%00%(upstream:track)%00%(upstream:remotename)%00%(upstream:remoteref) refs/heads/master refs/remotes/master [5ms]
2023-05-19 00:52:37.345 [info] > git status -z -uall [32ms]
2023-05-19 00:52:42.363 [info] > git config --get commit.template [5ms]
2023-05-19 00:52:42.377 [info] > git for-each-ref --format=%(refname)%00%(upstream:short)%00%(objectname)%00%(upstream:track)%00%(upstream:remotename)%00%(upstream:remoteref) refs/heads/master refs/remotes/master [5ms]
2023-05-19 00:52:42.416 [info] > git status -z -uall [30ms]
2023-05-19 00:52:47.434 [info] > git config --get commit.template [2ms]
2023-05-19 00:52:47.450 [info] > git for-each-ref --format=%(refname)%00%(upstream:short)%00%(objectname)%00%(upstream:track)%00%(upstream:remotename)%00%(upstream:remoteref) refs/heads/master refs/remotes/master [8ms]
2023-05-19 00:52:47.491 [info] > git status -z -uall [32ms]
2023-05-19 00:53:02.354 [info] > git config --get commit.template [9ms]
2023-05-19 00:53:02.357 [info] > git for-each-ref --format=%(refname)%00%(upstream:short)%00%(objectname)%00%(upstream:track)%00%(upstream:remotename)%00%(upstream:remoteref) refs/heads/master refs/remotes/master [6ms]
2023-05-19 00:53:02.410 [info] > git status -z -uall [47ms]
2023-05-19 00:53:07.439 [info] > git config --get commit.template [11ms]
2023-05-19 00:53:07.451 [info] > git for-each-ref --format=%(refname)%00%(upstream:short)%00%(objectname)%00%(upstream:track)%00%(upstream:remotename)%00%(upstream:remoteref) refs/heads/master refs/remotes/master [13ms]
2023-05-19 00:53:07.481 [info] > git status -z -uall [24ms]
2023-05-19 00:53:12.507 [info] > git config --get commit.template [12ms]
2023-05-19 00:53:12.510 [info] > git for-each-ref --format=%(refname)%00%(upstream:short)%00%(objectname)%00%(upstream:track)%00%(upstream:remotename)%00%(upstream:remoteref) refs/heads/master refs/remotes/master [5ms]
2023-05-19 00:53:12.557 [info] > git status -z -uall [41ms]
2023-05-19 00:53:17.603 [info] > git config --get commit.template [8ms]
2023-05-19 00:53:17.604 [info] > git for-each-ref --format=%(refname)%00%(upstream:short)%00%(objectname)%00%(upstream:track)%00%(upstream:remotename)%00%(upstream:remoteref) refs/heads/master refs/remotes/master [3ms]
2023-05-19 00:53:17.652 [info] > git status -z -uall [41ms]
2023-05-19 00:53:22.681 [info] > git config --get commit.template [13ms]
2023-05-19 00:53:22.683 [info] > git for-each-ref --format=%(refname)%00%(upstream:short)%00%(objectname)%00%(upstream:track)%00%(upstream:remotename)%00%(upstream:remoteref) refs/heads/master refs/remotes/master [2ms]
2023-05-19 00:53:22.720 [info] > git status -z -uall [29ms]
2023-05-19 00:53:27.754 [info] > git config --get commit.template [12ms]
2023-05-19 00:53:27.757 [info] > git for-each-ref --format=%(refname)%00%(upstream:short)%00%(objectname)%00%(upstream:track)%00%(upstream:remotename)%00%(upstream:remoteref) refs/heads/master refs/remotes/master [4ms]
2023-05-19 00:53:27.799 [info] > git status -z -uall [34ms]
2023-05-19 00:53:33.953 [info] > git config --get commit.template [9ms]
2023-05-19 00:53:33.954 [info] > git for-each-ref --format=%(refname)%00%(upstream:short)%00%(objectname)%00%(upstream:track)%00%(upstream:remotename)%00%(upstream:remoteref) refs/heads/master refs/remotes/master [2ms]
2023-05-19 00:53:34.007 [info] > git status -z -uall [46ms]
2023-05-19 00:53:39.034 [info] > git config --get commit.template [12ms]
2023-05-19 00:53:39.045 [info] > git for-each-ref --format=%(refname)%00%(upstream:short)%00%(objectname)%00%(upstream:track)%00%(upstream:remotename)%00%(upstream:remoteref) refs/heads/master refs/remotes/master [14ms]
2023-05-19 00:53:39.080 [info] > git status -z -uall [27ms]
2023-05-19 00:53:44.110 [info] > git config --get commit.template [11ms]
2023-05-19 00:53:44.112 [info] > git for-each-ref --format=%(refname)%00%(upstream:short)%00%(objectname)%00%(upstream:track)%00%(upstream:remotename)%00%(upstream:remoteref) refs/heads/master refs/remotes/master [4ms]
2023-05-19 00:53:44.160 [info] > git status -z -uall [28ms]
2023-05-19 00:53:49.186 [info] > git config --get commit.template [12ms]
2023-05-19 00:53:49.202 [info] > git for-each-ref --format=%(refname)%00%(upstream:short)%00%(objectname)%00%(upstream:track)%00%(upstream:remotename)%00%(upstream:remoteref) refs/heads/master refs/remotes/master [18ms]
2023-05-19 00:53:49.232 [info] > git status -z -uall [23ms]
2023-05-19 00:53:54.254 [info] > git config --get commit.template [6ms]
2023-05-19 00:53:54.271 [info] > git for-each-ref --format=%(refname)%00%(upstream:short)%00%(objectname)%00%(upstream:track)%00%(upstream:remotename)%00%(upstream:remoteref) refs/heads/master refs/remotes/master [8ms]
2023-05-19 00:53:54.315 [info] > git status -z -uall [37ms]
2023-05-19 00:53:59.353 [info] > git config --get commit.template [8ms]
2023-05-19 00:53:59.354 [info] > git for-each-ref --format=%(refname)%00%(upstream:short)%00%(objectname)%00%(upstream:track)%00%(upstream:remotename)%00%(upstream:remoteref) refs/heads/master refs/remotes/master [3ms]
2023-05-19 00:53:59.406 [info] > git status -z -uall [45ms]
2023-05-19 00:54:04.442 [info] > git config --get commit.template [2ms]
2023-05-19 00:54:04.466 [info] > git for-each-ref --format=%(refname)%00%(upstream:short)%00%(objectname)%00%(upstream:track)%00%(upstream:remotename)%00%(upstream:remoteref) refs/heads/master refs/remotes/master [15ms]
2023-05-19 00:54:04.502 [info] > git status -z -uall [20ms]
2023-05-19 00:54:15.437 [info] > git config --get commit.template [21ms]
2023-05-19 00:54:15.440 [info] > git for-each-ref --format=%(refname)%00%(upstream:short)%00%(objectname)%00%(upstream:track)%00%(upstream:remotename)%00%(upstream:remoteref) refs/heads/master refs/remotes/master [4ms]
2023-05-19 00:54:15.482 [info] > git status -z -uall [33ms]
2023-05-19 00:54:59.696 [info] > git config --get commit.template [14ms]
2023-05-19 00:54:59.698 [info] > git for-each-ref --format=%(refname)%00%(upstream:short)%00%(objectname)%00%(upstream:track)%00%(upstream:remotename)%00%(upstream:remoteref) refs/heads/master refs/remotes/master [5ms]
2023-05-19 00:54:59.745 [info] > git status -z -uall [39ms]
2023-05-19 00:55:11.603 [info] > git config --get commit.template [24ms]
2023-05-19 00:55:11.606 [info] > git for-each-ref --format=%(refname)%00%(upstream:short)%00%(objectname)%00%(upstream:track)%00%(upstream:remotename)%00%(upstream:remoteref) refs/heads/master refs/remotes/master [4ms]
2023-05-19 00:55:11.642 [info] > git status -z -uall [30ms]
2023-05-19 00:55:20.762 [info] > git config --get commit.template [10ms]
2023-05-19 00:55:20.766 [info] > git for-each-ref --format=%(refname)%00%(upstream:short)%00%(objectname)%00%(upstream:track)%00%(upstream:remotename)%00%(upstream:remoteref) refs/heads/master refs/remotes/master [7ms]
2023-05-19 00:55:20.797 [info] > git status -z -uall [25ms]
2023-05-19 00:55:25.848 [info] > git config --get commit.template [11ms]
2023-05-19 00:55:25.849 [info] > git for-each-ref --format=%(refname)%00%(upstream:short)%00%(objectname)%00%(upstream:track)%00%(upstream:remotename)%00%(upstream:remoteref) refs/heads/master refs/remotes/master [3ms]
2023-05-19 00:55:25.892 [info] > git status -z -uall [36ms]
2023-05-19 00:55:32.018 [info] > git config --get commit.template [9ms]
2023-05-19 00:55:32.025 [info] > git for-each-ref --format=%(refname)%00%(upstream:short)%00%(objectname)%00%(upstream:track)%00%(upstream:remotename)%00%(upstream:remoteref) refs/heads/master refs/remotes/master [1ms]
2023-05-19 00:55:32.057 [info] > git status -z -uall [25ms]
2023-05-19 00:55:37.392 [info] > git config --get commit.template [11ms]
2023-05-19 00:55:37.399 [info] > git for-each-ref --format=%(refname)%00%(upstream:short)%00%(objectname)%00%(upstream:track)%00%(upstream:remotename)%00%(upstream:remoteref) refs/heads/master refs/remotes/master [6ms]
2023-05-19 00:55:37.429 [info] > git status -z -uall [25ms]
2023-05-19 00:55:42.450 [info] > git config --get commit.template [7ms]
2023-05-19 00:55:42.452 [info] > git for-each-ref --format=%(refname)%00%(upstream:short)%00%(objectname)%00%(upstream:track)%00%(upstream:remotename)%00%(upstream:remoteref) refs/heads/master refs/remotes/master [3ms]
2023-05-19 00:55:42.503 [info] > git status -z -uall [45ms]
2023-05-19 00:55:47.538 [info] > git for-each-ref --format=%(refname)%00%(upstream:short)%00%(objectname)%00%(upstream:track)%00%(upstream:remotename)%00%(upstream:remoteref) refs/heads/master refs/remotes/master [2ms]
2023-05-19 00:55:47.539 [info] > git config --get commit.template [19ms]
2023-05-19 00:55:47.576 [info] > git status -z -uall [28ms]
2023-05-19 00:56:07.280 [info] > git config --get commit.template [7ms]
2023-05-19 00:56:07.282 [info] > git for-each-ref --format=%(refname)%00%(upstream:short)%00%(objectname)%00%(upstream:track)%00%(upstream:remotename)%00%(upstream:remoteref) refs/heads/master refs/remotes/master [4ms]
2023-05-19 00:56:07.329 [info] > git status -z -uall [40ms]
2023-05-19 00:56:12.359 [info] > git config --get commit.template [11ms]
2023-05-19 00:56:12.361 [info] > git for-each-ref --format=%(refname)%00%(upstream:short)%00%(objectname)%00%(upstream:track)%00%(upstream:remotename)%00%(upstream:remoteref) refs/heads/master refs/remotes/master [3ms]
2023-05-19 00:56:12.406 [info] > git status -z -uall [38ms]
2023-05-19 00:56:17.427 [info] > git config --get commit.template [9ms]
2023-05-19 00:56:17.430 [info] > git for-each-ref --format=%(refname)%00%(upstream:short)%00%(objectname)%00%(upstream:track)%00%(upstream:remotename)%00%(upstream:remoteref) refs/heads/master refs/remotes/master [4ms]
2023-05-19 00:56:17.482 [info] > git status -z -uall [31ms]
2023-05-19 00:56:23.877 [info] > git config --get commit.template [2ms]
2023-05-19 00:56:23.890 [info] > git for-each-ref --format=%(refname)%00%(upstream:short)%00%(objectname)%00%(upstream:track)%00%(upstream:remotename)%00%(upstream:remoteref) refs/heads/master refs/remotes/master [2ms]
2023-05-19 00:56:23.927 [info] > git status -z -uall [32ms]
2023-05-19 00:56:32.357 [info] > git config --get commit.template [10ms]
2023-05-19 00:56:32.360 [info] > git for-each-ref --format=%(refname)%00%(upstream:short)%00%(objectname)%00%(upstream:track)%00%(upstream:remotename)%00%(upstream:remoteref) refs/heads/master refs/remotes/master [6ms]
2023-05-19 00:56:32.398 [info] > git status -z -uall [31ms]
2023-05-19 00:56:38.528 [info] > git config --get commit.template [20ms]
2023-05-19 00:56:38.530 [info] > git for-each-ref --format=%(refname)%00%(upstream:short)%00%(objectname)%00%(upstream:track)%00%(upstream:remotename)%00%(upstream:remoteref) refs/heads/master refs/remotes/master [2ms]
2023-05-19 00:56:38.564 [info] > git status -z -uall [26ms]
2023-05-19 00:56:49.902 [info] > git config --get commit.template [8ms]
2023-05-19 00:56:49.904 [info] > git for-each-ref --format=%(refname)%00%(upstream:short)%00%(objectname)%00%(upstream:track)%00%(upstream:remotename)%00%(upstream:remoteref) refs/heads/master refs/remotes/master [2ms]
2023-05-19 00:56:49.945 [info] > git status -z -uall [31ms]
2023-05-19 00:56:54.974 [info] > git config --get commit.template [11ms]
2023-05-19 00:56:54.978 [info] > git for-each-ref --format=%(refname)%00%(upstream:short)%00%(objectname)%00%(upstream:track)%00%(upstream:remotename)%00%(upstream:remoteref) refs/heads/master refs/remotes/master [5ms]
2023-05-19 00:56:55.026 [info] > git status -z -uall [31ms]
2023-05-19 00:57:00.053 [info] > git config --get commit.template [11ms]
2023-05-19 00:57:00.055 [info] > git for-each-ref --format=%(refname)%00%(upstream:short)%00%(objectname)%00%(upstream:track)%00%(upstream:remotename)%00%(upstream:remoteref) refs/heads/master refs/remotes/master [3ms]
2023-05-19 00:57:00.080 [info] > git status -z -uall [19ms]
2023-05-19 00:57:47.055 [info] > git config --get commit.template [10ms]
2023-05-19 00:57:47.066 [info] > git for-each-ref --format=%(refname)%00%(upstream:short)%00%(objectname)%00%(upstream:track)%00%(upstream:remotename)%00%(upstream:remoteref) refs/heads/master refs/remotes/master [13ms]
2023-05-19 00:57:47.112 [info] > git status -z -uall [36ms]
2023-05-19 00:57:52.138 [info] > git config --get commit.template [12ms]
2023-05-19 00:57:52.140 [info] > git for-each-ref --format=%(refname)%00%(upstream:short)%00%(objectname)%00%(upstream:track)%00%(upstream:remotename)%00%(upstream:remoteref) refs/heads/master refs/remotes/master [4ms]
2023-05-19 00:57:52.182 [info] > git status -z -uall [35ms]
2023-05-19 00:57:57.208 [info] > git config --get commit.template [12ms]
2023-05-19 00:57:57.211 [info] > git for-each-ref --format=%(refname)%00%(upstream:short)%00%(objectname)%00%(upstream:track)%00%(upstream:remotename)%00%(upstream:remoteref) refs/heads/master refs/remotes/master [4ms]
2023-05-19 00:57:57.255 [info] > git status -z -uall [24ms]
2023-05-19 00:58:02.285 [info] > git config --get commit.template [12ms]
2023-05-19 00:58:02.291 [info] > git for-each-ref --format=%(refname)%00%(upstream:short)%00%(objectname)%00%(upstream:track)%00%(upstream:remotename)%00%(upstream:remoteref) refs/heads/master refs/remotes/master [7ms]
2023-05-19 00:58:02.341 [info] > git status -z -uall [41ms]
2023-05-19 00:58:07.372 [info] > git config --get commit.template [14ms]
2023-05-19 00:58:07.381 [info] > git for-each-ref --format=%(refname)%00%(upstream:short)%00%(objectname)%00%(upstream:track)%00%(upstream:remotename)%00%(upstream:remoteref) refs/heads/master refs/remotes/master [11ms]
2023-05-19 00:58:07.410 [info] > git status -z -uall [21ms]
2023-05-19 00:58:12.433 [info] > git config --get commit.template [10ms]
2023-05-19 00:58:12.436 [info] > git for-each-ref --format=%(refname)%00%(upstream:short)%00%(objectname)%00%(upstream:track)%00%(upstream:remotename)%00%(upstream:remoteref) refs/heads/master refs/remotes/master [5ms]
2023-05-19 00:58:12.483 [info] > git status -z -uall [40ms]
2023-05-19 00:58:17.511 [info] > git config --get commit.template [11ms]
2023-05-19 00:58:17.513 [info] > git for-each-ref --format=%(refname)%00%(upstream:short)%00%(objectname)%00%(upstream:track)%00%(upstream:remotename)%00%(upstream:remoteref) refs/heads/master refs/remotes/master [4ms]
2023-05-19 00:58:17.549 [info] > git status -z -uall [27ms]
2023-05-19 00:58:34.962 [info] > git config --get commit.template [5ms]
2023-05-19 00:58:34.986 [info] > git for-each-ref --format=%(refname)%00%(upstream:short)%00%(objectname)%00%(upstream:track)%00%(upstream:remotename)%00%(upstream:remoteref) refs/heads/master refs/remotes/master [13ms]
2023-05-19 00:58:35.051 [info] > git status -z -uall [52ms]
2023-05-19 00:58:40.081 [info] > git config --get commit.template [11ms]
2023-05-19 00:58:40.095 [info] > git for-each-ref --format=%(refname)%00%(upstream:short)%00%(objectname)%00%(upstream:track)%00%(upstream:remotename)%00%(upstream:remoteref) refs/heads/master refs/remotes/master [16ms]
2023-05-19 00:58:40.145 [info] > git status -z -uall [42ms]
2023-05-19 00:58:45.251 [info] > git config --get commit.template [4ms]
2023-05-19 00:58:45.267 [info] > git for-each-ref --format=%(refname)%00%(upstream:short)%00%(objectname)%00%(upstream:track)%00%(upstream:remotename)%00%(upstream:remoteref) refs/heads/master refs/remotes/master [0ms]
2023-05-19 00:58:45.303 [info] > git status -z -uall [30ms]
2023-05-19 00:58:50.837 [info] > git config --get commit.template [12ms]
2023-05-19 00:58:50.839 [info] > git for-each-ref --format=%(refname)%00%(upstream:short)%00%(objectname)%00%(upstream:track)%00%(upstream:remotename)%00%(upstream:remoteref) refs/heads/master refs/remotes/master [3ms]
2023-05-19 00:58:50.877 [info] > git status -z -uall [26ms]
2023-05-19 00:59:23.321 [info] > git config --get commit.template [14ms]
2023-05-19 00:59:23.323 [info] > git for-each-ref --format=%(refname)%00%(upstream:short)%00%(objectname)%00%(upstream:track)%00%(upstream:remotename)%00%(upstream:remoteref) refs/heads/master refs/remotes/master [3ms]
2023-05-19 00:59:23.378 [info] > git status -z -uall [46ms]
2023-05-19 00:59:28.414 [info] > git config --get commit.template [10ms]
2023-05-19 00:59:28.416 [info] > git for-each-ref --format=%(refname)%00%(upstream:short)%00%(objectname)%00%(upstream:track)%00%(upstream:remotename)%00%(upstream:remoteref) refs/heads/master refs/remotes/master [4ms]
2023-05-19 00:59:28.454 [info] > git status -z -uall [30ms]
2023-05-19 00:59:33.485 [info] > git config --get commit.template [10ms]
2023-05-19 00:59:33.488 [info] > git for-each-ref --format=%(refname)%00%(upstream:short)%00%(objectname)%00%(upstream:track)%00%(upstream:remotename)%00%(upstream:remoteref) refs/heads/master refs/remotes/master [4ms]
2023-05-19 00:59:33.528 [info] > git status -z -uall [34ms]
2023-05-19 00:59:43.907 [info] > git config --get commit.template [11ms]
2023-05-19 00:59:43.908 [info] > git for-each-ref --format=%(refname)%00%(upstream:short)%00%(objectname)%00%(upstream:track)%00%(upstream:remotename)%00%(upstream:remoteref) refs/heads/master refs/remotes/master [2ms]
2023-05-19 00:59:43.956 [info] > git status -z -uall [31ms]
2023-05-19 00:59:49.012 [info] > git for-each-ref --format=%(refname)%00%(upstream:short)%00%(objectname)%00%(upstream:track)%00%(upstream:remotename)%00%(upstream:remoteref) refs/heads/master refs/remotes/master [1ms]
2023-05-19 00:59:49.012 [info] > git config --get commit.template [32ms]
2023-05-19 00:59:49.040 [info] > git status -z -uall [22ms]
2023-05-19 01:00:16.291 [info] > git config --get commit.template [3ms]
2023-05-19 01:00:16.306 [info] > git for-each-ref --format=%(refname)%00%(upstream:short)%00%(objectname)%00%(upstream:track)%00%(upstream:remotename)%00%(upstream:remoteref) refs/heads/master refs/remotes/master [2ms]
2023-05-19 01:00:16.343 [info] > git status -z -uall [30ms]
2023-05-19 01:00:22.275 [info] > git config --get commit.template [10ms]
2023-05-19 01:00:22.277 [info] > git for-each-ref --format=%(refname)%00%(upstream:short)%00%(objectname)%00%(upstream:track)%00%(upstream:remotename)%00%(upstream:remoteref) refs/heads/master refs/remotes/master [3ms]
2023-05-19 01:00:22.306 [info] > git status -z -uall [23ms]
2023-05-19 01:00:27.329 [info] > git config --get commit.template [10ms]
2023-05-19 01:00:27.330 [info] > git for-each-ref --format=%(refname)%00%(upstream:short)%00%(objectname)%00%(upstream:track)%00%(upstream:remotename)%00%(upstream:remoteref) refs/heads/master refs/remotes/master [3ms]
2023-05-19 01:00:27.376 [info] > git status -z -uall [38ms]
2023-05-19 01:00:32.408 [info] > git config --get commit.template [11ms]
2023-05-19 01:00:32.410 [info] > git for-each-ref --format=%(refname)%00%(upstream:short)%00%(objectname)%00%(upstream:track)%00%(upstream:remotename)%00%(upstream:remoteref) refs/heads/master refs/remotes/master [4ms]
2023-05-19 01:00:32.452 [info] > git status -z -uall [21ms]
2023-05-19 01:00:40.033 [info] > git config --get commit.template [11ms]
2023-05-19 01:00:40.036 [info] > git for-each-ref --format=%(refname)%00%(upstream:short)%00%(objectname)%00%(upstream:track)%00%(upstream:remotename)%00%(upstream:remoteref) refs/heads/master refs/remotes/master [6ms]
2023-05-19 01:00:40.077 [info] > git status -z -uall [28ms]
2023-05-19 01:07:07.315 [info] > git config --get commit.template [15ms]
2023-05-19 01:07:07.317 [info] > git for-each-ref --format=%(refname)%00%(upstream:short)%00%(objectname)%00%(upstream:track)%00%(upstream:remotename)%00%(upstream:remoteref) refs/heads/master refs/remotes/master [3ms]
2023-05-19 01:07:07.359 [info] > git status -z -uall [36ms]
2023-05-19 01:07:13.650 [info] > git config --get commit.template [2ms]
2023-05-19 01:07:13.659 [info] > git for-each-ref --format=%(refname)%00%(upstream:short)%00%(objectname)%00%(upstream:track)%00%(upstream:remotename)%00%(upstream:remoteref) refs/heads/master refs/remotes/master [3ms]
2023-05-19 01:07:13.688 [info] > git status -z -uall [21ms]
2023-05-19 01:07:19.654 [info] > git config --get commit.template [8ms]
2023-05-19 01:07:19.657 [info] > git for-each-ref --format=%(refname)%00%(upstream:short)%00%(objectname)%00%(upstream:track)%00%(upstream:remotename)%00%(upstream:remoteref) refs/heads/master refs/remotes/master [4ms]
2023-05-19 01:07:19.706 [info] > git status -z -uall [41ms]
2023-05-19 01:07:24.728 [info] > git config --get commit.template [7ms]
2023-05-19 01:07:24.732 [info] > git for-each-ref --format=%(refname)%00%(upstream:short)%00%(objectname)%00%(upstream:track)%00%(upstream:remotename)%00%(upstream:remoteref) refs/heads/master refs/remotes/master [6ms]
2023-05-19 01:07:24.780 [info] > git status -z -uall [43ms]
2023-05-19 01:07:29.835 [info] > git config --get commit.template [27ms]
2023-05-19 01:07:29.837 [info] > git for-each-ref --format=%(refname)%00%(upstream:short)%00%(objectname)%00%(upstream:track)%00%(upstream:remotename)%00%(upstream:remoteref) refs/heads/master refs/remotes/master [3ms]
2023-05-19 01:07:29.862 [info] > git status -z -uall [20ms]
2023-05-19 01:07:34.888 [info] > git config --get commit.template [12ms]
2023-05-19 01:07:34.891 [info] > git for-each-ref --format=%(refname)%00%(upstream:short)%00%(objectname)%00%(upstream:track)%00%(upstream:remotename)%00%(upstream:remoteref) refs/heads/master refs/remotes/master [4ms]
2023-05-19 01:07:34.928 [info] > git status -z -uall [29ms]
2023-05-19 01:07:42.943 [info] > git config --get commit.template [8ms]
2023-05-19 01:07:42.947 [info] > git for-each-ref --format=%(refname)%00%(upstream:short)%00%(objectname)%00%(upstream:track)%00%(upstream:remotename)%00%(upstream:remoteref) refs/heads/master refs/remotes/master [5ms]
2023-05-19 01:07:42.988 [info] > git status -z -uall [31ms]
2023-05-19 01:07:48.014 [info] > git config --get commit.template [10ms]
2023-05-19 01:07:48.015 [info] > git for-each-ref --format=%(refname)%00%(upstream:short)%00%(objectname)%00%(upstream:track)%00%(upstream:remotename)%00%(upstream:remoteref) refs/heads/master refs/remotes/master [4ms]
2023-05-19 01:07:48.057 [info] > git status -z -uall [35ms]
2023-05-19 01:07:53.128 [info] > git config --get commit.template [14ms]
2023-05-19 01:07:53.142 [info] > git for-each-ref --format=%(refname)%00%(upstream:short)%00%(objectname)%00%(upstream:track)%00%(upstream:remotename)%00%(upstream:remoteref) refs/heads/master refs/remotes/master [16ms]
2023-05-19 01:07:53.173 [info] > git status -z -uall [23ms]
2023-05-19 01:07:58.198 [info] > git config --get commit.template [12ms]
2023-05-19 01:07:58.200 [info] > git for-each-ref --format=%(refname)%00%(upstream:short)%00%(objectname)%00%(upstream:track)%00%(upstream:remotename)%00%(upstream:remoteref) refs/heads/master refs/remotes/master [4ms]
2023-05-19 01:07:58.241 [info] > git status -z -uall [20ms]
2023-05-19 01:08:03.264 [info] > git config --get commit.template [10ms]
2023-05-19 01:08:03.282 [info] > git for-each-ref --format=%(refname)%00%(upstream:short)%00%(objectname)%00%(upstream:track)%00%(upstream:remotename)%00%(upstream:remoteref) refs/heads/master refs/remotes/master [19ms]
2023-05-19 01:08:03.329 [info] > git status -z -uall [39ms]
2023-05-19 01:08:18.427 [info] > git config --get commit.template [19ms]
2023-05-19 01:08:18.428 [info] > git for-each-ref --format=%(refname)%00%(upstream:short)%00%(objectname)%00%(upstream:track)%00%(upstream:remotename)%00%(upstream:remoteref) refs/heads/master refs/remotes/master [3ms]
2023-05-19 01:08:18.476 [info] > git status -z -uall [34ms]
2023-05-19 01:08:23.508 [info] > git config --get commit.template [13ms]
2023-05-19 01:08:23.515 [info] > git for-each-ref --format=%(refname)%00%(upstream:short)%00%(objectname)%00%(upstream:track)%00%(upstream:remotename)%00%(upstream:remoteref) refs/heads/master refs/remotes/master [8ms]
2023-05-19 01:08:23.562 [info] > git status -z -uall [39ms]
2023-05-19 01:09:24.319 [info] > git config --get commit.template [3ms]
2023-05-19 01:09:24.337 [info] > git for-each-ref --format=%(refname)%00%(upstream:short)%00%(objectname)%00%(upstream:track)%00%(upstream:remotename)%00%(upstream:remoteref) refs/heads/master refs/remotes/master [3ms]
2023-05-19 01:09:24.388 [info] > git status -z -uall [42ms]
2023-05-19 01:09:28.074 [info] > git check-ignore -v -z --stdin [6ms]
2023-05-19 01:09:29.472 [info] > git config --get commit.template [11ms]
2023-05-19 01:09:29.474 [info] > git for-each-ref --format=%(refname)%00%(upstream:short)%00%(objectname)%00%(upstream:track)%00%(upstream:remotename)%00%(upstream:remoteref) refs/heads/master refs/remotes/master [4ms]
2023-05-19 01:09:29.520 [info] > git status -z -uall [38ms]
2023-05-19 01:09:34.582 [info] > git config --get commit.template [25ms]
2023-05-19 01:09:34.582 [info] > git for-each-ref --format=%(refname)%00%(upstream:short)%00%(objectname)%00%(upstream:track)%00%(upstream:remotename)%00%(upstream:remoteref) refs/heads/master refs/remotes/master [17ms]
2023-05-19 01:09:34.638 [info] > git status -z -uall [50ms]
2023-05-19 01:09:38.980 [info] > git show --textconv :myproject/myapp/templates/register.html [12ms]
2023-05-19 01:09:38.984 [info] > git ls-files --stage -- /home/vagrant/myproject/myapp/templates/register.html [6ms]
2023-05-19 01:09:39.212 [info] > git check-ignore -v -z --stdin [7ms]
2023-05-19 01:09:56.582 [info] > git config --get commit.template [16ms]
2023-05-19 01:09:56.583 [info] > git for-each-ref --format=%(refname)%00%(upstream:short)%00%(objectname)%00%(upstream:track)%00%(upstream:remotename)%00%(upstream:remoteref) refs/heads/master refs/remotes/master [2ms]
2023-05-19 01:09:56.643 [info] > git status -z -uall [40ms]
2023-05-19 01:10:01.665 [info] > git config --get commit.template [11ms]
2023-05-19 01:10:01.667 [info] > git for-each-ref --format=%(refname)%00%(upstream:short)%00%(objectname)%00%(upstream:track)%00%(upstream:remotename)%00%(upstream:remoteref) refs/heads/master refs/remotes/master [4ms]
2023-05-19 01:10:01.716 [info] > git status -z -uall [40ms]
2023-05-19 01:10:06.786 [info] > git config --get commit.template [13ms]
2023-05-19 01:10:06.788 [info] > git for-each-ref --format=%(refname)%00%(upstream:short)%00%(objectname)%00%(upstream:track)%00%(upstream:remotename)%00%(upstream:remoteref) refs/heads/master refs/remotes/master [4ms]
2023-05-19 01:10:06.826 [info] > git status -z -uall [29ms]
2023-05-19 01:10:20.739 [info] > git config --get commit.template [4ms]
2023-05-19 01:10:20.749 [info] > git for-each-ref --format=%(refname)%00%(upstream:short)%00%(objectname)%00%(upstream:track)%00%(upstream:remotename)%00%(upstream:remoteref) refs/heads/master refs/remotes/master [1ms]
2023-05-19 01:10:20.789 [info] > git status -z -uall [33ms]
2023-05-19 01:10:31.435 [info] > git config --get commit.template [5ms]
2023-05-19 01:10:31.437 [info] > git for-each-ref --format=%(refname)%00%(upstream:short)%00%(objectname)%00%(upstream:track)%00%(upstream:remotename)%00%(upstream:remoteref) refs/heads/master refs/remotes/master [3ms]
2023-05-19 01:10:31.480 [info] > git status -z -uall [35ms]
2023-05-19 01:10:36.504 [info] > git config --get commit.template [7ms]
2023-05-19 01:10:36.508 [info] > git for-each-ref --format=%(refname)%00%(upstream:short)%00%(objectname)%00%(upstream:track)%00%(upstream:remotename)%00%(upstream:remoteref) refs/heads/master refs/remotes/master [5ms]
2023-05-19 01:10:36.545 [info] > git status -z -uall [29ms]
2023-05-19 01:10:54.508 [info] > git config --get commit.template [4ms]
2023-05-19 01:10:54.518 [info] > git for-each-ref --format=%(refname)%00%(upstream:short)%00%(objectname)%00%(upstream:track)%00%(upstream:remotename)%00%(upstream:remoteref) refs/heads/master refs/remotes/master [4ms]
2023-05-19 01:10:54.561 [info] > git status -z -uall [36ms]
2023-05-19 01:10:59.580 [info] > git config --get commit.template [2ms]
2023-05-19 01:10:59.595 [info] > git for-each-ref --format=%(refname)%00%(upstream:short)%00%(objectname)%00%(upstream:track)%00%(upstream:remotename)%00%(upstream:remoteref) refs/heads/master refs/remotes/master [4ms]
2023-05-19 01:10:59.644 [info] > git status -z -uall [43ms]
2023-05-19 01:11:04.672 [info] > git config --get commit.template [9ms]
2023-05-19 01:11:04.685 [info] > git for-each-ref --format=%(refname)%00%(upstream:short)%00%(objectname)%00%(upstream:track)%00%(upstream:remotename)%00%(upstream:remoteref) refs/heads/master refs/remotes/master [14ms]
2023-05-19 01:11:04.720 [info] > git status -z -uall [24ms]
2023-05-19 01:11:09.745 [info] > git config --get commit.template [9ms]
2023-05-19 01:11:09.747 [info] > git for-each-ref --format=%(refname)%00%(upstream:short)%00%(objectname)%00%(upstream:track)%00%(upstream:remotename)%00%(upstream:remoteref) refs/heads/master refs/remotes/master [3ms]
2023-05-19 01:11:09.784 [info] > git status -z -uall [30ms]
2023-05-19 01:11:14.814 [info] > git config --get commit.template [15ms]
2023-05-19 01:11:14.817 [info] > git for-each-ref --format=%(refname)%00%(upstream:short)%00%(objectname)%00%(upstream:track)%00%(upstream:remotename)%00%(upstream:remoteref) refs/heads/master refs/remotes/master [4ms]
2023-05-19 01:11:14.852 [info] > git status -z -uall [27ms]
2023-05-19 01:11:19.879 [info] > git config --get commit.template [12ms]
2023-05-19 01:11:19.887 [info] > git for-each-ref --format=%(refname)%00%(upstream:short)%00%(objectname)%00%(upstream:track)%00%(upstream:remotename)%00%(upstream:remoteref) refs/heads/master refs/remotes/master [10ms]
2023-05-19 01:11:19.920 [info] > git status -z -uall [24ms]
2023-05-19 01:11:24.962 [info] > git config --get commit.template [24ms]
2023-05-19 01:11:24.968 [info] > git for-each-ref --format=%(refname)%00%(upstream:short)%00%(objectname)%00%(upstream:track)%00%(upstream:remotename)%00%(upstream:remoteref) refs/heads/master refs/remotes/master [8ms]
2023-05-19 01:11:24.998 [info] > git status -z -uall [20ms]
2023-05-19 01:11:57.670 [info] > git config --get commit.template [13ms]
2023-05-19 01:11:57.672 [info] > git for-each-ref --format=%(refname)%00%(upstream:short)%00%(objectname)%00%(upstream:track)%00%(upstream:remotename)%00%(upstream:remoteref) refs/heads/master refs/remotes/master [2ms]
2023-05-19 01:11:57.714 [info] > git status -z -uall [31ms]
2023-05-19 01:12:02.747 [info] > git config --get commit.template [7ms]
2023-05-19 01:12:02.749 [info] > git for-each-ref --format=%(refname)%00%(upstream:short)%00%(objectname)%00%(upstream:track)%00%(upstream:remotename)%00%(upstream:remoteref) refs/heads/master refs/remotes/master [2ms]
2023-05-19 01:12:02.799 [info] > git status -z -uall [45ms]
2023-05-19 01:12:07.832 [info] > git config --get commit.template [17ms]
2023-05-19 01:12:07.833 [info] > git for-each-ref --format=%(refname)%00%(upstream:short)%00%(objectname)%00%(upstream:track)%00%(upstream:remotename)%00%(upstream:remoteref) refs/heads/master refs/remotes/master [2ms]
2023-05-19 01:12:07.855 [info] > git status -z -uall [17ms]
2023-05-19 01:12:14.943 [info] > git config --get commit.template [3ms]
2023-05-19 01:12:14.967 [info] > git for-each-ref --format=%(refname)%00%(upstream:short)%00%(objectname)%00%(upstream:track)%00%(upstream:remotename)%00%(upstream:remoteref) refs/heads/master refs/remotes/master [8ms]
2023-05-19 01:12:15.009 [info] > git status -z -uall [34ms]
2023-05-19 01:12:20.035 [info] > git config --get commit.template [9ms]
2023-05-19 01:12:20.037 [info] > git for-each-ref --format=%(refname)%00%(upstream:short)%00%(objectname)%00%(upstream:track)%00%(upstream:remotename)%00%(upstream:remoteref) refs/heads/master refs/remotes/master [3ms]
2023-05-19 01:12:20.071 [info] > git status -z -uall [26ms]
2023-05-19 01:12:23.728 [info] > git show --textconv :myproject/myapp/templates/about.html [9ms]
2023-05-19 01:12:23.731 [info] > git ls-files --stage -- /home/vagrant/myproject/myapp/templates/about.html [5ms]
2023-05-19 01:12:23.741 [info] > git cat-file -s 6007b9a5622a670327eb38f5b81d7a50431d1b2a [3ms]
2023-05-19 01:12:24.141 [info] > git show --textconv :myproject/myapp/urls.py [10ms]
2023-05-19 01:12:24.147 [info] > git ls-files --stage -- /home/vagrant/myproject/myapp/urls.py [7ms]
2023-05-19 01:12:24.155 [info] > git cat-file -s 04fe91d279fbbf474b7a4512044573b5952813b3 [2ms]
2023-05-19 01:12:25.118 [info] > git config --get commit.template [11ms]
2023-05-19 01:12:25.120 [info] > git for-each-ref --format=%(refname)%00%(upstream:short)%00%(objectname)%00%(upstream:track)%00%(upstream:remotename)%00%(upstream:remoteref) refs/heads/master refs/remotes/master [4ms]
2023-05-19 01:12:25.173 [info] > git status -z -uall [44ms]
2023-05-19 01:12:32.884 [info] > git config --get commit.template [11ms]
2023-05-19 01:12:32.885 [info] > git for-each-ref --format=%(refname)%00%(upstream:short)%00%(objectname)%00%(upstream:track)%00%(upstream:remotename)%00%(upstream:remoteref) refs/heads/master refs/remotes/master [5ms]
2023-05-19 01:12:32.933 [info] > git status -z -uall [41ms]
2023-05-19 01:12:37.966 [info] > git config --get commit.template [15ms]
2023-05-19 01:12:37.969 [info] > git for-each-ref --format=%(refname)%00%(upstream:short)%00%(objectname)%00%(upstream:track)%00%(upstream:remotename)%00%(upstream:remoteref) refs/heads/master refs/remotes/master [4ms]
2023-05-19 01:12:38.022 [info] > git status -z -uall [46ms]
2023-05-19 01:12:43.042 [info] > git config --get commit.template [2ms]
2023-05-19 01:12:43.055 [info] > git for-each-ref --format=%(refname)%00%(upstream:short)%00%(objectname)%00%(upstream:track)%00%(upstream:remotename)%00%(upstream:remoteref) refs/heads/master refs/remotes/master [4ms]
2023-05-19 01:12:43.105 [info] > git status -z -uall [42ms]
2023-05-19 01:12:48.126 [info] > git config --get commit.template [2ms]
2023-05-19 01:12:48.135 [info] > git for-each-ref --format=%(refname)%00%(upstream:short)%00%(objectname)%00%(upstream:track)%00%(upstream:remotename)%00%(upstream:remoteref) refs/heads/master refs/remotes/master [3ms]
2023-05-19 01:12:48.182 [info] > git status -z -uall [39ms]
2023-05-19 01:12:57.017 [info] > git config --get commit.template [18ms]
2023-05-19 01:12:57.019 [info] > git for-each-ref --format=%(refname)%00%(upstream:short)%00%(objectname)%00%(upstream:track)%00%(upstream:remotename)%00%(upstream:remoteref) refs/heads/master refs/remotes/master [3ms]
2023-05-19 01:12:57.061 [info] > git status -z -uall [31ms]
2023-05-19 01:13:02.122 [info] > git config --get commit.template [23ms]
2023-05-19 01:13:02.126 [info] > git for-each-ref --format=%(refname)%00%(upstream:short)%00%(objectname)%00%(upstream:track)%00%(upstream:remotename)%00%(upstream:remoteref) refs/heads/master refs/remotes/master [5ms]
2023-05-19 01:13:02.185 [info] > git status -z -uall [53ms]
2023-05-19 01:13:07.207 [info] > git config --get commit.template [8ms]
2023-05-19 01:13:07.209 [info] > git for-each-ref --format=%(refname)%00%(upstream:short)%00%(objectname)%00%(upstream:track)%00%(upstream:remotename)%00%(upstream:remoteref) refs/heads/master refs/remotes/master [2ms]
2023-05-19 01:13:07.242 [info] > git status -z -uall [27ms]
2023-05-19 01:13:12.270 [info] > git config --get commit.template [13ms]
2023-05-19 01:13:12.272 [info] > git for-each-ref --format=%(refname)%00%(upstream:short)%00%(objectname)%00%(upstream:track)%00%(upstream:remotename)%00%(upstream:remoteref) refs/heads/master refs/remotes/master [3ms]
2023-05-19 01:13:12.321 [info] > git status -z -uall [39ms]
2023-05-19 01:13:17.343 [info] > git config --get commit.template [9ms]
2023-05-19 01:13:17.344 [info] > git for-each-ref --format=%(refname)%00%(upstream:short)%00%(objectname)%00%(upstream:track)%00%(upstream:remotename)%00%(upstream:remoteref) refs/heads/master refs/remotes/master [2ms]
2023-05-19 01:13:17.377 [info] > git status -z -uall [28ms]
2023-05-19 01:13:17.732 [info] > git show --textconv :myproject/myapp/views.py [9ms]
2023-05-19 01:13:17.737 [info] > git ls-files --stage -- /home/vagrant/myproject/myapp/views.py [5ms]
2023-05-19 01:13:17.749 [info] > git cat-file -s 1d4130bea9b266430aa826530a1df0817dd6b1ec [4ms]
2023-05-19 01:13:22.402 [info] > git config --get commit.template [10ms]
2023-05-19 01:13:22.403 [info] > git for-each-ref --format=%(refname)%00%(upstream:short)%00%(objectname)%00%(upstream:track)%00%(upstream:remotename)%00%(upstream:remoteref) refs/heads/master refs/remotes/master [3ms]
2023-05-19 01:13:22.431 [info] > git status -z -uall [22ms]
2023-05-19 01:13:27.473 [info] > git config --get commit.template [9ms]
2023-05-19 01:13:27.475 [info] > git for-each-ref --format=%(refname)%00%(upstream:short)%00%(objectname)%00%(upstream:track)%00%(upstream:remotename)%00%(upstream:remoteref) refs/heads/master refs/remotes/master [3ms]
2023-05-19 01:13:27.536 [info] > git status -z -uall [42ms]
2023-05-19 01:13:32.557 [info] > git config --get commit.template [9ms]
2023-05-19 01:13:32.560 [info] > git for-each-ref --format=%(refname)%00%(upstream:short)%00%(objectname)%00%(upstream:track)%00%(upstream:remotename)%00%(upstream:remoteref) refs/heads/master refs/remotes/master [5ms]
2023-05-19 01:13:32.590 [info] > git status -z -uall [24ms]
2023-05-19 01:13:44.456 [info] > git config --get commit.template [4ms]
2023-05-19 01:13:44.470 [info] > git for-each-ref --format=%(refname)%00%(upstream:short)%00%(objectname)%00%(upstream:track)%00%(upstream:remotename)%00%(upstream:remoteref) refs/heads/master refs/remotes/master [3ms]
2023-05-19 01:13:44.507 [info] > git status -z -uall [30ms]
2023-05-19 01:13:49.549 [info] > git config --get commit.template [10ms]
2023-05-19 01:13:49.553 [info] > git for-each-ref --format=%(refname)%00%(upstream:short)%00%(objectname)%00%(upstream:track)%00%(upstream:remotename)%00%(upstream:remoteref) refs/heads/master refs/remotes/master [5ms]
2023-05-19 01:13:49.601 [info] > git status -z -uall [40ms]
2023-05-19 01:13:54.626 [info] > git config --get commit.template [10ms]
2023-05-19 01:13:54.627 [info] > git for-each-ref --format=%(refname)%00%(upstream:short)%00%(objectname)%00%(upstream:track)%00%(upstream:remotename)%00%(upstream:remoteref) refs/heads/master refs/remotes/master [4ms]
2023-05-19 01:13:54.665 [info] > git status -z -uall [28ms]
2023-05-19 01:14:13.377 [info] > git for-each-ref --format=%(refname)%00%(upstream:short)%00%(objectname)%00%(upstream:track)%00%(upstream:remotename)%00%(upstream:remoteref) refs/heads/master refs/remotes/master [1ms]
2023-05-19 01:14:13.378 [info] > git config --get commit.template [13ms]
2023-05-19 01:14:13.412 [info] > git status -z -uall [25ms]
2023-05-19 01:14:18.469 [info] > git config --get commit.template [10ms]
2023-05-19 01:14:18.471 [info] > git for-each-ref --format=%(refname)%00%(upstream:short)%00%(objectname)%00%(upstream:track)%00%(upstream:remotename)%00%(upstream:remoteref) refs/heads/master refs/remotes/master [5ms]
2023-05-19 01:14:18.519 [info] > git status -z -uall [42ms]
2023-05-19 01:14:23.544 [info] > git config --get commit.template [2ms]
2023-05-19 01:14:23.560 [info] > git for-each-ref --format=%(refname)%00%(upstream:short)%00%(objectname)%00%(upstream:track)%00%(upstream:remotename)%00%(upstream:remoteref) refs/heads/master refs/remotes/master [2ms]
2023-05-19 01:14:23.612 [info] > git status -z -uall [45ms]
2023-05-19 01:14:29.582 [info] > git config --get commit.template [9ms]
2023-05-19 01:14:29.583 [info] > git for-each-ref --format=%(refname)%00%(upstream:short)%00%(objectname)%00%(upstream:track)%00%(upstream:remotename)%00%(upstream:remoteref) refs/heads/master refs/remotes/master [3ms]
2023-05-19 01:14:29.626 [info] > git status -z -uall [32ms]
2023-05-19 01:14:34.652 [info] > git config --get commit.template [12ms]
2023-05-19 01:14:34.655 [info] > git for-each-ref --format=%(refname)%00%(upstream:short)%00%(objectname)%00%(upstream:track)%00%(upstream:remotename)%00%(upstream:remoteref) refs/heads/master refs/remotes/master [4ms]
2023-05-19 01:14:34.690 [info] > git status -z -uall [28ms]
2023-05-19 01:14:39.710 [info] > git config --get commit.template [8ms]
2023-05-19 01:14:39.711 [info] > git for-each-ref --format=%(refname)%00%(upstream:short)%00%(objectname)%00%(upstream:track)%00%(upstream:remotename)%00%(upstream:remoteref) refs/heads/master refs/remotes/master [2ms]
2023-05-19 01:14:39.771 [info] > git status -z -uall [30ms]
2023-05-19 01:14:44.817 [info] > git config --get commit.template [13ms]
2023-05-19 01:14:44.820 [info] > git for-each-ref --format=%(refname)%00%(upstream:short)%00%(objectname)%00%(upstream:track)%00%(upstream:remotename)%00%(upstream:remoteref) refs/heads/master refs/remotes/master [5ms]
2023-05-19 01:14:44.866 [info] > git status -z -uall [38ms]
2023-05-19 01:14:49.401 [info] > git show --textconv :myproject/myapp/templates/doctors.html [8ms]
2023-05-19 01:14:49.406 [info] > git ls-files --stage -- /home/vagrant/myproject/myapp/templates/doctors.html [6ms]
2023-05-19 01:14:49.420 [info] > git cat-file -s 353ddc5a05965a6da568e1226fc8e0eb32d36971 [7ms]
2023-05-19 01:14:49.905 [info] > git config --get commit.template [16ms]
2023-05-19 01:14:49.907 [info] > git for-each-ref --format=%(refname)%00%(upstream:short)%00%(objectname)%00%(upstream:track)%00%(upstream:remotename)%00%(upstream:remoteref) refs/heads/master refs/remotes/master [4ms]
2023-05-19 01:14:49.944 [info] > git status -z -uall [29ms]
2023-05-19 01:14:51.025 [info] > git show --textconv :myproject/myapp/templates/services.html [9ms]
2023-05-19 01:14:51.027 [info] > git ls-files --stage -- /home/vagrant/myproject/myapp/templates/services.html [3ms]
2023-05-19 01:14:51.041 [info] > git cat-file -s 7f260395a4dbc3f47cdb1df74bb689690a3822ff [4ms]
2023-05-19 01:14:54.976 [info] > git config --get commit.template [10ms]
2023-05-19 01:14:54.979 [info] > git for-each-ref --format=%(refname)%00%(upstream:short)%00%(objectname)%00%(upstream:track)%00%(upstream:remotename)%00%(upstream:remoteref) refs/heads/master refs/remotes/master [4ms]
2023-05-19 01:14:55.023 [info] > git status -z -uall [38ms]
2023-05-19 01:15:00.059 [info] > git for-each-ref --format=%(refname)%00%(upstream:short)%00%(objectname)%00%(upstream:track)%00%(upstream:remotename)%00%(upstream:remoteref) refs/heads/master refs/remotes/master [4ms]
2023-05-19 01:15:00.059 [info] > git config --get commit.template [18ms]
2023-05-19 01:15:00.111 [info] > git status -z -uall [40ms]
2023-05-19 01:15:05.150 [info] > git config --get commit.template [26ms]
2023-05-19 01:15:05.151 [info] > git for-each-ref --format=%(refname)%00%(upstream:short)%00%(objectname)%00%(upstream:track)%00%(upstream:remotename)%00%(upstream:remoteref) refs/heads/master refs/remotes/master [1ms]
2023-05-19 01:15:05.183 [info] > git status -z -uall [27ms]
2023-05-19 01:15:29.138 [info] > git config --get commit.template [15ms]
2023-05-19 01:15:29.142 [info] > git for-each-ref --format=%(refname)%00%(upstream:short)%00%(objectname)%00%(upstream:track)%00%(upstream:remotename)%00%(upstream:remoteref) refs/heads/master refs/remotes/master [6ms]
2023-05-19 01:15:29.178 [info] > git status -z -uall [24ms]
2023-05-19 01:15:41.209 [info] > git config --get commit.template [10ms]
2023-05-19 01:15:41.219 [info] > git for-each-ref --format=%(refname)%00%(upstream:short)%00%(objectname)%00%(upstream:track)%00%(upstream:remotename)%00%(upstream:remoteref) refs/heads/master refs/remotes/master [2ms]
2023-05-19 01:15:41.263 [info] > git status -z -uall [20ms]
2023-05-19 01:16:06.564 [info] > git config --get commit.template [8ms]
2023-05-19 01:16:06.574 [info] > git for-each-ref --format=%(refname)%00%(upstream:short)%00%(objectname)%00%(upstream:track)%00%(upstream:remotename)%00%(upstream:remoteref) refs/heads/master refs/remotes/master [4ms]
2023-05-19 01:16:06.621 [info] > git status -z -uall [40ms]
2023-05-19 01:16:14.452 [info] > git config --get commit.template [2ms]
2023-05-19 01:16:14.464 [info] > git for-each-ref --format=%(refname)%00%(upstream:short)%00%(objectname)%00%(upstream:track)%00%(upstream:remotename)%00%(upstream:remoteref) refs/heads/master refs/remotes/master [2ms]
2023-05-19 01:16:14.514 [info] > git status -z -uall [45ms]
2023-05-19 01:16:20.543 [info] > git config --get commit.template [9ms]
2023-05-19 01:16:20.545 [info] > git for-each-ref --format=%(refname)%00%(upstream:short)%00%(objectname)%00%(upstream:track)%00%(upstream:remotename)%00%(upstream:remoteref) refs/heads/master refs/remotes/master [3ms]
2023-05-19 01:16:20.573 [info] > git status -z -uall [22ms]
2023-05-19 01:16:25.597 [info] > git config --get commit.template [9ms]
2023-05-19 01:16:25.599 [info] > git for-each-ref --format=%(refname)%00%(upstream:short)%00%(objectname)%00%(upstream:track)%00%(upstream:remotename)%00%(upstream:remoteref) refs/heads/master refs/remotes/master [3ms]
2023-05-19 01:16:25.649 [info] > git status -z -uall [39ms]
2023-05-19 01:16:30.683 [info] > git config --get commit.template [9ms]
2023-05-19 01:16:30.685 [info] > git for-each-ref --format=%(refname)%00%(upstream:short)%00%(objectname)%00%(upstream:track)%00%(upstream:remotename)%00%(upstream:remoteref) refs/heads/master refs/remotes/master [3ms]
2023-05-19 01:16:30.730 [info] > git status -z -uall [37ms]
2023-05-19 01:16:37.273 [info] > git config --get commit.template [14ms]
2023-05-19 01:16:37.276 [info] > git for-each-ref --format=%(refname)%00%(upstream:short)%00%(objectname)%00%(upstream:track)%00%(upstream:remotename)%00%(upstream:remoteref) refs/heads/master refs/remotes/master [5ms]
2023-05-19 01:16:37.309 [info] > git status -z -uall [28ms]
2023-05-19 01:16:42.334 [info] > git config --get commit.template [9ms]
2023-05-19 01:16:42.336 [info] > git for-each-ref --format=%(refname)%00%(upstream:short)%00%(objectname)%00%(upstream:track)%00%(upstream:remotename)%00%(upstream:remoteref) refs/heads/master refs/remotes/master [3ms]
2023-05-19 01:16:42.379 [info] > git status -z -uall [37ms]
2023-05-19 01:16:49.836 [info] > git config --get commit.template [13ms]
2023-05-19 01:16:49.840 [info] > git for-each-ref --format=%(refname)%00%(upstream:short)%00%(objectname)%00%(upstream:track)%00%(upstream:remotename)%00%(upstream:remoteref) refs/heads/master refs/remotes/master [5ms]
2023-05-19 01:16:49.876 [info] > git status -z -uall [27ms]
2023-05-19 01:16:54.909 [info] > git config --get commit.template [9ms]
2023-05-19 01:16:54.911 [info] > git for-each-ref --format=%(refname)%00%(upstream:short)%00%(objectname)%00%(upstream:track)%00%(upstream:remotename)%00%(upstream:remoteref) refs/heads/master refs/remotes/master [4ms]
2023-05-19 01:16:54.954 [info] > git status -z -uall [36ms]
2023-05-19 01:17:01.933 [info] > git config --get commit.template [18ms]
2023-05-19 01:17:01.938 [info] > git for-each-ref --format=%(refname)%00%(upstream:short)%00%(objectname)%00%(upstream:track)%00%(upstream:remotename)%00%(upstream:remoteref) refs/heads/master refs/remotes/master [7ms]
2023-05-19 01:17:01.989 [info] > git status -z -uall [43ms]
2023-05-19 01:17:08.214 [info] > git config --get commit.template [13ms]
2023-05-19 01:17:08.216 [info] > git for-each-ref --format=%(refname)%00%(upstream:short)%00%(objectname)%00%(upstream:track)%00%(upstream:remotename)%00%(upstream:remoteref) refs/heads/master refs/remotes/master [2ms]
2023-05-19 01:17:08.256 [info] > git status -z -uall [29ms]
2023-05-19 01:17:13.280 [info] > git config --get commit.template [11ms]
2023-05-19 01:17:13.280 [info] > git for-each-ref --format=%(refname)%00%(upstream:short)%00%(objectname)%00%(upstream:track)%00%(upstream:remotename)%00%(upstream:remoteref) refs/heads/master refs/remotes/master [2ms]
2023-05-19 01:17:13.307 [info] > git status -z -uall [20ms]
2023-05-19 01:17:18.341 [info] > git config --get commit.template [11ms]
2023-05-19 01:17:18.343 [info] > git for-each-ref --format=%(refname)%00%(upstream:short)%00%(objectname)%00%(upstream:track)%00%(upstream:remotename)%00%(upstream:remoteref) refs/heads/master refs/remotes/master [4ms]
2023-05-19 01:17:18.399 [info] > git status -z -uall [49ms]
2023-05-19 01:17:23.427 [info] > git config --get commit.template [10ms]
2023-05-19 01:17:23.429 [info] > git for-each-ref --format=%(refname)%00%(upstream:short)%00%(objectname)%00%(upstream:track)%00%(upstream:remotename)%00%(upstream:remoteref) refs/heads/master refs/remotes/master [3ms]
2023-05-19 01:17:23.469 [info] > git status -z -uall [32ms]
2023-05-19 01:17:28.494 [info] > git config --get commit.template [12ms]
2023-05-19 01:17:28.503 [info] > git for-each-ref --format=%(refname)%00%(upstream:short)%00%(objectname)%00%(upstream:track)%00%(upstream:remotename)%00%(upstream:remoteref) refs/heads/master refs/remotes/master [9ms]
2023-05-19 01:17:28.545 [info] > git status -z -uall [32ms]
2023-05-19 01:17:59.586 [info] > git config --get commit.template [5ms]
2023-05-19 01:17:59.606 [info] > git for-each-ref --format=%(refname)%00%(upstream:short)%00%(objectname)%00%(upstream:track)%00%(upstream:remotename)%00%(upstream:remoteref) refs/heads/master refs/remotes/master [6ms]
2023-05-19 01:17:59.660 [info] > git status -z -uall [39ms]
2023-05-19 01:18:27.825 [info] > git config --get commit.template [12ms]
2023-05-19 01:18:27.826 [info] > git for-each-ref --format=%(refname)%00%(upstream:short)%00%(objectname)%00%(upstream:track)%00%(upstream:remotename)%00%(upstream:remoteref) refs/heads/master refs/remotes/master [2ms]
2023-05-19 01:18:27.867 [info] > git status -z -uall [32ms]
2023-05-19 01:18:40.864 [info] > git config --get commit.template [10ms]
2023-05-19 01:18:40.867 [info] > git for-each-ref --format=%(refname)%00%(upstream:short)%00%(objectname)%00%(upstream:track)%00%(upstream:remotename)%00%(upstream:remoteref) refs/heads/master refs/remotes/master [3ms]
2023-05-19 01:18:40.897 [info] > git status -z -uall [23ms]
2023-05-19 01:19:15.867 [info] > git config --get commit.template [8ms]
2023-05-19 01:19:15.869 [info] > git for-each-ref --format=%(refname)%00%(upstream:short)%00%(objectname)%00%(upstream:track)%00%(upstream:remotename)%00%(upstream:remoteref) refs/heads/master refs/remotes/master [3ms]
2023-05-19 01:19:15.920 [info] > git status -z -uall [39ms]
2023-05-19 01:19:20.955 [info] > git config --get commit.template [13ms]
2023-05-19 01:19:20.957 [info] > git for-each-ref --format=%(refname)%00%(upstream:short)%00%(objectname)%00%(upstream:track)%00%(upstream:remotename)%00%(upstream:remoteref) refs/heads/master refs/remotes/master [4ms]
2023-05-19 01:19:20.999 [info] > git status -z -uall [34ms]
2023-05-19 01:19:26.028 [info] > git config --get commit.template [12ms]
2023-05-19 01:19:26.031 [info] > git for-each-ref --format=%(refname)%00%(upstream:short)%00%(objectname)%00%(upstream:track)%00%(upstream:remotename)%00%(upstream:remoteref) refs/heads/master refs/remotes/master [5ms]
2023-05-19 01:19:26.081 [info] > git status -z -uall [41ms]
2023-05-19 01:19:35.462 [info] > git config --get commit.template [18ms]
2023-05-19 01:19:35.465 [info] > git for-each-ref --format=%(refname)%00%(upstream:short)%00%(objectname)%00%(upstream:track)%00%(upstream:remotename)%00%(upstream:remoteref) refs/heads/master refs/remotes/master [5ms]
2023-05-19 01:19:35.498 [info] > git status -z -uall [25ms]
2023-05-19 01:19:41.251 [info] > git config --get commit.template [8ms]
2023-05-19 01:19:41.259 [info] > git for-each-ref --format=%(refname)%00%(upstream:short)%00%(objectname)%00%(upstream:track)%00%(upstream:remotename)%00%(upstream:remoteref) refs/heads/master refs/remotes/master [7ms]
2023-05-19 01:19:41.304 [info] > git status -z -uall [30ms]
2023-05-19 01:19:49.232 [info] > git config --get commit.template [12ms]
2023-05-19 01:19:49.235 [info] > git for-each-ref --format=%(refname)%00%(upstream:short)%00%(objectname)%00%(upstream:track)%00%(upstream:remotename)%00%(upstream:remoteref) refs/heads/master refs/remotes/master [4ms]
2023-05-19 01:19:49.289 [info] > git status -z -uall [44ms]
2023-05-19 01:20:05.601 [info] > git config --get commit.template [1ms]
2023-05-19 01:20:05.624 [info] > git for-each-ref --format=%(refname)%00%(upstream:short)%00%(objectname)%00%(upstream:track)%00%(upstream:remotename)%00%(upstream:remoteref) refs/heads/master refs/remotes/master [5ms]
2023-05-19 01:20:05.693 [info] > git status -z -uall [62ms]
2023-05-19 01:20:10.728 [info] > git config --get commit.template [12ms]
2023-05-19 01:20:10.729 [info] > git for-each-ref --format=%(refname)%00%(upstream:short)%00%(objectname)%00%(upstream:track)%00%(upstream:remotename)%00%(upstream:remoteref) refs/heads/master refs/remotes/master [4ms]
2023-05-19 01:20:10.766 [info] > git status -z -uall [31ms]
2023-05-19 01:20:16.408 [info] > git config --get commit.template [18ms]
2023-05-19 01:20:16.408 [info] > git for-each-ref --format=%(refname)%00%(upstream:short)%00%(objectname)%00%(upstream:track)%00%(upstream:remotename)%00%(upstream:remoteref) refs/heads/master refs/remotes/master [3ms]
2023-05-19 01:20:16.440 [info] > git status -z -uall [25ms]
2023-05-19 01:20:22.663 [info] > git config --get commit.template [2ms]
2023-05-19 01:20:22.676 [info] > git for-each-ref --format=%(refname)%00%(upstream:short)%00%(objectname)%00%(upstream:track)%00%(upstream:remotename)%00%(upstream:remoteref) refs/heads/master refs/remotes/master [5ms]
2023-05-19 01:20:22.717 [info] > git status -z -uall [33ms]
2023-05-19 01:20:27.758 [info] > git config --get commit.template [25ms]
2023-05-19 01:20:27.759 [info] > git for-each-ref --format=%(refname)%00%(upstream:short)%00%(objectname)%00%(upstream:track)%00%(upstream:remotename)%00%(upstream:remoteref) refs/heads/master refs/remotes/master [3ms]
2023-05-19 01:20:27.798 [info] > git status -z -uall [33ms]
2023-05-19 01:20:33.385 [info] > git config --get commit.template [11ms]
2023-05-19 01:20:33.388 [info] > git for-each-ref --format=%(refname)%00%(upstream:short)%00%(objectname)%00%(upstream:track)%00%(upstream:remotename)%00%(upstream:remoteref) refs/heads/master refs/remotes/master [3ms]
2023-05-19 01:20:33.431 [info] > git status -z -uall [36ms]
2023-05-19 01:20:39.348 [info] > git config --get commit.template [15ms]
2023-05-19 01:20:39.351 [info] > git for-each-ref --format=%(refname)%00%(upstream:short)%00%(objectname)%00%(upstream:track)%00%(upstream:remotename)%00%(upstream:remoteref) refs/heads/master refs/remotes/master [2ms]
2023-05-19 01:20:39.384 [info] > git status -z -uall [27ms]
2023-05-19 01:20:44.417 [info] > git config --get commit.template [10ms]
2023-05-19 01:20:44.420 [info] > git for-each-ref --format=%(refname)%00%(upstream:short)%00%(objectname)%00%(upstream:track)%00%(upstream:remotename)%00%(upstream:remoteref) refs/heads/master refs/remotes/master [5ms]
2023-05-19 01:20:44.466 [info] > git status -z -uall [39ms]
2023-05-19 01:20:49.485 [info] > git config --get commit.template [9ms]
2023-05-19 01:20:49.488 [info] > git for-each-ref --format=%(refname)%00%(upstream:short)%00%(objectname)%00%(upstream:track)%00%(upstream:remotename)%00%(upstream:remoteref) refs/heads/master refs/remotes/master [4ms]
2023-05-19 01:20:49.525 [info] > git status -z -uall [30ms]
2023-05-19 01:20:57.507 [info] > git config --get commit.template [4ms]
2023-05-19 01:20:57.517 [info] > git for-each-ref --format=%(refname)%00%(upstream:short)%00%(objectname)%00%(upstream:track)%00%(upstream:remotename)%00%(upstream:remoteref) refs/heads/master refs/remotes/master [2ms]
2023-05-19 01:20:57.549 [info] > git status -z -uall [26ms]
2023-05-19 01:21:05.139 [info] > git config --get commit.template [14ms]
2023-05-19 01:21:05.140 [info] > git for-each-ref --format=%(refname)%00%(upstream:short)%00%(objectname)%00%(upstream:track)%00%(upstream:remotename)%00%(upstream:remoteref) refs/heads/master refs/remotes/master [3ms]
2023-05-19 01:21:05.185 [info] > git status -z -uall [35ms]
2023-05-19 01:21:14.951 [info] > git config --get commit.template [2ms]
2023-05-19 01:21:14.963 [info] > git for-each-ref --format=%(refname)%00%(upstream:short)%00%(objectname)%00%(upstream:track)%00%(upstream:remotename)%00%(upstream:remoteref) refs/heads/master refs/remotes/master [1ms]
2023-05-19 01:21:15.002 [info] > git status -z -uall [29ms]
2023-05-19 01:21:20.923 [info] > git config --get commit.template [11ms]
2023-05-19 01:21:20.925 [info] > git for-each-ref --format=%(refname)%00%(upstream:short)%00%(objectname)%00%(upstream:track)%00%(upstream:remotename)%00%(upstream:remoteref) refs/heads/master refs/remotes/master [5ms]
2023-05-19 01:21:20.957 [info] > git status -z -uall [25ms]
2023-05-19 01:21:27.593 [info] > git config --get commit.template [9ms]
2023-05-19 01:21:27.596 [info] > git for-each-ref --format=%(refname)%00%(upstream:short)%00%(objectname)%00%(upstream:track)%00%(upstream:remotename)%00%(upstream:remoteref) refs/heads/master refs/remotes/master [4ms]
2023-05-19 01:21:27.651 [info] > git status -z -uall [31ms]
2023-05-19 01:21:33.777 [info] > git config --get commit.template [11ms]
2023-05-19 01:21:33.781 [info] > git for-each-ref --format=%(refname)%00%(upstream:short)%00%(objectname)%00%(upstream:track)%00%(upstream:remotename)%00%(upstream:remoteref) refs/heads/master refs/remotes/master [4ms]
2023-05-19 01:21:33.809 [info] > git status -z -uall [20ms]
2023-05-19 01:21:45.084 [info] > git config --get commit.template [17ms]
2023-05-19 01:21:45.086 [info] > git for-each-ref --format=%(refname)%00%(upstream:short)%00%(objectname)%00%(upstream:track)%00%(upstream:remotename)%00%(upstream:remoteref) refs/heads/master refs/remotes/master [4ms]
2023-05-19 01:21:45.115 [info] > git status -z -uall [23ms]
2023-05-19 01:21:50.153 [info] > git config --get commit.template [13ms]
2023-05-19 01:21:50.155 [info] > git for-each-ref --format=%(refname)%00%(upstream:short)%00%(objectname)%00%(upstream:track)%00%(upstream:remotename)%00%(upstream:remoteref) refs/heads/master refs/remotes/master [4ms]
2023-05-19 01:21:50.226 [info] > git status -z -uall [64ms]
2023-05-19 01:21:55.280 [info] > git config --get commit.template [19ms]
2023-05-19 01:21:55.284 [info] > git for-each-ref --format=%(refname)%00%(upstream:short)%00%(objectname)%00%(upstream:track)%00%(upstream:remotename)%00%(upstream:remoteref) refs/heads/master refs/remotes/master [5ms]
2023-05-19 01:21:55.320 [info] > git status -z -uall [30ms]
2023-05-19 01:22:00.359 [info] > git config --get commit.template [9ms]
2023-05-19 01:22:00.363 [info] > git for-each-ref --format=%(refname)%00%(upstream:short)%00%(objectname)%00%(upstream:track)%00%(upstream:remotename)%00%(upstream:remoteref) refs/heads/master refs/remotes/master [6ms]
2023-05-19 01:22:00.395 [info] > git status -z -uall [26ms]
2023-05-19 01:22:05.418 [info] > git config --get commit.template [9ms]
2023-05-19 01:22:05.421 [info] > git for-each-ref --format=%(refname)%00%(upstream:short)%00%(objectname)%00%(upstream:track)%00%(upstream:remotename)%00%(upstream:remoteref) refs/heads/master refs/remotes/master [4ms]
2023-05-19 01:22:05.463 [info] > git status -z -uall [35ms]
2023-05-19 01:22:11.473 [info] > git config --get commit.template [3ms]
2023-05-19 01:22:11.483 [info] > git for-each-ref --format=%(refname)%00%(upstream:short)%00%(objectname)%00%(upstream:track)%00%(upstream:remotename)%00%(upstream:remoteref) refs/heads/master refs/remotes/master [2ms]
2023-05-19 01:22:11.529 [info] > git status -z -uall [38ms]
2023-05-19 01:22:17.521 [info] > git config --get commit.template [10ms]
2023-05-19 01:22:17.523 [info] > git for-each-ref --format=%(refname)%00%(upstream:short)%00%(objectname)%00%(upstream:track)%00%(upstream:remotename)%00%(upstream:remoteref) refs/heads/master refs/remotes/master [4ms]
2023-05-19 01:22:17.562 [info] > git status -z -uall [32ms]
2023-05-19 01:22:23.991 [info] > git config --get commit.template [11ms]
2023-05-19 01:22:23.997 [info] > git for-each-ref --format=%(refname)%00%(upstream:short)%00%(objectname)%00%(upstream:track)%00%(upstream:remotename)%00%(upstream:remoteref) refs/heads/master refs/remotes/master [7ms]
2023-05-19 01:22:24.043 [info] > git status -z -uall [30ms]
2023-05-19 01:22:30.406 [info] > git config --get commit.template [4ms]
2023-05-19 01:22:30.421 [info] > git for-each-ref --format=%(refname)%00%(upstream:short)%00%(objectname)%00%(upstream:track)%00%(upstream:remotename)%00%(upstream:remoteref) refs/heads/master refs/remotes/master [1ms]
2023-05-19 01:22:30.465 [info] > git status -z -uall [37ms]
2023-05-19 01:22:38.191 [info] > git config --get commit.template [13ms]
2023-05-19 01:22:38.193 [info] > git for-each-ref --format=%(refname)%00%(upstream:short)%00%(objectname)%00%(upstream:track)%00%(upstream:remotename)%00%(upstream:remoteref) refs/heads/master refs/remotes/master [3ms]
2023-05-19 01:22:38.227 [info] > git status -z -uall [26ms]
2023-05-19 01:22:48.541 [info] > git config --get commit.template [17ms]
2023-05-19 01:22:48.543 [info] > git for-each-ref --format=%(refname)%00%(upstream:short)%00%(objectname)%00%(upstream:track)%00%(upstream:remotename)%00%(upstream:remoteref) refs/heads/master refs/remotes/master [3ms]
2023-05-19 01:22:48.573 [info] > git status -z -uall [25ms]
2023-05-19 01:23:01.057 [info] > git config --get commit.template [16ms]
2023-05-19 01:23:01.059 [info] > git for-each-ref --format=%(refname)%00%(upstream:short)%00%(objectname)%00%(upstream:track)%00%(upstream:remotename)%00%(upstream:remoteref) refs/heads/master refs/remotes/master [3ms]
2023-05-19 01:23:01.088 [info] > git status -z -uall [20ms]
2023-05-19 01:23:06.121 [info] > git config --get commit.template [7ms]
2023-05-19 01:23:06.125 [info] > git for-each-ref --format=%(refname)%00%(upstream:short)%00%(objectname)%00%(upstream:track)%00%(upstream:remotename)%00%(upstream:remoteref) refs/heads/master refs/remotes/master [4ms]
2023-05-19 01:23:06.158 [info] > git status -z -uall [29ms]
2023-05-19 01:23:16.317 [info] > git config --get commit.template [5ms]
2023-05-19 01:23:16.343 [info] > git for-each-ref --format=%(refname)%00%(upstream:short)%00%(objectname)%00%(upstream:track)%00%(upstream:remotename)%00%(upstream:remoteref) refs/heads/master refs/remotes/master [7ms]
2023-05-19 01:23:16.402 [info] > git status -z -uall [44ms]
2023-05-19 01:23:21.431 [info] > git config --get commit.template [13ms]
2023-05-19 01:23:21.433 [info] > git for-each-ref --format=%(refname)%00%(upstream:short)%00%(objectname)%00%(upstream:track)%00%(upstream:remotename)%00%(upstream:remoteref) refs/heads/master refs/remotes/master [4ms]
2023-05-19 01:23:21.488 [info] > git status -z -uall [46ms]
2023-05-19 01:23:42.189 [info] > git config --get commit.template [3ms]
2023-05-19 01:23:42.206 [info] > git for-each-ref --format=%(refname)%00%(upstream:short)%00%(objectname)%00%(upstream:track)%00%(upstream:remotename)%00%(upstream:remoteref) refs/heads/master refs/remotes/master [5ms]
2023-05-19 01:23:42.255 [info] > git status -z -uall [38ms]
2023-05-19 01:23:47.279 [info] > git config --get commit.template [8ms]
2023-05-19 01:23:47.281 [info] > git for-each-ref --format=%(refname)%00%(upstream:short)%00%(objectname)%00%(upstream:track)%00%(upstream:remotename)%00%(upstream:remoteref) refs/heads/master refs/remotes/master [3ms]
2023-05-19 01:23:47.328 [info] > git status -z -uall [23ms]
2023-05-19 01:23:52.353 [info] > git config --get commit.template [12ms]
2023-05-19 01:23:52.358 [info] > git for-each-ref --format=%(refname)%00%(upstream:short)%00%(objectname)%00%(upstream:track)%00%(upstream:remotename)%00%(upstream:remoteref) refs/heads/master refs/remotes/master [6ms]
2023-05-19 01:23:52.393 [info] > git status -z -uall [23ms]
2023-05-19 01:23:57.444 [info] > git config --get commit.template [13ms]
2023-05-19 01:23:57.448 [info] > git for-each-ref --format=%(refname)%00%(upstream:short)%00%(objectname)%00%(upstream:track)%00%(upstream:remotename)%00%(upstream:remoteref) refs/heads/master refs/remotes/master [5ms]
2023-05-19 01:23:57.497 [info] > git status -z -uall [40ms]
2023-05-19 01:24:13.279 [info] > git config --get commit.template [11ms]
2023-05-19 01:24:13.281 [info] > git for-each-ref --format=%(refname)%00%(upstream:short)%00%(objectname)%00%(upstream:track)%00%(upstream:remotename)%00%(upstream:remoteref) refs/heads/master refs/remotes/master [4ms]
2023-05-19 01:24:13.313 [info] > git status -z -uall [26ms]
2023-05-19 01:24:18.336 [info] > git config --get commit.template [10ms]
2023-05-19 01:24:18.338 [info] > git for-each-ref --format=%(refname)%00%(upstream:short)%00%(objectname)%00%(upstream:track)%00%(upstream:remotename)%00%(upstream:remoteref) refs/heads/master refs/remotes/master [6ms]
2023-05-19 01:24:18.372 [info] > git status -z -uall [26ms]
2023-05-19 01:24:23.393 [info] > git config --get commit.template [9ms]
2023-05-19 01:24:23.395 [info] > git for-each-ref --format=%(refname)%00%(upstream:short)%00%(objectname)%00%(upstream:track)%00%(upstream:remotename)%00%(upstream:remoteref) refs/heads/master refs/remotes/master [2ms]
2023-05-19 01:24:23.418 [info] > git status -z -uall [18ms]
2023-05-19 01:24:28.445 [info] > git config --get commit.template [13ms]
2023-05-19 01:24:28.460 [info] > git for-each-ref --format=%(refname)%00%(upstream:short)%00%(objectname)%00%(upstream:track)%00%(upstream:remotename)%00%(upstream:remoteref) refs/heads/master refs/remotes/master [7ms]
2023-05-19 01:24:28.506 [info] > git status -z -uall [37ms]
2023-05-19 01:24:33.535 [info] > git config --get commit.template [3ms]
2023-05-19 01:24:33.548 [info] > git for-each-ref --format=%(refname)%00%(upstream:short)%00%(objectname)%00%(upstream:track)%00%(upstream:remotename)%00%(upstream:remoteref) refs/heads/master refs/remotes/master [5ms]
2023-05-19 01:24:33.589 [info] > git status -z -uall [34ms]
2023-05-19 01:24:49.783 [info] > git config --get commit.template [2ms]
2023-05-19 01:24:49.793 [info] > git for-each-ref --format=%(refname)%00%(upstream:short)%00%(objectname)%00%(upstream:track)%00%(upstream:remotename)%00%(upstream:remoteref) refs/heads/master refs/remotes/master [2ms]
2023-05-19 01:24:49.847 [info] > git status -z -uall [46ms]
2023-05-19 01:24:54.875 [info] > git config --get commit.template [14ms]
2023-05-19 01:24:54.890 [info] > git for-each-ref --format=%(refname)%00%(upstream:short)%00%(objectname)%00%(upstream:track)%00%(upstream:remotename)%00%(upstream:remoteref) refs/heads/master refs/remotes/master [16ms]
2023-05-19 01:24:54.922 [info] > git status -z -uall [24ms]
2023-05-19 01:24:59.947 [info] > git config --get commit.template [8ms]
2023-05-19 01:24:59.949 [info] > git for-each-ref --format=%(refname)%00%(upstream:short)%00%(objectname)%00%(upstream:track)%00%(upstream:remotename)%00%(upstream:remoteref) refs/heads/master refs/remotes/master [3ms]
2023-05-19 01:25:00.006 [info] > git status -z -uall [51ms]
2023-05-19 01:25:05.056 [info] > git for-each-ref --format=%(refname)%00%(upstream:short)%00%(objectname)%00%(upstream:track)%00%(upstream:remotename)%00%(upstream:remoteref) refs/heads/master refs/remotes/master [8ms]
2023-05-19 01:25:05.056 [info] > git config --get commit.template [22ms]
2023-05-19 01:25:05.113 [info] > git status -z -uall [46ms]
2023-05-19 01:25:10.140 [info] > git config --get commit.template [10ms]
2023-05-19 01:25:10.143 [info] > git for-each-ref --format=%(refname)%00%(upstream:short)%00%(objectname)%00%(upstream:track)%00%(upstream:remotename)%00%(upstream:remoteref) refs/heads/master refs/remotes/master [3ms]
2023-05-19 01:25:10.183 [info] > git status -z -uall [32ms]
2023-05-19 01:25:15.208 [info] > git config --get commit.template [10ms]
2023-05-19 01:25:15.209 [info] > git for-each-ref --format=%(refname)%00%(upstream:short)%00%(objectname)%00%(upstream:track)%00%(upstream:remotename)%00%(upstream:remoteref) refs/heads/master refs/remotes/master [3ms]
2023-05-19 01:25:15.257 [info] > git status -z -uall [42ms]
2023-05-19 01:25:20.292 [info] > git config --get commit.template [10ms]
2023-05-19 01:25:20.293 [info] > git for-each-ref --format=%(refname)%00%(upstream:short)%00%(objectname)%00%(upstream:track)%00%(upstream:remotename)%00%(upstream:remoteref) refs/heads/master refs/remotes/master [3ms]
2023-05-19 01:25:20.338 [info] > git status -z -uall [36ms]
2023-05-19 01:25:25.381 [info] > git config --get commit.template [14ms]
2023-05-19 01:25:25.382 [info] > git for-each-ref --format=%(refname)%00%(upstream:short)%00%(objectname)%00%(upstream:track)%00%(upstream:remotename)%00%(upstream:remoteref) refs/heads/master refs/remotes/master [5ms]
2023-05-19 01:25:25.417 [info] > git status -z -uall [27ms]
2023-05-19 01:25:30.442 [info] > git config --get commit.template [10ms]
2023-05-19 01:25:30.444 [info] > git for-each-ref --format=%(refname)%00%(upstream:short)%00%(objectname)%00%(upstream:track)%00%(upstream:remotename)%00%(upstream:remoteref) refs/heads/master refs/remotes/master [4ms]
2023-05-19 01:25:30.491 [info] > git status -z -uall [38ms]
2023-05-19 01:25:35.519 [info] > git config --get commit.template [11ms]
2023-05-19 01:25:35.536 [info] > git for-each-ref --format=%(refname)%00%(upstream:short)%00%(objectname)%00%(upstream:track)%00%(upstream:remotename)%00%(upstream:remoteref) refs/heads/master refs/remotes/master [18ms]
2023-05-19 01:25:35.570 [info] > git status -z -uall [28ms]
2023-05-19 01:25:47.120 [info] > git config --get commit.template [116ms]
2023-05-19 01:25:47.267 [info] > git for-each-ref --format=%(refname)%00%(upstream:short)%00%(objectname)%00%(upstream:track)%00%(upstream:remotename)%00%(upstream:remoteref) refs/heads/master refs/remotes/master [59ms]
2023-05-19 01:25:47.454 [info] > git status -z -uall [165ms]
2023-05-19 01:25:52.595 [info] > git config --get commit.template [2ms]
2023-05-19 01:25:52.613 [info] > git for-each-ref --format=%(refname)%00%(upstream:short)%00%(objectname)%00%(upstream:track)%00%(upstream:remotename)%00%(upstream:remoteref) refs/heads/master refs/remotes/master [2ms]
2023-05-19 01:25:52.674 [info] > git status -z -uall [45ms]
2023-05-19 01:25:57.767 [info] > git config --get commit.template [15ms]
2023-05-19 01:25:57.769 [info] > git for-each-ref --format=%(refname)%00%(upstream:short)%00%(objectname)%00%(upstream:track)%00%(upstream:remotename)%00%(upstream:remoteref) refs/heads/master refs/remotes/master [3ms]
2023-05-19 01:25:57.819 [info] > git status -z -uall [37ms]
2023-05-19 01:26:02.896 [info] > git config --get commit.template [5ms]
2023-05-19 01:26:02.918 [info] > git for-each-ref --format=%(refname)%00%(upstream:short)%00%(objectname)%00%(upstream:track)%00%(upstream:remotename)%00%(upstream:remoteref) refs/heads/master refs/remotes/master [4ms]
2023-05-19 01:26:02.979 [info] > git status -z -uall [44ms]
