2023-05-15 12:44:50.431 [info] Log level: Info
2023-05-15 12:44:50.431 [info] Validating found git in: "git"
2023-05-15 12:44:50.431 [info] Using git "2.25.1" from "git"
2023-05-15 12:44:50.431 [info] > git rev-parse --show-toplevel [70ms]
2023-05-15 12:44:50.431 [info] > git rev-parse --git-dir --git-common-dir [9ms]
2023-05-15 12:44:50.431 [info] Open repository: /home/vagrant
2023-05-15 12:44:50.432 [info] > git rev-parse --show-toplevel [8ms]
2023-05-15 12:44:50.432 [info] No remotes found in the git config file.
2023-05-15 12:44:50.432 [info] > git rev-parse --show-toplevel [13ms]
2023-05-15 12:44:50.432 [info] > git config --get commit.template [28ms]
2023-05-15 12:44:50.432 [info] > git rev-parse --show-toplevel [4ms]
2023-05-15 12:44:50.432 [info] > git for-each-ref --format=%(refname)%00%(upstream:short)%00%(objectname)%00%(upstream:track)%00%(upstream:remotename)%00%(upstream:remoteref) refs/heads/master refs/remotes/master [28ms]
2023-05-15 12:44:50.432 [info] > git rev-parse --show-toplevel [20ms]
2023-05-15 12:44:50.432 [info] > git rev-parse --show-toplevel [9ms]
2023-05-15 12:44:50.432 [info] > git status -z -uall [107ms]
2023-05-15 12:44:50.432 [info] > git config --get commit.template [13ms]
2023-05-15 12:44:50.432 [info] No remotes found in the git config file.
2023-05-15 12:44:50.432 [info] > git for-each-ref --format=%(refname)%00%(upstream:short)%00%(objectname)%00%(upstream:track)%00%(upstream:remotename)%00%(upstream:remoteref) refs/heads/master refs/remotes/master [3ms]
2023-05-15 12:44:50.433 [info] > git status -z -uall [396ms]
2023-05-15 12:44:50.805 [info] > git show --textconv :myproject/myproject/__init__.py [7ms]
2023-05-15 12:44:50.810 [info] > git ls-files --stage -- /home/vagrant/myproject/myproject/__init__.py [6ms]
2023-05-15 12:44:50.816 [info] > git cat-file -s e69de29bb2d1d6434b8b29ae775ad8c2e48c5391 [1ms]
2023-05-15 12:44:50.953 [info] > git check-ignore -v -z --stdin [16ms]
2023-05-15 12:44:52.898 [info] No remotes found in the git config file.
2023-05-15 12:44:52.900 [info] > git config --get commit.template [14ms]
2023-05-15 12:44:52.902 [info] > git for-each-ref --format=%(refname)%00%(upstream:short)%00%(objectname)%00%(upstream:track)%00%(upstream:remotename)%00%(upstream:remoteref) refs/heads/master refs/remotes/master [8ms]
2023-05-15 12:44:52.929 [info] > git status -z -uall [21ms]
2023-05-15 12:44:53.724 [info] > git show --textconv :myproject/myproject/settings.py [9ms]
2023-05-15 12:44:53.731 [info] > git ls-files --stage -- /home/vagrant/myproject/myproject/settings.py [7ms]
2023-05-15 12:44:53.739 [info] > git cat-file -s 897aeecdab02fd911e9e0114ed7c7a10938f49b2 [3ms]
2023-05-15 12:44:57.984 [info] No remotes found in the git config file.
2023-05-15 12:44:57.987 [info] > git config --get commit.template [10ms]
2023-05-15 12:44:57.988 [info] > git for-each-ref --format=%(refname)%00%(upstream:short)%00%(objectname)%00%(upstream:track)%00%(upstream:remotename)%00%(upstream:remoteref) refs/heads/master refs/remotes/master [3ms]
2023-05-15 12:44:58.034 [info] > git status -z -uall [39ms]
